Using cpu device
---------------------------------
| rollout/           |          |
|    ep_len_mean     | 33.8     |
|    ep_rew_mean     | 22.8     |
| time/              |          |
|    episodes        | 4        |
|    fps             | 4940     |
|    time_elapsed    | 0        |
|    total_timesteps | 592      |
---------------------------------
---------------------------------
| rollout/           |          |
|    ep_len_mean     | 41.1     |
|    ep_rew_mean     | 28.8     |
| time/              |          |
|    episodes        | 8        |
|    fps             | 4891     |
|    time_elapsed    | 0        |
|    total_timesteps | 800      |
---------------------------------
---------------------------------
| rollout/           |          |
|    ep_len_mean     | 43.4     |
|    ep_rew_mean     | 29.6     |
| time/              |          |
|    episodes        | 12       |
|    fps             | 4898     |
|    time_elapsed    | 0        |
|    total_timesteps | 1024     |
---------------------------------
---------------------------------
| rollout/           |          |
|    ep_len_mean     | 44.2     |
|    ep_rew_mean     | 29.6     |
| time/              |          |
|    episodes        | 16       |
|    fps             | 4880     |
|    time_elapsed    | 0        |
|    total_timesteps | 1312     |
---------------------------------
---------------------------------
| rollout/           |          |
|    ep_len_mean     | 46.5     |
|    ep_rew_mean     | 31.2     |
| time/              |          |
|    episodes        | 20       |
|    fps             | 4856     |
|    time_elapsed    | 0        |
|    total_timesteps | 1456     |
---------------------------------
---------------------------------
| rollout/           |          |
|    ep_len_mean     | 51.3     |
|    ep_rew_mean     | 34.3     |
| time/              |          |
|    episodes        | 24       |
|    fps             | 4827     |
|    time_elapsed    | 0        |
|    total_timesteps | 1584     |
---------------------------------
---------------------------------
| rollout/           |          |
|    ep_len_mean     | 49.2     |
|    ep_rew_mean     | 32.9     |
| time/              |          |
|    episodes        | 28       |
|    fps             | 4805     |
|    time_elapsed    | 0        |
|    total_timesteps | 1840     |
---------------------------------
---------------------------------
| rollout/           |          |
|    ep_len_mean     | 48.2     |
|    ep_rew_mean     | 32.3     |
| time/              |          |
|    episodes        | 32       |
|    fps             | 4776     |
|    time_elapsed    | 0        |
|    total_timesteps | 2032     |
---------------------------------
---------------------------------
| rollout/           |          |
|    ep_len_mean     | 49.1     |
|    ep_rew_mean     | 32.9     |
| time/              |          |
|    episodes        | 36       |
|    fps             | 4730     |
|    time_elapsed    | 0        |
|    total_timesteps | 2352     |
---------------------------------
---------------------------------
| rollout/           |          |
|    ep_len_mean     | 49.7     |
|    ep_rew_mean     | 33.3     |
| time/              |          |
|    episodes        | 40       |
|    fps             | 4713     |
|    time_elapsed    | 0        |
|    total_timesteps | 2528     |
---------------------------------
---------------------------------
| rollout/           |          |
|    ep_len_mean     | 48.6     |
|    ep_rew_mean     | 32.4     |
| time/              |          |
|    episodes        | 44       |
|    fps             | 4726     |
|    time_elapsed    | 0        |
|    total_timesteps | 2736     |
---------------------------------
---------------------------------
| rollout/           |          |
|    ep_len_mean     | 51.5     |
|    ep_rew_mean     | 34.1     |
| time/              |          |
|    episodes        | 48       |
|    fps             | 4720     |
|    time_elapsed    | 0        |
|    total_timesteps | 3072     |
---------------------------------
---------------------------------
| rollout/           |          |
|    ep_len_mean     | 53.2     |
|    ep_rew_mean     | 35.3     |
| time/              |          |
|    episodes        | 52       |
|    fps             | 4712     |
|    time_elapsed    | 0        |
|    total_timesteps | 3344     |
---------------------------------
---------------------------------
| rollout/           |          |
|    ep_len_mean     | 53.8     |
|    ep_rew_mean     | 35.9     |
| time/              |          |
|    episodes        | 56       |
|    fps             | 4701     |
|    time_elapsed    | 0        |
|    total_timesteps | 3584     |
---------------------------------
---------------------------------
| rollout/           |          |
|    ep_len_mean     | 55.9     |
|    ep_rew_mean     | 37.4     |
| time/              |          |
|    episodes        | 60       |
|    fps             | 4709     |
|    time_elapsed    | 0        |
|    total_timesteps | 4080     |
---------------------------------
---------------------------------
| rollout/           |          |
|    ep_len_mean     | 56.9     |
|    ep_rew_mean     | 37.9     |
| time/              |          |
|    episodes        | 64       |
|    fps             | 4703     |
|    time_elapsed    | 0        |
|    total_timesteps | 4256     |
---------------------------------
---------------------------------
| rollout/           |          |
|    ep_len_mean     | 56.2     |
|    ep_rew_mean     | 37.5     |
| time/              |          |
|    episodes        | 68       |
|    fps             | 4690     |
|    time_elapsed    | 0        |
|    total_timesteps | 4640     |
---------------------------------
---------------------------------
| rollout/           |          |
|    ep_len_mean     | 57.5     |
|    ep_rew_mean     | 38.5     |
| time/              |          |
|    episodes        | 72       |
|    fps             | 4698     |
|    time_elapsed    | 1        |
|    total_timesteps | 4944     |
---------------------------------
---------------------------------
| rollout/           |          |
|    ep_len_mean     | 59.8     |
|    ep_rew_mean     | 40       |
| time/              |          |
|    episodes        | 76       |
|    fps             | 2977     |
|    time_elapsed    | 1        |
|    total_timesteps | 5280     |
| train/             |          |
|    actor_loss      | -6.17    |
|    critic_loss     | 1.13     |
|    ent_coef        | 0.995    |
|    ent_coef_loss   | -0.0323  |
|    learning_rate   | 0.0003   |
|    n_updates       | 17       |
---------------------------------
---------------------------------
| rollout/           |          |
|    ep_len_mean     | 61.1     |
|    ep_rew_mean     | 40.7     |
| time/              |          |
|    episodes        | 80       |
|    fps             | 2619     |
|    time_elapsed    | 2        |
|    total_timesteps | 5392     |
| train/             |          |
|    actor_loss      | -5.21    |
|    critic_loss     | 0.47     |
|    ent_coef        | 0.993    |
|    ent_coef_loss   | -0.0464  |
|    learning_rate   | 0.0003   |
|    n_updates       | 24       |
---------------------------------
---------------------------------
| rollout/           |          |
|    ep_len_mean     | 60.3     |
|    ep_rew_mean     | 40.2     |
| time/              |          |
|    episodes        | 84       |
|    fps             | 2135     |
|    time_elapsed    | 2        |
|    total_timesteps | 5616     |
| train/             |          |
|    actor_loss      | -5.59    |
|    critic_loss     | 0.328    |
|    ent_coef        | 0.989    |
|    ent_coef_loss   | -0.0748  |
|    learning_rate   | 0.0003   |
|    n_updates       | 38       |
---------------------------------
---------------------------------
| rollout/           |          |
|    ep_len_mean     | 59.9     |
|    ep_rew_mean     | 40       |
| time/              |          |
|    episodes        | 88       |
|    fps             | 1684     |
|    time_elapsed    | 3        |
|    total_timesteps | 5968     |
| train/             |          |
|    actor_loss      | -5.6     |
|    critic_loss     | 0.347    |
|    ent_coef        | 0.982    |
|    ent_coef_loss   | -0.119   |
|    learning_rate   | 0.0003   |
|    n_updates       | 60       |
---------------------------------
---------------------------------
| rollout/           |          |
|    ep_len_mean     | 60.2     |
|    ep_rew_mean     | 40.2     |
| time/              |          |
|    episodes        | 92       |
|    fps             | 1583     |
|    time_elapsed    | 3        |
|    total_timesteps | 6080     |
| train/             |          |
|    actor_loss      | -5.5     |
|    critic_loss     | 0.275    |
|    ent_coef        | 0.98     |
|    ent_coef_loss   | -0.133   |
|    learning_rate   | 0.0003   |
|    n_updates       | 67       |
---------------------------------
---------------------------------
| rollout/           |          |
|    ep_len_mean     | 60.2     |
|    ep_rew_mean     | 40.4     |
| time/              |          |
|    episodes        | 96       |
|    fps             | 1506     |
|    time_elapsed    | 4        |
|    total_timesteps | 6176     |
| train/             |          |
|    actor_loss      | -5.52    |
|    critic_loss     | 0.278    |
|    ent_coef        | 0.979    |
|    ent_coef_loss   | -0.146   |
|    learning_rate   | 0.0003   |
|    n_updates       | 73       |
---------------------------------
---------------------------------
| rollout/           |          |
|    ep_len_mean     | 60.1     |
|    ep_rew_mean     | 40.3     |
| time/              |          |
|    episodes        | 100      |
|    fps             | 1384     |
|    time_elapsed    | 4        |
|    total_timesteps | 6368     |
| train/             |          |
|    actor_loss      | -5.56    |
|    critic_loss     | 0.273    |
|    ent_coef        | 0.975    |
|    ent_coef_loss   | -0.169   |
|    learning_rate   | 0.0003   |
|    n_updates       | 85       |
---------------------------------
---------------------------------
| rollout/           |          |
|    ep_len_mean     | 60.8     |
|    ep_rew_mean     | 40.7     |
| time/              |          |
|    episodes        | 104      |
|    fps             | 1277     |
|    time_elapsed    | 5        |
|    total_timesteps | 6576     |
| train/             |          |
|    actor_loss      | -5.7     |
|    critic_loss     | 0.258    |
|    ent_coef        | 0.971    |
|    ent_coef_loss   | -0.196   |
|    learning_rate   | 0.0003   |
|    n_updates       | 98       |
---------------------------------
---------------------------------
| rollout/           |          |
|    ep_len_mean     | 60.5     |
|    ep_rew_mean     | 40.4     |
| time/              |          |
|    episodes        | 108      |
|    fps             | 1178     |
|    time_elapsed    | 5        |
|    total_timesteps | 6816     |
| train/             |          |
|    actor_loss      | -5.72    |
|    critic_loss     | 0.205    |
|    ent_coef        | 0.967    |
|    ent_coef_loss   | -0.226   |
|    learning_rate   | 0.0003   |
|    n_updates       | 113      |
---------------------------------
---------------------------------
| rollout/           |          |
|    ep_len_mean     | 59.9     |
|    ep_rew_mean     | 40.1     |
| time/              |          |
|    episodes        | 112      |
|    fps             | 1129     |
|    time_elapsed    | 6        |
|    total_timesteps | 6960     |
| train/             |          |
|    actor_loss      | -5.78    |
|    critic_loss     | 0.196    |
|    ent_coef        | 0.964    |
|    ent_coef_loss   | -0.244   |
|    learning_rate   | 0.0003   |
|    n_updates       | 122      |
---------------------------------
---------------------------------
| rollout/           |          |
|    ep_len_mean     | 60.1     |
|    ep_rew_mean     | 40.3     |
| time/              |          |
|    episodes        | 116      |
|    fps             | 1014     |
|    time_elapsed    | 7        |
|    total_timesteps | 7392     |
| train/             |          |
|    actor_loss      | -5.93    |
|    critic_loss     | 0.189    |
|    ent_coef        | 0.957    |
|    ent_coef_loss   | -0.299   |
|    learning_rate   | 0.0003   |
|    n_updates       | 149      |
---------------------------------
---------------------------------
| rollout/           |          |
|    ep_len_mean     | 60.4     |
|    ep_rew_mean     | 40.6     |
| time/              |          |
|    episodes        | 120      |
|    fps             | 955      |
|    time_elapsed    | 8        |
|    total_timesteps | 7680     |
| train/             |          |
|    actor_loss      | -5.97    |
|    critic_loss     | 0.22     |
|    ent_coef        | 0.951    |
|    ent_coef_loss   | -0.335   |
|    learning_rate   | 0.0003   |
|    n_updates       | 167      |
---------------------------------
---------------------------------
| rollout/           |          |
|    ep_len_mean     | 59.6     |
|    ep_rew_mean     | 40       |
| time/              |          |
|    episodes        | 124      |
|    fps             | 919      |
|    time_elapsed    | 8        |
|    total_timesteps | 7888     |
| train/             |          |
|    actor_loss      | -6.1     |
|    critic_loss     | 0.261    |
|    ent_coef        | 0.948    |
|    ent_coef_loss   | -0.362   |
|    learning_rate   | 0.0003   |
|    n_updates       | 180      |
---------------------------------
---------------------------------
| rollout/           |          |
|    ep_len_mean     | 61.7     |
|    ep_rew_mean     | 41.4     |
| time/              |          |
|    episodes        | 128      |
|    fps             | 881      |
|    time_elapsed    | 9        |
|    total_timesteps | 8128     |
| train/             |          |
|    actor_loss      | -6.15    |
|    critic_loss     | 0.219    |
|    ent_coef        | 0.943    |
|    ent_coef_loss   | -0.393   |
|    learning_rate   | 0.0003   |
|    n_updates       | 195      |
---------------------------------
---------------------------------
| rollout/           |          |
|    ep_len_mean     | 63.6     |
|    ep_rew_mean     | 42.5     |
| time/              |          |
|    episodes        | 132      |
|    fps             | 843      |
|    time_elapsed    | 9        |
|    total_timesteps | 8416     |
| train/             |          |
|    actor_loss      | -6.3     |
|    critic_loss     | 0.203    |
|    ent_coef        | 0.938    |
|    ent_coef_loss   | -0.429   |
|    learning_rate   | 0.0003   |
|    n_updates       | 213      |
---------------------------------
---------------------------------
| rollout/           |          |
|    ep_len_mean     | 63.4     |
|    ep_rew_mean     | 42.4     |
| time/              |          |
|    episodes        | 136      |
|    fps             | 827      |
|    time_elapsed    | 10       |
|    total_timesteps | 8544     |
| train/             |          |
|    actor_loss      | -6.31    |
|    critic_loss     | 0.238    |
|    ent_coef        | 0.936    |
|    ent_coef_loss   | -0.445   |
|    learning_rate   | 0.0003   |
|    n_updates       | 221      |
---------------------------------
---------------------------------
| rollout/           |          |
|    ep_len_mean     | 63.1     |
|    ep_rew_mean     | 42.1     |
| time/              |          |
|    episodes        | 140      |
|    fps             | 771      |
|    time_elapsed    | 11       |
|    total_timesteps | 8976     |
| train/             |          |
|    actor_loss      | -6.43    |
|    critic_loss     | 0.266    |
|    ent_coef        | 0.929    |
|    ent_coef_loss   | -0.499   |
|    learning_rate   | 0.0003   |
|    n_updates       | 248      |
---------------------------------
---------------------------------
| rollout/           |          |
|    ep_len_mean     | 64       |
|    ep_rew_mean     | 42.7     |
| time/              |          |
|    episodes        | 144      |
|    fps             | 756      |
|    time_elapsed    | 12       |
|    total_timesteps | 9120     |
| train/             |          |
|    actor_loss      | -6.5     |
|    critic_loss     | 0.266    |
|    ent_coef        | 0.926    |
|    ent_coef_loss   | -0.516   |
|    learning_rate   | 0.0003   |
|    n_updates       | 257      |
---------------------------------
---------------------------------
| rollout/           |          |
|    ep_len_mean     | 63.1     |
|    ep_rew_mean     | 42.4     |
| time/              |          |
|    episodes        | 148      |
|    fps             | 726      |
|    time_elapsed    | 13       |
|    total_timesteps | 9456     |
| train/             |          |
|    actor_loss      | -6.62    |
|    critic_loss     | 0.215    |
|    ent_coef        | 0.92     |
|    ent_coef_loss   | -0.558   |
|    learning_rate   | 0.0003   |
|    n_updates       | 278      |
---------------------------------
---------------------------------
| rollout/           |          |
|    ep_len_mean     | 62.6     |
|    ep_rew_mean     | 42.1     |
| time/              |          |
|    episodes        | 152      |
|    fps             | 714      |
|    time_elapsed    | 13       |
|    total_timesteps | 9600     |
| train/             |          |
|    actor_loss      | -6.73    |
|    critic_loss     | 0.246    |
|    ent_coef        | 0.918    |
|    ent_coef_loss   | -0.578   |
|    learning_rate   | 0.0003   |
|    n_updates       | 287      |
---------------------------------
---------------------------------
| rollout/           |          |
|    ep_len_mean     | 63.2     |
|    ep_rew_mean     | 42.3     |
| time/              |          |
|    episodes        | 156      |
|    fps             | 685      |
|    time_elapsed    | 14       |
|    total_timesteps | 9904     |
| train/             |          |
|    actor_loss      | -6.88    |
|    critic_loss     | 0.182    |
|    ent_coef        | 0.913    |
|    ent_coef_loss   | -0.619   |
|    learning_rate   | 0.0003   |
|    n_updates       | 306      |
---------------------------------
---------------------------------
| rollout/           |          |
|    ep_len_mean     | 62       |
|    ep_rew_mean     | 41.5     |
| time/              |          |
|    episodes        | 160      |
|    fps             | 669      |
|    time_elapsed    | 15       |
|    total_timesteps | 10192    |
| train/             |          |
|    actor_loss      | -6.97    |
|    critic_loss     | 0.218    |
|    ent_coef        | 0.908    |
|    ent_coef_loss   | -0.655   |
|    learning_rate   | 0.0003   |
|    n_updates       | 324      |
---------------------------------
---------------------------------
| rollout/           |          |
|    ep_len_mean     | 61.2     |
|    ep_rew_mean     | 41.1     |
| time/              |          |
|    episodes        | 164      |
|    fps             | 664      |
|    time_elapsed    | 15       |
|    total_timesteps | 10288    |
| train/             |          |
|    actor_loss      | -7.04    |
|    critic_loss     | 0.199    |
|    ent_coef        | 0.906    |
|    ent_coef_loss   | -0.664   |
|    learning_rate   | 0.0003   |
|    n_updates       | 330      |
---------------------------------
---------------------------------
| rollout/           |          |
|    ep_len_mean     | 62.3     |
|    ep_rew_mean     | 41.8     |
| time/              |          |
|    episodes        | 168      |
|    fps             | 647      |
|    time_elapsed    | 16       |
|    total_timesteps | 10640    |
| train/             |          |
|    actor_loss      | -7.19    |
|    critic_loss     | 0.19     |
|    ent_coef        | 0.9      |
|    ent_coef_loss   | -0.711   |
|    learning_rate   | 0.0003   |
|    n_updates       | 352      |
---------------------------------
---------------------------------
| rollout/           |          |
|    ep_len_mean     | 60.7     |
|    ep_rew_mean     | 40.5     |
| time/              |          |
|    episodes        | 172      |
|    fps             | 638      |
|    time_elapsed    | 16       |
|    total_timesteps | 10848    |
| train/             |          |
|    actor_loss      | -7.22    |
|    critic_loss     | 0.159    |
|    ent_coef        | 0.897    |
|    ent_coef_loss   | -0.734   |
|    learning_rate   | 0.0003   |
|    n_updates       | 365      |
---------------------------------
---------------------------------
| rollout/           |          |
|    ep_len_mean     | 60       |
|    ep_rew_mean     | 40.2     |
| time/              |          |
|    episodes        | 176      |
|    fps             | 624      |
|    time_elapsed    | 18       |
|    total_timesteps | 11264    |
| train/             |          |
|    actor_loss      | -7.39    |
|    critic_loss     | 0.267    |
|    ent_coef        | 0.89     |
|    ent_coef_loss   | -0.785   |
|    learning_rate   | 0.0003   |
|    n_updates       | 391      |
---------------------------------
---------------------------------
| rollout/           |          |
|    ep_len_mean     | 59       |
|    ep_rew_mean     | 39.6     |
| time/              |          |
|    episodes        | 180      |
|    fps             | 613      |
|    time_elapsed    | 18       |
|    total_timesteps | 11616    |
| train/             |          |
|    actor_loss      | -7.44    |
|    critic_loss     | 0.355    |
|    ent_coef        | 0.884    |
|    ent_coef_loss   | -0.831   |
|    learning_rate   | 0.0003   |
|    n_updates       | 413      |
---------------------------------
---------------------------------
| rollout/           |          |
|    ep_len_mean     | 61       |
|    ep_rew_mean     | 40.9     |
| time/              |          |
|    episodes        | 184      |
|    fps             | 606      |
|    time_elapsed    | 19       |
|    total_timesteps | 11824    |
| train/             |          |
|    actor_loss      | -7.6     |
|    critic_loss     | 0.225    |
|    ent_coef        | 0.88     |
|    ent_coef_loss   | -0.858   |
|    learning_rate   | 0.0003   |
|    n_updates       | 426      |
---------------------------------
---------------------------------
| rollout/           |          |
|    ep_len_mean     | 61.7     |
|    ep_rew_mean     | 41.4     |
| time/              |          |
|    episodes        | 188      |
|    fps             | 597      |
|    time_elapsed    | 20       |
|    total_timesteps | 12096    |
| train/             |          |
|    actor_loss      | -7.62    |
|    critic_loss     | 0.399    |
|    ent_coef        | 0.876    |
|    ent_coef_loss   | -0.893   |
|    learning_rate   | 0.0003   |
|    n_updates       | 443      |
---------------------------------
---------------------------------
| rollout/           |          |
|    ep_len_mean     | 61.1     |
|    ep_rew_mean     | 40.9     |
| time/              |          |
|    episodes        | 192      |
|    fps             | 591      |
|    time_elapsed    | 20       |
|    total_timesteps | 12304    |
| train/             |          |
|    actor_loss      | -7.77    |
|    critic_loss     | 0.43     |
|    ent_coef        | 0.872    |
|    ent_coef_loss   | -0.919   |
|    learning_rate   | 0.0003   |
|    n_updates       | 456      |
---------------------------------
---------------------------------
| rollout/           |          |
|    ep_len_mean     | 62.3     |
|    ep_rew_mean     | 41.6     |
| time/              |          |
|    episodes        | 196      |
|    fps             | 586      |
|    time_elapsed    | 21       |
|    total_timesteps | 12464    |
| train/             |          |
|    actor_loss      | -7.81    |
|    critic_loss     | 0.297    |
|    ent_coef        | 0.87     |
|    ent_coef_loss   | -0.936   |
|    learning_rate   | 0.0003   |
|    n_updates       | 466      |
---------------------------------
---------------------------------
| rollout/           |          |
|    ep_len_mean     | 62.4     |
|    ep_rew_mean     | 41.7     |
| time/              |          |
|    episodes        | 200      |
|    fps             | 577      |
|    time_elapsed    | 22       |
|    total_timesteps | 12848    |
| train/             |          |
|    actor_loss      | -8.05    |
|    critic_loss     | 0.248    |
|    ent_coef        | 0.864    |
|    ent_coef_loss   | -0.987   |
|    learning_rate   | 0.0003   |
|    n_updates       | 490      |
---------------------------------
---------------------------------
| rollout/           |          |
|    ep_len_mean     | 62.2     |
|    ep_rew_mean     | 41.5     |
| time/              |          |
|    episodes        | 204      |
|    fps             | 573      |
|    time_elapsed    | 22       |
|    total_timesteps | 13040    |
| train/             |          |
|    actor_loss      | -8.17    |
|    critic_loss     | 0.309    |
|    ent_coef        | 0.86     |
|    ent_coef_loss   | -1.01    |
|    learning_rate   | 0.0003   |
|    n_updates       | 502      |
---------------------------------
---------------------------------
| rollout/           |          |
|    ep_len_mean     | 62.6     |
|    ep_rew_mean     | 41.7     |
| time/              |          |
|    episodes        | 208      |
|    fps             | 568      |
|    time_elapsed    | 23       |
|    total_timesteps | 13264    |
| train/             |          |
|    actor_loss      | -8.16    |
|    critic_loss     | 0.283    |
|    ent_coef        | 0.857    |
|    ent_coef_loss   | -1.04    |
|    learning_rate   | 0.0003   |
|    n_updates       | 516      |
---------------------------------
---------------------------------
| rollout/           |          |
|    ep_len_mean     | 64       |
|    ep_rew_mean     | 42.7     |
| time/              |          |
|    episodes        | 212      |
|    fps             | 567      |
|    time_elapsed    | 23       |
|    total_timesteps | 13344    |
| train/             |          |
|    actor_loss      | -8.24    |
|    critic_loss     | 0.277    |
|    ent_coef        | 0.856    |
|    ent_coef_loss   | -1.05    |
|    learning_rate   | 0.0003   |
|    n_updates       | 521      |
---------------------------------
---------------------------------
| rollout/           |          |
|    ep_len_mean     | 63.4     |
|    ep_rew_mean     | 42.3     |
| time/              |          |
|    episodes        | 216      |
|    fps             | 562      |
|    time_elapsed    | 24       |
|    total_timesteps | 13568    |
| train/             |          |
|    actor_loss      | -8.26    |
|    critic_loss     | 0.254    |
|    ent_coef        | 0.852    |
|    ent_coef_loss   | -1.08    |
|    learning_rate   | 0.0003   |
|    n_updates       | 535      |
---------------------------------
---------------------------------
| rollout/           |          |
|    ep_len_mean     | 63.3     |
|    ep_rew_mean     | 42.1     |
| time/              |          |
|    episodes        | 220      |
|    fps             | 556      |
|    time_elapsed    | 24       |
|    total_timesteps | 13888    |
| train/             |          |
|    actor_loss      | -8.52    |
|    critic_loss     | 0.217    |
|    ent_coef        | 0.847    |
|    ent_coef_loss   | -1.12    |
|    learning_rate   | 0.0003   |
|    n_updates       | 555      |
---------------------------------
---------------------------------
| rollout/           |          |
|    ep_len_mean     | 62.7     |
|    ep_rew_mean     | 41.8     |
| time/              |          |
|    episodes        | 224      |
|    fps             | 553      |
|    time_elapsed    | 25       |
|    total_timesteps | 14016    |
| train/             |          |
|    actor_loss      | -8.38    |
|    critic_loss     | 0.328    |
|    ent_coef        | 0.845    |
|    ent_coef_loss   | -1.13    |
|    learning_rate   | 0.0003   |
|    n_updates       | 563      |
---------------------------------
---------------------------------
| rollout/           |          |
|    ep_len_mean     | 62.2     |
|    ep_rew_mean     | 41.6     |
| time/              |          |
|    episodes        | 228      |
|    fps             | 552      |
|    time_elapsed    | 25       |
|    total_timesteps | 14096    |
| train/             |          |
|    actor_loss      | -8.47    |
|    critic_loss     | 0.319    |
|    ent_coef        | 0.844    |
|    ent_coef_loss   | -1.14    |
|    learning_rate   | 0.0003   |
|    n_updates       | 568      |
---------------------------------
---------------------------------
| rollout/           |          |
|    ep_len_mean     | 60.6     |
|    ep_rew_mean     | 40.6     |
| time/              |          |
|    episodes        | 232      |
|    fps             | 546      |
|    time_elapsed    | 26       |
|    total_timesteps | 14432    |
| train/             |          |
|    actor_loss      | -8.75    |
|    critic_loss     | 0.22     |
|    ent_coef        | 0.838    |
|    ent_coef_loss   | -1.19    |
|    learning_rate   | 0.0003   |
|    n_updates       | 589      |
---------------------------------
---------------------------------
| rollout/           |          |
|    ep_len_mean     | 60.9     |
|    ep_rew_mean     | 40.9     |
| time/              |          |
|    episodes        | 236      |
|    fps             | 542      |
|    time_elapsed    | 27       |
|    total_timesteps | 14720    |
| train/             |          |
|    actor_loss      | -8.83    |
|    critic_loss     | 0.245    |
|    ent_coef        | 0.834    |
|    ent_coef_loss   | -1.22    |
|    learning_rate   | 0.0003   |
|    n_updates       | 607      |
---------------------------------
---------------------------------
| rollout/           |          |
|    ep_len_mean     | 60.9     |
|    ep_rew_mean     | 41       |
| time/              |          |
|    episodes        | 240      |
|    fps             | 535      |
|    time_elapsed    | 28       |
|    total_timesteps | 15152    |
| train/             |          |
|    actor_loss      | -8.85    |
|    critic_loss     | 0.316    |
|    ent_coef        | 0.827    |
|    ent_coef_loss   | -1.28    |
|    learning_rate   | 0.0003   |
|    n_updates       | 634      |
---------------------------------
---------------------------------
| rollout/           |          |
|    ep_len_mean     | 61.9     |
|    ep_rew_mean     | 41.5     |
| time/              |          |
|    episodes        | 244      |
|    fps             | 533      |
|    time_elapsed    | 28       |
|    total_timesteps | 15296    |
| train/             |          |
|    actor_loss      | -8.98    |
|    critic_loss     | 0.361    |
|    ent_coef        | 0.825    |
|    ent_coef_loss   | -1.3     |
|    learning_rate   | 0.0003   |
|    n_updates       | 643      |
---------------------------------
---------------------------------
| rollout/           |          |
|    ep_len_mean     | 62       |
|    ep_rew_mean     | 41.6     |
| time/              |          |
|    episodes        | 248      |
|    fps             | 529      |
|    time_elapsed    | 29       |
|    total_timesteps | 15552    |
| train/             |          |
|    actor_loss      | -9.17    |
|    critic_loss     | 0.251    |
|    ent_coef        | 0.821    |
|    ent_coef_loss   | -1.33    |
|    learning_rate   | 0.0003   |
|    n_updates       | 659      |
---------------------------------
---------------------------------
| rollout/           |          |
|    ep_len_mean     | 61.9     |
|    ep_rew_mean     | 41.4     |
| time/              |          |
|    episodes        | 252      |
|    fps             | 524      |
|    time_elapsed    | 30       |
|    total_timesteps | 15856    |
| train/             |          |
|    actor_loss      | -9.2     |
|    critic_loss     | 0.352    |
|    ent_coef        | 0.816    |
|    ent_coef_loss   | -1.37    |
|    learning_rate   | 0.0003   |
|    n_updates       | 678      |
---------------------------------
---------------------------------
| rollout/           |          |
|    ep_len_mean     | 60.9     |
|    ep_rew_mean     | 40.7     |
| time/              |          |
|    episodes        | 256      |
|    fps             | 522      |
|    time_elapsed    | 30       |
|    total_timesteps | 16032    |
| train/             |          |
|    actor_loss      | -9.58    |
|    critic_loss     | 0.194    |
|    ent_coef        | 0.814    |
|    ent_coef_loss   | -1.39    |
|    learning_rate   | 0.0003   |
|    n_updates       | 689      |
---------------------------------
---------------------------------
| rollout/           |          |
|    ep_len_mean     | 61.3     |
|    ep_rew_mean     | 41       |
| time/              |          |
|    episodes        | 260      |
|    fps             | 520      |
|    time_elapsed    | 31       |
|    total_timesteps | 16224    |
| train/             |          |
|    actor_loss      | -9.29    |
|    critic_loss     | 0.381    |
|    ent_coef        | 0.811    |
|    ent_coef_loss   | -1.41    |
|    learning_rate   | 0.0003   |
|    n_updates       | 701      |
---------------------------------
---------------------------------
| rollout/           |          |
|    ep_len_mean     | 61.2     |
|    ep_rew_mean     | 41       |
| time/              |          |
|    episodes        | 264      |
|    fps             | 517      |
|    time_elapsed    | 31       |
|    total_timesteps | 16512    |
| train/             |          |
|    actor_loss      | -9.53    |
|    critic_loss     | 0.233    |
|    ent_coef        | 0.806    |
|    ent_coef_loss   | -1.45    |
|    learning_rate   | 0.0003   |
|    n_updates       | 719      |
---------------------------------
---------------------------------
| rollout/           |          |
|    ep_len_mean     | 62.4     |
|    ep_rew_mean     | 41.5     |
| time/              |          |
|    episodes        | 268      |
|    fps             | 512      |
|    time_elapsed    | 33       |
|    total_timesteps | 17008    |
| train/             |          |
|    actor_loss      | -9.84    |
|    critic_loss     | 0.23     |
|    ent_coef        | 0.799    |
|    ent_coef_loss   | -1.51    |
|    learning_rate   | 0.0003   |
|    n_updates       | 750      |
---------------------------------
---------------------------------
| rollout/           |          |
|    ep_len_mean     | 63       |
|    ep_rew_mean     | 41.8     |
| time/              |          |
|    episodes        | 272      |
|    fps             | 511      |
|    time_elapsed    | 33       |
|    total_timesteps | 17200    |
| train/             |          |
|    actor_loss      | -9.83    |
|    critic_loss     | 0.286    |
|    ent_coef        | 0.796    |
|    ent_coef_loss   | -1.54    |
|    learning_rate   | 0.0003   |
|    n_updates       | 762      |
---------------------------------
---------------------------------
| rollout/           |          |
|    ep_len_mean     | 63.1     |
|    ep_rew_mean     | 41.9     |
| time/              |          |
|    episodes        | 276      |
|    fps             | 509      |
|    time_elapsed    | 34       |
|    total_timesteps | 17376    |
| train/             |          |
|    actor_loss      | -10      |
|    critic_loss     | 0.252    |
|    ent_coef        | 0.793    |
|    ent_coef_loss   | -1.55    |
|    learning_rate   | 0.0003   |
|    n_updates       | 773      |
---------------------------------
---------------------------------
| rollout/           |          |
|    ep_len_mean     | 62.7     |
|    ep_rew_mean     | 41.6     |
| time/              |          |
|    episodes        | 280      |
|    fps             | 508      |
|    time_elapsed    | 34       |
|    total_timesteps | 17472    |
| train/             |          |
|    actor_loss      | -9.9     |
|    critic_loss     | 0.247    |
|    ent_coef        | 0.792    |
|    ent_coef_loss   | -1.57    |
|    learning_rate   | 0.0003   |
|    n_updates       | 779      |
---------------------------------
---------------------------------
| rollout/           |          |
|    ep_len_mean     | 61.6     |
|    ep_rew_mean     | 40.8     |
| time/              |          |
|    episodes        | 284      |
|    fps             | 506      |
|    time_elapsed    | 35       |
|    total_timesteps | 17744    |
| train/             |          |
|    actor_loss      | -10      |
|    critic_loss     | 0.236    |
|    ent_coef        | 0.788    |
|    ent_coef_loss   | -1.6     |
|    learning_rate   | 0.0003   |
|    n_updates       | 796      |
---------------------------------
---------------------------------
| rollout/           |          |
|    ep_len_mean     | 60.4     |
|    ep_rew_mean     | 40       |
| time/              |          |
|    episodes        | 288      |
|    fps             | 504      |
|    time_elapsed    | 35       |
|    total_timesteps | 18032    |
| train/             |          |
|    actor_loss      | -10.1    |
|    critic_loss     | 0.257    |
|    ent_coef        | 0.784    |
|    ent_coef_loss   | -1.64    |
|    learning_rate   | 0.0003   |
|    n_updates       | 814      |
---------------------------------
---------------------------------
| rollout/           |          |
|    ep_len_mean     | 60.8     |
|    ep_rew_mean     | 40.3     |
| time/              |          |
|    episodes        | 292      |
|    fps             | 502      |
|    time_elapsed    | 36       |
|    total_timesteps | 18192    |
| train/             |          |
|    actor_loss      | -10.4    |
|    critic_loss     | 0.338    |
|    ent_coef        | 0.781    |
|    ent_coef_loss   | -1.66    |
|    learning_rate   | 0.0003   |
|    n_updates       | 824      |
---------------------------------
---------------------------------
| rollout/           |          |
|    ep_len_mean     | 59.6     |
|    ep_rew_mean     | 39.5     |
| time/              |          |
|    episodes        | 296      |
|    fps             | 500      |
|    time_elapsed    | 37       |
|    total_timesteps | 18512    |
| train/             |          |
|    actor_loss      | -10.5    |
|    critic_loss     | 0.219    |
|    ent_coef        | 0.777    |
|    ent_coef_loss   | -1.69    |
|    learning_rate   | 0.0003   |
|    n_updates       | 844      |
---------------------------------
---------------------------------
| rollout/           |          |
|    ep_len_mean     | 60       |
|    ep_rew_mean     | 39.9     |
| time/              |          |
|    episodes        | 300      |
|    fps             | 497      |
|    time_elapsed    | 37       |
|    total_timesteps | 18800    |
| train/             |          |
|    actor_loss      | -10.6    |
|    critic_loss     | 0.272    |
|    ent_coef        | 0.772    |
|    ent_coef_loss   | -1.73    |
|    learning_rate   | 0.0003   |
|    n_updates       | 862      |
---------------------------------
---------------------------------
| rollout/           |          |
|    ep_len_mean     | 60.4     |
|    ep_rew_mean     | 40.1     |
| time/              |          |
|    episodes        | 304      |
|    fps             | 496      |
|    time_elapsed    | 38       |
|    total_timesteps | 19040    |
| train/             |          |
|    actor_loss      | -10.7    |
|    critic_loss     | 0.266    |
|    ent_coef        | 0.769    |
|    ent_coef_loss   | -1.77    |
|    learning_rate   | 0.0003   |
|    n_updates       | 877      |
---------------------------------
---------------------------------
| rollout/           |          |
|    ep_len_mean     | 60.3     |
|    ep_rew_mean     | 40.3     |
| time/              |          |
|    episodes        | 308      |
|    fps             | 493      |
|    time_elapsed    | 39       |
|    total_timesteps | 19408    |
| train/             |          |
|    actor_loss      | -10.9    |
|    critic_loss     | 0.227    |
|    ent_coef        | 0.764    |
|    ent_coef_loss   | -1.81    |
|    learning_rate   | 0.0003   |
|    n_updates       | 900      |
---------------------------------
---------------------------------
| rollout/           |          |
|    ep_len_mean     | 60.4     |
|    ep_rew_mean     | 40.3     |
| time/              |          |
|    episodes        | 312      |
|    fps             | 490      |
|    time_elapsed    | 40       |
|    total_timesteps | 19760    |
| train/             |          |
|    actor_loss      | -11.1    |
|    critic_loss     | 0.197    |
|    ent_coef        | 0.759    |
|    ent_coef_loss   | -1.86    |
|    learning_rate   | 0.0003   |
|    n_updates       | 922      |
---------------------------------
---------------------------------
| rollout/           |          |
|    ep_len_mean     | 61.4     |
|    ep_rew_mean     | 40.9     |
| time/              |          |
|    episodes        | 316      |
|    fps             | 487      |
|    time_elapsed    | 41       |
|    total_timesteps | 20112    |
| train/             |          |
|    actor_loss      | -11.1    |
|    critic_loss     | 0.267    |
|    ent_coef        | 0.754    |
|    ent_coef_loss   | -1.9     |
|    learning_rate   | 0.0003   |
|    n_updates       | 944      |
---------------------------------
---------------------------------
| rollout/           |          |
|    ep_len_mean     | 61.2     |
|    ep_rew_mean     | 41       |
| time/              |          |
|    episodes        | 320      |
|    fps             | 486      |
|    time_elapsed    | 41       |
|    total_timesteps | 20336    |
| train/             |          |
|    actor_loss      | -11.3    |
|    critic_loss     | 0.413    |
|    ent_coef        | 0.751    |
|    ent_coef_loss   | -1.93    |
|    learning_rate   | 0.0003   |
|    n_updates       | 958      |
---------------------------------
---------------------------------
| rollout/           |          |
|    ep_len_mean     | 62.2     |
|    ep_rew_mean     | 41.6     |
| time/              |          |
|    episodes        | 324      |
|    fps             | 485      |
|    time_elapsed    | 42       |
|    total_timesteps | 20416    |
| train/             |          |
|    actor_loss      | -11.1    |
|    critic_loss     | 0.332    |
|    ent_coef        | 0.749    |
|    ent_coef_loss   | -1.94    |
|    learning_rate   | 0.0003   |
|    n_updates       | 963      |
---------------------------------
---------------------------------
| rollout/           |          |
|    ep_len_mean     | 63.3     |
|    ep_rew_mean     | 42.2     |
| time/              |          |
|    episodes        | 328      |
|    fps             | 482      |
|    time_elapsed    | 43       |
|    total_timesteps | 20816    |
| train/             |          |
|    actor_loss      | -11.1    |
|    critic_loss     | 0.218    |
|    ent_coef        | 0.744    |
|    ent_coef_loss   | -1.99    |
|    learning_rate   | 0.0003   |
|    n_updates       | 988      |
---------------------------------
---------------------------------
| rollout/           |          |
|    ep_len_mean     | 63.4     |
|    ep_rew_mean     | 42.2     |
| time/              |          |
|    episodes        | 332      |
|    fps             | 480      |
|    time_elapsed    | 44       |
|    total_timesteps | 21184    |
| train/             |          |
|    actor_loss      | -11.6    |
|    critic_loss     | 0.218    |
|    ent_coef        | 0.739    |
|    ent_coef_loss   | -2.03    |
|    learning_rate   | 0.0003   |
|    n_updates       | 1011     |
---------------------------------
---------------------------------
| rollout/           |          |
|    ep_len_mean     | 63.4     |
|    ep_rew_mean     | 42.2     |
| time/              |          |
|    episodes        | 336      |
|    fps             | 477      |
|    time_elapsed    | 45       |
|    total_timesteps | 21712    |
| train/             |          |
|    actor_loss      | -11.7    |
|    critic_loss     | 0.317    |
|    ent_coef        | 0.731    |
|    ent_coef_loss   | -2.1     |
|    learning_rate   | 0.0003   |
|    n_updates       | 1044     |
---------------------------------
---------------------------------
| rollout/           |          |
|    ep_len_mean     | 64       |
|    ep_rew_mean     | 42.5     |
| time/              |          |
|    episodes        | 340      |
|    fps             | 475      |
|    time_elapsed    | 46       |
|    total_timesteps | 22064    |
| train/             |          |
|    actor_loss      | -11.8    |
|    critic_loss     | 0.28     |
|    ent_coef        | 0.727    |
|    ent_coef_loss   | -2.14    |
|    learning_rate   | 0.0003   |
|    n_updates       | 1066     |
---------------------------------
---------------------------------
| rollout/           |          |
|    ep_len_mean     | 64.4     |
|    ep_rew_mean     | 43       |
| time/              |          |
|    episodes        | 344      |
|    fps             | 474      |
|    time_elapsed    | 47       |
|    total_timesteps | 22400    |
| train/             |          |
|    actor_loss      | -12.1    |
|    critic_loss     | 0.244    |
|    ent_coef        | 0.722    |
|    ent_coef_loss   | -2.18    |
|    learning_rate   | 0.0003   |
|    n_updates       | 1087     |
---------------------------------
---------------------------------
| rollout/           |          |
|    ep_len_mean     | 64.4     |
|    ep_rew_mean     | 43.1     |
| time/              |          |
|    episodes        | 348      |
|    fps             | 473      |
|    time_elapsed    | 47       |
|    total_timesteps | 22560    |
| train/             |          |
|    actor_loss      | -11.8    |
|    critic_loss     | 0.33     |
|    ent_coef        | 0.72     |
|    ent_coef_loss   | -2.2     |
|    learning_rate   | 0.0003   |
|    n_updates       | 1097     |
---------------------------------
---------------------------------
| rollout/           |          |
|    ep_len_mean     | 68.3     |
|    ep_rew_mean     | 45.5     |
| time/              |          |
|    episodes        | 352      |
|    fps             | 471      |
|    time_elapsed    | 48       |
|    total_timesteps | 23008    |
| train/             |          |
|    actor_loss      | -12.1    |
|    critic_loss     | 0.223    |
|    ent_coef        | 0.714    |
|    ent_coef_loss   | -2.26    |
|    learning_rate   | 0.0003   |
|    n_updates       | 1125     |
---------------------------------
---------------------------------
| rollout/           |          |
|    ep_len_mean     | 67.4     |
|    ep_rew_mean     | 45.1     |
| time/              |          |
|    episodes        | 356      |
|    fps             | 470      |
|    time_elapsed    | 49       |
|    total_timesteps | 23232    |
| train/             |          |
|    actor_loss      | -12.4    |
|    critic_loss     | 0.264    |
|    ent_coef        | 0.711    |
|    ent_coef_loss   | -2.29    |
|    learning_rate   | 0.0003   |
|    n_updates       | 1139     |
---------------------------------
---------------------------------
| rollout/           |          |
|    ep_len_mean     | 67.7     |
|    ep_rew_mean     | 45.1     |
| time/              |          |
|    episodes        | 360      |
|    fps             | 468      |
|    time_elapsed    | 51       |
|    total_timesteps | 23936    |
| train/             |          |
|    actor_loss      | -12.7    |
|    critic_loss     | 0.217    |
|    ent_coef        | 0.702    |
|    ent_coef_loss   | -2.38    |
|    learning_rate   | 0.0003   |
|    n_updates       | 1183     |
---------------------------------
---------------------------------
| rollout/           |          |
|    ep_len_mean     | 68.9     |
|    ep_rew_mean     | 45.9     |
| time/              |          |
|    episodes        | 364      |
|    fps             | 465      |
|    time_elapsed    | 52       |
|    total_timesteps | 24656    |
| train/             |          |
|    actor_loss      | -12.9    |
|    critic_loss     | 0.232    |
|    ent_coef        | 0.692    |
|    ent_coef_loss   | -2.47    |
|    learning_rate   | 0.0003   |
|    n_updates       | 1228     |
---------------------------------
---------------------------------
| rollout/           |          |
|    ep_len_mean     | 69.2     |
|    ep_rew_mean     | 46.4     |
| time/              |          |
|    episodes        | 368      |
|    fps             | 463      |
|    time_elapsed    | 54       |
|    total_timesteps | 25280    |
| train/             |          |
|    actor_loss      | -13      |
|    critic_loss     | 0.265    |
|    ent_coef        | 0.684    |
|    ent_coef_loss   | -2.54    |
|    learning_rate   | 0.0003   |
|    n_updates       | 1267     |
---------------------------------
---------------------------------
| rollout/           |          |
|    ep_len_mean     | 74.2     |
|    ep_rew_mean     | 49.3     |
| time/              |          |
|    episodes        | 372      |
|    fps             | 462      |
|    time_elapsed    | 55       |
|    total_timesteps | 25888    |
| train/             |          |
|    actor_loss      | -13.3    |
|    critic_loss     | 0.345    |
|    ent_coef        | 0.677    |
|    ent_coef_loss   | -2.61    |
|    learning_rate   | 0.0003   |
|    n_updates       | 1305     |
---------------------------------
---------------------------------
| rollout/           |          |
|    ep_len_mean     | 83.6     |
|    ep_rew_mean     | 55.1     |
| time/              |          |
|    episodes        | 376      |
|    fps             | 461      |
|    time_elapsed    | 56       |
|    total_timesteps | 26304    |
| train/             |          |
|    actor_loss      | -13.6    |
|    critic_loss     | 0.209    |
|    ent_coef        | 0.671    |
|    ent_coef_loss   | -2.65    |
|    learning_rate   | 0.0003   |
|    n_updates       | 1331     |
---------------------------------
---------------------------------
| rollout/           |          |
|    ep_len_mean     | 82.8     |
|    ep_rew_mean     | 54.6     |
| time/              |          |
|    episodes        | 380      |
|    fps             | 461      |
|    time_elapsed    | 58       |
|    total_timesteps | 26832    |
| train/             |          |
|    actor_loss      | -13.7    |
|    critic_loss     | 0.27     |
|    ent_coef        | 0.665    |
|    ent_coef_loss   | -2.72    |
|    learning_rate   | 0.0003   |
|    n_updates       | 1364     |
---------------------------------
---------------------------------
| rollout/           |          |
|    ep_len_mean     | 86       |
|    ep_rew_mean     | 56.6     |
| time/              |          |
|    episodes        | 384      |
|    fps             | 460      |
|    time_elapsed    | 58       |
|    total_timesteps | 27136    |
| train/             |          |
|    actor_loss      | -13.8    |
|    critic_loss     | 0.175    |
|    ent_coef        | 0.661    |
|    ent_coef_loss   | -2.77    |
|    learning_rate   | 0.0003   |
|    n_updates       | 1383     |
---------------------------------
---------------------------------
| rollout/           |          |
|    ep_len_mean     | 87.7     |
|    ep_rew_mean     | 57.6     |
| time/              |          |
|    episodes        | 388      |
|    fps             | 459      |
|    time_elapsed    | 60       |
|    total_timesteps | 27648    |
| train/             |          |
|    actor_loss      | -14.2    |
|    critic_loss     | 0.257    |
|    ent_coef        | 0.655    |
|    ent_coef_loss   | -2.82    |
|    learning_rate   | 0.0003   |
|    n_updates       | 1415     |
---------------------------------
---------------------------------
| rollout/           |          |
|    ep_len_mean     | 89.8     |
|    ep_rew_mean     | 58.9     |
| time/              |          |
|    episodes        | 392      |
|    fps             | 458      |
|    time_elapsed    | 60       |
|    total_timesteps | 27920    |
| train/             |          |
|    actor_loss      | -14.2    |
|    critic_loss     | 0.222    |
|    ent_coef        | 0.651    |
|    ent_coef_loss   | -2.86    |
|    learning_rate   | 0.0003   |
|    n_updates       | 1432     |
---------------------------------
---------------------------------
| rollout/           |          |
|    ep_len_mean     | 91.7     |
|    ep_rew_mean     | 60.1     |
| time/              |          |
|    episodes        | 396      |
|    fps             | 457      |
|    time_elapsed    | 61       |
|    total_timesteps | 28080    |
| train/             |          |
|    actor_loss      | -14.1    |
|    critic_loss     | 0.249    |
|    ent_coef        | 0.649    |
|    ent_coef_loss   | -2.87    |
|    learning_rate   | 0.0003   |
|    n_updates       | 1442     |
---------------------------------
---------------------------------
| rollout/           |          |
|    ep_len_mean     | 95.2     |
|    ep_rew_mean     | 62       |
| time/              |          |
|    episodes        | 400      |
|    fps             | 457      |
|    time_elapsed    | 61       |
|    total_timesteps | 28208    |
| train/             |          |
|    actor_loss      | -14.1    |
|    critic_loss     | 0.226    |
|    ent_coef        | 0.648    |
|    ent_coef_loss   | -2.88    |
|    learning_rate   | 0.0003   |
|    n_updates       | 1450     |
---------------------------------
---------------------------------
| rollout/           |          |
|    ep_len_mean     | 95.3     |
|    ep_rew_mean     | 62.1     |
| time/              |          |
|    episodes        | 404      |
|    fps             | 456      |
|    time_elapsed    | 62       |
|    total_timesteps | 28688    |
| train/             |          |
|    actor_loss      | -13.9    |
|    critic_loss     | 0.294    |
|    ent_coef        | 0.642    |
|    ent_coef_loss   | -2.95    |
|    learning_rate   | 0.0003   |
|    n_updates       | 1480     |
---------------------------------
---------------------------------
| rollout/           |          |
|    ep_len_mean     | 95.2     |
|    ep_rew_mean     | 61.8     |
| time/              |          |
|    episodes        | 408      |
|    fps             | 455      |
|    time_elapsed    | 64       |
|    total_timesteps | 29312    |
| train/             |          |
|    actor_loss      | -14.2    |
|    critic_loss     | 0.584    |
|    ent_coef        | 0.635    |
|    ent_coef_loss   | -3.03    |
|    learning_rate   | 0.0003   |
|    n_updates       | 1519     |
---------------------------------
---------------------------------
| rollout/           |          |
|    ep_len_mean     | 95.8     |
|    ep_rew_mean     | 62       |
| time/              |          |
|    episodes        | 412      |
|    fps             | 453      |
|    time_elapsed    | 65       |
|    total_timesteps | 29824    |
| train/             |          |
|    actor_loss      | -14.4    |
|    critic_loss     | 0.454    |
|    ent_coef        | 0.629    |
|    ent_coef_loss   | -3.08    |
|    learning_rate   | 0.0003   |
|    n_updates       | 1551     |
---------------------------------
---------------------------------
| rollout/           |          |
|    ep_len_mean     | 96.7     |
|    ep_rew_mean     | 62.6     |
| time/              |          |
|    episodes        | 416      |
|    fps             | 453      |
|    time_elapsed    | 66       |
|    total_timesteps | 30064    |
| train/             |          |
|    actor_loss      | -14.5    |
|    critic_loss     | 0.376    |
|    ent_coef        | 0.626    |
|    ent_coef_loss   | -3.1     |
|    learning_rate   | 0.0003   |
|    n_updates       | 1566     |
---------------------------------
---------------------------------
| rollout/           |          |
|    ep_len_mean     | 101      |
|    ep_rew_mean     | 65.1     |
| time/              |          |
|    episodes        | 420      |
|    fps             | 451      |
|    time_elapsed    | 67       |
|    total_timesteps | 30672    |
| train/             |          |
|    actor_loss      | -14.9    |
|    critic_loss     | 0.356    |
|    ent_coef        | 0.619    |
|    ent_coef_loss   | -3.17    |
|    learning_rate   | 0.0003   |
|    n_updates       | 1604     |
---------------------------------
---------------------------------
| rollout/           |          |
|    ep_len_mean     | 103      |
|    ep_rew_mean     | 66.5     |
| time/              |          |
|    episodes        | 424      |
|    fps             | 450      |
|    time_elapsed    | 68       |
|    total_timesteps | 31056    |
| train/             |          |
|    actor_loss      | -15      |
|    critic_loss     | 0.318    |
|    ent_coef        | 0.615    |
|    ent_coef_loss   | -3.21    |
|    learning_rate   | 0.0003   |
|    n_updates       | 1628     |
---------------------------------
---------------------------------
| rollout/           |          |
|    ep_len_mean     | 103      |
|    ep_rew_mean     | 66.3     |
| time/              |          |
|    episodes        | 428      |
|    fps             | 448      |
|    time_elapsed    | 71       |
|    total_timesteps | 31872    |
| train/             |          |
|    actor_loss      | -15.3    |
|    critic_loss     | 0.407    |
|    ent_coef        | 0.605    |
|    ent_coef_loss   | -3.29    |
|    learning_rate   | 0.0003   |
|    n_updates       | 1679     |
---------------------------------
---------------------------------
| rollout/           |          |
|    ep_len_mean     | 105      |
|    ep_rew_mean     | 67.6     |
| time/              |          |
|    episodes        | 432      |
|    fps             | 446      |
|    time_elapsed    | 72       |
|    total_timesteps | 32448    |
| train/             |          |
|    actor_loss      | -15.8    |
|    critic_loss     | 0.24     |
|    ent_coef        | 0.599    |
|    ent_coef_loss   | -3.42    |
|    learning_rate   | 0.0003   |
|    n_updates       | 1715     |
---------------------------------
---------------------------------
| rollout/           |          |
|    ep_len_mean     | 110      |
|    ep_rew_mean     | 70.6     |
| time/              |          |
|    episodes        | 436      |
|    fps             | 444      |
|    time_elapsed    | 74       |
|    total_timesteps | 32992    |
| train/             |          |
|    actor_loss      | -15.5    |
|    critic_loss     | 0.362    |
|    ent_coef        | 0.593    |
|    ent_coef_loss   | -3.47    |
|    learning_rate   | 0.0003   |
|    n_updates       | 1749     |
---------------------------------
---------------------------------
| rollout/           |          |
|    ep_len_mean     | 112      |
|    ep_rew_mean     | 71.6     |
| time/              |          |
|    episodes        | 440      |
|    fps             | 442      |
|    time_elapsed    | 77       |
|    total_timesteps | 34176    |
| train/             |          |
|    actor_loss      | -15.7    |
|    critic_loss     | 0.308    |
|    ent_coef        | 0.58     |
|    ent_coef_loss   | -3.61    |
|    learning_rate   | 0.0003   |
|    n_updates       | 1823     |
---------------------------------
---------------------------------
| rollout/           |          |
|    ep_len_mean     | 114      |
|    ep_rew_mean     | 73.1     |
| time/              |          |
|    episodes        | 444      |
|    fps             | 440      |
|    time_elapsed    | 79       |
|    total_timesteps | 34832    |
| train/             |          |
|    actor_loss      | -16.1    |
|    critic_loss     | 0.438    |
|    ent_coef        | 0.573    |
|    ent_coef_loss   | -3.67    |
|    learning_rate   | 0.0003   |
|    n_updates       | 1864     |
---------------------------------
---------------------------------
| rollout/           |          |
|    ep_len_mean     | 119      |
|    ep_rew_mean     | 75.7     |
| time/              |          |
|    episodes        | 448      |
|    fps             | 439      |
|    time_elapsed    | 79       |
|    total_timesteps | 35120    |
| train/             |          |
|    actor_loss      | -16.4    |
|    critic_loss     | 0.314    |
|    ent_coef        | 0.57     |
|    ent_coef_loss   | -3.72    |
|    learning_rate   | 0.0003   |
|    n_updates       | 1882     |
---------------------------------
---------------------------------
| rollout/           |          |
|    ep_len_mean     | 123      |
|    ep_rew_mean     | 78.2     |
| time/              |          |
|    episodes        | 452      |
|    fps             | 437      |
|    time_elapsed    | 83       |
|    total_timesteps | 36512    |
| train/             |          |
|    actor_loss      | -16.8    |
|    critic_loss     | 0.32     |
|    ent_coef        | 0.555    |
|    ent_coef_loss   | -3.9     |
|    learning_rate   | 0.0003   |
|    n_updates       | 1969     |
---------------------------------
---------------------------------
| rollout/           |          |
|    ep_len_mean     | 128      |
|    ep_rew_mean     | 81.2     |
| time/              |          |
|    episodes        | 456      |
|    fps             | 437      |
|    time_elapsed    | 84       |
|    total_timesteps | 36896    |
| train/             |          |
|    actor_loss      | -16.6    |
|    critic_loss     | 0.39     |
|    ent_coef        | 0.551    |
|    ent_coef_loss   | -3.91    |
|    learning_rate   | 0.0003   |
|    n_updates       | 1993     |
---------------------------------
---------------------------------
| rollout/           |          |
|    ep_len_mean     | 135      |
|    ep_rew_mean     | 85.5     |
| time/              |          |
|    episodes        | 460      |
|    fps             | 436      |
|    time_elapsed    | 85       |
|    total_timesteps | 37424    |
| train/             |          |
|    actor_loss      | -16.9    |
|    critic_loss     | 0.359    |
|    ent_coef        | 0.546    |
|    ent_coef_loss   | -3.98    |
|    learning_rate   | 0.0003   |
|    n_updates       | 2026     |
---------------------------------
---------------------------------
| rollout/           |          |
|    ep_len_mean     | 136      |
|    ep_rew_mean     | 86.2     |
| time/              |          |
|    episodes        | 464      |
|    fps             | 436      |
|    time_elapsed    | 86       |
|    total_timesteps | 37856    |
| train/             |          |
|    actor_loss      | -16.5    |
|    critic_loss     | 0.391    |
|    ent_coef        | 0.542    |
|    ent_coef_loss   | -3.99    |
|    learning_rate   | 0.0003   |
|    n_updates       | 2053     |
---------------------------------
---------------------------------
| rollout/           |          |
|    ep_len_mean     | 141      |
|    ep_rew_mean     | 89.2     |
| time/              |          |
|    episodes        | 468      |
|    fps             | 434      |
|    time_elapsed    | 89       |
|    total_timesteps | 38864    |
| train/             |          |
|    actor_loss      | -17.3    |
|    critic_loss     | 0.431    |
|    ent_coef        | 0.532    |
|    ent_coef_loss   | -4.15    |
|    learning_rate   | 0.0003   |
|    n_updates       | 2116     |
---------------------------------
---------------------------------
| rollout/           |          |
|    ep_len_mean     | 140      |
|    ep_rew_mean     | 88.2     |
| time/              |          |
|    episodes        | 472      |
|    fps             | 433      |
|    time_elapsed    | 91       |
|    total_timesteps | 39600    |
| train/             |          |
|    actor_loss      | -17.4    |
|    critic_loss     | 0.396    |
|    ent_coef        | 0.524    |
|    ent_coef_loss   | -4.23    |
|    learning_rate   | 0.0003   |
|    n_updates       | 2162     |
---------------------------------
---------------------------------
| rollout/           |          |
|    ep_len_mean     | 133      |
|    ep_rew_mean     | 84       |
| time/              |          |
|    episodes        | 476      |
|    fps             | 433      |
|    time_elapsed    | 92       |
|    total_timesteps | 40128    |
| train/             |          |
|    actor_loss      | -17.7    |
|    critic_loss     | 0.347    |
|    ent_coef        | 0.519    |
|    ent_coef_loss   | -4.3     |
|    learning_rate   | 0.0003   |
|    n_updates       | 2195     |
---------------------------------
---------------------------------
| rollout/           |          |
|    ep_len_mean     | 136      |
|    ep_rew_mean     | 85.7     |
| time/              |          |
|    episodes        | 480      |
|    fps             | 431      |
|    time_elapsed    | 95       |
|    total_timesteps | 41360    |
| train/             |          |
|    actor_loss      | -17.6    |
|    critic_loss     | 0.33     |
|    ent_coef        | 0.508    |
|    ent_coef_loss   | -4.43    |
|    learning_rate   | 0.0003   |
|    n_updates       | 2272     |
---------------------------------
---------------------------------
| rollout/           |          |
|    ep_len_mean     | 139      |
|    ep_rew_mean     | 87.1     |
| time/              |          |
|    episodes        | 484      |
|    fps             | 430      |
|    time_elapsed    | 98       |
|    total_timesteps | 42288    |
| train/             |          |
|    actor_loss      | -17.9    |
|    critic_loss     | 0.378    |
|    ent_coef        | 0.499    |
|    ent_coef_loss   | -4.53    |
|    learning_rate   | 0.0003   |
|    n_updates       | 2330     |
---------------------------------
---------------------------------
| rollout/           |          |
|    ep_len_mean     | 145      |
|    ep_rew_mean     | 91.3     |
| time/              |          |
|    episodes        | 488      |
|    fps             | 428      |
|    time_elapsed    | 101      |
|    total_timesteps | 43392    |
| train/             |          |
|    actor_loss      | -18.5    |
|    critic_loss     | 0.51     |
|    ent_coef        | 0.489    |
|    ent_coef_loss   | -4.68    |
|    learning_rate   | 0.0003   |
|    n_updates       | 2399     |
---------------------------------
---------------------------------
| rollout/           |          |
|    ep_len_mean     | 153      |
|    ep_rew_mean     | 96.1     |
| time/              |          |
|    episodes        | 492      |
|    fps             | 426      |
|    time_elapsed    | 105      |
|    total_timesteps | 45184    |
| train/             |          |
|    actor_loss      | -18.8    |
|    critic_loss     | 0.367    |
|    ent_coef        | 0.473    |
|    ent_coef_loss   | -4.89    |
|    learning_rate   | 0.0003   |
|    n_updates       | 2511     |
---------------------------------
---------------------------------
| rollout/           |          |
|    ep_len_mean     | 160      |
|    ep_rew_mean     | 100      |
| time/              |          |
|    episodes        | 496      |
|    fps             | 425      |
|    time_elapsed    | 108      |
|    total_timesteps | 46048    |
| train/             |          |
|    actor_loss      | -18.6    |
|    critic_loss     | 0.312    |
|    ent_coef        | 0.466    |
|    ent_coef_loss   | -4.96    |
|    learning_rate   | 0.0003   |
|    n_updates       | 2565     |
---------------------------------
---------------------------------
| rollout/           |          |
|    ep_len_mean     | 164      |
|    ep_rew_mean     | 103      |
| time/              |          |
|    episodes        | 500      |
|    fps             | 424      |
|    time_elapsed    | 112      |
|    total_timesteps | 47664    |
| train/             |          |
|    actor_loss      | -19.2    |
|    critic_loss     | 0.532    |
|    ent_coef        | 0.452    |
|    ent_coef_loss   | -5.09    |
|    learning_rate   | 0.0003   |
|    n_updates       | 2666     |
---------------------------------
---------------------------------
| rollout/           |          |
|    ep_len_mean     | 172      |
|    ep_rew_mean     | 108      |
| time/              |          |
|    episodes        | 504      |
|    fps             | 423      |
|    time_elapsed    | 116      |
|    total_timesteps | 49264    |
| train/             |          |
|    actor_loss      | -19.5    |
|    critic_loss     | 0.509    |
|    ent_coef        | 0.439    |
|    ent_coef_loss   | -5.36    |
|    learning_rate   | 0.0003   |
|    n_updates       | 2766     |
---------------------------------
---------------------------------
| rollout/           |          |
|    ep_len_mean     | 182      |
|    ep_rew_mean     | 114      |
| time/              |          |
|    episodes        | 508      |
|    fps             | 421      |
|    time_elapsed    | 122      |
|    total_timesteps | 51408    |
| train/             |          |
|    actor_loss      | -19.9    |
|    critic_loss     | 0.616    |
|    ent_coef        | 0.422    |
|    ent_coef_loss   | -5.53    |
|    learning_rate   | 0.0003   |
|    n_updates       | 2900     |
---------------------------------
---------------------------------
| rollout/           |          |
|    ep_len_mean     | 196      |
|    ep_rew_mean     | 122      |
| time/              |          |
|    episodes        | 512      |
|    fps             | 419      |
|    time_elapsed    | 127      |
|    total_timesteps | 53616    |
| train/             |          |
|    actor_loss      | -20.1    |
|    critic_loss     | 0.471    |
|    ent_coef        | 0.405    |
|    ent_coef_loss   | -5.83    |
|    learning_rate   | 0.0003   |
|    n_updates       | 3038     |
---------------------------------
---------------------------------
| rollout/           |          |
|    ep_len_mean     | 212      |
|    ep_rew_mean     | 132      |
| time/              |          |
|    episodes        | 516      |
|    fps             | 418      |
|    time_elapsed    | 132      |
|    total_timesteps | 55264    |
| train/             |          |
|    actor_loss      | -20.8    |
|    critic_loss     | 0.506    |
|    ent_coef        | 0.393    |
|    ent_coef_loss   | -6.01    |
|    learning_rate   | 0.0003   |
|    n_updates       | 3141     |
---------------------------------
---------------------------------
| rollout/           |          |
|    ep_len_mean     | 221      |
|    ep_rew_mean     | 137      |
| time/              |          |
|    episodes        | 520      |
|    fps             | 416      |
|    time_elapsed    | 138      |
|    total_timesteps | 57488    |
| train/             |          |
|    actor_loss      | -20.4    |
|    critic_loss     | 0.438    |
|    ent_coef        | 0.377    |
|    ent_coef_loss   | -6.2     |
|    learning_rate   | 0.0003   |
|    n_updates       | 3280     |
---------------------------------
---------------------------------
| rollout/           |          |
|    ep_len_mean     | 245      |
|    ep_rew_mean     | 153      |
| time/              |          |
|    episodes        | 524      |
|    fps             | 414      |
|    time_elapsed    | 147      |
|    total_timesteps | 61248    |
| train/             |          |
|    actor_loss      | -21.1    |
|    critic_loss     | 0.771    |
|    ent_coef        | 0.352    |
|    ent_coef_loss   | -6.46    |
|    learning_rate   | 0.0003   |
|    n_updates       | 3515     |
---------------------------------
---------------------------------
| rollout/           |          |
|    ep_len_mean     | 269      |
|    ep_rew_mean     | 169      |
| time/              |          |
|    episodes        | 528      |
|    fps             | 412      |
|    time_elapsed    | 158      |
|    total_timesteps | 65280    |
| train/             |          |
|    actor_loss      | -21.6    |
|    critic_loss     | 0.572    |
|    ent_coef        | 0.327    |
|    ent_coef_loss   | -7.01    |
|    learning_rate   | 0.0003   |
|    n_updates       | 3767     |
---------------------------------
---------------------------------
| rollout/           |          |
|    ep_len_mean     | 304      |
|    ep_rew_mean     | 192      |
| time/              |          |
|    episodes        | 532      |
|    fps             | 409      |
|    time_elapsed    | 173      |
|    total_timesteps | 71088    |
| train/             |          |
|    actor_loss      | -22.1    |
|    critic_loss     | 0.488    |
|    ent_coef        | 0.294    |
|    ent_coef_loss   | -7.69    |
|    learning_rate   | 0.0003   |
|    n_updates       | 4130     |
---------------------------------
---------------------------------
| rollout/           |          |
|    ep_len_mean     | 345      |
|    ep_rew_mean     | 218      |
| time/              |          |
|    episodes        | 536      |
|    fps             | 407      |
|    time_elapsed    | 184      |
|    total_timesteps | 75152    |
| train/             |          |
|    actor_loss      | -22.5    |
|    critic_loss     | 0.658    |
|    ent_coef        | 0.273    |
|    ent_coef_loss   | -8.11    |
|    learning_rate   | 0.0003   |
|    n_updates       | 4384     |
---------------------------------
---------------------------------
| rollout/           |          |
|    ep_len_mean     | 381      |
|    ep_rew_mean     | 243      |
| time/              |          |
|    episodes        | 540      |
|    fps             | 406      |
|    time_elapsed    | 190      |
|    total_timesteps | 77520    |
| train/             |          |
|    actor_loss      | -22.4    |
|    critic_loss     | 0.653    |
|    ent_coef        | 0.261    |
|    ent_coef_loss   | -8.23    |
|    learning_rate   | 0.0003   |
|    n_updates       | 4532     |
---------------------------------
---------------------------------
| rollout/           |          |
|    ep_len_mean     | 401      |
|    ep_rew_mean     | 256      |
| time/              |          |
|    episodes        | 544      |
|    fps             | 404      |
|    time_elapsed    | 199      |
|    total_timesteps | 80688    |
| train/             |          |
|    actor_loss      | -22.6    |
|    critic_loss     | 0.611    |
|    ent_coef        | 0.247    |
|    ent_coef_loss   | -8.54    |
|    learning_rate   | 0.0003   |
|    n_updates       | 4730     |
---------------------------------
---------------------------------
| rollout/           |          |
|    ep_len_mean     | 436      |
|    ep_rew_mean     | 280      |
| time/              |          |
|    episodes        | 548      |
|    fps             | 403      |
|    time_elapsed    | 203      |
|    total_timesteps | 82352    |
| train/             |          |
|    actor_loss      | -23.1    |
|    critic_loss     | 0.452    |
|    ent_coef        | 0.239    |
|    ent_coef_loss   | -8.79    |
|    learning_rate   | 0.0003   |
|    n_updates       | 4834     |
---------------------------------
---------------------------------
| rollout/           |          |
|    ep_len_mean     | 466      |
|    ep_rew_mean     | 301      |
| time/              |          |
|    episodes        | 552      |
|    fps             | 401      |
|    time_elapsed    | 224      |
|    total_timesteps | 90048    |
| train/             |          |
|    actor_loss      | -23.2    |
|    critic_loss     | 0.44     |
|    ent_coef        | 0.208    |
|    ent_coef_loss   | -9.45    |
|    learning_rate   | 0.0003   |
|    n_updates       | 5315     |
---------------------------------
---------------------------------
| rollout/           |          |
|    ep_len_mean     | 498      |
|    ep_rew_mean     | 324      |
| time/              |          |
|    episodes        | 556      |
|    fps             | 400      |
|    time_elapsed    | 235      |
|    total_timesteps | 94368    |
| train/             |          |
|    actor_loss      | -23.2    |
|    critic_loss     | 0.433    |
|    ent_coef        | 0.192    |
|    ent_coef_loss   | -9.82    |
|    learning_rate   | 0.0003   |
|    n_updates       | 5585     |
---------------------------------
---------------------------------
| rollout/           |          |
|    ep_len_mean     | 527      |
|    ep_rew_mean     | 345      |
| time/              |          |
|    episodes        | 560      |
|    fps             | 399      |
|    time_elapsed    | 241      |
|    total_timesteps | 96736    |
| train/             |          |
|    actor_loss      | -23.3    |
|    critic_loss     | 0.615    |
|    ent_coef        | 0.184    |
|    ent_coef_loss   | -10.2    |
|    learning_rate   | 0.0003   |
|    n_updates       | 5733     |
---------------------------------
---------------------------------
| rollout/           |          |
|    ep_len_mean     | 568      |
|    ep_rew_mean     | 375      |
| time/              |          |
|    episodes        | 564      |
|    fps             | 398      |
|    time_elapsed    | 252      |
|    total_timesteps | 100704   |
| train/             |          |
|    actor_loss      | -23.4    |
|    critic_loss     | 0.602    |
|    ent_coef        | 0.171    |
|    ent_coef_loss   | -10.4    |
|    learning_rate   | 0.0003   |
|    n_updates       | 5981     |
---------------------------------
---------------------------------
| rollout/           |          |
|    ep_len_mean     | 601      |
|    ep_rew_mean     | 398      |
| time/              |          |
|    episodes        | 568      |
|    fps             | 398      |
|    time_elapsed    | 260      |
|    total_timesteps | 103920   |
| train/             |          |
|    actor_loss      | -23.3    |
|    critic_loss     | 0.455    |
|    ent_coef        | 0.161    |
|    ent_coef_loss   | -10.8    |
|    learning_rate   | 0.0003   |
|    n_updates       | 6182     |
---------------------------------
---------------------------------
| rollout/           |          |
|    ep_len_mean     | 634      |
|    ep_rew_mean     | 422      |
| time/              |          |
|    episodes        | 572      |
|    fps             | 397      |
|    time_elapsed    | 276      |
|    total_timesteps | 109952   |
| train/             |          |
|    actor_loss      | -23.6    |
|    critic_loss     | 0.406    |
|    ent_coef        | 0.145    |
|    ent_coef_loss   | -10.9    |
|    learning_rate   | 0.0003   |
|    n_updates       | 6559     |
---------------------------------
---------------------------------
| rollout/           |          |
|    ep_len_mean     | 663      |
|    ep_rew_mean     | 442      |
| time/              |          |
|    episodes        | 576      |
|    fps             | 397      |
|    time_elapsed    | 286      |
|    total_timesteps | 113616   |
| train/             |          |
|    actor_loss      | -23.6    |
|    critic_loss     | 0.543    |
|    ent_coef        | 0.135    |
|    ent_coef_loss   | -11.7    |
|    learning_rate   | 0.0003   |
|    n_updates       | 6788     |
---------------------------------
---------------------------------
| rollout/           |          |
|    ep_len_mean     | 706      |
|    ep_rew_mean     | 473      |
| time/              |          |
|    episodes        | 580      |
|    fps             | 396      |
|    time_elapsed    | 292      |
|    total_timesteps | 116064   |
| train/             |          |
|    actor_loss      | -23.4    |
|    critic_loss     | 1.99     |
|    ent_coef        | 0.129    |
|    ent_coef_loss   | -12.1    |
|    learning_rate   | 0.0003   |
|    n_updates       | 6941     |
---------------------------------
saved model to C:\Users\root\Documents\New project\RL\KNP\sb3_sac_walk_policy_simreward_apr12.zip
saved vecnormalize to C:\Users\root\Documents\New project\RL\KNP\sb3_sac_walk_vecnormalize_simreward_apr12.pkl
