---------------------------------
| rollout/           |          |
|    ep_len_mean     | 56.5     |
|    ep_rew_mean     | -581     |
| time/              |          |
|    fps             | 2146     |
|    iterations      | 1        |
|    time_elapsed    | 1        |
|    total_timesteps | 680120   |
---------------------------------
-----------------------------------------
| rollout/                |             |
|    ep_len_mean          | 64.4        |
|    ep_rew_mean          | -479        |
| time/                   |             |
|    fps                  | 1267        |
|    iterations           | 2           |
|    time_elapsed         | 4           |
|    total_timesteps      | 683192      |
| train/                  |             |
|    approx_kl            | 0.060801182 |
|    clip_fraction        | 0.356       |
|    clip_range           | 0.2         |
|    entropy_loss         | -1.31       |
|    explained_variance   | -0.0942     |
|    learning_rate        | 6e-05       |
|    loss                 | -0.0848     |
|    n_updates            | 3640        |
|    policy_gradient_loss | -0.0541     |
|    std                  | 0.336       |
|    value_loss           | 0.0397      |
-----------------------------------------
----------------------------------------
| rollout/                |            |
|    ep_len_mean          | 60.9       |
|    ep_rew_mean          | -433       |
| time/                   |            |
|    fps                  | 1142       |
|    iterations           | 3          |
|    time_elapsed         | 8          |
|    total_timesteps      | 686264     |
| train/                  |            |
|    approx_kl            | 0.04526652 |
|    clip_fraction        | 0.337      |
|    clip_range           | 0.2        |
|    entropy_loss         | -1.3       |
|    explained_variance   | 0.0936     |
|    learning_rate        | 6e-05      |
|    loss                 | -0.0982    |
|    n_updates            | 3650       |
|    policy_gradient_loss | -0.0603    |
|    std                  | 0.337      |
|    value_loss           | 0.0198     |
----------------------------------------
---------------------------------------
| rollout/                |           |
|    ep_len_mean          | 61.5      |
|    ep_rew_mean          | -428      |
| time/                   |           |
|    fps                  | 1092      |
|    iterations           | 4         |
|    time_elapsed         | 11        |
|    total_timesteps      | 689336    |
| train/                  |           |
|    approx_kl            | 0.0416055 |
|    clip_fraction        | 0.339     |
|    clip_range           | 0.2       |
|    entropy_loss         | -1.31     |
|    explained_variance   | 0.387     |
|    learning_rate        | 6e-05     |
|    loss                 | -0.0828   |
|    n_updates            | 3660      |
|    policy_gradient_loss | -0.0583   |
|    std                  | 0.336     |
|    value_loss           | 0.0101    |
---------------------------------------
-----------------------------------------
| rollout/                |             |
|    ep_len_mean          | 63.5        |
|    ep_rew_mean          | -438        |
| time/                   |             |
|    fps                  | 1043        |
|    iterations           | 5           |
|    time_elapsed         | 14          |
|    total_timesteps      | 692408      |
| train/                  |             |
|    approx_kl            | 0.038041677 |
|    clip_fraction        | 0.343       |
|    clip_range           | 0.2         |
|    entropy_loss         | -1.31       |
|    explained_variance   | 0.622       |
|    learning_rate        | 6e-05       |
|    loss                 | -0.105      |
|    n_updates            | 3670        |
|    policy_gradient_loss | -0.062      |
|    std                  | 0.337       |
|    value_loss           | 0.00792     |
-----------------------------------------
-----------------------------------------
| rollout/                |             |
|    ep_len_mean          | 63.8        |
|    ep_rew_mean          | -450        |
| time/                   |             |
|    fps                  | 1031        |
|    iterations           | 6           |
|    time_elapsed         | 17          |
|    total_timesteps      | 695480      |
| train/                  |             |
|    approx_kl            | 0.043456327 |
|    clip_fraction        | 0.322       |
|    clip_range           | 0.2         |
|    entropy_loss         | -1.31       |
|    explained_variance   | 0.781       |
|    learning_rate        | 6e-05       |
|    loss                 | -0.112      |
|    n_updates            | 3680        |
|    policy_gradient_loss | -0.0577     |
|    std                  | 0.336       |
|    value_loss           | 0.00793     |
-----------------------------------------
-----------------------------------------
| rollout/                |             |
|    ep_len_mean          | 64.4        |
|    ep_rew_mean          | -448        |
| time/                   |             |
|    fps                  | 1022        |
|    iterations           | 7           |
|    time_elapsed         | 21          |
|    total_timesteps      | 698552      |
| train/                  |             |
|    approx_kl            | 0.042015582 |
|    clip_fraction        | 0.339       |
|    clip_range           | 0.2         |
|    entropy_loss         | -1.31       |
|    explained_variance   | 0.723       |
|    learning_rate        | 6e-05       |
|    loss                 | -0.101      |
|    n_updates            | 3690        |
|    policy_gradient_loss | -0.0589     |
|    std                  | 0.337       |
|    value_loss           | 0.00938     |
-----------------------------------------
---------------------------------
| rollout/           |          |
|    ep_len_mean     | 58.7     |
|    ep_rew_mean     | -766     |
| time/              |          |
|    fps             | 2960     |
|    iterations      | 1        |
|    time_elapsed    | 1        |
|    total_timesteps | 701624   |
---------------------------------
---------------------------------------
| rollout/                |           |
|    ep_len_mean          | 55.3      |
|    ep_rew_mean          | -1.14e+03 |
| time/                   |           |
|    fps                  | 1465      |
|    iterations           | 2         |
|    time_elapsed         | 4         |
|    total_timesteps      | 704696    |
| train/                  |           |
|    approx_kl            | 0.0455108 |
|    clip_fraction        | 0.359     |
|    clip_range           | 0.2       |
|    entropy_loss         | -1.32     |
|    explained_variance   | 0.793     |
|    learning_rate        | 6e-05     |
|    loss                 | -0.0927   |
|    n_updates            | 3710      |
|    policy_gradient_loss | -0.0655   |
|    std                  | 0.338     |
|    value_loss           | 0.0575    |
---------------------------------------
-----------------------------------------
| rollout/                |             |
|    ep_len_mean          | 56.5        |
|    ep_rew_mean          | -1.16e+03   |
| time/                   |             |
|    fps                  | 1167        |
|    iterations           | 3           |
|    time_elapsed         | 7           |
|    total_timesteps      | 707768      |
| train/                  |             |
|    approx_kl            | 0.043301716 |
|    clip_fraction        | 0.334       |
|    clip_range           | 0.2         |
|    entropy_loss         | -1.33       |
|    explained_variance   | 0.894       |
|    learning_rate        | 6e-05       |
|    loss                 | -0.112      |
|    n_updates            | 3720        |
|    policy_gradient_loss | -0.0676     |
|    std                  | 0.339       |
|    value_loss           | 0.0485      |
-----------------------------------------
-----------------------------------------
| rollout/                |             |
|    ep_len_mean          | 56.3        |
|    ep_rew_mean          | -1.15e+03   |
| time/                   |             |
|    fps                  | 1073        |
|    iterations           | 4           |
|    time_elapsed         | 11          |
|    total_timesteps      | 710840      |
| train/                  |             |
|    approx_kl            | 0.041824967 |
|    clip_fraction        | 0.33        |
|    clip_range           | 0.2         |
|    entropy_loss         | -1.34       |
|    explained_variance   | 0.915       |
|    learning_rate        | 6e-05       |
|    loss                 | -0.107      |
|    n_updates            | 3730        |
|    policy_gradient_loss | -0.0635     |
|    std                  | 0.34        |
|    value_loss           | 0.0424      |
-----------------------------------------
----------------------------------------
| rollout/                |            |
|    ep_len_mean          | 59         |
|    ep_rew_mean          | -1.21e+03  |
| time/                   |            |
|    fps                  | 1047       |
|    iterations           | 5          |
|    time_elapsed         | 14         |
|    total_timesteps      | 713912     |
| train/                  |            |
|    approx_kl            | 0.03893821 |
|    clip_fraction        | 0.321      |
|    clip_range           | 0.2        |
|    entropy_loss         | -1.35      |
|    explained_variance   | 0.887      |
|    learning_rate        | 6e-05      |
|    loss                 | -0.0919    |
|    n_updates            | 3740       |
|    policy_gradient_loss | -0.0592    |
|    std                  | 0.34       |
|    value_loss           | 0.0552     |
----------------------------------------
-----------------------------------------
| rollout/                |             |
|    ep_len_mean          | 59.5        |
|    ep_rew_mean          | -1.24e+03   |
| time/                   |             |
|    fps                  | 1030        |
|    iterations           | 6           |
|    time_elapsed         | 17          |
|    total_timesteps      | 716984      |
| train/                  |             |
|    approx_kl            | 0.042692125 |
|    clip_fraction        | 0.336       |
|    clip_range           | 0.2         |
|    entropy_loss         | -1.36       |
|    explained_variance   | 0.888       |
|    learning_rate        | 6e-05       |
|    loss                 | -0.0839     |
|    n_updates            | 3750        |
|    policy_gradient_loss | -0.0612     |
|    std                  | 0.341       |
|    value_loss           | 0.0808      |
-----------------------------------------
[long-eval] new best min_robot_dx=-1.253 saved to RL\KNP\sb3_ppo_curriculum_best_long_human_like_phase_refined5.zip
----------------------------------------
| rollout/                |            |
|    ep_len_mean          | 59.3       |
|    ep_rew_mean          | -1.23e+03  |
| time/                   |            |
|    fps                  | 1006       |
|    iterations           | 7          |
|    time_elapsed         | 21         |
|    total_timesteps      | 720056     |
| train/                  |            |
|    approx_kl            | 0.04589517 |
|    clip_fraction        | 0.335      |
|    clip_range           | 0.2        |
|    entropy_loss         | -1.37      |
|    explained_variance   | 0.871      |
|    learning_rate        | 6e-05      |
|    loss                 | -0.0896    |
|    n_updates            | 3760       |
|    policy_gradient_loss | -0.0633    |
|    std                  | 0.343      |
|    value_loss           | 0.0831     |
----------------------------------------
-----------------------------------------
| rollout/                |             |
|    ep_len_mean          | 58.2        |
|    ep_rew_mean          | -1.19e+03   |
| time/                   |             |
|    fps                  | 1014        |
|    iterations           | 8           |
|    time_elapsed         | 24          |
|    total_timesteps      | 723128      |
| train/                  |             |
|    approx_kl            | 0.043478046 |
|    clip_fraction        | 0.332       |
|    clip_range           | 0.2         |
|    entropy_loss         | -1.38       |
|    explained_variance   | 0.879       |
|    learning_rate        | 6e-05       |
|    loss                 | -0.0897     |
|    n_updates            | 3770        |
|    policy_gradient_loss | -0.0614     |
|    std                  | 0.343       |
|    value_loss           | 0.0674      |
-----------------------------------------
-----------------------------------------
| rollout/                |             |
|    ep_len_mean          | 57.6        |
|    ep_rew_mean          | -1.17e+03   |
| time/                   |             |
|    fps                  | 1014        |
|    iterations           | 9           |
|    time_elapsed         | 27          |
|    total_timesteps      | 726200      |
| train/                  |             |
|    approx_kl            | 0.045379907 |
|    clip_fraction        | 0.344       |
|    clip_range           | 0.2         |
|    entropy_loss         | -1.38       |
|    explained_variance   | 0.885       |
|    learning_rate        | 6e-05       |
|    loss                 | -0.0819     |
|    n_updates            | 3780        |
|    policy_gradient_loss | -0.0628     |
|    std                  | 0.343       |
|    value_loss           | 0.075       |
-----------------------------------------
-----------------------------------------
| rollout/                |             |
|    ep_len_mean          | 58          |
|    ep_rew_mean          | -1.19e+03   |
| time/                   |             |
|    fps                  | 1014        |
|    iterations           | 10          |
|    time_elapsed         | 30          |
|    total_timesteps      | 729272      |
| train/                  |             |
|    approx_kl            | 0.043667857 |
|    clip_fraction        | 0.322       |
|    clip_range           | 0.2         |
|    entropy_loss         | -1.38       |
|    explained_variance   | 0.916       |
|    learning_rate        | 6e-05       |
|    loss                 | -0.103      |
|    n_updates            | 3790        |
|    policy_gradient_loss | -0.0653     |
|    std                  | 0.343       |
|    value_loss           | 0.0791      |
-----------------------------------------
---------------------------------
| rollout/           |          |
|    ep_len_mean     | 59.3     |
|    ep_rew_mean     | -921     |
| time/              |          |
|    fps             | 3251     |
|    iterations      | 1        |
|    time_elapsed    | 0        |
|    total_timesteps | 732344   |
---------------------------------
-----------------------------------------
| rollout/                |             |
|    ep_len_mean          | 57          |
|    ep_rew_mean          | -539        |
| time/                   |             |
|    fps                  | 1598        |
|    iterations           | 2           |
|    time_elapsed         | 3           |
|    total_timesteps      | 735416      |
| train/                  |             |
|    approx_kl            | 0.048030425 |
|    clip_fraction        | 0.362       |
|    clip_range           | 0.2         |
|    entropy_loss         | -1.4        |
|    explained_variance   | 0.799       |
|    learning_rate        | 6e-05       |
|    loss                 | -0.119      |
|    n_updates            | 3810        |
|    policy_gradient_loss | -0.072      |
|    std                  | 0.344       |
|    value_loss           | 0.0484      |
-----------------------------------------
----------------------------------------
| rollout/                |            |
|    ep_len_mean          | 53.3       |
|    ep_rew_mean          | -505       |
| time/                   |            |
|    fps                  | 1346       |
|    iterations           | 3          |
|    time_elapsed         | 6          |
|    total_timesteps      | 738488     |
| train/                  |            |
|    approx_kl            | 0.04205492 |
|    clip_fraction        | 0.334      |
|    clip_range           | 0.2        |
|    entropy_loss         | -1.4       |
|    explained_variance   | 0.851      |
|    learning_rate        | 6e-05      |
|    loss                 | -0.103     |
|    n_updates            | 3820       |
|    policy_gradient_loss | -0.0661    |
|    std                  | 0.345      |
|    value_loss           | 0.0345     |
----------------------------------------
-----------------------------------------
| rollout/                |             |
|    ep_len_mean          | 52.5        |
|    ep_rew_mean          | -499        |
| time/                   |             |
|    fps                  | 1180        |
|    iterations           | 4           |
|    time_elapsed         | 10          |
|    total_timesteps      | 741560      |
| train/                  |             |
|    approx_kl            | 0.042365436 |
|    clip_fraction        | 0.342       |
|    clip_range           | 0.2         |
|    entropy_loss         | -1.41       |
|    explained_variance   | 0.835       |
|    learning_rate        | 6e-05       |
|    loss                 | -0.124      |
|    n_updates            | 3830        |
|    policy_gradient_loss | -0.0689     |
|    std                  | 0.345       |
|    value_loss           | 0.0342      |
-----------------------------------------
-----------------------------------------
| rollout/                |             |
|    ep_len_mean          | 54.7        |
|    ep_rew_mean          | -518        |
| time/                   |             |
|    fps                  | 1101        |
|    iterations           | 5           |
|    time_elapsed         | 13          |
|    total_timesteps      | 744632      |
| train/                  |             |
|    approx_kl            | 0.048820715 |
|    clip_fraction        | 0.364       |
|    clip_range           | 0.2         |
|    entropy_loss         | -1.41       |
|    explained_variance   | 0.875       |
|    learning_rate        | 6e-05       |
|    loss                 | -0.106      |
|    n_updates            | 3840        |
|    policy_gradient_loss | -0.0648     |
|    std                  | 0.346       |
|    value_loss           | 0.0208      |
-----------------------------------------
-----------------------------------------
| rollout/                |             |
|    ep_len_mean          | 53.9        |
|    ep_rew_mean          | -515        |
| time/                   |             |
|    fps                  | 1070        |
|    iterations           | 6           |
|    time_elapsed         | 17          |
|    total_timesteps      | 747704      |
| train/                  |             |
|    approx_kl            | 0.044751357 |
|    clip_fraction        | 0.34        |
|    clip_range           | 0.2         |
|    entropy_loss         | -1.42       |
|    explained_variance   | 0.805       |
|    learning_rate        | 6e-05       |
|    loss                 | -0.0696     |
|    n_updates            | 3850        |
|    policy_gradient_loss | -0.0633     |
|    std                  | 0.347       |
|    value_loss           | 0.0357      |
-----------------------------------------
-----------------------------------------
| rollout/                |             |
|    ep_len_mean          | 49.8        |
|    ep_rew_mean          | -475        |
| time/                   |             |
|    fps                  | 1064        |
|    iterations           | 7           |
|    time_elapsed         | 20          |
|    total_timesteps      | 750776      |
| train/                  |             |
|    approx_kl            | 0.043722946 |
|    clip_fraction        | 0.322       |
|    clip_range           | 0.2         |
|    entropy_loss         | -1.42       |
|    explained_variance   | 0.867       |
|    learning_rate        | 6e-05       |
|    loss                 | -0.108      |
|    n_updates            | 3860        |
|    policy_gradient_loss | -0.0609     |
|    std                  | 0.347       |
|    value_loss           | 0.0167      |
-----------------------------------------
-----------------------------------------
| rollout/                |             |
|    ep_len_mean          | 51.3        |
|    ep_rew_mean          | -492        |
| time/                   |             |
|    fps                  | 1064        |
|    iterations           | 8           |
|    time_elapsed         | 23          |
|    total_timesteps      | 753848      |
| train/                  |             |
|    approx_kl            | 0.042920183 |
|    clip_fraction        | 0.334       |
|    clip_range           | 0.2         |
|    entropy_loss         | -1.43       |
|    explained_variance   | 0.87        |
|    learning_rate        | 6e-05       |
|    loss                 | -0.111      |
|    n_updates            | 3870        |
|    policy_gradient_loss | -0.06       |
|    std                  | 0.347       |
|    value_loss           | 0.0119      |
-----------------------------------------
-----------------------------------------
| rollout/                |             |
|    ep_len_mean          | 55.7        |
|    ep_rew_mean          | -528        |
| time/                   |             |
|    fps                  | 1066        |
|    iterations           | 9           |
|    time_elapsed         | 25          |
|    total_timesteps      | 756920      |
| train/                  |             |
|    approx_kl            | 0.041523665 |
|    clip_fraction        | 0.345       |
|    clip_range           | 0.2         |
|    entropy_loss         | -1.44       |
|    explained_variance   | 0.834       |
|    learning_rate        | 6e-05       |
|    loss                 | -0.106      |
|    n_updates            | 3880        |
|    policy_gradient_loss | -0.0636     |
|    std                  | 0.348       |
|    value_loss           | 0.0225      |
-----------------------------------------
-----------------------------------------
| rollout/                |             |
|    ep_len_mean          | 54.1        |
|    ep_rew_mean          | -517        |
| time/                   |             |
|    fps                  | 1061        |
|    iterations           | 10          |
|    time_elapsed         | 28          |
|    total_timesteps      | 759992      |
| train/                  |             |
|    approx_kl            | 0.044177484 |
|    clip_fraction        | 0.344       |
|    clip_range           | 0.2         |
|    entropy_loss         | -1.44       |
|    explained_variance   | 0.848       |
|    learning_rate        | 6e-05       |
|    loss                 | -0.114      |
|    n_updates            | 3890        |
|    policy_gradient_loss | -0.0647     |
|    std                  | 0.348       |
|    value_loss           | 0.0139      |
-----------------------------------------
[long-eval] new best min_robot_dx=0.196 saved to RL\KNP\sb3_ppo_curriculum_best_long_human_like_phase_refined5.zip
----------------------------------------
| rollout/                |            |
|    ep_len_mean          | 55.9       |
|    ep_rew_mean          | -529       |
| time/                   |            |
|    fps                  | 1057       |
|    iterations           | 11         |
|    time_elapsed         | 31         |
|    total_timesteps      | 763064     |
| train/                  |            |
|    approx_kl            | 0.04372133 |
|    clip_fraction        | 0.329      |
|    clip_range           | 0.2        |
|    entropy_loss         | -1.44      |
|    explained_variance   | 0.846      |
|    learning_rate        | 6e-05      |
|    loss                 | -0.116     |
|    n_updates            | 3900       |
|    policy_gradient_loss | -0.064     |
|    std                  | 0.349      |
|    value_loss           | 0.0163     |
----------------------------------------
-----------------------------------------
| rollout/                |             |
|    ep_len_mean          | 52.3        |
|    ep_rew_mean          | -494        |
| time/                   |             |
|    fps                  | 1048        |
|    iterations           | 12          |
|    time_elapsed         | 35          |
|    total_timesteps      | 766136      |
| train/                  |             |
|    approx_kl            | 0.043037996 |
|    clip_fraction        | 0.323       |
|    clip_range           | 0.2         |
|    entropy_loss         | -1.45       |
|    explained_variance   | 0.887       |
|    learning_rate        | 6e-05       |
|    loss                 | -0.0981     |
|    n_updates            | 3910        |
|    policy_gradient_loss | -0.0581     |
|    std                  | 0.35        |
|    value_loss           | 0.0131      |
-----------------------------------------
-----------------------------------------
| rollout/                |             |
|    ep_len_mean          | 50.2        |
|    ep_rew_mean          | -481        |
| time/                   |             |
|    fps                  | 1041        |
|    iterations           | 13          |
|    time_elapsed         | 38          |
|    total_timesteps      | 769208      |
| train/                  |             |
|    approx_kl            | 0.044119593 |
|    clip_fraction        | 0.341       |
|    clip_range           | 0.2         |
|    entropy_loss         | -1.47       |
|    explained_variance   | 0.879       |
|    learning_rate        | 6e-05       |
|    loss                 | -0.115      |
|    n_updates            | 3920        |
|    policy_gradient_loss | -0.0602     |
|    std                  | 0.351       |
|    value_loss           | 0.0131      |
-----------------------------------------
----------------------------------------
| rollout/                |            |
|    ep_len_mean          | 51.5       |
|    ep_rew_mean          | -490       |
| time/                   |            |
|    fps                  | 1030       |
|    iterations           | 14         |
|    time_elapsed         | 41         |
|    total_timesteps      | 772280     |
| train/                  |            |
|    approx_kl            | 0.04382896 |
|    clip_fraction        | 0.332      |
|    clip_range           | 0.2        |
|    entropy_loss         | -1.47      |
|    explained_variance   | 0.877      |
|    learning_rate        | 6e-05      |
|    loss                 | -0.102     |
|    n_updates            | 3930       |
|    policy_gradient_loss | -0.0603    |
|    std                  | 0.351      |
|    value_loss           | 0.0142     |
----------------------------------------
----------------------------------------
| rollout/                |            |
|    ep_len_mean          | 51.6       |
|    ep_rew_mean          | -487       |
| time/                   |            |
|    fps                  | 1024       |
|    iterations           | 15         |
|    time_elapsed         | 44         |
|    total_timesteps      | 775352     |
| train/                  |            |
|    approx_kl            | 0.04310463 |
|    clip_fraction        | 0.344      |
|    clip_range           | 0.2        |
|    entropy_loss         | -1.46      |
|    explained_variance   | 0.896      |
|    learning_rate        | 6e-05      |
|    loss                 | -0.0921    |
|    n_updates            | 3940       |
|    policy_gradient_loss | -0.0594    |
|    std                  | 0.35       |
|    value_loss           | 0.0106     |
----------------------------------------
---------------------------------
| rollout/           |          |
|    ep_len_mean     | 54.3     |
|    ep_rew_mean     | -510     |
| time/              |          |
|    fps             | 2939     |
|    iterations      | 1        |
|    time_elapsed    | 1        |
|    total_timesteps | 778424   |
---------------------------------
-----------------------------------------
| rollout/                |             |
|    ep_len_mean          | 53.5        |
|    ep_rew_mean          | -502        |
| time/                   |             |
|    fps                  | 1444        |
|    iterations           | 2           |
|    time_elapsed         | 4           |
|    total_timesteps      | 781496      |
| train/                  |             |
|    approx_kl            | 0.042943228 |
|    clip_fraction        | 0.335       |
|    clip_range           | 0.2         |
|    entropy_loss         | -1.47       |
|    explained_variance   | 0.82        |
|    learning_rate        | 6e-05       |
|    loss                 | -0.116      |
|    n_updates            | 3960        |
|    policy_gradient_loss | -0.0632     |
|    std                  | 0.351       |
|    value_loss           | 0.0143      |
-----------------------------------------
----------------------------------------
| rollout/                |            |
|    ep_len_mean          | 60.1       |
|    ep_rew_mean          | -562       |
| time/                   |            |
|    fps                  | 1235       |
|    iterations           | 3          |
|    time_elapsed         | 7          |
|    total_timesteps      | 784568     |
| train/                  |            |
|    approx_kl            | 0.04481637 |
|    clip_fraction        | 0.333      |
|    clip_range           | 0.2        |
|    entropy_loss         | -1.48      |
|    explained_variance   | 0.847      |
|    learning_rate        | 6e-05      |
|    loss                 | -0.103     |
|    n_updates            | 3970       |
|    policy_gradient_loss | -0.064     |
|    std                  | 0.352      |
|    value_loss           | 0.0181     |
----------------------------------------
-----------------------------------------
| rollout/                |             |
|    ep_len_mean          | 57.3        |
|    ep_rew_mean          | -542        |
| time/                   |             |
|    fps                  | 1141        |
|    iterations           | 4           |
|    time_elapsed         | 10          |
|    total_timesteps      | 787640      |
| train/                  |             |
|    approx_kl            | 0.045062665 |
|    clip_fraction        | 0.336       |
|    clip_range           | 0.2         |
|    entropy_loss         | -1.49       |
|    explained_variance   | 0.811       |
|    learning_rate        | 6e-05       |
|    loss                 | -0.116      |
|    n_updates            | 3980        |
|    policy_gradient_loss | -0.0671     |
|    std                  | 0.353       |
|    value_loss           | 0.0162      |
-----------------------------------------
----------------------------------------
| rollout/                |            |
|    ep_len_mean          | 56.6       |
|    ep_rew_mean          | -539       |
| time/                   |            |
|    fps                  | 1104       |
|    iterations           | 5          |
|    time_elapsed         | 13         |
|    total_timesteps      | 790712     |
| train/                  |            |
|    approx_kl            | 0.04007351 |
|    clip_fraction        | 0.325      |
|    clip_range           | 0.2        |
|    entropy_loss         | -1.5       |
|    explained_variance   | 0.889      |
|    learning_rate        | 6e-05      |
|    loss                 | -0.112     |
|    n_updates            | 3990       |
|    policy_gradient_loss | -0.0631    |
|    std                  | 0.353      |
|    value_loss           | 0.0134     |
----------------------------------------
-----------------------------------------
| rollout/                |             |
|    ep_len_mean          | 55.9        |
|    ep_rew_mean          | -530        |
| time/                   |             |
|    fps                  | 1079        |
|    iterations           | 6           |
|    time_elapsed         | 17          |
|    total_timesteps      | 793784      |
| train/                  |             |
|    approx_kl            | 0.039341222 |
|    clip_fraction        | 0.322       |
|    clip_range           | 0.2         |
|    entropy_loss         | -1.5        |
|    explained_variance   | 0.839       |
|    learning_rate        | 6e-05       |
|    loss                 | -0.111      |
|    n_updates            | 4000        |
|    policy_gradient_loss | -0.0628     |
|    std                  | 0.353       |
|    value_loss           | 0.0185      |
-----------------------------------------
---------------------------------------
| rollout/                |           |
|    ep_len_mean          | 53        |
|    ep_rew_mean          | -504      |
| time/                   |           |
|    fps                  | 1062      |
|    iterations           | 7         |
|    time_elapsed         | 20        |
|    total_timesteps      | 796856    |
| train/                  |           |
|    approx_kl            | 0.0405134 |
|    clip_fraction        | 0.327     |
|    clip_range           | 0.2       |
|    entropy_loss         | -1.5      |
|    explained_variance   | 0.892     |
|    learning_rate        | 6e-05     |
|    loss                 | -0.117    |
|    n_updates            | 4010      |
|    policy_gradient_loss | -0.0617   |
|    std                  | 0.353     |
|    value_loss           | 0.0122    |
---------------------------------------
----------------------------------------
| rollout/                |            |
|    ep_len_mean          | 52.7       |
|    ep_rew_mean          | -499       |
| time/                   |            |
|    fps                  | 1046       |
|    iterations           | 8          |
|    time_elapsed         | 23         |
|    total_timesteps      | 799928     |
| train/                  |            |
|    approx_kl            | 0.04399239 |
|    clip_fraction        | 0.34       |
|    clip_range           | 0.2        |
|    entropy_loss         | -1.51      |
|    explained_variance   | 0.831      |
|    learning_rate        | 6e-05      |
|    loss                 | -0.129     |
|    n_updates            | 4020       |
|    policy_gradient_loss | -0.0659    |
|    std                  | 0.354      |
|    value_loss           | 0.013      |
----------------------------------------
-----------------------------------------
| rollout/                |             |
|    ep_len_mean          | 56.8        |
|    ep_rew_mean          | -530        |
| time/                   |             |
|    fps                  | 1034        |
|    iterations           | 9           |
|    time_elapsed         | 26          |
|    total_timesteps      | 803000      |
| train/                  |             |
|    approx_kl            | 0.044132154 |
|    clip_fraction        | 0.335       |
|    clip_range           | 0.2         |
|    entropy_loss         | -1.51       |
|    explained_variance   | 0.915       |
|    learning_rate        | 6e-05       |
|    loss                 | -0.133      |
|    n_updates            | 4030        |
|    policy_gradient_loss | -0.0626     |
|    std                  | 0.354       |
|    value_loss           | 0.00892     |
-----------------------------------------
-----------------------------------------
| rollout/                |             |
|    ep_len_mean          | 59.8        |
|    ep_rew_mean          | -559        |
| time/                   |             |
|    fps                  | 1020        |
|    iterations           | 10          |
|    time_elapsed         | 30          |
|    total_timesteps      | 806072      |
| train/                  |             |
|    approx_kl            | 0.043413054 |
|    clip_fraction        | 0.331       |
|    clip_range           | 0.2         |
|    entropy_loss         | -1.52       |
|    explained_variance   | 0.867       |
|    learning_rate        | 6e-05       |
|    loss                 | -0.112      |
|    n_updates            | 4040        |
|    policy_gradient_loss | -0.0636     |
|    std                  | 0.356       |
|    value_loss           | 0.0181      |
-----------------------------------------
----------------------------------------
| rollout/                |            |
|    ep_len_mean          | 55.3       |
|    ep_rew_mean          | -523       |
| time/                   |            |
|    fps                  | 1012       |
|    iterations           | 11         |
|    time_elapsed         | 33         |
|    total_timesteps      | 809144     |
| train/                  |            |
|    approx_kl            | 0.04216504 |
|    clip_fraction        | 0.332      |
|    clip_range           | 0.2        |
|    entropy_loss         | -1.53      |
|    explained_variance   | 0.898      |
|    learning_rate        | 6e-05      |
|    loss                 | -0.107     |
|    n_updates            | 4050       |
|    policy_gradient_loss | -0.0645    |
|    std                  | 0.356      |
|    value_loss           | 0.0136     |
----------------------------------------
-----------------------------------------
| rollout/                |             |
|    ep_len_mean          | 52.5        |
|    ep_rew_mean          | -495        |
| time/                   |             |
|    fps                  | 1010        |
|    iterations           | 12          |
|    time_elapsed         | 36          |
|    total_timesteps      | 812216      |
| train/                  |             |
|    approx_kl            | 0.041828364 |
|    clip_fraction        | 0.342       |
|    clip_range           | 0.2         |
|    entropy_loss         | -1.53       |
|    explained_variance   | 0.872       |
|    learning_rate        | 6e-05       |
|    loss                 | -0.118      |
|    n_updates            | 4060        |
|    policy_gradient_loss | -0.0636     |
|    std                  | 0.356       |
|    value_loss           | 0.0181      |
-----------------------------------------
-----------------------------------------
| rollout/                |             |
|    ep_len_mean          | 50.9        |
|    ep_rew_mean          | -483        |
| time/                   |             |
|    fps                  | 1007        |
|    iterations           | 13          |
|    time_elapsed         | 39          |
|    total_timesteps      | 815288      |
| train/                  |             |
|    approx_kl            | 0.039329443 |
|    clip_fraction        | 0.312       |
|    clip_range           | 0.2         |
|    entropy_loss         | -1.53       |
|    explained_variance   | 0.889       |
|    learning_rate        | 6e-05       |
|    loss                 | -0.113      |
|    n_updates            | 4070        |
|    policy_gradient_loss | -0.0574     |
|    std                  | 0.356       |
|    value_loss           | 0.0101      |
-----------------------------------------
-----------------------------------------
| rollout/                |             |
|    ep_len_mean          | 53.5        |
|    ep_rew_mean          | -509        |
| time/                   |             |
|    fps                  | 1003        |
|    iterations           | 14          |
|    time_elapsed         | 42          |
|    total_timesteps      | 818360      |
| train/                  |             |
|    approx_kl            | 0.039410923 |
|    clip_fraction        | 0.331       |
|    clip_range           | 0.2         |
|    entropy_loss         | -1.54       |
|    explained_variance   | 0.883       |
|    learning_rate        | 6e-05       |
|    loss                 | -0.132      |
|    n_updates            | 4080        |
|    policy_gradient_loss | -0.0646     |
|    std                  | 0.357       |
|    value_loss           | 0.0163      |
-----------------------------------------
-----------------------------------------
| rollout/                |             |
|    ep_len_mean          | 53.6        |
|    ep_rew_mean          | -508        |
| time/                   |             |
|    fps                  | 999         |
|    iterations           | 15          |
|    time_elapsed         | 46          |
|    total_timesteps      | 821432      |
| train/                  |             |
|    approx_kl            | 0.041276112 |
|    clip_fraction        | 0.317       |
|    clip_range           | 0.2         |
|    entropy_loss         | -1.54       |
|    explained_variance   | 0.877       |
|    learning_rate        | 6e-05       |
|    loss                 | -0.123      |
|    n_updates            | 4090        |
|    policy_gradient_loss | -0.0618     |
|    std                  | 0.358       |
|    value_loss           | 0.0159      |
-----------------------------------------
---------------------------------------
| rollout/                |           |
|    ep_len_mean          | 49.6      |
|    ep_rew_mean          | -473      |
| time/                   |           |
|    fps                  | 997       |
|    iterations           | 16        |
|    time_elapsed         | 49        |
|    total_timesteps      | 824504    |
| train/                  |           |
|    approx_kl            | 0.0409576 |
|    clip_fraction        | 0.329     |
|    clip_range           | 0.2       |
|    entropy_loss         | -1.55     |
|    explained_variance   | 0.887     |
|    learning_rate        | 6e-05     |
|    loss                 | -0.105    |
|    n_updates            | 4100      |
|    policy_gradient_loss | -0.0593   |
|    std                  | 0.358     |
|    value_loss           | 0.00992   |
---------------------------------------
-----------------------------------------
| rollout/                |             |
|    ep_len_mean          | 51.4        |
|    ep_rew_mean          | -485        |
| time/                   |             |
|    fps                  | 995         |
|    iterations           | 17          |
|    time_elapsed         | 52          |
|    total_timesteps      | 827576      |
| train/                  |             |
|    approx_kl            | 0.045735087 |
|    clip_fraction        | 0.32        |
|    clip_range           | 0.2         |
|    entropy_loss         | -1.56       |
|    explained_variance   | 0.907       |
|    learning_rate        | 6e-05       |
|    loss                 | -0.118      |
|    n_updates            | 4110        |
|    policy_gradient_loss | -0.0578     |
|    std                  | 0.359       |
|    value_loss           | 0.00924     |
-----------------------------------------
-----------------------------------------
| rollout/                |             |
|    ep_len_mean          | 53.6        |
|    ep_rew_mean          | -503        |
| time/                   |             |
|    fps                  | 993         |
|    iterations           | 18          |
|    time_elapsed         | 55          |
|    total_timesteps      | 830648      |
| train/                  |             |
|    approx_kl            | 0.043299545 |
|    clip_fraction        | 0.328       |
|    clip_range           | 0.2         |
|    entropy_loss         | -1.57       |
|    explained_variance   | 0.87        |
|    learning_rate        | 6e-05       |
|    loss                 | -0.108      |
|    n_updates            | 4120        |
|    policy_gradient_loss | -0.0614     |
|    std                  | 0.36        |
|    value_loss           | 0.0128      |
-----------------------------------------
---------------------------------
| rollout/           |          |
|    ep_len_mean     | 58.5     |
|    ep_rew_mean     | -668     |
| time/              |          |
|    fps             | 3569     |
|    iterations      | 1        |
|    time_elapsed    | 0        |
|    total_timesteps | 833720   |
---------------------------------
-----------------------------------------
| rollout/                |             |
|    ep_len_mean          | 60.4        |
|    ep_rew_mean          | -798        |
| time/                   |             |
|    fps                  | 1524        |
|    iterations           | 2           |
|    time_elapsed         | 4           |
|    total_timesteps      | 836792      |
| train/                  |             |
|    approx_kl            | 0.037936147 |
|    clip_fraction        | 0.324       |
|    clip_range           | 0.2         |
|    entropy_loss         | -1.57       |
|    explained_variance   | 0.796       |
|    learning_rate        | 6e-05       |
|    loss                 | -0.114      |
|    n_updates            | 4140        |
|    policy_gradient_loss | -0.0636     |
|    std                  | 0.359       |
|    value_loss           | 0.0309      |
-----------------------------------------
----------------------------------------
| rollout/                |            |
|    ep_len_mean          | 53.6       |
|    ep_rew_mean          | -719       |
| time/                   |            |
|    fps                  | 1291       |
|    iterations           | 3          |
|    time_elapsed         | 7          |
|    total_timesteps      | 839864     |
| train/                  |            |
|    approx_kl            | 0.03928256 |
|    clip_fraction        | 0.319      |
|    clip_range           | 0.2        |
|    entropy_loss         | -1.57      |
|    explained_variance   | 0.874      |
|    learning_rate        | 6e-05      |
|    loss                 | -0.115     |
|    n_updates            | 4150       |
|    policy_gradient_loss | -0.0629    |
|    std                  | 0.359      |
|    value_loss           | 0.0173     |
----------------------------------------
----------------------------------------
| rollout/                |            |
|    ep_len_mean          | 51.2       |
|    ep_rew_mean          | -701       |
| time/                   |            |
|    fps                  | 1197       |
|    iterations           | 4          |
|    time_elapsed         | 10         |
|    total_timesteps      | 842936     |
| train/                  |            |
|    approx_kl            | 0.04061781 |
|    clip_fraction        | 0.325      |
|    clip_range           | 0.2        |
|    entropy_loss         | -1.57      |
|    explained_variance   | 0.861      |
|    learning_rate        | 6e-05      |
|    loss                 | -0.101     |
|    n_updates            | 4160       |
|    policy_gradient_loss | -0.0596    |
|    std                  | 0.36       |
|    value_loss           | 0.0276     |
----------------------------------------
-----------------------------------------
| rollout/                |             |
|    ep_len_mean          | 56.9        |
|    ep_rew_mean          | -771        |
| time/                   |             |
|    fps                  | 1119        |
|    iterations           | 5           |
|    time_elapsed         | 13          |
|    total_timesteps      | 846008      |
| train/                  |             |
|    approx_kl            | 0.039492924 |
|    clip_fraction        | 0.318       |
|    clip_range           | 0.2         |
|    entropy_loss         | -1.58       |
|    explained_variance   | 0.848       |
|    learning_rate        | 6e-05       |
|    loss                 | -0.104      |
|    n_updates            | 4170        |
|    policy_gradient_loss | -0.0622     |
|    std                  | 0.36        |
|    value_loss           | 0.0369      |
-----------------------------------------
-----------------------------------------
| rollout/                |             |
|    ep_len_mean          | 55.1        |
|    ep_rew_mean          | -755        |
| time/                   |             |
|    fps                  | 1097        |
|    iterations           | 6           |
|    time_elapsed         | 16          |
|    total_timesteps      | 849080      |
| train/                  |             |
|    approx_kl            | 0.038912322 |
|    clip_fraction        | 0.323       |
|    clip_range           | 0.2         |
|    entropy_loss         | -1.59       |
|    explained_variance   | 0.866       |
|    learning_rate        | 6e-05       |
|    loss                 | -0.0955     |
|    n_updates            | 4180        |
|    policy_gradient_loss | -0.0621     |
|    std                  | 0.362       |
|    value_loss           | 0.03        |
-----------------------------------------
----------------------------------------
| rollout/                |            |
|    ep_len_mean          | 53.4       |
|    ep_rew_mean          | -743       |
| time/                   |            |
|    fps                  | 1075       |
|    iterations           | 7          |
|    time_elapsed         | 19         |
|    total_timesteps      | 852152     |
| train/                  |            |
|    approx_kl            | 0.04179083 |
|    clip_fraction        | 0.339      |
|    clip_range           | 0.2        |
|    entropy_loss         | -1.6       |
|    explained_variance   | 0.853      |
|    learning_rate        | 6e-05      |
|    loss                 | -0.0954    |
|    n_updates            | 4190       |
|    policy_gradient_loss | -0.0592    |
|    std                  | 0.364      |
|    value_loss           | 0.0445     |
----------------------------------------
-----------------------------------------
| rollout/                |             |
|    ep_len_mean          | 51.6        |
|    ep_rew_mean          | -706        |
| time/                   |             |
|    fps                  | 1057        |
|    iterations           | 8           |
|    time_elapsed         | 23          |
|    total_timesteps      | 855224      |
| train/                  |             |
|    approx_kl            | 0.043923933 |
|    clip_fraction        | 0.332       |
|    clip_range           | 0.2         |
|    entropy_loss         | -1.61       |
|    explained_variance   | 0.902       |
|    learning_rate        | 6e-05       |
|    loss                 | -0.101      |
|    n_updates            | 4200        |
|    policy_gradient_loss | -0.0655     |
|    std                  | 0.364       |
|    value_loss           | 0.033       |
-----------------------------------------
----------------------------------------
| rollout/                |            |
|    ep_len_mean          | 45.7       |
|    ep_rew_mean          | -618       |
| time/                   |            |
|    fps                  | 1044       |
|    iterations           | 9          |
|    time_elapsed         | 26         |
|    total_timesteps      | 858296     |
| train/                  |            |
|    approx_kl            | 0.04009043 |
|    clip_fraction        | 0.322      |
|    clip_range           | 0.2        |
|    entropy_loss         | -1.61      |
|    explained_variance   | 0.875      |
|    learning_rate        | 6e-05      |
|    loss                 | -0.106     |
|    n_updates            | 4210       |
|    policy_gradient_loss | -0.0617    |
|    std                  | 0.363      |
|    value_loss           | 0.0336     |
----------------------------------------
-----------------------------------------
| rollout/                |             |
|    ep_len_mean          | 49.3        |
|    ep_rew_mean          | -675        |
| time/                   |             |
|    fps                  | 1032        |
|    iterations           | 10          |
|    time_elapsed         | 29          |
|    total_timesteps      | 861368      |
| train/                  |             |
|    approx_kl            | 0.043817654 |
|    clip_fraction        | 0.328       |
|    clip_range           | 0.2         |
|    entropy_loss         | -1.61       |
|    explained_variance   | 0.874       |
|    learning_rate        | 6e-05       |
|    loss                 | -0.0977     |
|    n_updates            | 4220        |
|    policy_gradient_loss | -0.0508     |
|    std                  | 0.364       |
|    value_loss           | 0.0182      |
-----------------------------------------
-----------------------------------------
| rollout/                |             |
|    ep_len_mean          | 51.5        |
|    ep_rew_mean          | -707        |
| time/                   |             |
|    fps                  | 1020        |
|    iterations           | 11          |
|    time_elapsed         | 33          |
|    total_timesteps      | 864440      |
| train/                  |             |
|    approx_kl            | 0.041840747 |
|    clip_fraction        | 0.333       |
|    clip_range           | 0.2         |
|    entropy_loss         | -1.62       |
|    explained_variance   | 0.877       |
|    learning_rate        | 6e-05       |
|    loss                 | -0.106      |
|    n_updates            | 4230        |
|    policy_gradient_loss | -0.0662     |
|    std                  | 0.365       |
|    value_loss           | 0.0477      |
-----------------------------------------
-----------------------------------------
| rollout/                |             |
|    ep_len_mean          | 49.1        |
|    ep_rew_mean          | -679        |
| time/                   |             |
|    fps                  | 1017        |
|    iterations           | 12          |
|    time_elapsed         | 36          |
|    total_timesteps      | 867512      |
| train/                  |             |
|    approx_kl            | 0.040866088 |
|    clip_fraction        | 0.315       |
|    clip_range           | 0.2         |
|    entropy_loss         | -1.63       |
|    explained_variance   | 0.862       |
|    learning_rate        | 6e-05       |
|    loss                 | -0.109      |
|    n_updates            | 4240        |
|    policy_gradient_loss | -0.0572     |
|    std                  | 0.365       |
|    value_loss           | 0.0419      |
-----------------------------------------
-----------------------------------------
| rollout/                |             |
|    ep_len_mean          | 52.6        |
|    ep_rew_mean          | -723        |
| time/                   |             |
|    fps                  | 1015        |
|    iterations           | 13          |
|    time_elapsed         | 39          |
|    total_timesteps      | 870584      |
| train/                  |             |
|    approx_kl            | 0.038547114 |
|    clip_fraction        | 0.308       |
|    clip_range           | 0.2         |
|    entropy_loss         | -1.63       |
|    explained_variance   | 0.833       |
|    learning_rate        | 6e-05       |
|    loss                 | -0.106      |
|    n_updates            | 4250        |
|    policy_gradient_loss | -0.0573     |
|    std                  | 0.366       |
|    value_loss           | 0.0496      |
-----------------------------------------
-----------------------------------------
| rollout/                |             |
|    ep_len_mean          | 50.4        |
|    ep_rew_mean          | -694        |
| time/                   |             |
|    fps                  | 1013        |
|    iterations           | 14          |
|    time_elapsed         | 42          |
|    total_timesteps      | 873656      |
| train/                  |             |
|    approx_kl            | 0.039767932 |
|    clip_fraction        | 0.326       |
|    clip_range           | 0.2         |
|    entropy_loss         | -1.64       |
|    explained_variance   | 0.866       |
|    learning_rate        | 6e-05       |
|    loss                 | -0.1        |
|    n_updates            | 4260        |
|    policy_gradient_loss | -0.0629     |
|    std                  | 0.366       |
|    value_loss           | 0.0416      |
-----------------------------------------
-----------------------------------------
| rollout/                |             |
|    ep_len_mean          | 51.7        |
|    ep_rew_mean          | -716        |
| time/                   |             |
|    fps                  | 1009        |
|    iterations           | 15          |
|    time_elapsed         | 45          |
|    total_timesteps      | 876728      |
| train/                  |             |
|    approx_kl            | 0.037670936 |
|    clip_fraction        | 0.315       |
|    clip_range           | 0.2         |
|    entropy_loss         | -1.64       |
|    explained_variance   | 0.869       |
|    learning_rate        | 6e-05       |
|    loss                 | -0.0946     |
|    n_updates            | 4270        |
|    policy_gradient_loss | -0.0603     |
|    std                  | 0.366       |
|    value_loss           | 0.0472      |
-----------------------------------------
-----------------------------------------
| rollout/                |             |
|    ep_len_mean          | 49.4        |
|    ep_rew_mean          | -677        |
| time/                   |             |
|    fps                  | 1005        |
|    iterations           | 16          |
|    time_elapsed         | 48          |
|    total_timesteps      | 879800      |
| train/                  |             |
|    approx_kl            | 0.039003383 |
|    clip_fraction        | 0.313       |
|    clip_range           | 0.2         |
|    entropy_loss         | -1.65       |
|    explained_variance   | 0.874       |
|    learning_rate        | 6e-05       |
|    loss                 | -0.104      |
|    n_updates            | 4280        |
|    policy_gradient_loss | -0.0576     |
|    std                  | 0.368       |
|    value_loss           | 0.0408      |
-----------------------------------------
-----------------------------------------
| rollout/                |             |
|    ep_len_mean          | 47.8        |
|    ep_rew_mean          | -659        |
| time/                   |             |
|    fps                  | 1000        |
|    iterations           | 17          |
|    time_elapsed         | 52          |
|    total_timesteps      | 882872      |
| train/                  |             |
|    approx_kl            | 0.041378085 |
|    clip_fraction        | 0.319       |
|    clip_range           | 0.2         |
|    entropy_loss         | -1.66       |
|    explained_variance   | 0.884       |
|    learning_rate        | 6e-05       |
|    loss                 | -0.111      |
|    n_updates            | 4290        |
|    policy_gradient_loss | -0.0609     |
|    std                  | 0.369       |
|    value_loss           | 0.0297      |
-----------------------------------------
-----------------------------------------
| rollout/                |             |
|    ep_len_mean          | 49.7        |
|    ep_rew_mean          | -690        |
| time/                   |             |
|    fps                  | 995         |
|    iterations           | 18          |
|    time_elapsed         | 55          |
|    total_timesteps      | 885944      |
| train/                  |             |
|    approx_kl            | 0.042541113 |
|    clip_fraction        | 0.347       |
|    clip_range           | 0.2         |
|    entropy_loss         | -1.67       |
|    explained_variance   | 0.92        |
|    learning_rate        | 6e-05       |
|    loss                 | -0.108      |
|    n_updates            | 4300        |
|    policy_gradient_loss | -0.0651     |
|    std                  | 0.369       |
|    value_loss           | 0.0204      |
-----------------------------------------
-----------------------------------------
| rollout/                |             |
|    ep_len_mean          | 53.3        |
|    ep_rew_mean          | -728        |
| time/                   |             |
|    fps                  | 993         |
|    iterations           | 19          |
|    time_elapsed         | 58          |
|    total_timesteps      | 889016      |
| train/                  |             |
|    approx_kl            | 0.040857617 |
|    clip_fraction        | 0.312       |
|    clip_range           | 0.2         |
|    entropy_loss         | -1.68       |
|    explained_variance   | 0.874       |
|    learning_rate        | 6e-05       |
|    loss                 | -0.106      |
|    n_updates            | 4310        |
|    policy_gradient_loss | -0.0625     |
|    std                  | 0.37        |
|    value_loss           | 0.0391      |
-----------------------------------------
-----------------------------------------
| rollout/                |             |
|    ep_len_mean          | 51.3        |
|    ep_rew_mean          | -688        |
| time/                   |             |
|    fps                  | 991         |
|    iterations           | 20          |
|    time_elapsed         | 61          |
|    total_timesteps      | 892088      |
| train/                  |             |
|    approx_kl            | 0.038998116 |
|    clip_fraction        | 0.315       |
|    clip_range           | 0.2         |
|    entropy_loss         | -1.68       |
|    explained_variance   | 0.878       |
|    learning_rate        | 6e-05       |
|    loss                 | -0.0715     |
|    n_updates            | 4320        |
|    policy_gradient_loss | -0.0581     |
|    std                  | 0.369       |
|    value_loss           | 0.031       |
-----------------------------------------
----------------------------------------
| rollout/                |            |
|    ep_len_mean          | 51.3       |
|    ep_rew_mean          | -695       |
| time/                   |            |
|    fps                  | 990        |
|    iterations           | 21         |
|    time_elapsed         | 65         |
|    total_timesteps      | 895160     |
| train/                  |            |
|    approx_kl            | 0.04187816 |
|    clip_fraction        | 0.329      |
|    clip_range           | 0.2        |
|    entropy_loss         | -1.68      |
|    explained_variance   | 0.917      |
|    learning_rate        | 6e-05      |
|    loss                 | -0.105     |
|    n_updates            | 4330       |
|    policy_gradient_loss | -0.0554    |
|    std                  | 0.37       |
|    value_loss           | 0.0214     |
----------------------------------------
-----------------------------------------
| rollout/                |             |
|    ep_len_mean          | 54.1        |
|    ep_rew_mean          | -733        |
| time/                   |             |
|    fps                  | 988         |
|    iterations           | 22          |
|    time_elapsed         | 68          |
|    total_timesteps      | 898232      |
| train/                  |             |
|    approx_kl            | 0.041352376 |
|    clip_fraction        | 0.33        |
|    clip_range           | 0.2         |
|    entropy_loss         | -1.69       |
|    explained_variance   | 0.872       |
|    learning_rate        | 6e-05       |
|    loss                 | -0.129      |
|    n_updates            | 4340        |
|    policy_gradient_loss | -0.062      |
|    std                  | 0.371       |
|    value_loss           | 0.0331      |
-----------------------------------------
----------------------------------------
| rollout/                |            |
|    ep_len_mean          | 55.3       |
|    ep_rew_mean          | -767       |
| time/                   |            |
|    fps                  | 988        |
|    iterations           | 23         |
|    time_elapsed         | 71         |
|    total_timesteps      | 901304     |
| train/                  |            |
|    approx_kl            | 0.04068837 |
|    clip_fraction        | 0.31       |
|    clip_range           | 0.2        |
|    entropy_loss         | -1.69      |
|    explained_variance   | 0.87       |
|    learning_rate        | 6e-05      |
|    loss                 | -0.0892    |
|    n_updates            | 4350       |
|    policy_gradient_loss | -0.0594    |
|    std                  | 0.372      |
|    value_loss           | 0.0335     |
----------------------------------------
saved model to RL\KNP\sb3_ppo_curriculum_policy_human_like_phase_refined5.zip
saved vecnormalize to RL\KNP\sb3_ppo_curriculum_phase_refined5_vecnormalize.pkl
