---------------------------------
| rollout/           |          |
|    ep_len_mean     | 174      |
|    ep_rew_mean     | -979     |
| time/              |          |
|    fps             | 1579     |
|    iterations      | 1        |
|    time_elapsed    | 1        |
|    total_timesteps | 67384    |
---------------------------------
----------------------------------------
| rollout/                |            |
|    ep_len_mean          | 173        |
|    ep_rew_mean          | -937       |
| time/                   |            |
|    fps                  | 1069       |
|    iterations           | 2          |
|    time_elapsed         | 3          |
|    total_timesteps      | 69432      |
| train/                  |            |
|    approx_kl            | 0.06903802 |
|    clip_fraction        | 0.443      |
|    clip_range           | 0.2        |
|    entropy_loss         | -4.35      |
|    explained_variance   | -1.71      |
|    learning_rate        | 0.00025    |
|    loss                 | -0.119     |
|    n_updates            | 1270       |
|    policy_gradient_loss | -0.0847    |
|    std                  | 0.716      |
|    value_loss           | 0.0168     |
----------------------------------------
----------------------------------------
| rollout/                |            |
|    ep_len_mean          | 145        |
|    ep_rew_mean          | -853       |
| time/                   |            |
|    fps                  | 1026       |
|    iterations           | 3          |
|    time_elapsed         | 5          |
|    total_timesteps      | 71480      |
| train/                  |            |
|    approx_kl            | 0.06096382 |
|    clip_fraction        | 0.412      |
|    clip_range           | 0.2        |
|    entropy_loss         | -4.32      |
|    explained_variance   | 0.466      |
|    learning_rate        | 0.00025    |
|    loss                 | -0.111     |
|    n_updates            | 1280       |
|    policy_gradient_loss | -0.0768    |
|    std                  | 0.71       |
|    value_loss           | 0.0169     |
----------------------------------------
---------------------------------------
| rollout/                |           |
|    ep_len_mean          | 121       |
|    ep_rew_mean          | -790      |
| time/                   |           |
|    fps                  | 984       |
|    iterations           | 4         |
|    time_elapsed         | 8         |
|    total_timesteps      | 73528     |
| train/                  |           |
|    approx_kl            | 0.0664415 |
|    clip_fraction        | 0.42      |
|    clip_range           | 0.2       |
|    entropy_loss         | -4.3      |
|    explained_variance   | 0.724     |
|    learning_rate        | 0.00025   |
|    loss                 | -0.117    |
|    n_updates            | 1290      |
|    policy_gradient_loss | -0.0744   |
|    std                  | 0.707     |
|    value_loss           | 0.0203    |
---------------------------------------
-----------------------------------------
| rollout/                |             |
|    ep_len_mean          | 106         |
|    ep_rew_mean          | -709        |
| time/                   |             |
|    fps                  | 970         |
|    iterations           | 5           |
|    time_elapsed         | 10          |
|    total_timesteps      | 75576       |
| train/                  |             |
|    approx_kl            | 0.078802824 |
|    clip_fraction        | 0.433       |
|    clip_range           | 0.2         |
|    entropy_loss         | -4.26       |
|    explained_variance   | 0.757       |
|    learning_rate        | 0.00025     |
|    loss                 | -0.0997     |
|    n_updates            | 1300        |
|    policy_gradient_loss | -0.0673     |
|    std                  | 0.7         |
|    value_loss           | 0.0167      |
-----------------------------------------
---------------------------------------
| rollout/                |           |
|    ep_len_mean          | 105       |
|    ep_rew_mean          | -723      |
| time/                   |           |
|    fps                  | 925       |
|    iterations           | 6         |
|    time_elapsed         | 13        |
|    total_timesteps      | 77624     |
| train/                  |           |
|    approx_kl            | 0.0582504 |
|    clip_fraction        | 0.423     |
|    clip_range           | 0.2       |
|    entropy_loss         | -4.21     |
|    explained_variance   | 0.835     |
|    learning_rate        | 0.00025   |
|    loss                 | -0.0831   |
|    n_updates            | 1310      |
|    policy_gradient_loss | -0.0673   |
|    std                  | 0.689     |
|    value_loss           | 0.0192    |
---------------------------------------
-----------------------------------------
| rollout/                |             |
|    ep_len_mean          | 102         |
|    ep_rew_mean          | -707        |
| time/                   |             |
|    fps                  | 901         |
|    iterations           | 7           |
|    time_elapsed         | 15          |
|    total_timesteps      | 79672       |
| train/                  |             |
|    approx_kl            | 0.062913105 |
|    clip_fraction        | 0.425       |
|    clip_range           | 0.2         |
|    entropy_loss         | -4.16       |
|    explained_variance   | 0.818       |
|    learning_rate        | 0.00025     |
|    loss                 | -0.104      |
|    n_updates            | 1320        |
|    policy_gradient_loss | -0.0756     |
|    std                  | 0.682       |
|    value_loss           | 0.0204      |
-----------------------------------------
-----------------------------------------
| rollout/                |             |
|    ep_len_mean          | 105         |
|    ep_rew_mean          | -702        |
| time/                   |             |
|    fps                  | 888         |
|    iterations           | 8           |
|    time_elapsed         | 18          |
|    total_timesteps      | 81720       |
| train/                  |             |
|    approx_kl            | 0.061498765 |
|    clip_fraction        | 0.442       |
|    clip_range           | 0.2         |
|    entropy_loss         | -4.13       |
|    explained_variance   | 0.844       |
|    learning_rate        | 0.00025     |
|    loss                 | -0.122      |
|    n_updates            | 1330        |
|    policy_gradient_loss | -0.0758     |
|    std                  | 0.677       |
|    value_loss           | 0.012       |
-----------------------------------------
-----------------------------------------
| rollout/                |             |
|    ep_len_mean          | 104         |
|    ep_rew_mean          | -685        |
| time/                   |             |
|    fps                  | 863         |
|    iterations           | 9           |
|    time_elapsed         | 21          |
|    total_timesteps      | 83768       |
| train/                  |             |
|    approx_kl            | 0.070538014 |
|    clip_fraction        | 0.444       |
|    clip_range           | 0.2         |
|    entropy_loss         | -4.08       |
|    explained_variance   | 0.794       |
|    learning_rate        | 0.00025     |
|    loss                 | -0.121      |
|    n_updates            | 1340        |
|    policy_gradient_loss | -0.0773     |
|    std                  | 0.667       |
|    value_loss           | 0.0134      |
-----------------------------------------
----------------------------------------
| rollout/                |            |
|    ep_len_mean          | 99.7       |
|    ep_rew_mean          | -650       |
| time/                   |            |
|    fps                  | 852        |
|    iterations           | 10         |
|    time_elapsed         | 24         |
|    total_timesteps      | 85816      |
| train/                  |            |
|    approx_kl            | 0.07202766 |
|    clip_fraction        | 0.446      |
|    clip_range           | 0.2        |
|    entropy_loss         | -4.02      |
|    explained_variance   | 0.79       |
|    learning_rate        | 0.00025    |
|    loss                 | -0.0929    |
|    n_updates            | 1350       |
|    policy_gradient_loss | -0.0783    |
|    std                  | 0.657      |
|    value_loss           | 0.0103     |
----------------------------------------
---------------------------------
| rollout/           |          |
|    ep_len_mean     | 96       |
|    ep_rew_mean     | -840     |
| time/              |          |
|    fps             | 1435     |
|    iterations      | 1        |
|    time_elapsed    | 1        |
|    total_timesteps | 87864    |
---------------------------------
----------------------------------------
| rollout/                |            |
|    ep_len_mean          | 84.5       |
|    ep_rew_mean          | -1.08e+03  |
| time/                   |            |
|    fps                  | 942        |
|    iterations           | 2          |
|    time_elapsed         | 4          |
|    total_timesteps      | 89912      |
| train/                  |            |
|    approx_kl            | 0.11409577 |
|    clip_fraction        | 0.531      |
|    clip_range           | 0.2        |
|    entropy_loss         | -3.95      |
|    explained_variance   | -0.895     |
|    learning_rate        | 0.00025    |
|    loss                 | -0.0978    |
|    n_updates            | 1370       |
|    policy_gradient_loss | -0.0765    |
|    std                  | 0.647      |
|    value_loss           | 0.0707     |
----------------------------------------
----------------------------------------
| rollout/                |            |
|    ep_len_mean          | 74.8       |
|    ep_rew_mean          | -1.33e+03  |
| time/                   |            |
|    fps                  | 868        |
|    iterations           | 3          |
|    time_elapsed         | 7          |
|    total_timesteps      | 91960      |
| train/                  |            |
|    approx_kl            | 0.10640581 |
|    clip_fraction        | 0.514      |
|    clip_range           | 0.2        |
|    entropy_loss         | -3.9       |
|    explained_variance   | 0.64       |
|    learning_rate        | 0.00025    |
|    loss                 | -0.13      |
|    n_updates            | 1380       |
|    policy_gradient_loss | -0.0741    |
|    std                  | 0.638      |
|    value_loss           | 0.0412     |
----------------------------------------
----------------------------------------
| rollout/                |            |
|    ep_len_mean          | 64.9       |
|    ep_rew_mean          | -1.41e+03  |
| time/                   |            |
|    fps                  | 828        |
|    iterations           | 4          |
|    time_elapsed         | 9          |
|    total_timesteps      | 94008      |
| train/                  |            |
|    approx_kl            | 0.08553876 |
|    clip_fraction        | 0.491      |
|    clip_range           | 0.2        |
|    entropy_loss         | -3.86      |
|    explained_variance   | 0.847      |
|    learning_rate        | 0.00025    |
|    loss                 | -0.117     |
|    n_updates            | 1390       |
|    policy_gradient_loss | -0.0788    |
|    std                  | 0.633      |
|    value_loss           | 0.0252     |
----------------------------------------
-----------------------------------------
| rollout/                |             |
|    ep_len_mean          | 66.1        |
|    ep_rew_mean          | -1.41e+03   |
| time/                   |             |
|    fps                  | 820         |
|    iterations           | 5           |
|    time_elapsed         | 12          |
|    total_timesteps      | 96056       |
| train/                  |             |
|    approx_kl            | 0.088640615 |
|    clip_fraction        | 0.494       |
|    clip_range           | 0.2         |
|    entropy_loss         | -3.84       |
|    explained_variance   | 0.934       |
|    learning_rate        | 0.00025     |
|    loss                 | -0.103      |
|    n_updates            | 1400        |
|    policy_gradient_loss | -0.0732     |
|    std                  | 0.629       |
|    value_loss           | 0.0283      |
-----------------------------------------
----------------------------------------
| rollout/                |            |
|    ep_len_mean          | 65.6       |
|    ep_rew_mean          | -1.4e+03   |
| time/                   |            |
|    fps                  | 815        |
|    iterations           | 6          |
|    time_elapsed         | 15         |
|    total_timesteps      | 98104      |
| train/                  |            |
|    approx_kl            | 0.08238757 |
|    clip_fraction        | 0.489      |
|    clip_range           | 0.2        |
|    entropy_loss         | -3.8       |
|    explained_variance   | 0.921      |
|    learning_rate        | 0.00025    |
|    loss                 | -0.0952    |
|    n_updates            | 1410       |
|    policy_gradient_loss | -0.0659    |
|    std                  | 0.622      |
|    value_loss           | 0.0306     |
----------------------------------------
----------------------------------------
| rollout/                |            |
|    ep_len_mean          | 65.9       |
|    ep_rew_mean          | -1.39e+03  |
| time/                   |            |
|    fps                  | 789        |
|    iterations           | 7          |
|    time_elapsed         | 18         |
|    total_timesteps      | 100152     |
| train/                  |            |
|    approx_kl            | 0.09897587 |
|    clip_fraction        | 0.51       |
|    clip_range           | 0.2        |
|    entropy_loss         | -3.75      |
|    explained_variance   | 0.895      |
|    learning_rate        | 0.00025    |
|    loss                 | -0.0708    |
|    n_updates            | 1420       |
|    policy_gradient_loss | -0.0617    |
|    std                  | 0.618      |
|    value_loss           | 0.0413     |
----------------------------------------
----------------------------------------
| rollout/                |            |
|    ep_len_mean          | 66.1       |
|    ep_rew_mean          | -1.41e+03  |
| time/                   |            |
|    fps                  | 784        |
|    iterations           | 8          |
|    time_elapsed         | 20         |
|    total_timesteps      | 102200     |
| train/                  |            |
|    approx_kl            | 0.09100017 |
|    clip_fraction        | 0.478      |
|    clip_range           | 0.2        |
|    entropy_loss         | -3.73      |
|    explained_variance   | 0.848      |
|    learning_rate        | 0.00025    |
|    loss                 | -0.0802    |
|    n_updates            | 1430       |
|    policy_gradient_loss | -0.0606    |
|    std                  | 0.614      |
|    value_loss           | 0.0592     |
----------------------------------------
-----------------------------------------
| rollout/                |             |
|    ep_len_mean          | 66.8        |
|    ep_rew_mean          | -1.41e+03   |
| time/                   |             |
|    fps                  | 783         |
|    iterations           | 9           |
|    time_elapsed         | 23          |
|    total_timesteps      | 104248      |
| train/                  |             |
|    approx_kl            | 0.096242696 |
|    clip_fraction        | 0.478       |
|    clip_range           | 0.2         |
|    entropy_loss         | -3.69       |
|    explained_variance   | 0.915       |
|    learning_rate        | 0.00025     |
|    loss                 | -0.0579     |
|    n_updates            | 1440        |
|    policy_gradient_loss | -0.0687     |
|    std                  | 0.605       |
|    value_loss           | 0.035       |
-----------------------------------------
[long-eval] new best min_robot_dx=-0.991 saved to RL\KNP\sb3_ppo_curriculum_best_long_human_like_phase_refined.zip
-----------------------------------------
| rollout/                |             |
|    ep_len_mean          | 67.7        |
|    ep_rew_mean          | -1.43e+03   |
| time/                   |             |
|    fps                  | 775         |
|    iterations           | 10          |
|    time_elapsed         | 26          |
|    total_timesteps      | 106296      |
| train/                  |             |
|    approx_kl            | 0.089680605 |
|    clip_fraction        | 0.476       |
|    clip_range           | 0.2         |
|    entropy_loss         | -3.63       |
|    explained_variance   | 0.886       |
|    learning_rate        | 0.00025     |
|    loss                 | -0.0797     |
|    n_updates            | 1450        |
|    policy_gradient_loss | -0.067      |
|    std                  | 0.596       |
|    value_loss           | 0.0212      |
-----------------------------------------
----------------------------------------
| rollout/                |            |
|    ep_len_mean          | 64.8       |
|    ep_rew_mean          | -1.34e+03  |
| time/                   |            |
|    fps                  | 774        |
|    iterations           | 11         |
|    time_elapsed         | 29         |
|    total_timesteps      | 108344     |
| train/                  |            |
|    approx_kl            | 0.09945142 |
|    clip_fraction        | 0.517      |
|    clip_range           | 0.2        |
|    entropy_loss         | -3.59      |
|    explained_variance   | 0.955      |
|    learning_rate        | 0.00025    |
|    loss                 | -0.109     |
|    n_updates            | 1460       |
|    policy_gradient_loss | -0.0761    |
|    std                  | 0.591      |
|    value_loss           | 0.0185     |
----------------------------------------
-----------------------------------------
| rollout/                |             |
|    ep_len_mean          | 65.9        |
|    ep_rew_mean          | -1.36e+03   |
| time/                   |             |
|    fps                  | 777         |
|    iterations           | 12          |
|    time_elapsed         | 31          |
|    total_timesteps      | 110392      |
| train/                  |             |
|    approx_kl            | 0.107181646 |
|    clip_fraction        | 0.507       |
|    clip_range           | 0.2         |
|    entropy_loss         | -3.56       |
|    explained_variance   | 0.91        |
|    learning_rate        | 0.00025     |
|    loss                 | -0.094      |
|    n_updates            | 1470        |
|    policy_gradient_loss | -0.0694     |
|    std                  | 0.589       |
|    value_loss           | 0.0365      |
-----------------------------------------
----------------------------------------
| rollout/                |            |
|    ep_len_mean          | 63.9       |
|    ep_rew_mean          | -1.32e+03  |
| time/                   |            |
|    fps                  | 778        |
|    iterations           | 13         |
|    time_elapsed         | 34         |
|    total_timesteps      | 112440     |
| train/                  |            |
|    approx_kl            | 0.08969297 |
|    clip_fraction        | 0.475      |
|    clip_range           | 0.2        |
|    entropy_loss         | -3.52      |
|    explained_variance   | 0.827      |
|    learning_rate        | 0.00025    |
|    loss                 | -0.0857    |
|    n_updates            | 1480       |
|    policy_gradient_loss | -0.0678    |
|    std                  | 0.579      |
|    value_loss           | 0.0419     |
----------------------------------------
----------------------------------------
| rollout/                |            |
|    ep_len_mean          | 63.5       |
|    ep_rew_mean          | -1.33e+03  |
| time/                   |            |
|    fps                  | 777        |
|    iterations           | 14         |
|    time_elapsed         | 36         |
|    total_timesteps      | 114488     |
| train/                  |            |
|    approx_kl            | 0.10034792 |
|    clip_fraction        | 0.508      |
|    clip_range           | 0.2        |
|    entropy_loss         | -3.47      |
|    explained_variance   | 0.849      |
|    learning_rate        | 0.00025    |
|    loss                 | -0.0753    |
|    n_updates            | 1490       |
|    policy_gradient_loss | -0.0589    |
|    std                  | 0.575      |
|    value_loss           | 0.0644     |
----------------------------------------
----------------------------------------
| rollout/                |            |
|    ep_len_mean          | 59.6       |
|    ep_rew_mean          | -1.23e+03  |
| time/                   |            |
|    fps                  | 776        |
|    iterations           | 15         |
|    time_elapsed         | 39         |
|    total_timesteps      | 116536     |
| train/                  |            |
|    approx_kl            | 0.09496908 |
|    clip_fraction        | 0.501      |
|    clip_range           | 0.2        |
|    entropy_loss         | -3.44      |
|    explained_variance   | 0.832      |
|    learning_rate        | 0.00025    |
|    loss                 | -0.0719    |
|    n_updates            | 1500       |
|    policy_gradient_loss | -0.0718    |
|    std                  | 0.568      |
|    value_loss           | 0.0688     |
----------------------------------------
----------------------------------
| rollout/           |           |
|    ep_len_mean     | 61.6      |
|    ep_rew_mean     | -1.08e+03 |
| time/              |           |
|    fps             | 1703      |
|    iterations      | 1         |
|    time_elapsed    | 1         |
|    total_timesteps | 118584    |
----------------------------------
----------------------------------------
| rollout/                |            |
|    ep_len_mean          | 62.8       |
|    ep_rew_mean          | -837       |
| time/                   |            |
|    fps                  | 1074       |
|    iterations           | 2          |
|    time_elapsed         | 3          |
|    total_timesteps      | 120632     |
| train/                  |            |
|    approx_kl            | 0.11676614 |
|    clip_fraction        | 0.53       |
|    clip_range           | 0.2        |
|    entropy_loss         | -3.34      |
|    explained_variance   | 0.871      |
|    learning_rate        | 0.00025    |
|    loss                 | -0.0763    |
|    n_updates            | 1520       |
|    policy_gradient_loss | -0.0764    |
|    std                  | 0.555      |
|    value_loss           | 0.0299     |
----------------------------------------
----------------------------------------
| rollout/                |            |
|    ep_len_mean          | 65.6       |
|    ep_rew_mean          | -674       |
| time/                   |            |
|    fps                  | 889        |
|    iterations           | 3          |
|    time_elapsed         | 6          |
|    total_timesteps      | 122680     |
| train/                  |            |
|    approx_kl            | 0.12976876 |
|    clip_fraction        | 0.537      |
|    clip_range           | 0.2        |
|    entropy_loss         | -3.29      |
|    explained_variance   | 0.823      |
|    learning_rate        | 0.00025    |
|    loss                 | -0.0827    |
|    n_updates            | 1530       |
|    policy_gradient_loss | -0.0748    |
|    std                  | 0.548      |
|    value_loss           | 0.0344     |
----------------------------------------
---------------------------------------
| rollout/                |           |
|    ep_len_mean          | 60.9      |
|    ep_rew_mean          | -579      |
| time/                   |           |
|    fps                  | 851       |
|    iterations           | 4         |
|    time_elapsed         | 9         |
|    total_timesteps      | 124728    |
| train/                  |           |
|    approx_kl            | 0.1326357 |
|    clip_fraction        | 0.53      |
|    clip_range           | 0.2       |
|    entropy_loss         | -3.25     |
|    explained_variance   | 0.869     |
|    learning_rate        | 0.00025   |
|    loss                 | -0.104    |
|    n_updates            | 1540      |
|    policy_gradient_loss | -0.0836   |
|    std                  | 0.543     |
|    value_loss           | 0.0209    |
---------------------------------------
---------------------------------------
| rollout/                |           |
|    ep_len_mean          | 63.2      |
|    ep_rew_mean          | -594      |
| time/                   |           |
|    fps                  | 841       |
|    iterations           | 5         |
|    time_elapsed         | 12        |
|    total_timesteps      | 126776    |
| train/                  |           |
|    approx_kl            | 0.1333335 |
|    clip_fraction        | 0.542     |
|    clip_range           | 0.2       |
|    entropy_loss         | -3.21     |
|    explained_variance   | 0.862     |
|    learning_rate        | 0.00025   |
|    loss                 | -0.127    |
|    n_updates            | 1550      |
|    policy_gradient_loss | -0.0783   |
|    std                  | 0.539     |
|    value_loss           | 0.0144    |
---------------------------------------
----------------------------------------
| rollout/                |            |
|    ep_len_mean          | 63.6       |
|    ep_rew_mean          | -599       |
| time/                   |            |
|    fps                  | 830        |
|    iterations           | 6          |
|    time_elapsed         | 14         |
|    total_timesteps      | 128824     |
| train/                  |            |
|    approx_kl            | 0.11669119 |
|    clip_fraction        | 0.544      |
|    clip_range           | 0.2        |
|    entropy_loss         | -3.18      |
|    explained_variance   | 0.814      |
|    learning_rate        | 0.00025    |
|    loss                 | -0.103     |
|    n_updates            | 1560       |
|    policy_gradient_loss | -0.0741    |
|    std                  | 0.533      |
|    value_loss           | 0.0119     |
----------------------------------------
----------------------------------------
| rollout/                |            |
|    ep_len_mean          | 63.9       |
|    ep_rew_mean          | -599       |
| time/                   |            |
|    fps                  | 820        |
|    iterations           | 7          |
|    time_elapsed         | 17         |
|    total_timesteps      | 130872     |
| train/                  |            |
|    approx_kl            | 0.12955394 |
|    clip_fraction        | 0.541      |
|    clip_range           | 0.2        |
|    entropy_loss         | -3.14      |
|    explained_variance   | 0.805      |
|    learning_rate        | 0.00025    |
|    loss                 | -0.0974    |
|    n_updates            | 1570       |
|    policy_gradient_loss | -0.074     |
|    std                  | 0.529      |
|    value_loss           | 0.015      |
----------------------------------------
-----------------------------------------
| rollout/                |             |
|    ep_len_mean          | 60.6        |
|    ep_rew_mean          | -566        |
| time/                   |             |
|    fps                  | 812         |
|    iterations           | 8           |
|    time_elapsed         | 20          |
|    total_timesteps      | 132920      |
| train/                  |             |
|    approx_kl            | 0.116627336 |
|    clip_fraction        | 0.527       |
|    clip_range           | 0.2         |
|    entropy_loss         | -3.11       |
|    explained_variance   | 0.755       |
|    learning_rate        | 0.00025     |
|    loss                 | -0.0838     |
|    n_updates            | 1580        |
|    policy_gradient_loss | -0.0714     |
|    std                  | 0.523       |
|    value_loss           | 0.0148      |
-----------------------------------------
---------------------------------------
| rollout/                |           |
|    ep_len_mean          | 63.9      |
|    ep_rew_mean          | -594      |
| time/                   |           |
|    fps                  | 810       |
|    iterations           | 9         |
|    time_elapsed         | 22        |
|    total_timesteps      | 134968    |
| train/                  |           |
|    approx_kl            | 0.1299305 |
|    clip_fraction        | 0.529     |
|    clip_range           | 0.2       |
|    entropy_loss         | -3.06     |
|    explained_variance   | 0.831     |
|    learning_rate        | 0.00025   |
|    loss                 | -0.0978   |
|    n_updates            | 1590      |
|    policy_gradient_loss | -0.0685   |
|    std                  | 0.517     |
|    value_loss           | 0.013     |
---------------------------------------
----------------------------------------
| rollout/                |            |
|    ep_len_mean          | 60.4       |
|    ep_rew_mean          | -562       |
| time/                   |            |
|    fps                  | 804        |
|    iterations           | 10         |
|    time_elapsed         | 25         |
|    total_timesteps      | 137016     |
| train/                  |            |
|    approx_kl            | 0.12711231 |
|    clip_fraction        | 0.545      |
|    clip_range           | 0.2        |
|    entropy_loss         | -3.02      |
|    explained_variance   | 0.743      |
|    learning_rate        | 0.00025    |
|    loss                 | -0.106     |
|    n_updates            | 1600       |
|    policy_gradient_loss | -0.0715    |
|    std                  | 0.513      |
|    value_loss           | 0.0103     |
----------------------------------------
----------------------------------------
| rollout/                |            |
|    ep_len_mean          | 59.4       |
|    ep_rew_mean          | -562       |
| time/                   |            |
|    fps                  | 802        |
|    iterations           | 11         |
|    time_elapsed         | 28         |
|    total_timesteps      | 139064     |
| train/                  |            |
|    approx_kl            | 0.13201585 |
|    clip_fraction        | 0.556      |
|    clip_range           | 0.2        |
|    entropy_loss         | -2.99      |
|    explained_variance   | 0.852      |
|    learning_rate        | 0.00025    |
|    loss                 | -0.0765    |
|    n_updates            | 1610       |
|    policy_gradient_loss | -0.0638    |
|    std                  | 0.51       |
|    value_loss           | 0.0115     |
----------------------------------------
----------------------------------------
| rollout/                |            |
|    ep_len_mean          | 55.9       |
|    ep_rew_mean          | -528       |
| time/                   |            |
|    fps                  | 800        |
|    iterations           | 12         |
|    time_elapsed         | 30         |
|    total_timesteps      | 141112     |
| train/                  |            |
|    approx_kl            | 0.14366855 |
|    clip_fraction        | 0.563      |
|    clip_range           | 0.2        |
|    entropy_loss         | -2.95      |
|    explained_variance   | 0.885      |
|    learning_rate        | 0.00025    |
|    loss                 | -0.108     |
|    n_updates            | 1620       |
|    policy_gradient_loss | -0.0776    |
|    std                  | 0.505      |
|    value_loss           | 0.00765    |
----------------------------------------
----------------------------------------
| rollout/                |            |
|    ep_len_mean          | 58.6       |
|    ep_rew_mean          | -555       |
| time/                   |            |
|    fps                  | 793        |
|    iterations           | 13         |
|    time_elapsed         | 33         |
|    total_timesteps      | 143160     |
| train/                  |            |
|    approx_kl            | 0.14730738 |
|    clip_fraction        | 0.547      |
|    clip_range           | 0.2        |
|    entropy_loss         | -2.91      |
|    explained_variance   | 0.871      |
|    learning_rate        | 0.00025    |
|    loss                 | -0.0891    |
|    n_updates            | 1630       |
|    policy_gradient_loss | -0.0716    |
|    std                  | 0.497      |
|    value_loss           | 0.0102     |
----------------------------------------
---------------------------------------
| rollout/                |           |
|    ep_len_mean          | 59.4      |
|    ep_rew_mean          | -561      |
| time/                   |           |
|    fps                  | 791       |
|    iterations           | 14        |
|    time_elapsed         | 36        |
|    total_timesteps      | 145208    |
| train/                  |           |
|    approx_kl            | 0.1271934 |
|    clip_fraction        | 0.541     |
|    clip_range           | 0.2       |
|    entropy_loss         | -2.85     |
|    explained_variance   | 0.855     |
|    learning_rate        | 0.00025   |
|    loss                 | -0.0713   |
|    n_updates            | 1640      |
|    policy_gradient_loss | -0.0675   |
|    std                  | 0.489     |
|    value_loss           | 0.0124    |
---------------------------------------
[long-eval] new best min_robot_dx=0.570 saved to RL\KNP\sb3_ppo_curriculum_best_long_human_like_phase_refined.zip
----------------------------------------
| rollout/                |            |
|    ep_len_mean          | 56.3       |
|    ep_rew_mean          | -533       |
| time/                   |            |
|    fps                  | 783        |
|    iterations           | 15         |
|    time_elapsed         | 39         |
|    total_timesteps      | 147256     |
| train/                  |            |
|    approx_kl            | 0.15561344 |
|    clip_fraction        | 0.579      |
|    clip_range           | 0.2        |
|    entropy_loss         | -2.78      |
|    explained_variance   | 0.849      |
|    learning_rate        | 0.00025    |
|    loss                 | -0.0925    |
|    n_updates            | 1650       |
|    policy_gradient_loss | -0.0719    |
|    std                  | 0.482      |
|    value_loss           | 0.0103     |
----------------------------------------
----------------------------------------
| rollout/                |            |
|    ep_len_mean          | 57.2       |
|    ep_rew_mean          | -534       |
| time/                   |            |
|    fps                  | 784        |
|    iterations           | 16         |
|    time_elapsed         | 41         |
|    total_timesteps      | 149304     |
| train/                  |            |
|    approx_kl            | 0.13506201 |
|    clip_fraction        | 0.531      |
|    clip_range           | 0.2        |
|    entropy_loss         | -2.73      |
|    explained_variance   | 0.826      |
|    learning_rate        | 0.00025    |
|    loss                 | -0.0802    |
|    n_updates            | 1660       |
|    policy_gradient_loss | -0.0624    |
|    std                  | 0.476      |
|    value_loss           | 0.011      |
----------------------------------------
---------------------------------------
| rollout/                |           |
|    ep_len_mean          | 65.4      |
|    ep_rew_mean          | -601      |
| time/                   |           |
|    fps                  | 783       |
|    iterations           | 17        |
|    time_elapsed         | 44        |
|    total_timesteps      | 151352    |
| train/                  |           |
|    approx_kl            | 0.1399464 |
|    clip_fraction        | 0.556     |
|    clip_range           | 0.2       |
|    entropy_loss         | -2.68     |
|    explained_variance   | 0.789     |
|    learning_rate        | 0.00025   |
|    loss                 | -0.106    |
|    n_updates            | 1670      |
|    policy_gradient_loss | -0.0718   |
|    std                  | 0.469     |
|    value_loss           | 0.0143    |
---------------------------------------
---------------------------------------
| rollout/                |           |
|    ep_len_mean          | 69.4      |
|    ep_rew_mean          | -634      |
| time/                   |           |
|    fps                  | 784       |
|    iterations           | 18        |
|    time_elapsed         | 46        |
|    total_timesteps      | 153400    |
| train/                  |           |
|    approx_kl            | 0.1567421 |
|    clip_fraction        | 0.582     |
|    clip_range           | 0.2       |
|    entropy_loss         | -2.61     |
|    explained_variance   | 0.839     |
|    learning_rate        | 0.00025   |
|    loss                 | -0.122    |
|    n_updates            | 1680      |
|    policy_gradient_loss | -0.0766   |
|    std                  | 0.461     |
|    value_loss           | 0.00824   |
---------------------------------------
---------------------------------------
| rollout/                |           |
|    ep_len_mean          | 72.2      |
|    ep_rew_mean          | -664      |
| time/                   |           |
|    fps                  | 784       |
|    iterations           | 19        |
|    time_elapsed         | 49        |
|    total_timesteps      | 155448    |
| train/                  |           |
|    approx_kl            | 0.1576851 |
|    clip_fraction        | 0.57      |
|    clip_range           | 0.2       |
|    entropy_loss         | -2.56     |
|    explained_variance   | 0.86      |
|    learning_rate        | 0.00025   |
|    loss                 | -0.128    |
|    n_updates            | 1690      |
|    policy_gradient_loss | -0.0753   |
|    std                  | 0.457     |
|    value_loss           | 0.0089    |
---------------------------------------
----------------------------------------
| rollout/                |            |
|    ep_len_mean          | 70.9       |
|    ep_rew_mean          | -660       |
| time/                   |            |
|    fps                  | 783        |
|    iterations           | 20         |
|    time_elapsed         | 52         |
|    total_timesteps      | 157496     |
| train/                  |            |
|    approx_kl            | 0.14459598 |
|    clip_fraction        | 0.566      |
|    clip_range           | 0.2        |
|    entropy_loss         | -2.51      |
|    explained_variance   | 0.8        |
|    learning_rate        | 0.00025    |
|    loss                 | -0.0995    |
|    n_updates            | 1700       |
|    policy_gradient_loss | -0.0731    |
|    std                  | 0.449      |
|    value_loss           | 0.0139     |
----------------------------------------
---------------------------------
| rollout/           |          |
|    ep_len_mean     | 64.7     |
|    ep_rew_mean     | -609     |
| time/              |          |
|    fps             | 1594     |
|    iterations      | 1        |
|    time_elapsed    | 1        |
|    total_timesteps | 159544   |
---------------------------------
----------------------------------------
| rollout/                |            |
|    ep_len_mean          | 55.5       |
|    ep_rew_mean          | -527       |
| time/                   |            |
|    fps                  | 1048       |
|    iterations           | 2          |
|    time_elapsed         | 3          |
|    total_timesteps      | 161592     |
| train/                  |            |
|    approx_kl            | 0.15208107 |
|    clip_fraction        | 0.568      |
|    clip_range           | 0.2        |
|    entropy_loss         | -2.4       |
|    explained_variance   | 0.829      |
|    learning_rate        | 0.00025    |
|    loss                 | -0.0929    |
|    n_updates            | 1720       |
|    policy_gradient_loss | -0.0696    |
|    std                  | 0.439      |
|    value_loss           | 0.00988    |
----------------------------------------
----------------------------------------
| rollout/                |            |
|    ep_len_mean          | 51         |
|    ep_rew_mean          | -482       |
| time/                   |            |
|    fps                  | 949        |
|    iterations           | 3          |
|    time_elapsed         | 6          |
|    total_timesteps      | 163640     |
| train/                  |            |
|    approx_kl            | 0.15825656 |
|    clip_fraction        | 0.566      |
|    clip_range           | 0.2        |
|    entropy_loss         | -2.37      |
|    explained_variance   | 0.865      |
|    learning_rate        | 0.00025    |
|    loss                 | -0.0561    |
|    n_updates            | 1730       |
|    policy_gradient_loss | -0.06      |
|    std                  | 0.436      |
|    value_loss           | 0.00539    |
----------------------------------------
----------------------------------------
| rollout/                |            |
|    ep_len_mean          | 52.7       |
|    ep_rew_mean          | -497       |
| time/                   |            |
|    fps                  | 885        |
|    iterations           | 4          |
|    time_elapsed         | 9          |
|    total_timesteps      | 165688     |
| train/                  |            |
|    approx_kl            | 0.19437517 |
|    clip_fraction        | 0.575      |
|    clip_range           | 0.2        |
|    entropy_loss         | -2.34      |
|    explained_variance   | 0.914      |
|    learning_rate        | 0.00025    |
|    loss                 | -0.101     |
|    n_updates            | 1740       |
|    policy_gradient_loss | -0.0693    |
|    std                  | 0.433      |
|    value_loss           | 0.0066     |
----------------------------------------
----------------------------------------
| rollout/                |            |
|    ep_len_mean          | 58.2       |
|    ep_rew_mean          | -550       |
| time/                   |            |
|    fps                  | 856        |
|    iterations           | 5          |
|    time_elapsed         | 11         |
|    total_timesteps      | 167736     |
| train/                  |            |
|    approx_kl            | 0.21319538 |
|    clip_fraction        | 0.57       |
|    clip_range           | 0.2        |
|    entropy_loss         | -2.3       |
|    explained_variance   | 0.881      |
|    learning_rate        | 0.00025    |
|    loss                 | -0.0672    |
|    n_updates            | 1750       |
|    policy_gradient_loss | -0.0614    |
|    std                  | 0.427      |
|    value_loss           | 0.0103     |
----------------------------------------
----------------------------------------
| rollout/                |            |
|    ep_len_mean          | 60.5       |
|    ep_rew_mean          | -569       |
| time/                   |            |
|    fps                  | 846        |
|    iterations           | 6          |
|    time_elapsed         | 14         |
|    total_timesteps      | 169784     |
| train/                  |            |
|    approx_kl            | 0.18667841 |
|    clip_fraction        | 0.589      |
|    clip_range           | 0.2        |
|    entropy_loss         | -2.24      |
|    explained_variance   | 0.85       |
|    learning_rate        | 0.00025    |
|    loss                 | -0.106     |
|    n_updates            | 1760       |
|    policy_gradient_loss | -0.0703    |
|    std                  | 0.421      |
|    value_loss           | 0.00975    |
----------------------------------------
----------------------------------------
| rollout/                |            |
|    ep_len_mean          | 62.9       |
|    ep_rew_mean          | -586       |
| time/                   |            |
|    fps                  | 839        |
|    iterations           | 7          |
|    time_elapsed         | 17         |
|    total_timesteps      | 171832     |
| train/                  |            |
|    approx_kl            | 0.18424262 |
|    clip_fraction        | 0.568      |
|    clip_range           | 0.2        |
|    entropy_loss         | -2.19      |
|    explained_variance   | 0.798      |
|    learning_rate        | 0.00025    |
|    loss                 | -0.0915    |
|    n_updates            | 1770       |
|    policy_gradient_loss | -0.0637    |
|    std                  | 0.415      |
|    value_loss           | 0.0122     |
----------------------------------------
----------------------------------------
| rollout/                |            |
|    ep_len_mean          | 61.5       |
|    ep_rew_mean          | -572       |
| time/                   |            |
|    fps                  | 813        |
|    iterations           | 8          |
|    time_elapsed         | 20         |
|    total_timesteps      | 173880     |
| train/                  |            |
|    approx_kl            | 0.19388215 |
|    clip_fraction        | 0.598      |
|    clip_range           | 0.2        |
|    entropy_loss         | -2.14      |
|    explained_variance   | 0.829      |
|    learning_rate        | 0.00025    |
|    loss                 | -0.0834    |
|    n_updates            | 1780       |
|    policy_gradient_loss | -0.0667    |
|    std                  | 0.412      |
|    value_loss           | 0.0106     |
----------------------------------------
----------------------------------------
| rollout/                |            |
|    ep_len_mean          | 58         |
|    ep_rew_mean          | -544       |
| time/                   |            |
|    fps                  | 804        |
|    iterations           | 9          |
|    time_elapsed         | 22         |
|    total_timesteps      | 175928     |
| train/                  |            |
|    approx_kl            | 0.18434983 |
|    clip_fraction        | 0.583      |
|    clip_range           | 0.2        |
|    entropy_loss         | -2.09      |
|    explained_variance   | 0.78       |
|    learning_rate        | 0.00025    |
|    loss                 | -0.0998    |
|    n_updates            | 1790       |
|    policy_gradient_loss | -0.0672    |
|    std                  | 0.404      |
|    value_loss           | 0.0114     |
----------------------------------------
----------------------------------------
| rollout/                |            |
|    ep_len_mean          | 52.2       |
|    ep_rew_mean          | -495       |
| time/                   |            |
|    fps                  | 802        |
|    iterations           | 10         |
|    time_elapsed         | 25         |
|    total_timesteps      | 177976     |
| train/                  |            |
|    approx_kl            | 0.20517293 |
|    clip_fraction        | 0.599      |
|    clip_range           | 0.2        |
|    entropy_loss         | -2.05      |
|    explained_variance   | 0.89       |
|    learning_rate        | 0.00025    |
|    loss                 | -0.065     |
|    n_updates            | 1800       |
|    policy_gradient_loss | -0.0625    |
|    std                  | 0.403      |
|    value_loss           | 0.0103     |
----------------------------------------
----------------------------------------
| rollout/                |            |
|    ep_len_mean          | 55.3       |
|    ep_rew_mean          | -513       |
| time/                   |            |
|    fps                  | 800        |
|    iterations           | 11         |
|    time_elapsed         | 28         |
|    total_timesteps      | 180024     |
| train/                  |            |
|    approx_kl            | 0.19779378 |
|    clip_fraction        | 0.606      |
|    clip_range           | 0.2        |
|    entropy_loss         | -2.01      |
|    explained_variance   | 0.856      |
|    learning_rate        | 0.00025    |
|    loss                 | -0.0874    |
|    n_updates            | 1810       |
|    policy_gradient_loss | -0.0605    |
|    std                  | 0.398      |
|    value_loss           | 0.00936    |
----------------------------------------
----------------------------------------
| rollout/                |            |
|    ep_len_mean          | 54.8       |
|    ep_rew_mean          | -511       |
| time/                   |            |
|    fps                  | 798        |
|    iterations           | 12         |
|    time_elapsed         | 30         |
|    total_timesteps      | 182072     |
| train/                  |            |
|    approx_kl            | 0.20315963 |
|    clip_fraction        | 0.584      |
|    clip_range           | 0.2        |
|    entropy_loss         | -1.97      |
|    explained_variance   | 0.898      |
|    learning_rate        | 0.00025    |
|    loss                 | -0.086     |
|    n_updates            | 1820       |
|    policy_gradient_loss | -0.0633    |
|    std                  | 0.394      |
|    value_loss           | 0.00806    |
----------------------------------------
----------------------------------------
| rollout/                |            |
|    ep_len_mean          | 57.9       |
|    ep_rew_mean          | -533       |
| time/                   |            |
|    fps                  | 798        |
|    iterations           | 13         |
|    time_elapsed         | 33         |
|    total_timesteps      | 184120     |
| train/                  |            |
|    approx_kl            | 0.22154361 |
|    clip_fraction        | 0.607      |
|    clip_range           | 0.2        |
|    entropy_loss         | -1.93      |
|    explained_variance   | 0.88       |
|    learning_rate        | 0.00025    |
|    loss                 | -0.0874    |
|    n_updates            | 1830       |
|    policy_gradient_loss | -0.0581    |
|    std                  | 0.39       |
|    value_loss           | 0.00596    |
----------------------------------------
----------------------------------------
| rollout/                |            |
|    ep_len_mean          | 60.6       |
|    ep_rew_mean          | -563       |
| time/                   |            |
|    fps                  | 795        |
|    iterations           | 14         |
|    time_elapsed         | 36         |
|    total_timesteps      | 186168     |
| train/                  |            |
|    approx_kl            | 0.20225197 |
|    clip_fraction        | 0.586      |
|    clip_range           | 0.2        |
|    entropy_loss         | -1.89      |
|    explained_variance   | 0.871      |
|    learning_rate        | 0.00025    |
|    loss                 | -0.108     |
|    n_updates            | 1840       |
|    policy_gradient_loss | -0.0629    |
|    std                  | 0.386      |
|    value_loss           | 0.00822    |
----------------------------------------
----------------------------------------
| rollout/                |            |
|    ep_len_mean          | 60.3       |
|    ep_rew_mean          | -554       |
| time/                   |            |
|    fps                  | 794        |
|    iterations           | 15         |
|    time_elapsed         | 38         |
|    total_timesteps      | 188216     |
| train/                  |            |
|    approx_kl            | 0.21507812 |
|    clip_fraction        | 0.591      |
|    clip_range           | 0.2        |
|    entropy_loss         | -1.83      |
|    explained_variance   | 0.792      |
|    learning_rate        | 0.00025    |
|    loss                 | -0.0987    |
|    n_updates            | 1850       |
|    policy_gradient_loss | -0.0637    |
|    std                  | 0.38       |
|    value_loss           | 0.0132     |
----------------------------------------
---------------------------------------
| rollout/                |           |
|    ep_len_mean          | 58.4      |
|    ep_rew_mean          | -538      |
| time/                   |           |
|    fps                  | 792       |
|    iterations           | 16        |
|    time_elapsed         | 41        |
|    total_timesteps      | 190264    |
| train/                  |           |
|    approx_kl            | 0.1932005 |
|    clip_fraction        | 0.579     |
|    clip_range           | 0.2       |
|    entropy_loss         | -1.78     |
|    explained_variance   | 0.832     |
|    learning_rate        | 0.00025   |
|    loss                 | -0.0866   |
|    n_updates            | 1860      |
|    policy_gradient_loss | -0.0566   |
|    std                  | 0.375     |
|    value_loss           | 0.0125    |
---------------------------------------
---------------------------------------
| rollout/                |           |
|    ep_len_mean          | 57.9      |
|    ep_rew_mean          | -529      |
| time/                   |           |
|    fps                  | 793       |
|    iterations           | 17        |
|    time_elapsed         | 43        |
|    total_timesteps      | 192312    |
| train/                  |           |
|    approx_kl            | 0.2272677 |
|    clip_fraction        | 0.62      |
|    clip_range           | 0.2       |
|    entropy_loss         | -1.74     |
|    explained_variance   | 0.87      |
|    learning_rate        | 0.00025   |
|    loss                 | -0.085    |
|    n_updates            | 1870      |
|    policy_gradient_loss | -0.0673   |
|    std                  | 0.372     |
|    value_loss           | 0.0111    |
---------------------------------------
----------------------------------------
| rollout/                |            |
|    ep_len_mean          | 56.5       |
|    ep_rew_mean          | -529       |
| time/                   |            |
|    fps                  | 791        |
|    iterations           | 18         |
|    time_elapsed         | 46         |
|    total_timesteps      | 194360     |
| train/                  |            |
|    approx_kl            | 0.21187213 |
|    clip_fraction        | 0.618      |
|    clip_range           | 0.2        |
|    entropy_loss         | -1.69      |
|    explained_variance   | 0.926      |
|    learning_rate        | 0.00025    |
|    loss                 | -0.102     |
|    n_updates            | 1880       |
|    policy_gradient_loss | -0.0608    |
|    std                  | 0.367      |
|    value_loss           | 0.00421    |
----------------------------------------
----------------------------------------
| rollout/                |            |
|    ep_len_mean          | 55.6       |
|    ep_rew_mean          | -524       |
| time/                   |            |
|    fps                  | 791        |
|    iterations           | 19         |
|    time_elapsed         | 49         |
|    total_timesteps      | 196408     |
| train/                  |            |
|    approx_kl            | 0.25478196 |
|    clip_fraction        | 0.614      |
|    clip_range           | 0.2        |
|    entropy_loss         | -1.63      |
|    explained_variance   | 0.891      |
|    learning_rate        | 0.00025    |
|    loss                 | -0.0957    |
|    n_updates            | 1890       |
|    policy_gradient_loss | -0.0648    |
|    std                  | 0.361      |
|    value_loss           | 0.00927    |
----------------------------------------
----------------------------------------
| rollout/                |            |
|    ep_len_mean          | 53.8       |
|    ep_rew_mean          | -507       |
| time/                   |            |
|    fps                  | 788        |
|    iterations           | 20         |
|    time_elapsed         | 51         |
|    total_timesteps      | 198456     |
| train/                  |            |
|    approx_kl            | 0.23494853 |
|    clip_fraction        | 0.619      |
|    clip_range           | 0.2        |
|    entropy_loss         | -1.58      |
|    explained_variance   | 0.932      |
|    learning_rate        | 0.00025    |
|    loss                 | -0.0986    |
|    n_updates            | 1900       |
|    policy_gradient_loss | -0.0592    |
|    std                  | 0.358      |
|    value_loss           | 0.00402    |
----------------------------------------
----------------------------------------
| rollout/                |            |
|    ep_len_mean          | 52.3       |
|    ep_rew_mean          | -492       |
| time/                   |            |
|    fps                  | 786        |
|    iterations           | 21         |
|    time_elapsed         | 54         |
|    total_timesteps      | 200504     |
| train/                  |            |
|    approx_kl            | 0.25534528 |
|    clip_fraction        | 0.614      |
|    clip_range           | 0.2        |
|    entropy_loss         | -1.54      |
|    explained_variance   | 0.911      |
|    learning_rate        | 0.00025    |
|    loss                 | -0.0767    |
|    n_updates            | 1910       |
|    policy_gradient_loss | -0.0529    |
|    std                  | 0.355      |
|    value_loss           | 0.00759    |
----------------------------------------
----------------------------------------
| rollout/                |            |
|    ep_len_mean          | 55.8       |
|    ep_rew_mean          | -520       |
| time/                   |            |
|    fps                  | 785        |
|    iterations           | 22         |
|    time_elapsed         | 57         |
|    total_timesteps      | 202552     |
| train/                  |            |
|    approx_kl            | 0.25479618 |
|    clip_fraction        | 0.636      |
|    clip_range           | 0.2        |
|    entropy_loss         | -1.53      |
|    explained_variance   | 0.899      |
|    learning_rate        | 0.00025    |
|    loss                 | -0.108     |
|    n_updates            | 1920       |
|    policy_gradient_loss | -0.0613    |
|    std                  | 0.356      |
|    value_loss           | 0.00965    |
----------------------------------------
----------------------------------------
| rollout/                |            |
|    ep_len_mean          | 54.5       |
|    ep_rew_mean          | -514       |
| time/                   |            |
|    fps                  | 784        |
|    iterations           | 23         |
|    time_elapsed         | 60         |
|    total_timesteps      | 204600     |
| train/                  |            |
|    approx_kl            | 0.23636726 |
|    clip_fraction        | 0.598      |
|    clip_range           | 0.2        |
|    entropy_loss         | -1.52      |
|    explained_variance   | 0.906      |
|    learning_rate        | 0.00025    |
|    loss                 | -0.094     |
|    n_updates            | 1930       |
|    policy_gradient_loss | -0.0594    |
|    std                  | 0.352      |
|    value_loss           | 0.00976    |
----------------------------------------
--------------------------------------
| rollout/                |          |
|    ep_len_mean          | 54.9     |
|    ep_rew_mean          | -513     |
| time/                   |          |
|    fps                  | 783      |
|    iterations           | 24       |
|    time_elapsed         | 62       |
|    total_timesteps      | 206648   |
| train/                  |          |
|    approx_kl            | 0.279732 |
|    clip_fraction        | 0.631    |
|    clip_range           | 0.2      |
|    entropy_loss         | -1.46    |
|    explained_variance   | 0.883    |
|    learning_rate        | 0.00025  |
|    loss                 | -0.0716  |
|    n_updates            | 1940     |
|    policy_gradient_loss | -0.0559  |
|    std                  | 0.347    |
|    value_loss           | 0.011    |
--------------------------------------
----------------------------------------
| rollout/                |            |
|    ep_len_mean          | 53         |
|    ep_rew_mean          | -500       |
| time/                   |            |
|    fps                  | 782        |
|    iterations           | 25         |
|    time_elapsed         | 65         |
|    total_timesteps      | 208696     |
| train/                  |            |
|    approx_kl            | 0.30023998 |
|    clip_fraction        | 0.623      |
|    clip_range           | 0.2        |
|    entropy_loss         | -1.42      |
|    explained_variance   | 0.816      |
|    learning_rate        | 0.00025    |
|    loss                 | -0.0974    |
|    n_updates            | 1950       |
|    policy_gradient_loss | -0.0647    |
|    std                  | 0.343      |
|    value_loss           | 0.0114     |
----------------------------------------
---------------------------------
| rollout/           |          |
|    ep_len_mean     | 53.6     |
|    ep_rew_mean     | -572     |
| time/              |          |
|    fps             | 1750     |
|    iterations      | 1        |
|    time_elapsed    | 1        |
|    total_timesteps | 210744   |
---------------------------------
----------------------------------------
| rollout/                |            |
|    ep_len_mean          | 51.6       |
|    ep_rew_mean          | -648       |
| time/                   |            |
|    fps                  | 1028       |
|    iterations           | 2          |
|    time_elapsed         | 3          |
|    total_timesteps      | 212792     |
| train/                  |            |
|    approx_kl            | 0.24870971 |
|    clip_fraction        | 0.631      |
|    clip_range           | 0.2        |
|    entropy_loss         | -1.31      |
|    explained_variance   | 0.838      |
|    learning_rate        | 0.00025    |
|    loss                 | -0.0912    |
|    n_updates            | 1970       |
|    policy_gradient_loss | -0.0716    |
|    std                  | 0.333      |
|    value_loss           | 0.0136     |
----------------------------------------
----------------------------------------
| rollout/                |            |
|    ep_len_mean          | 54.7       |
|    ep_rew_mean          | -744       |
| time/                   |            |
|    fps                  | 915        |
|    iterations           | 3          |
|    time_elapsed         | 6          |
|    total_timesteps      | 214840     |
| train/                  |            |
|    approx_kl            | 0.28066114 |
|    clip_fraction        | 0.633      |
|    clip_range           | 0.2        |
|    entropy_loss         | -1.25      |
|    explained_variance   | 0.855      |
|    learning_rate        | 0.00025    |
|    loss                 | -0.0645    |
|    n_updates            | 1980       |
|    policy_gradient_loss | -0.0631    |
|    std                  | 0.329      |
|    value_loss           | 0.0133     |
----------------------------------------
---------------------------------------
| rollout/                |           |
|    ep_len_mean          | 58.5      |
|    ep_rew_mean          | -803      |
| time/                   |           |
|    fps                  | 878       |
|    iterations           | 4         |
|    time_elapsed         | 9         |
|    total_timesteps      | 216888    |
| train/                  |           |
|    approx_kl            | 0.3024897 |
|    clip_fraction        | 0.656     |
|    clip_range           | 0.2       |
|    entropy_loss         | -1.2      |
|    explained_variance   | 0.866     |
|    learning_rate        | 0.00025   |
|    loss                 | -0.09     |
|    n_updates            | 1990      |
|    policy_gradient_loss | -0.0753   |
|    std                  | 0.325     |
|    value_loss           | 0.0225    |
---------------------------------------
----------------------------------------
| rollout/                |            |
|    ep_len_mean          | 59.9       |
|    ep_rew_mean          | -814       |
| time/                   |            |
|    fps                  | 849        |
|    iterations           | 5          |
|    time_elapsed         | 12         |
|    total_timesteps      | 218936     |
| train/                  |            |
|    approx_kl            | 0.28489232 |
|    clip_fraction        | 0.644      |
|    clip_range           | 0.2        |
|    entropy_loss         | -1.17      |
|    explained_variance   | 0.821      |
|    learning_rate        | 0.00025    |
|    loss                 | -0.0932    |
|    n_updates            | 2000       |
|    policy_gradient_loss | -0.0615    |
|    std                  | 0.324      |
|    value_loss           | 0.0346     |
----------------------------------------
----------------------------------------
| rollout/                |            |
|    ep_len_mean          | 59.7       |
|    ep_rew_mean          | -812       |
| time/                   |            |
|    fps                  | 836        |
|    iterations           | 6          |
|    time_elapsed         | 14         |
|    total_timesteps      | 220984     |
| train/                  |            |
|    approx_kl            | 0.26996344 |
|    clip_fraction        | 0.618      |
|    clip_range           | 0.2        |
|    entropy_loss         | -1.14      |
|    explained_variance   | 0.824      |
|    learning_rate        | 0.00025    |
|    loss                 | -0.0808    |
|    n_updates            | 2010       |
|    policy_gradient_loss | -0.0529    |
|    std                  | 0.321      |
|    value_loss           | 0.0422     |
----------------------------------------
----------------------------------------
| rollout/                |            |
|    ep_len_mean          | 57         |
|    ep_rew_mean          | -767       |
| time/                   |            |
|    fps                  | 822        |
|    iterations           | 7          |
|    time_elapsed         | 17         |
|    total_timesteps      | 223032     |
| train/                  |            |
|    approx_kl            | 0.26452655 |
|    clip_fraction        | 0.638      |
|    clip_range           | 0.2        |
|    entropy_loss         | -1.1       |
|    explained_variance   | 0.826      |
|    learning_rate        | 0.00025    |
|    loss                 | -0.0962    |
|    n_updates            | 2020       |
|    policy_gradient_loss | -0.0621    |
|    std                  | 0.317      |
|    value_loss           | 0.0315     |
----------------------------------------
----------------------------------------
| rollout/                |            |
|    ep_len_mean          | 55.1       |
|    ep_rew_mean          | -741       |
| time/                   |            |
|    fps                  | 807        |
|    iterations           | 8          |
|    time_elapsed         | 20         |
|    total_timesteps      | 225080     |
| train/                  |            |
|    approx_kl            | 0.30396944 |
|    clip_fraction        | 0.643      |
|    clip_range           | 0.2        |
|    entropy_loss         | -1.04      |
|    explained_variance   | 0.838      |
|    learning_rate        | 0.00025    |
|    loss                 | -0.0469    |
|    n_updates            | 2030       |
|    policy_gradient_loss | -0.0537    |
|    std                  | 0.311      |
|    value_loss           | 0.0456     |
----------------------------------------
---------------------------------------
| rollout/                |           |
|    ep_len_mean          | 53.7      |
|    ep_rew_mean          | -722      |
| time/                   |           |
|    fps                  | 796       |
|    iterations           | 9         |
|    time_elapsed         | 23        |
|    total_timesteps      | 227128    |
| train/                  |           |
|    approx_kl            | 0.2685722 |
|    clip_fraction        | 0.627     |
|    clip_range           | 0.2       |
|    entropy_loss         | -0.964    |
|    explained_variance   | 0.838     |
|    learning_rate        | 0.00025   |
|    loss                 | -0.102    |
|    n_updates            | 2040      |
|    policy_gradient_loss | -0.0498   |
|    std                  | 0.306     |
|    value_loss           | 0.0337    |
---------------------------------------
----------------------------------------
| rollout/                |            |
|    ep_len_mean          | 53.1       |
|    ep_rew_mean          | -719       |
| time/                   |            |
|    fps                  | 782        |
|    iterations           | 10         |
|    time_elapsed         | 26         |
|    total_timesteps      | 229176     |
| train/                  |            |
|    approx_kl            | 0.29764843 |
|    clip_fraction        | 0.642      |
|    clip_range           | 0.2        |
|    entropy_loss         | -0.913     |
|    explained_variance   | 0.861      |
|    learning_rate        | 0.00025    |
|    loss                 | -0.0824    |
|    n_updates            | 2050       |
|    policy_gradient_loss | -0.0561    |
|    std                  | 0.303      |
|    value_loss           | 0.0302     |
----------------------------------------
---------------------------------------
| rollout/                |           |
|    ep_len_mean          | 54.7      |
|    ep_rew_mean          | -742      |
| time/                   |           |
|    fps                  | 782       |
|    iterations           | 11        |
|    time_elapsed         | 28        |
|    total_timesteps      | 231224    |
| train/                  |           |
|    approx_kl            | 0.3706173 |
|    clip_fraction        | 0.672     |
|    clip_range           | 0.2       |
|    entropy_loss         | -0.867    |
|    explained_variance   | 0.85      |
|    learning_rate        | 0.00025   |
|    loss                 | -0.0881   |
|    n_updates            | 2060      |
|    policy_gradient_loss | -0.051    |
|    std                  | 0.3       |
|    value_loss           | 0.0246    |
---------------------------------------
---------------------------------------
| rollout/                |           |
|    ep_len_mean          | 55.2      |
|    ep_rew_mean          | -750      |
| time/                   |           |
|    fps                  | 780       |
|    iterations           | 12        |
|    time_elapsed         | 31        |
|    total_timesteps      | 233272    |
| train/                  |           |
|    approx_kl            | 0.3186359 |
|    clip_fraction        | 0.66      |
|    clip_range           | 0.2       |
|    entropy_loss         | -0.827    |
|    explained_variance   | 0.839     |
|    learning_rate        | 0.00025   |
|    loss                 | -0.0536   |
|    n_updates            | 2070      |
|    policy_gradient_loss | -0.0538   |
|    std                  | 0.297     |
|    value_loss           | 0.0327    |
---------------------------------------
---------------------------------------
| rollout/                |           |
|    ep_len_mean          | 54.4      |
|    ep_rew_mean          | -735      |
| time/                   |           |
|    fps                  | 769       |
|    iterations           | 13        |
|    time_elapsed         | 34        |
|    total_timesteps      | 235320    |
| train/                  |           |
|    approx_kl            | 0.3458858 |
|    clip_fraction        | 0.659     |
|    clip_range           | 0.2       |
|    entropy_loss         | -0.782    |
|    explained_variance   | 0.845     |
|    learning_rate        | 0.00025   |
|    loss                 | -0.0683   |
|    n_updates            | 2080      |
|    policy_gradient_loss | -0.055    |
|    std                  | 0.292     |
|    value_loss           | 0.0422    |
---------------------------------------
----------------------------------------
| rollout/                |            |
|    ep_len_mean          | 58.7       |
|    ep_rew_mean          | -784       |
| time/                   |            |
|    fps                  | 767        |
|    iterations           | 14         |
|    time_elapsed         | 37         |
|    total_timesteps      | 237368     |
| train/                  |            |
|    approx_kl            | 0.34801054 |
|    clip_fraction        | 0.674      |
|    clip_range           | 0.2        |
|    entropy_loss         | -0.713     |
|    explained_variance   | 0.859      |
|    learning_rate        | 0.00025    |
|    loss                 | -0.0614    |
|    n_updates            | 2090       |
|    policy_gradient_loss | -0.0521    |
|    std                  | 0.288      |
|    value_loss           | 0.0278     |
----------------------------------------
---------------------------------------
| rollout/                |           |
|    ep_len_mean          | 57.4      |
|    ep_rew_mean          | -761      |
| time/                   |           |
|    fps                  | 765       |
|    iterations           | 15        |
|    time_elapsed         | 40        |
|    total_timesteps      | 239416    |
| train/                  |           |
|    approx_kl            | 0.3680873 |
|    clip_fraction        | 0.65      |
|    clip_range           | 0.2       |
|    entropy_loss         | -0.661    |
|    explained_variance   | 0.797     |
|    learning_rate        | 0.00025   |
|    loss                 | -0.099    |
|    n_updates            | 2100      |
|    policy_gradient_loss | -0.0578   |
|    std                  | 0.283     |
|    value_loss           | 0.019     |
---------------------------------------
---------------------------------------
| rollout/                |           |
|    ep_len_mean          | 55.9      |
|    ep_rew_mean          | -754      |
| time/                   |           |
|    fps                  | 767       |
|    iterations           | 16        |
|    time_elapsed         | 42        |
|    total_timesteps      | 241464    |
| train/                  |           |
|    approx_kl            | 0.3446625 |
|    clip_fraction        | 0.631     |
|    clip_range           | 0.2       |
|    entropy_loss         | -0.581    |
|    explained_variance   | 0.893     |
|    learning_rate        | 0.00025   |
|    loss                 | -0.0673   |
|    n_updates            | 2110      |
|    policy_gradient_loss | -0.0509   |
|    std                  | 0.277     |
|    value_loss           | 0.0215    |
---------------------------------------
---------------------------------------
| rollout/                |           |
|    ep_len_mean          | 54.6      |
|    ep_rew_mean          | -743      |
| time/                   |           |
|    fps                  | 767       |
|    iterations           | 17        |
|    time_elapsed         | 45        |
|    total_timesteps      | 243512    |
| train/                  |           |
|    approx_kl            | 0.4268174 |
|    clip_fraction        | 0.701     |
|    clip_range           | 0.2       |
|    entropy_loss         | -0.52     |
|    explained_variance   | 0.829     |
|    learning_rate        | 0.00025   |
|    loss                 | -0.0787   |
|    n_updates            | 2120      |
|    policy_gradient_loss | -0.0492   |
|    std                  | 0.276     |
|    value_loss           | 0.0449    |
---------------------------------------
---------------------------------------
| rollout/                |           |
|    ep_len_mean          | 55.2      |
|    ep_rew_mean          | -751      |
| time/                   |           |
|    fps                  | 769       |
|    iterations           | 18        |
|    time_elapsed         | 47        |
|    total_timesteps      | 245560    |
| train/                  |           |
|    approx_kl            | 0.4217764 |
|    clip_fraction        | 0.694     |
|    clip_range           | 0.2       |
|    entropy_loss         | -0.498    |
|    explained_variance   | 0.802     |
|    learning_rate        | 0.00025   |
|    loss                 | -0.0578   |
|    n_updates            | 2130      |
|    policy_gradient_loss | -0.0533   |
|    std                  | 0.273     |
|    value_loss           | 0.0338    |
---------------------------------------
----------------------------------------
| rollout/                |            |
|    ep_len_mean          | 51.6       |
|    ep_rew_mean          | -699       |
| time/                   |            |
|    fps                  | 771        |
|    iterations           | 19         |
|    time_elapsed         | 50         |
|    total_timesteps      | 247608     |
| train/                  |            |
|    approx_kl            | 0.40706873 |
|    clip_fraction        | 0.658      |
|    clip_range           | 0.2        |
|    entropy_loss         | -0.458     |
|    explained_variance   | 0.866      |
|    learning_rate        | 0.00025    |
|    loss                 | -0.0732    |
|    n_updates            | 2140       |
|    policy_gradient_loss | -0.0499    |
|    std                  | 0.272      |
|    value_loss           | 0.0252     |
----------------------------------------
----------------------------------------
| rollout/                |            |
|    ep_len_mean          | 51.6       |
|    ep_rew_mean          | -697       |
| time/                   |            |
|    fps                  | 769        |
|    iterations           | 20         |
|    time_elapsed         | 53         |
|    total_timesteps      | 249656     |
| train/                  |            |
|    approx_kl            | 0.38570967 |
|    clip_fraction        | 0.676      |
|    clip_range           | 0.2        |
|    entropy_loss         | -0.43      |
|    explained_variance   | 0.892      |
|    learning_rate        | 0.00025    |
|    loss                 | -0.0732    |
|    n_updates            | 2150       |
|    policy_gradient_loss | -0.0528    |
|    std                  | 0.269      |
|    value_loss           | 0.0237     |
----------------------------------------
----------------------------------------
| rollout/                |            |
|    ep_len_mean          | 49.4       |
|    ep_rew_mean          | -678       |
| time/                   |            |
|    fps                  | 768        |
|    iterations           | 21         |
|    time_elapsed         | 55         |
|    total_timesteps      | 251704     |
| train/                  |            |
|    approx_kl            | 0.31473714 |
|    clip_fraction        | 0.651      |
|    clip_range           | 0.2        |
|    entropy_loss         | -0.392     |
|    explained_variance   | 0.901      |
|    learning_rate        | 0.00025    |
|    loss                 | -0.078     |
|    n_updates            | 2160       |
|    policy_gradient_loss | -0.0483    |
|    std                  | 0.266      |
|    value_loss           | 0.00799    |
----------------------------------------
----------------------------------------
| rollout/                |            |
|    ep_len_mean          | 54.2       |
|    ep_rew_mean          | -763       |
| time/                   |            |
|    fps                  | 768        |
|    iterations           | 22         |
|    time_elapsed         | 58         |
|    total_timesteps      | 253752     |
| train/                  |            |
|    approx_kl            | 0.39573082 |
|    clip_fraction        | 0.682      |
|    clip_range           | 0.2        |
|    entropy_loss         | -0.349     |
|    explained_variance   | 0.89       |
|    learning_rate        | 0.00025    |
|    loss                 | -0.0563    |
|    n_updates            | 2170       |
|    policy_gradient_loss | -0.0504    |
|    std                  | 0.263      |
|    value_loss           | 0.0338     |
----------------------------------------
----------------------------------------
| rollout/                |            |
|    ep_len_mean          | 51         |
|    ep_rew_mean          | -720       |
| time/                   |            |
|    fps                  | 764        |
|    iterations           | 23         |
|    time_elapsed         | 61         |
|    total_timesteps      | 255800     |
| train/                  |            |
|    approx_kl            | 0.35880864 |
|    clip_fraction        | 0.679      |
|    clip_range           | 0.2        |
|    entropy_loss         | -0.294     |
|    explained_variance   | 0.831      |
|    learning_rate        | 0.00025    |
|    loss                 | -0.0262    |
|    n_updates            | 2180       |
|    policy_gradient_loss | -0.053     |
|    std                  | 0.26       |
|    value_loss           | 0.0652     |
----------------------------------------
----------------------------------------
| rollout/                |            |
|    ep_len_mean          | 49.8       |
|    ep_rew_mean          | -693       |
| time/                   |            |
|    fps                  | 756        |
|    iterations           | 24         |
|    time_elapsed         | 64         |
|    total_timesteps      | 257848     |
| train/                  |            |
|    approx_kl            | 0.51824164 |
|    clip_fraction        | 0.697      |
|    clip_range           | 0.2        |
|    entropy_loss         | -0.234     |
|    explained_variance   | 0.865      |
|    learning_rate        | 0.00025    |
|    loss                 | -0.0645    |
|    n_updates            | 2190       |
|    policy_gradient_loss | -0.0362    |
|    std                  | 0.256      |
|    value_loss           | 0.0263     |
----------------------------------------
--------------------------------------
| rollout/                |          |
|    ep_len_mean          | 48.2     |
|    ep_rew_mean          | -655     |
| time/                   |          |
|    fps                  | 754      |
|    iterations           | 25       |
|    time_elapsed         | 67       |
|    total_timesteps      | 259896   |
| train/                  |          |
|    approx_kl            | 0.446979 |
|    clip_fraction        | 0.704    |
|    clip_range           | 0.2      |
|    entropy_loss         | -0.184   |
|    explained_variance   | 0.882    |
|    learning_rate        | 0.00025  |
|    loss                 | -0.0801  |
|    n_updates            | 2200     |
|    policy_gradient_loss | -0.0459  |
|    std                  | 0.253    |
|    value_loss           | 0.0194   |
--------------------------------------
---------------------------------------
| rollout/                |           |
|    ep_len_mean          | 48.4      |
|    ep_rew_mean          | -655      |
| time/                   |           |
|    fps                  | 757       |
|    iterations           | 26        |
|    time_elapsed         | 70        |
|    total_timesteps      | 261944    |
| train/                  |           |
|    approx_kl            | 0.4283884 |
|    clip_fraction        | 0.69      |
|    clip_range           | 0.2       |
|    entropy_loss         | -0.152    |
|    explained_variance   | 0.912     |
|    learning_rate        | 0.00025   |
|    loss                 | -0.0543   |
|    n_updates            | 2210      |
|    policy_gradient_loss | -0.045    |
|    std                  | 0.251     |
|    value_loss           | 0.00896   |
---------------------------------------
---------------------------------------
| rollout/                |           |
|    ep_len_mean          | 48.1      |
|    ep_rew_mean          | -647      |
| time/                   |           |
|    fps                  | 752       |
|    iterations           | 27        |
|    time_elapsed         | 73        |
|    total_timesteps      | 263992    |
| train/                  |           |
|    approx_kl            | 0.3730463 |
|    clip_fraction        | 0.671     |
|    clip_range           | 0.2       |
|    entropy_loss         | -0.123    |
|    explained_variance   | 0.761     |
|    learning_rate        | 0.00025   |
|    loss                 | -0.037    |
|    n_updates            | 2220      |
|    policy_gradient_loss | -0.0442   |
|    std                  | 0.249     |
|    value_loss           | 0.0395    |
---------------------------------------
----------------------------------------
| rollout/                |            |
|    ep_len_mean          | 50.1       |
|    ep_rew_mean          | -674       |
| time/                   |            |
|    fps                  | 756        |
|    iterations           | 28         |
|    time_elapsed         | 75         |
|    total_timesteps      | 266040     |
| train/                  |            |
|    approx_kl            | 0.43148345 |
|    clip_fraction        | 0.692      |
|    clip_range           | 0.2        |
|    entropy_loss         | -0.0865    |
|    explained_variance   | 0.882      |
|    learning_rate        | 0.00025    |
|    loss                 | -0.0942    |
|    n_updates            | 2230       |
|    policy_gradient_loss | -0.0472    |
|    std                  | 0.247      |
|    value_loss           | 0.0228     |
----------------------------------------
---------------------------------------
| rollout/                |           |
|    ep_len_mean          | 53.4      |
|    ep_rew_mean          | -712      |
| time/                   |           |
|    fps                  | 760       |
|    iterations           | 29        |
|    time_elapsed         | 78        |
|    total_timesteps      | 268088    |
| train/                  |           |
|    approx_kl            | 0.4055647 |
|    clip_fraction        | 0.673     |
|    clip_range           | 0.2       |
|    entropy_loss         | -0.0473   |
|    explained_variance   | 0.842     |
|    learning_rate        | 0.00025   |
|    loss                 | -0.0513   |
|    n_updates            | 2240      |
|    policy_gradient_loss | -0.0427   |
|    std                  | 0.244     |
|    value_loss           | 0.0247    |
---------------------------------------
---------------------------------------
| rollout/                |           |
|    ep_len_mean          | 57.3      |
|    ep_rew_mean          | -765      |
| time/                   |           |
|    fps                  | 764       |
|    iterations           | 30        |
|    time_elapsed         | 80        |
|    total_timesteps      | 270136    |
| train/                  |           |
|    approx_kl            | 0.4170779 |
|    clip_fraction        | 0.683     |
|    clip_range           | 0.2       |
|    entropy_loss         | -0.00753  |
|    explained_variance   | 0.845     |
|    learning_rate        | 0.00025   |
|    loss                 | -0.0569   |
|    n_updates            | 2250      |
|    policy_gradient_loss | -0.046    |
|    std                  | 0.242     |
|    value_loss           | 0.0185    |
---------------------------------------
---------------------------------------
| rollout/                |           |
|    ep_len_mean          | 51.6      |
|    ep_rew_mean          | -696      |
| time/                   |           |
|    fps                  | 764       |
|    iterations           | 31        |
|    time_elapsed         | 83        |
|    total_timesteps      | 272184    |
| train/                  |           |
|    approx_kl            | 0.3760048 |
|    clip_fraction        | 0.687     |
|    clip_range           | 0.2       |
|    entropy_loss         | 0.0456    |
|    explained_variance   | 0.871     |
|    learning_rate        | 0.00025   |
|    loss                 | -0.0773   |
|    n_updates            | 2260      |
|    policy_gradient_loss | -0.0414   |
|    std                  | 0.239     |
|    value_loss           | 0.0199    |
---------------------------------------
----------------------------------------
| rollout/                |            |
|    ep_len_mean          | 48.1       |
|    ep_rew_mean          | -647       |
| time/                   |            |
|    fps                  | 763        |
|    iterations           | 32         |
|    time_elapsed         | 85         |
|    total_timesteps      | 274232     |
| train/                  |            |
|    approx_kl            | 0.59442693 |
|    clip_fraction        | 0.727      |
|    clip_range           | 0.2        |
|    entropy_loss         | 0.0709     |
|    explained_variance   | 0.907      |
|    learning_rate        | 0.00025    |
|    loss                 | -0.063     |
|    n_updates            | 2270       |
|    policy_gradient_loss | -0.0391    |
|    std                  | 0.239      |
|    value_loss           | 0.00962    |
----------------------------------------
----------------------------------------
| rollout/                |            |
|    ep_len_mean          | 46.9       |
|    ep_rew_mean          | -640       |
| time/                   |            |
|    fps                  | 762        |
|    iterations           | 33         |
|    time_elapsed         | 88         |
|    total_timesteps      | 276280     |
| train/                  |            |
|    approx_kl            | 0.38903996 |
|    clip_fraction        | 0.677      |
|    clip_range           | 0.2        |
|    entropy_loss         | 0.0768     |
|    explained_variance   | 0.872      |
|    learning_rate        | 0.00025    |
|    loss                 | -0.086     |
|    n_updates            | 2280       |
|    policy_gradient_loss | -0.0395    |
|    std                  | 0.237      |
|    value_loss           | 0.0333     |
----------------------------------------
----------------------------------------
| rollout/                |            |
|    ep_len_mean          | 46.4       |
|    ep_rew_mean          | -636       |
| time/                   |            |
|    fps                  | 763        |
|    iterations           | 34         |
|    time_elapsed         | 91         |
|    total_timesteps      | 278328     |
| train/                  |            |
|    approx_kl            | 0.36867926 |
|    clip_fraction        | 0.681      |
|    clip_range           | 0.2        |
|    entropy_loss         | 0.116      |
|    explained_variance   | 0.93       |
|    learning_rate        | 0.00025    |
|    loss                 | -0.0584    |
|    n_updates            | 2290       |
|    policy_gradient_loss | -0.0437    |
|    std                  | 0.234      |
|    value_loss           | 0.0106     |
----------------------------------------
----------------------------------------
| rollout/                |            |
|    ep_len_mean          | 49.5       |
|    ep_rew_mean          | -671       |
| time/                   |            |
|    fps                  | 761        |
|    iterations           | 35         |
|    time_elapsed         | 94         |
|    total_timesteps      | 280376     |
| train/                  |            |
|    approx_kl            | 0.46114162 |
|    clip_fraction        | 0.72       |
|    clip_range           | 0.2        |
|    entropy_loss         | 0.152      |
|    explained_variance   | 0.882      |
|    learning_rate        | 0.00025    |
|    loss                 | -0.053     |
|    n_updates            | 2300       |
|    policy_gradient_loss | -0.0365    |
|    std                  | 0.232      |
|    value_loss           | 0.0311     |
----------------------------------------
saved model to RL\KNP\sb3_ppo_curriculum_policy_human_like_phase_refined.zip
saved vecnormalize to RL\KNP\sb3_ppo_curriculum_phase_refined_vecnormalize.pkl
