---------------------------------
| rollout/           |          |
|    ep_len_mean     | 60.1     |
|    ep_rew_mean     | -529     |
| time/              |          |
|    fps             | 1670     |
|    iterations      | 1        |
|    time_elapsed    | 1        |
|    total_timesteps | 267384   |
---------------------------------
----------------------------------------
| rollout/                |            |
|    ep_len_mean          | 57.3       |
|    ep_rew_mean          | -471       |
| time/                   |            |
|    fps                  | 985        |
|    iterations           | 2          |
|    time_elapsed         | 4          |
|    total_timesteps      | 269432     |
| train/                  |            |
|    approx_kl            | 0.09368767 |
|    clip_fraction        | 0.46       |
|    clip_range           | 0.2        |
|    entropy_loss         | -0.253     |
|    explained_variance   | -1.1       |
|    learning_rate        | 8e-05      |
|    loss                 | -0.106     |
|    n_updates            | 2240       |
|    policy_gradient_loss | -0.0496    |
|    std                  | 0.259      |
|    value_loss           | 0.0133     |
----------------------------------------
----------------------------------------
| rollout/                |            |
|    ep_len_mean          | 56.4       |
|    ep_rew_mean          | -446       |
| time/                   |            |
|    fps                  | 962        |
|    iterations           | 3          |
|    time_elapsed         | 6          |
|    total_timesteps      | 271480     |
| train/                  |            |
|    approx_kl            | 0.07981009 |
|    clip_fraction        | 0.43       |
|    clip_range           | 0.2        |
|    entropy_loss         | -0.264     |
|    explained_variance   | -0.265     |
|    learning_rate        | 8e-05      |
|    loss                 | -0.0992    |
|    n_updates            | 2250       |
|    policy_gradient_loss | -0.0584    |
|    std                  | 0.259      |
|    value_loss           | 0.00803    |
----------------------------------------
---------------------------------
| rollout/           |          |
|    ep_len_mean     | 56.8     |
|    ep_rew_mean     | -665     |
| time/              |          |
|    fps             | 1804     |
|    iterations      | 1        |
|    time_elapsed    | 1        |
|    total_timesteps | 273528   |
---------------------------------
-----------------------------------------
| rollout/                |             |
|    ep_len_mean          | 57.5        |
|    ep_rew_mean          | -942        |
| time/                   |             |
|    fps                  | 1170        |
|    iterations           | 2           |
|    time_elapsed         | 3           |
|    total_timesteps      | 275576      |
| train/                  |             |
|    approx_kl            | 0.078736484 |
|    clip_fraction        | 0.47        |
|    clip_range           | 0.2         |
|    entropy_loss         | -0.285      |
|    explained_variance   | 0.564       |
|    learning_rate        | 8e-05       |
|    loss                 | -0.127      |
|    n_updates            | 2270        |
|    policy_gradient_loss | -0.088      |
|    std                  | 0.261       |
|    value_loss           | 0.04        |
-----------------------------------------
----------------------------------------
| rollout/                |            |
|    ep_len_mean          | 59.3       |
|    ep_rew_mean          | -1.21e+03  |
| time/                   |            |
|    fps                  | 981        |
|    iterations           | 3          |
|    time_elapsed         | 6          |
|    total_timesteps      | 277624     |
| train/                  |            |
|    approx_kl            | 0.07878713 |
|    clip_fraction        | 0.469      |
|    clip_range           | 0.2        |
|    entropy_loss         | -0.291     |
|    explained_variance   | 0.779      |
|    learning_rate        | 8e-05      |
|    loss                 | -0.126     |
|    n_updates            | 2280       |
|    policy_gradient_loss | -0.0899    |
|    std                  | 0.261      |
|    value_loss           | 0.0519     |
----------------------------------------
-----------------------------------------
| rollout/                |             |
|    ep_len_mean          | 54.8        |
|    ep_rew_mean          | -1.13e+03   |
| time/                   |             |
|    fps                  | 950         |
|    iterations           | 4           |
|    time_elapsed         | 8           |
|    total_timesteps      | 279672      |
| train/                  |             |
|    approx_kl            | 0.072334684 |
|    clip_fraction        | 0.437       |
|    clip_range           | 0.2         |
|    entropy_loss         | -0.305      |
|    explained_variance   | 0.839       |
|    learning_rate        | 8e-05       |
|    loss                 | -0.104      |
|    n_updates            | 2290        |
|    policy_gradient_loss | -0.0793     |
|    std                  | 0.262       |
|    value_loss           | 0.0477      |
-----------------------------------------
----------------------------------------
| rollout/                |            |
|    ep_len_mean          | 55.1       |
|    ep_rew_mean          | -1.15e+03  |
| time/                   |            |
|    fps                  | 935        |
|    iterations           | 5          |
|    time_elapsed         | 10         |
|    total_timesteps      | 281720     |
| train/                  |            |
|    approx_kl            | 0.06834076 |
|    clip_fraction        | 0.434      |
|    clip_range           | 0.2        |
|    entropy_loss         | -0.32      |
|    explained_variance   | 0.911      |
|    learning_rate        | 8e-05      |
|    loss                 | -0.0944    |
|    n_updates            | 2300       |
|    policy_gradient_loss | -0.0736    |
|    std                  | 0.263      |
|    value_loss           | 0.0331     |
----------------------------------------
----------------------------------------
| rollout/                |            |
|    ep_len_mean          | 54.3       |
|    ep_rew_mean          | -1.12e+03  |
| time/                   |            |
|    fps                  | 932        |
|    iterations           | 6          |
|    time_elapsed         | 13         |
|    total_timesteps      | 283768     |
| train/                  |            |
|    approx_kl            | 0.07217235 |
|    clip_fraction        | 0.429      |
|    clip_range           | 0.2        |
|    entropy_loss         | -0.335     |
|    explained_variance   | 0.862      |
|    learning_rate        | 8e-05      |
|    loss                 | -0.0959    |
|    n_updates            | 2310       |
|    policy_gradient_loss | -0.0713    |
|    std                  | 0.264      |
|    value_loss           | 0.0786     |
----------------------------------------
---------------------------------------
| rollout/                |           |
|    ep_len_mean          | 56.6      |
|    ep_rew_mean          | -1.17e+03 |
| time/                   |           |
|    fps                  | 913       |
|    iterations           | 7         |
|    time_elapsed         | 15        |
|    total_timesteps      | 285816    |
| train/                  |           |
|    approx_kl            | 0.060318  |
|    clip_fraction        | 0.415     |
|    clip_range           | 0.2       |
|    entropy_loss         | -0.352    |
|    explained_variance   | 0.826     |
|    learning_rate        | 8e-05     |
|    loss                 | -0.0851   |
|    n_updates            | 2320      |
|    policy_gradient_loss | -0.0689   |
|    std                  | 0.265     |
|    value_loss           | 0.0785    |
---------------------------------------
-----------------------------------------
| rollout/                |             |
|    ep_len_mean          | 53.5        |
|    ep_rew_mean          | -1.11e+03   |
| time/                   |             |
|    fps                  | 868         |
|    iterations           | 8           |
|    time_elapsed         | 18          |
|    total_timesteps      | 287864      |
| train/                  |             |
|    approx_kl            | 0.074453324 |
|    clip_fraction        | 0.435       |
|    clip_range           | 0.2         |
|    entropy_loss         | -0.381      |
|    explained_variance   | 0.878       |
|    learning_rate        | 8e-05       |
|    loss                 | -0.109      |
|    n_updates            | 2330        |
|    policy_gradient_loss | -0.0693     |
|    std                  | 0.269       |
|    value_loss           | 0.0613      |
-----------------------------------------
----------------------------------
| rollout/           |           |
|    ep_len_mean     | 59.8      |
|    ep_rew_mean     | -1.02e+03 |
| time/              |           |
|    fps             | 1727      |
|    iterations      | 1         |
|    time_elapsed    | 1         |
|    total_timesteps | 289912    |
----------------------------------
-----------------------------------------
| rollout/                |             |
|    ep_len_mean          | 57.9        |
|    ep_rew_mean          | -747        |
| time/                   |             |
|    fps                  | 1176        |
|    iterations           | 2           |
|    time_elapsed         | 3           |
|    total_timesteps      | 291960      |
| train/                  |             |
|    approx_kl            | 0.075401716 |
|    clip_fraction        | 0.434       |
|    clip_range           | 0.2         |
|    entropy_loss         | -0.43       |
|    explained_variance   | 0.74        |
|    learning_rate        | 8e-05       |
|    loss                 | -0.124      |
|    n_updates            | 2350        |
|    policy_gradient_loss | -0.0767     |
|    std                  | 0.27        |
|    value_loss           | 0.0649      |
-----------------------------------------
----------------------------------------
| rollout/                |            |
|    ep_len_mean          | 52.9       |
|    ep_rew_mean          | -501       |
| time/                   |            |
|    fps                  | 1061       |
|    iterations           | 3          |
|    time_elapsed         | 5          |
|    total_timesteps      | 294008     |
| train/                  |            |
|    approx_kl            | 0.07930772 |
|    clip_fraction        | 0.447      |
|    clip_range           | 0.2        |
|    entropy_loss         | -0.435     |
|    explained_variance   | 0.862      |
|    learning_rate        | 8e-05      |
|    loss                 | -0.114     |
|    n_updates            | 2360       |
|    policy_gradient_loss | -0.0825    |
|    std                  | 0.271      |
|    value_loss           | 0.0242     |
----------------------------------------
----------------------------------------
| rollout/                |            |
|    ep_len_mean          | 50.3       |
|    ep_rew_mean          | -477       |
| time/                   |            |
|    fps                  | 983        |
|    iterations           | 4          |
|    time_elapsed         | 8          |
|    total_timesteps      | 296056     |
| train/                  |            |
|    approx_kl            | 0.06976329 |
|    clip_fraction        | 0.432      |
|    clip_range           | 0.2        |
|    entropy_loss         | -0.442     |
|    explained_variance   | 0.859      |
|    learning_rate        | 8e-05      |
|    loss                 | -0.118     |
|    n_updates            | 2370       |
|    policy_gradient_loss | -0.075     |
|    std                  | 0.271      |
|    value_loss           | 0.0201     |
----------------------------------------
---------------------------------------
| rollout/                |           |
|    ep_len_mean          | 53        |
|    ep_rew_mean          | -500      |
| time/                   |           |
|    fps                  | 949       |
|    iterations           | 5         |
|    time_elapsed         | 10        |
|    total_timesteps      | 298104    |
| train/                  |           |
|    approx_kl            | 0.0773825 |
|    clip_fraction        | 0.444     |
|    clip_range           | 0.2       |
|    entropy_loss         | -0.451    |
|    explained_variance   | 0.845     |
|    learning_rate        | 8e-05     |
|    loss                 | -0.109    |
|    n_updates            | 2380      |
|    policy_gradient_loss | -0.0709   |
|    std                  | 0.272     |
|    value_loss           | 0.0145    |
---------------------------------------
----------------------------------------
| rollout/                |            |
|    ep_len_mean          | 54         |
|    ep_rew_mean          | -507       |
| time/                   |            |
|    fps                  | 936        |
|    iterations           | 6          |
|    time_elapsed         | 13         |
|    total_timesteps      | 300152     |
| train/                  |            |
|    approx_kl            | 0.06166181 |
|    clip_fraction        | 0.409      |
|    clip_range           | 0.2        |
|    entropy_loss         | -0.47      |
|    explained_variance   | 0.873      |
|    learning_rate        | 8e-05      |
|    loss                 | -0.102     |
|    n_updates            | 2390       |
|    policy_gradient_loss | -0.0693    |
|    std                  | 0.273      |
|    value_loss           | 0.0126     |
----------------------------------------
---------------------------------------
| rollout/                |           |
|    ep_len_mean          | 59.8      |
|    ep_rew_mean          | -560      |
| time/                   |           |
|    fps                  | 895       |
|    iterations           | 7         |
|    time_elapsed         | 16        |
|    total_timesteps      | 302200    |
| train/                  |           |
|    approx_kl            | 0.0697905 |
|    clip_fraction        | 0.432     |
|    clip_range           | 0.2       |
|    entropy_loss         | -0.491    |
|    explained_variance   | 0.892     |
|    learning_rate        | 8e-05     |
|    loss                 | -0.112    |
|    n_updates            | 2400      |
|    policy_gradient_loss | -0.0706   |
|    std                  | 0.275     |
|    value_loss           | 0.0112    |
---------------------------------------
----------------------------------------
| rollout/                |            |
|    ep_len_mean          | 58.5       |
|    ep_rew_mean          | -554       |
| time/                   |            |
|    fps                  | 887        |
|    iterations           | 8          |
|    time_elapsed         | 18         |
|    total_timesteps      | 304248     |
| train/                  |            |
|    approx_kl            | 0.06912115 |
|    clip_fraction        | 0.425      |
|    clip_range           | 0.2        |
|    entropy_loss         | -0.515     |
|    explained_variance   | 0.857      |
|    learning_rate        | 8e-05      |
|    loss                 | -0.106     |
|    n_updates            | 2410       |
|    policy_gradient_loss | -0.0722    |
|    std                  | 0.277      |
|    value_loss           | 0.0146     |
----------------------------------------
[long-eval] new best min_robot_dx=-0.205 saved to RL\KNP\sb3_ppo_curriculum_best_long_human_like_phase_refined3.zip
----------------------------------------
| rollout/                |            |
|    ep_len_mean          | 56.8       |
|    ep_rew_mean          | -545       |
| time/                   |            |
|    fps                  | 880        |
|    iterations           | 9          |
|    time_elapsed         | 20         |
|    total_timesteps      | 306296     |
| train/                  |            |
|    approx_kl            | 0.07063472 |
|    clip_fraction        | 0.433      |
|    clip_range           | 0.2        |
|    entropy_loss         | -0.534     |
|    explained_variance   | 0.892      |
|    learning_rate        | 8e-05      |
|    loss                 | -0.097     |
|    n_updates            | 2420       |
|    policy_gradient_loss | -0.0738    |
|    std                  | 0.278      |
|    value_loss           | 0.01       |
----------------------------------------
----------------------------------------
| rollout/                |            |
|    ep_len_mean          | 51         |
|    ep_rew_mean          | -493       |
| time/                   |            |
|    fps                  | 873        |
|    iterations           | 10         |
|    time_elapsed         | 23         |
|    total_timesteps      | 308344     |
| train/                  |            |
|    approx_kl            | 0.06310518 |
|    clip_fraction        | 0.422      |
|    clip_range           | 0.2        |
|    entropy_loss         | -0.555     |
|    explained_variance   | 0.899      |
|    learning_rate        | 8e-05      |
|    loss                 | -0.103     |
|    n_updates            | 2430       |
|    policy_gradient_loss | -0.0668    |
|    std                  | 0.28       |
|    value_loss           | 0.0101     |
----------------------------------------
----------------------------------------
| rollout/                |            |
|    ep_len_mean          | 50.5       |
|    ep_rew_mean          | -485       |
| time/                   |            |
|    fps                  | 875        |
|    iterations           | 11         |
|    time_elapsed         | 25         |
|    total_timesteps      | 310392     |
| train/                  |            |
|    approx_kl            | 0.07146491 |
|    clip_fraction        | 0.409      |
|    clip_range           | 0.2        |
|    entropy_loss         | -0.582     |
|    explained_variance   | 0.889      |
|    learning_rate        | 8e-05      |
|    loss                 | -0.0973    |
|    n_updates            | 2440       |
|    policy_gradient_loss | -0.0623    |
|    std                  | 0.281      |
|    value_loss           | 0.0114     |
----------------------------------------
----------------------------------------
| rollout/                |            |
|    ep_len_mean          | 52.8       |
|    ep_rew_mean          | -509       |
| time/                   |            |
|    fps                  | 876        |
|    iterations           | 12         |
|    time_elapsed         | 28         |
|    total_timesteps      | 312440     |
| train/                  |            |
|    approx_kl            | 0.06652738 |
|    clip_fraction        | 0.418      |
|    clip_range           | 0.2        |
|    entropy_loss         | -0.606     |
|    explained_variance   | 0.901      |
|    learning_rate        | 8e-05      |
|    loss                 | -0.114     |
|    n_updates            | 2450       |
|    policy_gradient_loss | -0.0693    |
|    std                  | 0.283      |
|    value_loss           | 0.0118     |
----------------------------------------
----------------------------------------
| rollout/                |            |
|    ep_len_mean          | 51.3       |
|    ep_rew_mean          | -496       |
| time/                   |            |
|    fps                  | 869        |
|    iterations           | 13         |
|    time_elapsed         | 30         |
|    total_timesteps      | 314488     |
| train/                  |            |
|    approx_kl            | 0.06488133 |
|    clip_fraction        | 0.418      |
|    clip_range           | 0.2        |
|    entropy_loss         | -0.628     |
|    explained_variance   | 0.898      |
|    learning_rate        | 8e-05      |
|    loss                 | -0.12      |
|    n_updates            | 2460       |
|    policy_gradient_loss | -0.0744    |
|    std                  | 0.284      |
|    value_loss           | 0.00886    |
----------------------------------------
----------------------------------------
| rollout/                |            |
|    ep_len_mean          | 52         |
|    ep_rew_mean          | -499       |
| time/                   |            |
|    fps                  | 854        |
|    iterations           | 14         |
|    time_elapsed         | 33         |
|    total_timesteps      | 316536     |
| train/                  |            |
|    approx_kl            | 0.06544908 |
|    clip_fraction        | 0.402      |
|    clip_range           | 0.2        |
|    entropy_loss         | -0.648     |
|    explained_variance   | 0.84       |
|    learning_rate        | 8e-05      |
|    loss                 | -0.12      |
|    n_updates            | 2470       |
|    policy_gradient_loss | -0.0632    |
|    std                  | 0.286      |
|    value_loss           | 0.0142     |
----------------------------------------
----------------------------------------
| rollout/                |            |
|    ep_len_mean          | 53.3       |
|    ep_rew_mean          | -513       |
| time/                   |            |
|    fps                  | 854        |
|    iterations           | 15         |
|    time_elapsed         | 35         |
|    total_timesteps      | 318584     |
| train/                  |            |
|    approx_kl            | 0.06415996 |
|    clip_fraction        | 0.397      |
|    clip_range           | 0.2        |
|    entropy_loss         | -0.67      |
|    explained_variance   | 0.859      |
|    learning_rate        | 8e-05      |
|    loss                 | -0.0993    |
|    n_updates            | 2480       |
|    policy_gradient_loss | -0.0656    |
|    std                  | 0.287      |
|    value_loss           | 0.0163     |
----------------------------------------
---------------------------------
| rollout/           |          |
|    ep_len_mean     | 54.1     |
|    ep_rew_mean     | -515     |
| time/              |          |
|    fps             | 1658     |
|    iterations      | 1        |
|    time_elapsed    | 1        |
|    total_timesteps | 320632   |
---------------------------------
-----------------------------------------
| rollout/                |             |
|    ep_len_mean          | 58.9        |
|    ep_rew_mean          | -556        |
| time/                   |             |
|    fps                  | 1106        |
|    iterations           | 2           |
|    time_elapsed         | 3           |
|    total_timesteps      | 322680      |
| train/                  |             |
|    approx_kl            | 0.061854634 |
|    clip_fraction        | 0.428       |
|    clip_range           | 0.2         |
|    entropy_loss         | -0.7        |
|    explained_variance   | 0.842       |
|    learning_rate        | 8e-05       |
|    loss                 | -0.118      |
|    n_updates            | 2500        |
|    policy_gradient_loss | -0.0756     |
|    std                  | 0.289       |
|    value_loss           | 0.00976     |
-----------------------------------------
---------------------------------------
| rollout/                |           |
|    ep_len_mean          | 55.2      |
|    ep_rew_mean          | -524      |
| time/                   |           |
|    fps                  | 1024      |
|    iterations           | 3         |
|    time_elapsed         | 5         |
|    total_timesteps      | 324728    |
| train/                  |           |
|    approx_kl            | 0.0722194 |
|    clip_fraction        | 0.43      |
|    clip_range           | 0.2       |
|    entropy_loss         | -0.71     |
|    explained_variance   | 0.892     |
|    learning_rate        | 8e-05     |
|    loss                 | -0.125    |
|    n_updates            | 2510      |
|    policy_gradient_loss | -0.0768   |
|    std                  | 0.291     |
|    value_loss           | 0.00854   |
---------------------------------------
----------------------------------------
| rollout/                |            |
|    ep_len_mean          | 53         |
|    ep_rew_mean          | -508       |
| time/                   |            |
|    fps                  | 985        |
|    iterations           | 4          |
|    time_elapsed         | 8          |
|    total_timesteps      | 326776     |
| train/                  |            |
|    approx_kl            | 0.07297875 |
|    clip_fraction        | 0.423      |
|    clip_range           | 0.2        |
|    entropy_loss         | -0.733     |
|    explained_variance   | 0.914      |
|    learning_rate        | 8e-05      |
|    loss                 | -0.107     |
|    n_updates            | 2520       |
|    policy_gradient_loss | -0.0635    |
|    std                  | 0.292      |
|    value_loss           | 0.00997    |
----------------------------------------
-----------------------------------------
| rollout/                |             |
|    ep_len_mean          | 53          |
|    ep_rew_mean          | -515        |
| time/                   |             |
|    fps                  | 960         |
|    iterations           | 5           |
|    time_elapsed         | 10          |
|    total_timesteps      | 328824      |
| train/                  |             |
|    approx_kl            | 0.062202517 |
|    clip_fraction        | 0.414       |
|    clip_range           | 0.2         |
|    entropy_loss         | -0.756      |
|    explained_variance   | 0.874       |
|    learning_rate        | 8e-05       |
|    loss                 | -0.126      |
|    n_updates            | 2530        |
|    policy_gradient_loss | -0.0612     |
|    std                  | 0.294       |
|    value_loss           | 0.0108      |
-----------------------------------------
----------------------------------------
| rollout/                |            |
|    ep_len_mean          | 56.1       |
|    ep_rew_mean          | -539       |
| time/                   |            |
|    fps                  | 929        |
|    iterations           | 6          |
|    time_elapsed         | 13         |
|    total_timesteps      | 330872     |
| train/                  |            |
|    approx_kl            | 0.06191897 |
|    clip_fraction        | 0.404      |
|    clip_range           | 0.2        |
|    entropy_loss         | -0.784     |
|    explained_variance   | 0.875      |
|    learning_rate        | 8e-05      |
|    loss                 | -0.109     |
|    n_updates            | 2540       |
|    policy_gradient_loss | -0.0677    |
|    std                  | 0.296      |
|    value_loss           | 0.0152     |
----------------------------------------
----------------------------------------
| rollout/                |            |
|    ep_len_mean          | 56.4       |
|    ep_rew_mean          | -538       |
| time/                   |            |
|    fps                  | 908        |
|    iterations           | 7          |
|    time_elapsed         | 15         |
|    total_timesteps      | 332920     |
| train/                  |            |
|    approx_kl            | 0.05845539 |
|    clip_fraction        | 0.383      |
|    clip_range           | 0.2        |
|    entropy_loss         | -0.804     |
|    explained_variance   | 0.866      |
|    learning_rate        | 8e-05      |
|    loss                 | -0.119     |
|    n_updates            | 2550       |
|    policy_gradient_loss | -0.0715    |
|    std                  | 0.297      |
|    value_loss           | 0.012      |
----------------------------------------
-----------------------------------------
| rollout/                |             |
|    ep_len_mean          | 54.6        |
|    ep_rew_mean          | -519        |
| time/                   |             |
|    fps                  | 908         |
|    iterations           | 8           |
|    time_elapsed         | 18          |
|    total_timesteps      | 334968      |
| train/                  |             |
|    approx_kl            | 0.064257644 |
|    clip_fraction        | 0.391       |
|    clip_range           | 0.2         |
|    entropy_loss         | -0.816      |
|    explained_variance   | 0.879       |
|    learning_rate        | 8e-05       |
|    loss                 | -0.106      |
|    n_updates            | 2560        |
|    policy_gradient_loss | -0.0634     |
|    std                  | 0.298       |
|    value_loss           | 0.00809     |
-----------------------------------------
----------------------------------------
| rollout/                |            |
|    ep_len_mean          | 54.4       |
|    ep_rew_mean          | -515       |
| time/                   |            |
|    fps                  | 896        |
|    iterations           | 9          |
|    time_elapsed         | 20         |
|    total_timesteps      | 337016     |
| train/                  |            |
|    approx_kl            | 0.06315869 |
|    clip_fraction        | 0.416      |
|    clip_range           | 0.2        |
|    entropy_loss         | -0.839     |
|    explained_variance   | 0.896      |
|    learning_rate        | 8e-05      |
|    loss                 | -0.123     |
|    n_updates            | 2570       |
|    policy_gradient_loss | -0.0703    |
|    std                  | 0.3        |
|    value_loss           | 0.0118     |
----------------------------------------
----------------------------------------
| rollout/                |            |
|    ep_len_mean          | 55.2       |
|    ep_rew_mean          | -521       |
| time/                   |            |
|    fps                  | 882        |
|    iterations           | 10         |
|    time_elapsed         | 23         |
|    total_timesteps      | 339064     |
| train/                  |            |
|    approx_kl            | 0.06238109 |
|    clip_fraction        | 0.408      |
|    clip_range           | 0.2        |
|    entropy_loss         | -0.861     |
|    explained_variance   | 0.856      |
|    learning_rate        | 8e-05      |
|    loss                 | -0.122     |
|    n_updates            | 2580       |
|    policy_gradient_loss | -0.076     |
|    std                  | 0.301      |
|    value_loss           | 0.0133     |
----------------------------------------
-----------------------------------------
| rollout/                |             |
|    ep_len_mean          | 57.3        |
|    ep_rew_mean          | -541        |
| time/                   |             |
|    fps                  | 863         |
|    iterations           | 11          |
|    time_elapsed         | 26          |
|    total_timesteps      | 341112      |
| train/                  |             |
|    approx_kl            | 0.059648484 |
|    clip_fraction        | 0.382       |
|    clip_range           | 0.2         |
|    entropy_loss         | -0.874      |
|    explained_variance   | 0.92        |
|    learning_rate        | 8e-05       |
|    loss                 | -0.124      |
|    n_updates            | 2590        |
|    policy_gradient_loss | -0.0661     |
|    std                  | 0.302       |
|    value_loss           | 0.0107      |
-----------------------------------------
----------------------------------------
| rollout/                |            |
|    ep_len_mean          | 55.2       |
|    ep_rew_mean          | -522       |
| time/                   |            |
|    fps                  | 853        |
|    iterations           | 12         |
|    time_elapsed         | 28         |
|    total_timesteps      | 343160     |
| train/                  |            |
|    approx_kl            | 0.06733215 |
|    clip_fraction        | 0.402      |
|    clip_range           | 0.2        |
|    entropy_loss         | -0.899     |
|    explained_variance   | 0.857      |
|    learning_rate        | 8e-05      |
|    loss                 | -0.116     |
|    n_updates            | 2600       |
|    policy_gradient_loss | -0.0677    |
|    std                  | 0.305      |
|    value_loss           | 0.0121     |
----------------------------------------
----------------------------------------
| rollout/                |            |
|    ep_len_mean          | 56         |
|    ep_rew_mean          | -528       |
| time/                   |            |
|    fps                  | 843        |
|    iterations           | 13         |
|    time_elapsed         | 31         |
|    total_timesteps      | 345208     |
| train/                  |            |
|    approx_kl            | 0.06673592 |
|    clip_fraction        | 0.403      |
|    clip_range           | 0.2        |
|    entropy_loss         | -0.927     |
|    explained_variance   | 0.885      |
|    learning_rate        | 8e-05      |
|    loss                 | -0.106     |
|    n_updates            | 2610       |
|    policy_gradient_loss | -0.0738    |
|    std                  | 0.306      |
|    value_loss           | 0.0132     |
----------------------------------------
----------------------------------------
| rollout/                |            |
|    ep_len_mean          | 61.6       |
|    ep_rew_mean          | -572       |
| time/                   |            |
|    fps                  | 834        |
|    iterations           | 14         |
|    time_elapsed         | 34         |
|    total_timesteps      | 347256     |
| train/                  |            |
|    approx_kl            | 0.06192561 |
|    clip_fraction        | 0.4        |
|    clip_range           | 0.2        |
|    entropy_loss         | -0.948     |
|    explained_variance   | 0.893      |
|    learning_rate        | 8e-05      |
|    loss                 | -0.109     |
|    n_updates            | 2620       |
|    policy_gradient_loss | -0.069     |
|    std                  | 0.308      |
|    value_loss           | 0.0137     |
----------------------------------------
-----------------------------------------
| rollout/                |             |
|    ep_len_mean          | 62.7        |
|    ep_rew_mean          | -587        |
| time/                   |             |
|    fps                  | 829         |
|    iterations           | 15          |
|    time_elapsed         | 37          |
|    total_timesteps      | 349304      |
| train/                  |             |
|    approx_kl            | 0.059558734 |
|    clip_fraction        | 0.397       |
|    clip_range           | 0.2         |
|    entropy_loss         | -0.964      |
|    explained_variance   | 0.867       |
|    learning_rate        | 8e-05       |
|    loss                 | -0.124      |
|    n_updates            | 2630        |
|    policy_gradient_loss | -0.0722     |
|    std                  | 0.308       |
|    value_loss           | 0.0176      |
-----------------------------------------
----------------------------------------
| rollout/                |            |
|    ep_len_mean          | 60         |
|    ep_rew_mean          | -561       |
| time/                   |            |
|    fps                  | 831        |
|    iterations           | 16         |
|    time_elapsed         | 39         |
|    total_timesteps      | 351352     |
| train/                  |            |
|    approx_kl            | 0.07046253 |
|    clip_fraction        | 0.415      |
|    clip_range           | 0.2        |
|    entropy_loss         | -0.975     |
|    explained_variance   | 0.877      |
|    learning_rate        | 8e-05      |
|    loss                 | -0.112     |
|    n_updates            | 2640       |
|    policy_gradient_loss | -0.072     |
|    std                  | 0.31       |
|    value_loss           | 0.0132     |
----------------------------------------
-----------------------------------------
| rollout/                |             |
|    ep_len_mean          | 57.4        |
|    ep_rew_mean          | -540        |
| time/                   |             |
|    fps                  | 834         |
|    iterations           | 17          |
|    time_elapsed         | 41          |
|    total_timesteps      | 353400      |
| train/                  |             |
|    approx_kl            | 0.064259544 |
|    clip_fraction        | 0.397       |
|    clip_range           | 0.2         |
|    entropy_loss         | -0.998      |
|    explained_variance   | 0.896       |
|    learning_rate        | 8e-05       |
|    loss                 | -0.117      |
|    n_updates            | 2650        |
|    policy_gradient_loss | -0.066      |
|    std                  | 0.312       |
|    value_loss           | 0.00696     |
-----------------------------------------
----------------------------------------
| rollout/                |            |
|    ep_len_mean          | 55.5       |
|    ep_rew_mean          | -520       |
| time/                   |            |
|    fps                  | 834        |
|    iterations           | 18         |
|    time_elapsed         | 44         |
|    total_timesteps      | 355448     |
| train/                  |            |
|    approx_kl            | 0.05814377 |
|    clip_fraction        | 0.371      |
|    clip_range           | 0.2        |
|    entropy_loss         | -1.02      |
|    explained_variance   | 0.883      |
|    learning_rate        | 8e-05      |
|    loss                 | -0.122     |
|    n_updates            | 2660       |
|    policy_gradient_loss | -0.0654    |
|    std                  | 0.314      |
|    value_loss           | 0.0137     |
----------------------------------------
----------------------------------------
| rollout/                |            |
|    ep_len_mean          | 56         |
|    ep_rew_mean          | -530       |
| time/                   |            |
|    fps                  | 837        |
|    iterations           | 19         |
|    time_elapsed         | 46         |
|    total_timesteps      | 357496     |
| train/                  |            |
|    approx_kl            | 0.06298659 |
|    clip_fraction        | 0.394      |
|    clip_range           | 0.2        |
|    entropy_loss         | -1.04      |
|    explained_variance   | 0.823      |
|    learning_rate        | 8e-05      |
|    loss                 | -0.112     |
|    n_updates            | 2670       |
|    policy_gradient_loss | -0.0689    |
|    std                  | 0.315      |
|    value_loss           | 0.0188     |
----------------------------------------
-----------------------------------------
| rollout/                |             |
|    ep_len_mean          | 53.7        |
|    ep_rew_mean          | -511        |
| time/                   |             |
|    fps                  | 839         |
|    iterations           | 20          |
|    time_elapsed         | 48          |
|    total_timesteps      | 359544      |
| train/                  |             |
|    approx_kl            | 0.061357237 |
|    clip_fraction        | 0.401       |
|    clip_range           | 0.2         |
|    entropy_loss         | -1.05       |
|    explained_variance   | 0.897       |
|    learning_rate        | 8e-05       |
|    loss                 | -0.128      |
|    n_updates            | 2680        |
|    policy_gradient_loss | -0.0719     |
|    std                  | 0.316       |
|    value_loss           | 0.0112      |
-----------------------------------------
-----------------------------------------
| rollout/                |             |
|    ep_len_mean          | 54.2        |
|    ep_rew_mean          | -511        |
| time/                   |             |
|    fps                  | 838         |
|    iterations           | 21          |
|    time_elapsed         | 51          |
|    total_timesteps      | 361592      |
| train/                  |             |
|    approx_kl            | 0.057766683 |
|    clip_fraction        | 0.389       |
|    clip_range           | 0.2         |
|    entropy_loss         | -1.07       |
|    explained_variance   | 0.827       |
|    learning_rate        | 8e-05       |
|    loss                 | -0.103      |
|    n_updates            | 2690        |
|    policy_gradient_loss | -0.0649     |
|    std                  | 0.317       |
|    value_loss           | 0.0173      |
-----------------------------------------
-----------------------------------------
| rollout/                |             |
|    ep_len_mean          | 55.9        |
|    ep_rew_mean          | -523        |
| time/                   |             |
|    fps                  | 836         |
|    iterations           | 22          |
|    time_elapsed         | 53          |
|    total_timesteps      | 363640      |
| train/                  |             |
|    approx_kl            | 0.058838375 |
|    clip_fraction        | 0.381       |
|    clip_range           | 0.2         |
|    entropy_loss         | -1.08       |
|    explained_variance   | 0.911       |
|    learning_rate        | 8e-05       |
|    loss                 | -0.107      |
|    n_updates            | 2700        |
|    policy_gradient_loss | -0.0655     |
|    std                  | 0.319       |
|    value_loss           | 0.00735     |
-----------------------------------------
-----------------------------------------
| rollout/                |             |
|    ep_len_mean          | 53.1        |
|    ep_rew_mean          | -500        |
| time/                   |             |
|    fps                  | 836         |
|    iterations           | 23          |
|    time_elapsed         | 56          |
|    total_timesteps      | 365688      |
| train/                  |             |
|    approx_kl            | 0.058633767 |
|    clip_fraction        | 0.393       |
|    clip_range           | 0.2         |
|    entropy_loss         | -1.1        |
|    explained_variance   | 0.896       |
|    learning_rate        | 8e-05       |
|    loss                 | -0.101      |
|    n_updates            | 2710        |
|    policy_gradient_loss | -0.07       |
|    std                  | 0.32        |
|    value_loss           | 0.0137      |
-----------------------------------------
-----------------------------------------
| rollout/                |             |
|    ep_len_mean          | 53.6        |
|    ep_rew_mean          | -508        |
| time/                   |             |
|    fps                  | 830         |
|    iterations           | 24          |
|    time_elapsed         | 59          |
|    total_timesteps      | 367736      |
| train/                  |             |
|    approx_kl            | 0.058531947 |
|    clip_fraction        | 0.394       |
|    clip_range           | 0.2         |
|    entropy_loss         | -1.12       |
|    explained_variance   | 0.882       |
|    learning_rate        | 8e-05       |
|    loss                 | -0.119      |
|    n_updates            | 2720        |
|    policy_gradient_loss | -0.0685     |
|    std                  | 0.321       |
|    value_loss           | 0.0101      |
-----------------------------------------
----------------------------------------
| rollout/                |            |
|    ep_len_mean          | 50         |
|    ep_rew_mean          | -480       |
| time/                   |            |
|    fps                  | 830        |
|    iterations           | 25         |
|    time_elapsed         | 61         |
|    total_timesteps      | 369784     |
| train/                  |            |
|    approx_kl            | 0.05770722 |
|    clip_fraction        | 0.388      |
|    clip_range           | 0.2        |
|    entropy_loss         | -1.13      |
|    explained_variance   | 0.859      |
|    learning_rate        | 8e-05      |
|    loss                 | -0.138     |
|    n_updates            | 2730       |
|    policy_gradient_loss | -0.0658    |
|    std                  | 0.323      |
|    value_loss           | 0.016      |
----------------------------------------
---------------------------------
| rollout/           |          |
|    ep_len_mean     | 54.3     |
|    ep_rew_mean     | -599     |
| time/              |          |
|    fps             | 1758     |
|    iterations      | 1        |
|    time_elapsed    | 1        |
|    total_timesteps | 371832   |
---------------------------------
-----------------------------------------
| rollout/                |             |
|    ep_len_mean          | 53.8        |
|    ep_rew_mean          | -673        |
| time/                   |             |
|    fps                  | 1224        |
|    iterations           | 2           |
|    time_elapsed         | 3           |
|    total_timesteps      | 373880      |
| train/                  |             |
|    approx_kl            | 0.060851444 |
|    clip_fraction        | 0.395       |
|    clip_range           | 0.2         |
|    entropy_loss         | -1.17       |
|    explained_variance   | 0.771       |
|    learning_rate        | 8e-05       |
|    loss                 | -0.105      |
|    n_updates            | 2750        |
|    policy_gradient_loss | -0.0732     |
|    std                  | 0.325       |
|    value_loss           | 0.027       |
-----------------------------------------
-----------------------------------------
| rollout/                |             |
|    ep_len_mean          | 51.4        |
|    ep_rew_mean          | -699        |
| time/                   |             |
|    fps                  | 1087        |
|    iterations           | 3           |
|    time_elapsed         | 5           |
|    total_timesteps      | 375928      |
| train/                  |             |
|    approx_kl            | 0.058830157 |
|    clip_fraction        | 0.399       |
|    clip_range           | 0.2         |
|    entropy_loss         | -1.18       |
|    explained_variance   | 0.881       |
|    learning_rate        | 8e-05       |
|    loss                 | -0.115      |
|    n_updates            | 2760        |
|    policy_gradient_loss | -0.0722     |
|    std                  | 0.326       |
|    value_loss           | 0.0197      |
-----------------------------------------
----------------------------------------
| rollout/                |            |
|    ep_len_mean          | 50.9       |
|    ep_rew_mean          | -697       |
| time/                   |            |
|    fps                  | 1025       |
|    iterations           | 4          |
|    time_elapsed         | 7          |
|    total_timesteps      | 377976     |
| train/                  |            |
|    approx_kl            | 0.06425437 |
|    clip_fraction        | 0.402      |
|    clip_range           | 0.2        |
|    entropy_loss         | -1.2       |
|    explained_variance   | 0.888      |
|    learning_rate        | 8e-05      |
|    loss                 | -0.129     |
|    n_updates            | 2770       |
|    policy_gradient_loss | -0.0657    |
|    std                  | 0.328      |
|    value_loss           | 0.0144     |
----------------------------------------
-----------------------------------------
| rollout/                |             |
|    ep_len_mean          | 53.6        |
|    ep_rew_mean          | -741        |
| time/                   |             |
|    fps                  | 975         |
|    iterations           | 5           |
|    time_elapsed         | 10          |
|    total_timesteps      | 380024      |
| train/                  |             |
|    approx_kl            | 0.061675508 |
|    clip_fraction        | 0.383       |
|    clip_range           | 0.2         |
|    entropy_loss         | -1.23       |
|    explained_variance   | 0.878       |
|    learning_rate        | 8e-05       |
|    loss                 | -0.125      |
|    n_updates            | 2780        |
|    policy_gradient_loss | -0.0697     |
|    std                  | 0.331       |
|    value_loss           | 0.0312      |
-----------------------------------------
-----------------------------------------
| rollout/                |             |
|    ep_len_mean          | 57.2        |
|    ep_rew_mean          | -796        |
| time/                   |             |
|    fps                  | 948         |
|    iterations           | 6           |
|    time_elapsed         | 12          |
|    total_timesteps      | 382072      |
| train/                  |             |
|    approx_kl            | 0.056810383 |
|    clip_fraction        | 0.385       |
|    clip_range           | 0.2         |
|    entropy_loss         | -1.25       |
|    explained_variance   | 0.872       |
|    learning_rate        | 8e-05       |
|    loss                 | -0.124      |
|    n_updates            | 2790        |
|    policy_gradient_loss | -0.0735     |
|    std                  | 0.332       |
|    value_loss           | 0.0381      |
-----------------------------------------
-----------------------------------------
| rollout/                |             |
|    ep_len_mean          | 50.3        |
|    ep_rew_mean          | -702        |
| time/                   |             |
|    fps                  | 923         |
|    iterations           | 7           |
|    time_elapsed         | 15          |
|    total_timesteps      | 384120      |
| train/                  |             |
|    approx_kl            | 0.051765785 |
|    clip_fraction        | 0.382       |
|    clip_range           | 0.2         |
|    entropy_loss         | -1.26       |
|    explained_variance   | 0.895       |
|    learning_rate        | 8e-05       |
|    loss                 | -0.114      |
|    n_updates            | 2800        |
|    policy_gradient_loss | -0.0664     |
|    std                  | 0.333       |
|    value_loss           | 0.0339      |
-----------------------------------------
-----------------------------------------
| rollout/                |             |
|    ep_len_mean          | 50.5        |
|    ep_rew_mean          | -705        |
| time/                   |             |
|    fps                  | 889         |
|    iterations           | 8           |
|    time_elapsed         | 18          |
|    total_timesteps      | 386168      |
| train/                  |             |
|    approx_kl            | 0.059309512 |
|    clip_fraction        | 0.379       |
|    clip_range           | 0.2         |
|    entropy_loss         | -1.28       |
|    explained_variance   | 0.895       |
|    learning_rate        | 8e-05       |
|    loss                 | -0.117      |
|    n_updates            | 2810        |
|    policy_gradient_loss | -0.0649     |
|    std                  | 0.335       |
|    value_loss           | 0.0307      |
-----------------------------------------
----------------------------------------
| rollout/                |            |
|    ep_len_mean          | 52.2       |
|    ep_rew_mean          | -729       |
| time/                   |            |
|    fps                  | 888        |
|    iterations           | 9          |
|    time_elapsed         | 20         |
|    total_timesteps      | 388216     |
| train/                  |            |
|    approx_kl            | 0.05766104 |
|    clip_fraction        | 0.397      |
|    clip_range           | 0.2        |
|    entropy_loss         | -1.3       |
|    explained_variance   | 0.812      |
|    learning_rate        | 8e-05      |
|    loss                 | -0.132     |
|    n_updates            | 2820       |
|    policy_gradient_loss | -0.0724    |
|    std                  | 0.337      |
|    value_loss           | 0.0708     |
----------------------------------------
----------------------------------------
| rollout/                |            |
|    ep_len_mean          | 51.1       |
|    ep_rew_mean          | -715       |
| time/                   |            |
|    fps                  | 886        |
|    iterations           | 10         |
|    time_elapsed         | 23         |
|    total_timesteps      | 390264     |
| train/                  |            |
|    approx_kl            | 0.06011805 |
|    clip_fraction        | 0.398      |
|    clip_range           | 0.2        |
|    entropy_loss         | -1.34      |
|    explained_variance   | 0.876      |
|    learning_rate        | 8e-05      |
|    loss                 | -0.125     |
|    n_updates            | 2830       |
|    policy_gradient_loss | -0.0674    |
|    std                  | 0.34       |
|    value_loss           | 0.0275     |
----------------------------------------
-----------------------------------------
| rollout/                |             |
|    ep_len_mean          | 51.6        |
|    ep_rew_mean          | -714        |
| time/                   |             |
|    fps                  | 882         |
|    iterations           | 11          |
|    time_elapsed         | 25          |
|    total_timesteps      | 392312      |
| train/                  |             |
|    approx_kl            | 0.057093196 |
|    clip_fraction        | 0.384       |
|    clip_range           | 0.2         |
|    entropy_loss         | -1.36       |
|    explained_variance   | 0.913       |
|    learning_rate        | 8e-05       |
|    loss                 | -0.131      |
|    n_updates            | 2840        |
|    policy_gradient_loss | -0.0702     |
|    std                  | 0.341       |
|    value_loss           | 0.0254      |
-----------------------------------------
----------------------------------------
| rollout/                |            |
|    ep_len_mean          | 54.8       |
|    ep_rew_mean          | -749       |
| time/                   |            |
|    fps                  | 876        |
|    iterations           | 12         |
|    time_elapsed         | 28         |
|    total_timesteps      | 394360     |
| train/                  |            |
|    approx_kl            | 0.06617609 |
|    clip_fraction        | 0.401      |
|    clip_range           | 0.2        |
|    entropy_loss         | -1.38      |
|    explained_variance   | 0.881      |
|    learning_rate        | 8e-05      |
|    loss                 | -0.131     |
|    n_updates            | 2850       |
|    policy_gradient_loss | -0.0704    |
|    std                  | 0.343      |
|    value_loss           | 0.0317     |
----------------------------------------
-----------------------------------------
| rollout/                |             |
|    ep_len_mean          | 53.8        |
|    ep_rew_mean          | -733        |
| time/                   |             |
|    fps                  | 870         |
|    iterations           | 13          |
|    time_elapsed         | 30          |
|    total_timesteps      | 396408      |
| train/                  |             |
|    approx_kl            | 0.048937984 |
|    clip_fraction        | 0.363       |
|    clip_range           | 0.2         |
|    entropy_loss         | -1.39       |
|    explained_variance   | 0.87        |
|    learning_rate        | 8e-05       |
|    loss                 | -0.131      |
|    n_updates            | 2860        |
|    policy_gradient_loss | -0.0751     |
|    std                  | 0.343       |
|    value_loss           | 0.0308      |
-----------------------------------------
-----------------------------------------
| rollout/                |             |
|    ep_len_mean          | 55.8        |
|    ep_rew_mean          | -759        |
| time/                   |             |
|    fps                  | 866         |
|    iterations           | 14          |
|    time_elapsed         | 33          |
|    total_timesteps      | 398456      |
| train/                  |             |
|    approx_kl            | 0.056273755 |
|    clip_fraction        | 0.383       |
|    clip_range           | 0.2         |
|    entropy_loss         | -1.39       |
|    explained_variance   | 0.91        |
|    learning_rate        | 8e-05       |
|    loss                 | -0.101      |
|    n_updates            | 2870        |
|    policy_gradient_loss | -0.0643     |
|    std                  | 0.344       |
|    value_loss           | 0.0235      |
-----------------------------------------
-----------------------------------------
| rollout/                |             |
|    ep_len_mean          | 53.6        |
|    ep_rew_mean          | -729        |
| time/                   |             |
|    fps                  | 865         |
|    iterations           | 15          |
|    time_elapsed         | 35          |
|    total_timesteps      | 400504      |
| train/                  |             |
|    approx_kl            | 0.055741057 |
|    clip_fraction        | 0.383       |
|    clip_range           | 0.2         |
|    entropy_loss         | -1.41       |
|    explained_variance   | 0.877       |
|    learning_rate        | 8e-05       |
|    loss                 | -0.124      |
|    n_updates            | 2880        |
|    policy_gradient_loss | -0.0666     |
|    std                  | 0.347       |
|    value_loss           | 0.0332      |
-----------------------------------------
-----------------------------------------
| rollout/                |             |
|    ep_len_mean          | 56.2        |
|    ep_rew_mean          | -768        |
| time/                   |             |
|    fps                  | 868         |
|    iterations           | 16          |
|    time_elapsed         | 37          |
|    total_timesteps      | 402552      |
| train/                  |             |
|    approx_kl            | 0.057932936 |
|    clip_fraction        | 0.369       |
|    clip_range           | 0.2         |
|    entropy_loss         | -1.44       |
|    explained_variance   | 0.906       |
|    learning_rate        | 8e-05       |
|    loss                 | -0.135      |
|    n_updates            | 2890        |
|    policy_gradient_loss | -0.0664     |
|    std                  | 0.349       |
|    value_loss           | 0.0208      |
-----------------------------------------
-----------------------------------------
| rollout/                |             |
|    ep_len_mean          | 56.5        |
|    ep_rew_mean          | -773        |
| time/                   |             |
|    fps                  | 866         |
|    iterations           | 17          |
|    time_elapsed         | 40          |
|    total_timesteps      | 404600      |
| train/                  |             |
|    approx_kl            | 0.049908202 |
|    clip_fraction        | 0.383       |
|    clip_range           | 0.2         |
|    entropy_loss         | -1.46       |
|    explained_variance   | 0.865       |
|    learning_rate        | 8e-05       |
|    loss                 | -0.129      |
|    n_updates            | 2900        |
|    policy_gradient_loss | -0.0745     |
|    std                  | 0.35        |
|    value_loss           | 0.0467      |
-----------------------------------------
----------------------------------------
| rollout/                |            |
|    ep_len_mean          | 59.7       |
|    ep_rew_mean          | -814       |
| time/                   |            |
|    fps                  | 867        |
|    iterations           | 18         |
|    time_elapsed         | 42         |
|    total_timesteps      | 406648     |
| train/                  |            |
|    approx_kl            | 0.05619941 |
|    clip_fraction        | 0.39       |
|    clip_range           | 0.2        |
|    entropy_loss         | -1.48      |
|    explained_variance   | 0.817      |
|    learning_rate        | 8e-05      |
|    loss                 | -0.14      |
|    n_updates            | 2910       |
|    policy_gradient_loss | -0.0689    |
|    std                  | 0.352      |
|    value_loss           | 0.035      |
----------------------------------------
----------------------------------------
| rollout/                |            |
|    ep_len_mean          | 54.4       |
|    ep_rew_mean          | -745       |
| time/                   |            |
|    fps                  | 866        |
|    iterations           | 19         |
|    time_elapsed         | 44         |
|    total_timesteps      | 408696     |
| train/                  |            |
|    approx_kl            | 0.05359534 |
|    clip_fraction        | 0.389      |
|    clip_range           | 0.2        |
|    entropy_loss         | -1.49      |
|    explained_variance   | 0.881      |
|    learning_rate        | 8e-05      |
|    loss                 | -0.124     |
|    n_updates            | 2920       |
|    policy_gradient_loss | -0.0742    |
|    std                  | 0.352      |
|    value_loss           | 0.0238     |
----------------------------------------
-----------------------------------------
| rollout/                |             |
|    ep_len_mean          | 53.8        |
|    ep_rew_mean          | -739        |
| time/                   |             |
|    fps                  | 867         |
|    iterations           | 20          |
|    time_elapsed         | 47          |
|    total_timesteps      | 410744      |
| train/                  |             |
|    approx_kl            | 0.055998232 |
|    clip_fraction        | 0.377       |
|    clip_range           | 0.2         |
|    entropy_loss         | -1.51       |
|    explained_variance   | 0.87        |
|    learning_rate        | 8e-05       |
|    loss                 | -0.135      |
|    n_updates            | 2930        |
|    policy_gradient_loss | -0.0728     |
|    std                  | 0.354       |
|    value_loss           | 0.0354      |
-----------------------------------------
----------------------------------------
| rollout/                |            |
|    ep_len_mean          | 55.5       |
|    ep_rew_mean          | -773       |
| time/                   |            |
|    fps                  | 864        |
|    iterations           | 21         |
|    time_elapsed         | 49         |
|    total_timesteps      | 412792     |
| train/                  |            |
|    approx_kl            | 0.05356019 |
|    clip_fraction        | 0.388      |
|    clip_range           | 0.2        |
|    entropy_loss         | -1.52      |
|    explained_variance   | 0.931      |
|    learning_rate        | 8e-05      |
|    loss                 | -0.139     |
|    n_updates            | 2940       |
|    policy_gradient_loss | -0.0723    |
|    std                  | 0.354      |
|    value_loss           | 0.0222     |
----------------------------------------
----------------------------------------
| rollout/                |            |
|    ep_len_mean          | 56.7       |
|    ep_rew_mean          | -787       |
| time/                   |            |
|    fps                  | 864        |
|    iterations           | 22         |
|    time_elapsed         | 52         |
|    total_timesteps      | 414840     |
| train/                  |            |
|    approx_kl            | 0.05381076 |
|    clip_fraction        | 0.377      |
|    clip_range           | 0.2        |
|    entropy_loss         | -1.52      |
|    explained_variance   | 0.91       |
|    learning_rate        | 8e-05      |
|    loss                 | -0.117     |
|    n_updates            | 2950       |
|    policy_gradient_loss | -0.0707    |
|    std                  | 0.356      |
|    value_loss           | 0.0279     |
----------------------------------------
-----------------------------------------
| rollout/                |             |
|    ep_len_mean          | 53.7        |
|    ep_rew_mean          | -744        |
| time/                   |             |
|    fps                  | 860         |
|    iterations           | 23          |
|    time_elapsed         | 54          |
|    total_timesteps      | 416888      |
| train/                  |             |
|    approx_kl            | 0.055403717 |
|    clip_fraction        | 0.385       |
|    clip_range           | 0.2         |
|    entropy_loss         | -1.54       |
|    explained_variance   | 0.815       |
|    learning_rate        | 8e-05       |
|    loss                 | -0.104      |
|    n_updates            | 2960        |
|    policy_gradient_loss | -0.0659     |
|    std                  | 0.358       |
|    value_loss           | 0.0458      |
-----------------------------------------
-----------------------------------------
| rollout/                |             |
|    ep_len_mean          | 54.1        |
|    ep_rew_mean          | -748        |
| time/                   |             |
|    fps                  | 860         |
|    iterations           | 24          |
|    time_elapsed         | 57          |
|    total_timesteps      | 418936      |
| train/                  |             |
|    approx_kl            | 0.054997556 |
|    clip_fraction        | 0.364       |
|    clip_range           | 0.2         |
|    entropy_loss         | -1.57       |
|    explained_variance   | 0.868       |
|    learning_rate        | 8e-05       |
|    loss                 | -0.124      |
|    n_updates            | 2970        |
|    policy_gradient_loss | -0.0644     |
|    std                  | 0.36        |
|    value_loss           | 0.0328      |
-----------------------------------------
-----------------------------------------
| rollout/                |             |
|    ep_len_mean          | 53.3        |
|    ep_rew_mean          | -738        |
| time/                   |             |
|    fps                  | 860         |
|    iterations           | 25          |
|    time_elapsed         | 59          |
|    total_timesteps      | 420984      |
| train/                  |             |
|    approx_kl            | 0.052313626 |
|    clip_fraction        | 0.398       |
|    clip_range           | 0.2         |
|    entropy_loss         | -1.59       |
|    explained_variance   | 0.854       |
|    learning_rate        | 8e-05       |
|    loss                 | -0.122      |
|    n_updates            | 2980        |
|    policy_gradient_loss | -0.074      |
|    std                  | 0.362       |
|    value_loss           | 0.0514      |
-----------------------------------------
saved model to RL\KNP\sb3_ppo_curriculum_policy_human_like_phase_refined3.zip
saved vecnormalize to RL\KNP\sb3_ppo_curriculum_phase_refined3_vecnormalize.pkl
