---------------------------------
| rollout/           |          |
|    ep_len_mean     | 72       |
|    ep_rew_mean     | -470     |
| time/              |          |
|    fps             | 3852     |
|    iterations      | 1        |
|    time_elapsed    | 2        |
|    total_timesteps | 685240   |
---------------------------------
-----------------------------------------
| rollout/                |             |
|    ep_len_mean          | 66.8        |
|    ep_rew_mean          | -453        |
| time/                   |             |
|    fps                  | 1848        |
|    iterations           | 2           |
|    time_elapsed         | 8           |
|    total_timesteps      | 693432      |
| train/                  |             |
|    approx_kl            | 0.034933653 |
|    clip_fraction        | 0.315       |
|    clip_range           | 0.2         |
|    entropy_loss         | -1.31       |
|    explained_variance   | -0.00385    |
|    learning_rate        | 5e-05       |
|    loss                 | -0.0457     |
|    n_updates            | 3640        |
|    policy_gradient_loss | -0.0323     |
|    std                  | 0.337       |
|    value_loss           | 0.037       |
-----------------------------------------
-----------------------------------------
| rollout/                |             |
|    ep_len_mean          | 70.1        |
|    ep_rew_mean          | -472        |
| time/                   |             |
|    fps                  | 1625        |
|    iterations           | 3           |
|    time_elapsed         | 15          |
|    total_timesteps      | 701624      |
| train/                  |             |
|    approx_kl            | 0.034157395 |
|    clip_fraction        | 0.294       |
|    clip_range           | 0.2         |
|    entropy_loss         | -1.32       |
|    explained_variance   | 0.287       |
|    learning_rate        | 5e-05       |
|    loss                 | -0.0495     |
|    n_updates            | 3650        |
|    policy_gradient_loss | -0.0386     |
|    std                  | 0.338       |
|    value_loss           | 0.0165      |
-----------------------------------------
-----------------------------------------
| rollout/                |             |
|    ep_len_mean          | 68.7        |
|    ep_rew_mean          | -455        |
| time/                   |             |
|    fps                  | 1511        |
|    iterations           | 4           |
|    time_elapsed         | 21          |
|    total_timesteps      | 709816      |
| train/                  |             |
|    approx_kl            | 0.032829434 |
|    clip_fraction        | 0.297       |
|    clip_range           | 0.2         |
|    entropy_loss         | -1.33       |
|    explained_variance   | 0.516       |
|    learning_rate        | 5e-05       |
|    loss                 | -0.076      |
|    n_updates            | 3660        |
|    policy_gradient_loss | -0.0404     |
|    std                  | 0.338       |
|    value_loss           | 0.013       |
-----------------------------------------
-----------------------------------------
| rollout/                |             |
|    ep_len_mean          | 65.6        |
|    ep_rew_mean          | -446        |
| time/                   |             |
|    fps                  | 1471        |
|    iterations           | 5           |
|    time_elapsed         | 27          |
|    total_timesteps      | 718008      |
| train/                  |             |
|    approx_kl            | 0.034354113 |
|    clip_fraction        | 0.298       |
|    clip_range           | 0.2         |
|    entropy_loss         | -1.33       |
|    explained_variance   | 0.796       |
|    learning_rate        | 5e-05       |
|    loss                 | -0.103      |
|    n_updates            | 3670        |
|    policy_gradient_loss | -0.0436     |
|    std                  | 0.338       |
|    value_loss           | 0.0111      |
-----------------------------------------
-----------------------------------------
| rollout/                |             |
|    ep_len_mean          | 63.5        |
|    ep_rew_mean          | -431        |
| time/                   |             |
|    fps                  | 1434        |
|    iterations           | 6           |
|    time_elapsed         | 34          |
|    total_timesteps      | 726200      |
| train/                  |             |
|    approx_kl            | 0.036120497 |
|    clip_fraction        | 0.305       |
|    clip_range           | 0.2         |
|    entropy_loss         | -1.34       |
|    explained_variance   | 0.836       |
|    learning_rate        | 5e-05       |
|    loss                 | -0.0567     |
|    n_updates            | 3680        |
|    policy_gradient_loss | -0.0432     |
|    std                  | 0.34        |
|    value_loss           | 0.00741     |
-----------------------------------------
-----------------------------------------
| rollout/                |             |
|    ep_len_mean          | 67.8        |
|    ep_rew_mean          | -451        |
| time/                   |             |
|    fps                  | 1395        |
|    iterations           | 7           |
|    time_elapsed         | 41          |
|    total_timesteps      | 734392      |
| train/                  |             |
|    approx_kl            | 0.035268646 |
|    clip_fraction        | 0.307       |
|    clip_range           | 0.2         |
|    entropy_loss         | -1.34       |
|    explained_variance   | 0.824       |
|    learning_rate        | 5e-05       |
|    loss                 | -0.0511     |
|    n_updates            | 3690        |
|    policy_gradient_loss | -0.042      |
|    std                  | 0.34        |
|    value_loss           | 0.0073      |
-----------------------------------------
-----------------------------------------
| rollout/                |             |
|    ep_len_mean          | 68.1        |
|    ep_rew_mean          | -438        |
| time/                   |             |
|    fps                  | 1371        |
|    iterations           | 8           |
|    time_elapsed         | 47          |
|    total_timesteps      | 742584      |
| train/                  |             |
|    approx_kl            | 0.032257043 |
|    clip_fraction        | 0.302       |
|    clip_range           | 0.2         |
|    entropy_loss         | -1.35       |
|    explained_variance   | 0.843       |
|    learning_rate        | 5e-05       |
|    loss                 | -0.0699     |
|    n_updates            | 3700        |
|    policy_gradient_loss | -0.0416     |
|    std                  | 0.341       |
|    value_loss           | 0.00665     |
-----------------------------------------
----------------------------------
| rollout/           |           |
|    ep_len_mean     | 56.1      |
|    ep_rew_mean     | -1.16e+03 |
| time/              |           |
|    fps             | 4042      |
|    iterations      | 1         |
|    time_elapsed    | 2         |
|    total_timesteps | 750776    |
----------------------------------
-----------------------------------------
| rollout/                |             |
|    ep_len_mean          | 59.1        |
|    ep_rew_mean          | -1.24e+03   |
| time/                   |             |
|    fps                  | 1942        |
|    iterations           | 2           |
|    time_elapsed         | 8           |
|    total_timesteps      | 758968      |
| train/                  |             |
|    approx_kl            | 0.035099983 |
|    clip_fraction        | 0.302       |
|    clip_range           | 0.2         |
|    entropy_loss         | -1.37       |
|    explained_variance   | 0.792       |
|    learning_rate        | 5e-05       |
|    loss                 | -0.0739     |
|    n_updates            | 3720        |
|    policy_gradient_loss | -0.0471     |
|    std                  | 0.342       |
|    value_loss           | 0.0508      |
-----------------------------------------
-----------------------------------------
| rollout/                |             |
|    ep_len_mean          | 58          |
|    ep_rew_mean          | -1.21e+03   |
| time/                   |             |
|    fps                  | 1640        |
|    iterations           | 3           |
|    time_elapsed         | 14          |
|    total_timesteps      | 767160      |
| train/                  |             |
|    approx_kl            | 0.033907972 |
|    clip_fraction        | 0.292       |
|    clip_range           | 0.2         |
|    entropy_loss         | -1.38       |
|    explained_variance   | 0.881       |
|    learning_rate        | 5e-05       |
|    loss                 | -0.075      |
|    n_updates            | 3730        |
|    policy_gradient_loss | -0.0475     |
|    std                  | 0.343       |
|    value_loss           | 0.0769      |
-----------------------------------------
-----------------------------------------
| rollout/                |             |
|    ep_len_mean          | 61          |
|    ep_rew_mean          | -1.24e+03   |
| time/                   |             |
|    fps                  | 1486        |
|    iterations           | 4           |
|    time_elapsed         | 22          |
|    total_timesteps      | 775352      |
| train/                  |             |
|    approx_kl            | 0.035432898 |
|    clip_fraction        | 0.295       |
|    clip_range           | 0.2         |
|    entropy_loss         | -1.39       |
|    explained_variance   | 0.905       |
|    learning_rate        | 5e-05       |
|    loss                 | -0.0164     |
|    n_updates            | 3740        |
|    policy_gradient_loss | -0.0473     |
|    std                  | 0.344       |
|    value_loss           | 0.0887      |
-----------------------------------------
----------------------------------------
| rollout/                |            |
|    ep_len_mean          | 53.3       |
|    ep_rew_mean          | -1.1e+03   |
| time/                   |            |
|    fps                  | 1409       |
|    iterations           | 5          |
|    time_elapsed         | 29         |
|    total_timesteps      | 783544     |
| train/                  |            |
|    approx_kl            | 0.03445936 |
|    clip_fraction        | 0.301      |
|    clip_range           | 0.2        |
|    entropy_loss         | -1.41      |
|    explained_variance   | 0.894      |
|    learning_rate        | 5e-05      |
|    loss                 | -0.0642    |
|    n_updates            | 3750       |
|    policy_gradient_loss | -0.0492    |
|    std                  | 0.345      |
|    value_loss           | 0.0912     |
----------------------------------------
-----------------------------------------
| rollout/                |             |
|    ep_len_mean          | 56.3        |
|    ep_rew_mean          | -1.15e+03   |
| time/                   |             |
|    fps                  | 1393        |
|    iterations           | 6           |
|    time_elapsed         | 35          |
|    total_timesteps      | 791736      |
| train/                  |             |
|    approx_kl            | 0.033974737 |
|    clip_fraction        | 0.298       |
|    clip_range           | 0.2         |
|    entropy_loss         | -1.42       |
|    explained_variance   | 0.899       |
|    learning_rate        | 5e-05       |
|    loss                 | -0.0528     |
|    n_updates            | 3760        |
|    policy_gradient_loss | -0.0461     |
|    std                  | 0.346       |
|    value_loss           | 0.0997      |
-----------------------------------------
-----------------------------------------
| rollout/                |             |
|    ep_len_mean          | 56.3        |
|    ep_rew_mean          | -1.16e+03   |
| time/                   |             |
|    fps                  | 1351        |
|    iterations           | 7           |
|    time_elapsed         | 42          |
|    total_timesteps      | 799928      |
| train/                  |             |
|    approx_kl            | 0.032499935 |
|    clip_fraction        | 0.288       |
|    clip_range           | 0.2         |
|    entropy_loss         | -1.42       |
|    explained_variance   | 0.864       |
|    learning_rate        | 5e-05       |
|    loss                 | -0.0252     |
|    n_updates            | 3770        |
|    policy_gradient_loss | -0.0451     |
|    std                  | 0.347       |
|    value_loss           | 0.119       |
-----------------------------------------
-----------------------------------------
| rollout/                |             |
|    ep_len_mean          | 56.6        |
|    ep_rew_mean          | -1.17e+03   |
| time/                   |             |
|    fps                  | 1336        |
|    iterations           | 8           |
|    time_elapsed         | 49          |
|    total_timesteps      | 808120      |
| train/                  |             |
|    approx_kl            | 0.033909246 |
|    clip_fraction        | 0.298       |
|    clip_range           | 0.2         |
|    entropy_loss         | -1.44       |
|    explained_variance   | 0.894       |
|    learning_rate        | 5e-05       |
|    loss                 | -0.0522     |
|    n_updates            | 3780        |
|    policy_gradient_loss | -0.0465     |
|    std                  | 0.349       |
|    value_loss           | 0.0855      |
-----------------------------------------
-----------------------------------------
| rollout/                |             |
|    ep_len_mean          | 55.9        |
|    ep_rew_mean          | -1.14e+03   |
| time/                   |             |
|    fps                  | 1326        |
|    iterations           | 9           |
|    time_elapsed         | 55          |
|    total_timesteps      | 816312      |
| train/                  |             |
|    approx_kl            | 0.032370865 |
|    clip_fraction        | 0.288       |
|    clip_range           | 0.2         |
|    entropy_loss         | -1.46       |
|    explained_variance   | 0.906       |
|    learning_rate        | 5e-05       |
|    loss                 | -0.0706     |
|    n_updates            | 3790        |
|    policy_gradient_loss | -0.0439     |
|    std                  | 0.35        |
|    value_loss           | 0.0866      |
-----------------------------------------
-----------------------------------------
| rollout/                |             |
|    ep_len_mean          | 54.1        |
|    ep_rew_mean          | -1.11e+03   |
| time/                   |             |
|    fps                  | 1321        |
|    iterations           | 10          |
|    time_elapsed         | 61          |
|    total_timesteps      | 824504      |
| train/                  |             |
|    approx_kl            | 0.032538086 |
|    clip_fraction        | 0.283       |
|    clip_range           | 0.2         |
|    entropy_loss         | -1.47       |
|    explained_variance   | 0.904       |
|    learning_rate        | 5e-05       |
|    loss                 | -0.0403     |
|    n_updates            | 3800        |
|    policy_gradient_loss | -0.0436     |
|    std                  | 0.351       |
|    value_loss           | 0.0835      |
-----------------------------------------
-----------------------------------------
| rollout/                |             |
|    ep_len_mean          | 54.2        |
|    ep_rew_mean          | -1.13e+03   |
| time/                   |             |
|    fps                  | 1317        |
|    iterations           | 11          |
|    time_elapsed         | 68          |
|    total_timesteps      | 832696      |
| train/                  |             |
|    approx_kl            | 0.032304198 |
|    clip_fraction        | 0.287       |
|    clip_range           | 0.2         |
|    entropy_loss         | -1.48       |
|    explained_variance   | 0.898       |
|    learning_rate        | 5e-05       |
|    loss                 | -0.0602     |
|    n_updates            | 3810        |
|    policy_gradient_loss | -0.0446     |
|    std                  | 0.352       |
|    value_loss           | 0.0857      |
-----------------------------------------
---------------------------------
| rollout/           |          |
|    ep_len_mean     | 54.1     |
|    ep_rew_mean     | -527     |
| time/              |          |
|    fps             | 4116     |
|    iterations      | 1        |
|    time_elapsed    | 1        |
|    total_timesteps | 840888   |
---------------------------------
-----------------------------------------
| rollout/                |             |
|    ep_len_mean          | 53.4        |
|    ep_rew_mean          | -507        |
| time/                   |             |
|    fps                  | 1928        |
|    iterations           | 2           |
|    time_elapsed         | 8           |
|    total_timesteps      | 849080      |
| train/                  |             |
|    approx_kl            | 0.035287786 |
|    clip_fraction        | 0.301       |
|    clip_range           | 0.2         |
|    entropy_loss         | -1.5        |
|    explained_variance   | 0.728       |
|    learning_rate        | 5e-05       |
|    loss                 | -0.0763     |
|    n_updates            | 3830        |
|    policy_gradient_loss | -0.0491     |
|    std                  | 0.354       |
|    value_loss           | 0.0738      |
-----------------------------------------
-----------------------------------------
| rollout/                |             |
|    ep_len_mean          | 53.1        |
|    ep_rew_mean          | -501        |
| time/                   |             |
|    fps                  | 1601        |
|    iterations           | 3           |
|    time_elapsed         | 15          |
|    total_timesteps      | 857272      |
| train/                  |             |
|    approx_kl            | 0.034213476 |
|    clip_fraction        | 0.294       |
|    clip_range           | 0.2         |
|    entropy_loss         | -1.52       |
|    explained_variance   | 0.824       |
|    learning_rate        | 5e-05       |
|    loss                 | -0.0793     |
|    n_updates            | 3840        |
|    policy_gradient_loss | -0.0496     |
|    std                  | 0.355       |
|    value_loss           | 0.0362      |
-----------------------------------------
-----------------------------------------
| rollout/                |             |
|    ep_len_mean          | 59.6        |
|    ep_rew_mean          | -560        |
| time/                   |             |
|    fps                  | 1400        |
|    iterations           | 4           |
|    time_elapsed         | 23          |
|    total_timesteps      | 865464      |
| train/                  |             |
|    approx_kl            | 0.033756837 |
|    clip_fraction        | 0.295       |
|    clip_range           | 0.2         |
|    entropy_loss         | -1.53       |
|    explained_variance   | 0.878       |
|    learning_rate        | 5e-05       |
|    loss                 | -0.0942     |
|    n_updates            | 3850        |
|    policy_gradient_loss | -0.0509     |
|    std                  | 0.355       |
|    value_loss           | 0.0225      |
-----------------------------------------
[long-eval] new best min_robot_dx=-0.421 saved to RL\KNP\sb3_ppo_curriculum_best_long_human_like_phase_refined6.zip
-----------------------------------------
| rollout/                |             |
|    ep_len_mean          | 50.2        |
|    ep_rew_mean          | -482        |
| time/                   |             |
|    fps                  | 1272        |
|    iterations           | 5           |
|    time_elapsed         | 32          |
|    total_timesteps      | 873656      |
| train/                  |             |
|    approx_kl            | 0.033653475 |
|    clip_fraction        | 0.294       |
|    clip_range           | 0.2         |
|    entropy_loss         | -1.53       |
|    explained_variance   | 0.869       |
|    learning_rate        | 5e-05       |
|    loss                 | -0.0968     |
|    n_updates            | 3860        |
|    policy_gradient_loss | -0.0493     |
|    std                  | 0.355       |
|    value_loss           | 0.0233      |
-----------------------------------------
----------------------------------------
| rollout/                |            |
|    ep_len_mean          | 52.2       |
|    ep_rew_mean          | -501       |
| time/                   |            |
|    fps                  | 1199       |
|    iterations           | 6          |
|    time_elapsed         | 40         |
|    total_timesteps      | 881848     |
| train/                  |            |
|    approx_kl            | 0.03528239 |
|    clip_fraction        | 0.3        |
|    clip_range           | 0.2        |
|    entropy_loss         | -1.54      |
|    explained_variance   | 0.889      |
|    learning_rate        | 5e-05      |
|    loss                 | -0.0846    |
|    n_updates            | 3870       |
|    policy_gradient_loss | -0.0471    |
|    std                  | 0.357      |
|    value_loss           | 0.0184     |
----------------------------------------
-----------------------------------------
| rollout/                |             |
|    ep_len_mean          | 55.4        |
|    ep_rew_mean          | -537        |
| time/                   |             |
|    fps                  | 1159        |
|    iterations           | 7           |
|    time_elapsed         | 49          |
|    total_timesteps      | 890040      |
| train/                  |             |
|    approx_kl            | 0.036280066 |
|    clip_fraction        | 0.302       |
|    clip_range           | 0.2         |
|    entropy_loss         | -1.55       |
|    explained_variance   | 0.879       |
|    learning_rate        | 5e-05       |
|    loss                 | -0.0705     |
|    n_updates            | 3880        |
|    policy_gradient_loss | -0.0469     |
|    std                  | 0.358       |
|    value_loss           | 0.0162      |
-----------------------------------------
-----------------------------------------
| rollout/                |             |
|    ep_len_mean          | 53.6        |
|    ep_rew_mean          | -502        |
| time/                   |             |
|    fps                  | 1144        |
|    iterations           | 8           |
|    time_elapsed         | 57          |
|    total_timesteps      | 898232      |
| train/                  |             |
|    approx_kl            | 0.034578446 |
|    clip_fraction        | 0.305       |
|    clip_range           | 0.2         |
|    entropy_loss         | -1.56       |
|    explained_variance   | 0.888       |
|    learning_rate        | 5e-05       |
|    loss                 | -0.0821     |
|    n_updates            | 3890        |
|    policy_gradient_loss | -0.0476     |
|    std                  | 0.358       |
|    value_loss           | 0.017       |
-----------------------------------------
-----------------------------------------
| rollout/                |             |
|    ep_len_mean          | 54          |
|    ep_rew_mean          | -522        |
| time/                   |             |
|    fps                  | 1134        |
|    iterations           | 9           |
|    time_elapsed         | 64          |
|    total_timesteps      | 906424      |
| train/                  |             |
|    approx_kl            | 0.033786785 |
|    clip_fraction        | 0.29        |
|    clip_range           | 0.2         |
|    entropy_loss         | -1.57       |
|    explained_variance   | 0.888       |
|    learning_rate        | 5e-05       |
|    loss                 | -0.0797     |
|    n_updates            | 3900        |
|    policy_gradient_loss | -0.0461     |
|    std                  | 0.36        |
|    value_loss           | 0.0154      |
-----------------------------------------
-----------------------------------------
| rollout/                |             |
|    ep_len_mean          | 54.6        |
|    ep_rew_mean          | -521        |
| time/                   |             |
|    fps                  | 1129        |
|    iterations           | 10          |
|    time_elapsed         | 72          |
|    total_timesteps      | 914616      |
| train/                  |             |
|    approx_kl            | 0.033363696 |
|    clip_fraction        | 0.283       |
|    clip_range           | 0.2         |
|    entropy_loss         | -1.59       |
|    explained_variance   | 0.871       |
|    learning_rate        | 5e-05       |
|    loss                 | -0.0819     |
|    n_updates            | 3910        |
|    policy_gradient_loss | -0.0451     |
|    std                  | 0.362       |
|    value_loss           | 0.0187      |
-----------------------------------------
-----------------------------------------
| rollout/                |             |
|    ep_len_mean          | 50.6        |
|    ep_rew_mean          | -481        |
| time/                   |             |
|    fps                  | 1121        |
|    iterations           | 11          |
|    time_elapsed         | 80          |
|    total_timesteps      | 922808      |
| train/                  |             |
|    approx_kl            | 0.033049714 |
|    clip_fraction        | 0.293       |
|    clip_range           | 0.2         |
|    entropy_loss         | -1.6        |
|    explained_variance   | 0.868       |
|    learning_rate        | 5e-05       |
|    loss                 | -0.0885     |
|    n_updates            | 3920        |
|    policy_gradient_loss | -0.0443     |
|    std                  | 0.362       |
|    value_loss           | 0.0183      |
-----------------------------------------
----------------------------------------
| rollout/                |            |
|    ep_len_mean          | 50.6       |
|    ep_rew_mean          | -486       |
| time/                   |            |
|    fps                  | 1116       |
|    iterations           | 12         |
|    time_elapsed         | 88         |
|    total_timesteps      | 931000     |
| train/                  |            |
|    approx_kl            | 0.03317636 |
|    clip_fraction        | 0.286      |
|    clip_range           | 0.2        |
|    entropy_loss         | -1.61      |
|    explained_variance   | 0.888      |
|    learning_rate        | 5e-05      |
|    loss                 | -0.0777    |
|    n_updates            | 3930       |
|    policy_gradient_loss | -0.0441    |
|    std                  | 0.364      |
|    value_loss           | 0.0119     |
----------------------------------------
---------------------------------------
| rollout/                |           |
|    ep_len_mean          | 50.6      |
|    ep_rew_mean          | -485      |
| time/                   |           |
|    fps                  | 1115      |
|    iterations           | 13        |
|    time_elapsed         | 95        |
|    total_timesteps      | 939192    |
| train/                  |           |
|    approx_kl            | 0.0336288 |
|    clip_fraction        | 0.286     |
|    clip_range           | 0.2       |
|    entropy_loss         | -1.63     |
|    explained_variance   | 0.888     |
|    learning_rate        | 5e-05     |
|    loss                 | -0.104    |
|    n_updates            | 3940      |
|    policy_gradient_loss | -0.0435   |
|    std                  | 0.366     |
|    value_loss           | 0.0142    |
---------------------------------------
----------------------------------------
| rollout/                |            |
|    ep_len_mean          | 53.4       |
|    ep_rew_mean          | -510       |
| time/                   |            |
|    fps                  | 1115       |
|    iterations           | 14         |
|    time_elapsed         | 102        |
|    total_timesteps      | 947384     |
| train/                  |            |
|    approx_kl            | 0.03370457 |
|    clip_fraction        | 0.295      |
|    clip_range           | 0.2        |
|    entropy_loss         | -1.65      |
|    explained_variance   | 0.897      |
|    learning_rate        | 5e-05      |
|    loss                 | -0.075     |
|    n_updates            | 3950       |
|    policy_gradient_loss | -0.0444    |
|    std                  | 0.368      |
|    value_loss           | 0.0136     |
----------------------------------------
-----------------------------------------
| rollout/                |             |
|    ep_len_mean          | 47.2        |
|    ep_rew_mean          | -460        |
| time/                   |             |
|    fps                  | 1111        |
|    iterations           | 15          |
|    time_elapsed         | 110         |
|    total_timesteps      | 955576      |
| train/                  |             |
|    approx_kl            | 0.032601815 |
|    clip_fraction        | 0.286       |
|    clip_range           | 0.2         |
|    entropy_loss         | -1.68       |
|    explained_variance   | 0.883       |
|    learning_rate        | 5e-05       |
|    loss                 | -0.0932     |
|    n_updates            | 3960        |
|    policy_gradient_loss | -0.0453     |
|    std                  | 0.37        |
|    value_loss           | 0.0132      |
-----------------------------------------
-----------------------------------------
| rollout/                |             |
|    ep_len_mean          | 51.2        |
|    ep_rew_mean          | -489        |
| time/                   |             |
|    fps                  | 1110        |
|    iterations           | 16          |
|    time_elapsed         | 118         |
|    total_timesteps      | 963768      |
| train/                  |             |
|    approx_kl            | 0.031914014 |
|    clip_fraction        | 0.287       |
|    clip_range           | 0.2         |
|    entropy_loss         | -1.69       |
|    explained_variance   | 0.891       |
|    learning_rate        | 5e-05       |
|    loss                 | -0.0963     |
|    n_updates            | 3970        |
|    policy_gradient_loss | -0.0438     |
|    std                  | 0.371       |
|    value_loss           | 0.0124      |
-----------------------------------------
-----------------------------------------
| rollout/                |             |
|    ep_len_mean          | 51.9        |
|    ep_rew_mean          | -500        |
| time/                   |             |
|    fps                  | 1106        |
|    iterations           | 17          |
|    time_elapsed         | 125         |
|    total_timesteps      | 971960      |
| train/                  |             |
|    approx_kl            | 0.031042356 |
|    clip_fraction        | 0.28        |
|    clip_range           | 0.2         |
|    entropy_loss         | -1.71       |
|    explained_variance   | 0.908       |
|    learning_rate        | 5e-05       |
|    loss                 | -0.0852     |
|    n_updates            | 3980        |
|    policy_gradient_loss | -0.0463     |
|    std                  | 0.373       |
|    value_loss           | 0.011       |
-----------------------------------------
-----------------------------------------
| rollout/                |             |
|    ep_len_mean          | 56.8        |
|    ep_rew_mean          | -533        |
| time/                   |             |
|    fps                  | 1104        |
|    iterations           | 18          |
|    time_elapsed         | 133         |
|    total_timesteps      | 980152      |
| train/                  |             |
|    approx_kl            | 0.033168156 |
|    clip_fraction        | 0.29        |
|    clip_range           | 0.2         |
|    entropy_loss         | -1.72       |
|    explained_variance   | 0.863       |
|    learning_rate        | 5e-05       |
|    loss                 | -0.0951     |
|    n_updates            | 3990        |
|    policy_gradient_loss | -0.0437     |
|    std                  | 0.374       |
|    value_loss           | 0.0165      |
-----------------------------------------
-----------------------------------------
| rollout/                |             |
|    ep_len_mean          | 51          |
|    ep_rew_mean          | -488        |
| time/                   |             |
|    fps                  | 1096        |
|    iterations           | 19          |
|    time_elapsed         | 141         |
|    total_timesteps      | 988344      |
| train/                  |             |
|    approx_kl            | 0.030457038 |
|    clip_fraction        | 0.279       |
|    clip_range           | 0.2         |
|    entropy_loss         | -1.74       |
|    explained_variance   | 0.885       |
|    learning_rate        | 5e-05       |
|    loss                 | -0.0896     |
|    n_updates            | 4000        |
|    policy_gradient_loss | -0.0445     |
|    std                  | 0.376       |
|    value_loss           | 0.013       |
-----------------------------------------
-----------------------------------------
| rollout/                |             |
|    ep_len_mean          | 51.9        |
|    ep_rew_mean          | -497        |
| time/                   |             |
|    fps                  | 1093        |
|    iterations           | 20          |
|    time_elapsed         | 149         |
|    total_timesteps      | 996536      |
| train/                  |             |
|    approx_kl            | 0.032952644 |
|    clip_fraction        | 0.287       |
|    clip_range           | 0.2         |
|    entropy_loss         | -1.76       |
|    explained_variance   | 0.874       |
|    learning_rate        | 5e-05       |
|    loss                 | -0.0686     |
|    n_updates            | 4010        |
|    policy_gradient_loss | -0.0463     |
|    std                  | 0.378       |
|    value_loss           | 0.0139      |
-----------------------------------------
---------------------------------
| rollout/           |          |
|    ep_len_mean     | 55.3     |
|    ep_rew_mean     | -532     |
| time/              |          |
|    fps             | 4370     |
|    iterations      | 1        |
|    time_elapsed    | 1        |
|    total_timesteps | 1004728  |
---------------------------------
----------------------------------------
| rollout/                |            |
|    ep_len_mean          | 48.5       |
|    ep_rew_mean          | -467       |
| time/                   |            |
|    fps                  | 1718       |
|    iterations           | 2          |
|    time_elapsed         | 9          |
|    total_timesteps      | 1012920    |
| train/                  |            |
|    approx_kl            | 0.03346556 |
|    clip_fraction        | 0.293      |
|    clip_range           | 0.2        |
|    entropy_loss         | -1.79      |
|    explained_variance   | 0.845      |
|    learning_rate        | 5e-05      |
|    loss                 | -0.0904    |
|    n_updates            | 4030       |
|    policy_gradient_loss | -0.0481    |
|    std                  | 0.381      |
|    value_loss           | 0.0197     |
----------------------------------------
-----------------------------------------
| rollout/                |             |
|    ep_len_mean          | 50.5        |
|    ep_rew_mean          | -482        |
| time/                   |             |
|    fps                  | 1414        |
|    iterations           | 3           |
|    time_elapsed         | 17          |
|    total_timesteps      | 1021112     |
| train/                  |             |
|    approx_kl            | 0.033155277 |
|    clip_fraction        | 0.29        |
|    clip_range           | 0.2         |
|    entropy_loss         | -1.8        |
|    explained_variance   | 0.895       |
|    learning_rate        | 5e-05       |
|    loss                 | -0.111      |
|    n_updates            | 4040        |
|    policy_gradient_loss | -0.0472     |
|    std                  | 0.382       |
|    value_loss           | 0.0115      |
-----------------------------------------
-----------------------------------------
| rollout/                |             |
|    ep_len_mean          | 48.6        |
|    ep_rew_mean          | -472        |
| time/                   |             |
|    fps                  | 1283        |
|    iterations           | 4           |
|    time_elapsed         | 25          |
|    total_timesteps      | 1029304     |
| train/                  |             |
|    approx_kl            | 0.030116703 |
|    clip_fraction        | 0.287       |
|    clip_range           | 0.2         |
|    entropy_loss         | -1.82       |
|    explained_variance   | 0.873       |
|    learning_rate        | 5e-05       |
|    loss                 | -0.0844     |
|    n_updates            | 4050        |
|    policy_gradient_loss | -0.044      |
|    std                  | 0.383       |
|    value_loss           | 0.0133      |
-----------------------------------------
----------------------------------------
| rollout/                |            |
|    ep_len_mean          | 53.6       |
|    ep_rew_mean          | -506       |
| time/                   |            |
|    fps                  | 1209       |
|    iterations           | 5          |
|    time_elapsed         | 33         |
|    total_timesteps      | 1037496    |
| train/                  |            |
|    approx_kl            | 0.03061044 |
|    clip_fraction        | 0.279      |
|    clip_range           | 0.2        |
|    entropy_loss         | -1.82      |
|    explained_variance   | 0.889      |
|    learning_rate        | 5e-05      |
|    loss                 | -0.0924    |
|    n_updates            | 4060       |
|    policy_gradient_loss | -0.044     |
|    std                  | 0.383      |
|    value_loss           | 0.0141     |
----------------------------------------
-----------------------------------------
| rollout/                |             |
|    ep_len_mean          | 59.3        |
|    ep_rew_mean          | -569        |
| time/                   |             |
|    fps                  | 1169        |
|    iterations           | 6           |
|    time_elapsed         | 42          |
|    total_timesteps      | 1045688     |
| train/                  |             |
|    approx_kl            | 0.033087865 |
|    clip_fraction        | 0.283       |
|    clip_range           | 0.2         |
|    entropy_loss         | -1.83       |
|    explained_variance   | 0.856       |
|    learning_rate        | 5e-05       |
|    loss                 | -0.0885     |
|    n_updates            | 4070        |
|    policy_gradient_loss | -0.0478     |
|    std                  | 0.385       |
|    value_loss           | 0.0136      |
-----------------------------------------
-----------------------------------------
| rollout/                |             |
|    ep_len_mean          | 52.3        |
|    ep_rew_mean          | -500        |
| time/                   |             |
|    fps                  | 1144        |
|    iterations           | 7           |
|    time_elapsed         | 50          |
|    total_timesteps      | 1053880     |
| train/                  |             |
|    approx_kl            | 0.031122793 |
|    clip_fraction        | 0.275       |
|    clip_range           | 0.2         |
|    entropy_loss         | -1.85       |
|    explained_variance   | 0.817       |
|    learning_rate        | 5e-05       |
|    loss                 | -0.087      |
|    n_updates            | 4080        |
|    policy_gradient_loss | -0.0465     |
|    std                  | 0.386       |
|    value_loss           | 0.0241      |
-----------------------------------------
-----------------------------------------
| rollout/                |             |
|    ep_len_mean          | 47.3        |
|    ep_rew_mean          | -452        |
| time/                   |             |
|    fps                  | 1126        |
|    iterations           | 8           |
|    time_elapsed         | 58          |
|    total_timesteps      | 1062072     |
| train/                  |             |
|    approx_kl            | 0.031544536 |
|    clip_fraction        | 0.282       |
|    clip_range           | 0.2         |
|    entropy_loss         | -1.87       |
|    explained_variance   | 0.884       |
|    learning_rate        | 5e-05       |
|    loss                 | -0.0998     |
|    n_updates            | 4090        |
|    policy_gradient_loss | -0.0477     |
|    std                  | 0.388       |
|    value_loss           | 0.0177      |
-----------------------------------------
-----------------------------------------
| rollout/                |             |
|    ep_len_mean          | 55.7        |
|    ep_rew_mean          | -523        |
| time/                   |             |
|    fps                  | 1119        |
|    iterations           | 9           |
|    time_elapsed         | 65          |
|    total_timesteps      | 1070264     |
| train/                  |             |
|    approx_kl            | 0.032953337 |
|    clip_fraction        | 0.293       |
|    clip_range           | 0.2         |
|    entropy_loss         | -1.89       |
|    explained_variance   | 0.873       |
|    learning_rate        | 5e-05       |
|    loss                 | -0.0865     |
|    n_updates            | 4100        |
|    policy_gradient_loss | -0.0444     |
|    std                  | 0.391       |
|    value_loss           | 0.0156      |
-----------------------------------------
-----------------------------------------
| rollout/                |             |
|    ep_len_mean          | 50          |
|    ep_rew_mean          | -479        |
| time/                   |             |
|    fps                  | 1112        |
|    iterations           | 10          |
|    time_elapsed         | 73          |
|    total_timesteps      | 1078456     |
| train/                  |             |
|    approx_kl            | 0.034525998 |
|    clip_fraction        | 0.291       |
|    clip_range           | 0.2         |
|    entropy_loss         | -1.9        |
|    explained_variance   | 0.844       |
|    learning_rate        | 5e-05       |
|    loss                 | -0.0945     |
|    n_updates            | 4110        |
|    policy_gradient_loss | -0.0487     |
|    std                  | 0.391       |
|    value_loss           | 0.0194      |
-----------------------------------------
-----------------------------------------
| rollout/                |             |
|    ep_len_mean          | 51.6        |
|    ep_rew_mean          | -495        |
| time/                   |             |
|    fps                  | 1107        |
|    iterations           | 11          |
|    time_elapsed         | 81          |
|    total_timesteps      | 1086648     |
| train/                  |             |
|    approx_kl            | 0.033581935 |
|    clip_fraction        | 0.284       |
|    clip_range           | 0.2         |
|    entropy_loss         | -1.91       |
|    explained_variance   | 0.861       |
|    learning_rate        | 5e-05       |
|    loss                 | -0.0937     |
|    n_updates            | 4120        |
|    policy_gradient_loss | -0.0465     |
|    std                  | 0.392       |
|    value_loss           | 0.0143      |
-----------------------------------------
-----------------------------------------
| rollout/                |             |
|    ep_len_mean          | 50.8        |
|    ep_rew_mean          | -488        |
| time/                   |             |
|    fps                  | 1103        |
|    iterations           | 12          |
|    time_elapsed         | 89          |
|    total_timesteps      | 1094840     |
| train/                  |             |
|    approx_kl            | 0.032206796 |
|    clip_fraction        | 0.287       |
|    clip_range           | 0.2         |
|    entropy_loss         | -1.92       |
|    explained_variance   | 0.864       |
|    learning_rate        | 5e-05       |
|    loss                 | -0.0664     |
|    n_updates            | 4130        |
|    policy_gradient_loss | -0.0441     |
|    std                  | 0.393       |
|    value_loss           | 0.0163      |
-----------------------------------------
-----------------------------------------
| rollout/                |             |
|    ep_len_mean          | 54.5        |
|    ep_rew_mean          | -515        |
| time/                   |             |
|    fps                  | 1099        |
|    iterations           | 13          |
|    time_elapsed         | 96          |
|    total_timesteps      | 1103032     |
| train/                  |             |
|    approx_kl            | 0.032700203 |
|    clip_fraction        | 0.283       |
|    clip_range           | 0.2         |
|    entropy_loss         | -1.93       |
|    explained_variance   | 0.889       |
|    learning_rate        | 5e-05       |
|    loss                 | -0.123      |
|    n_updates            | 4140        |
|    policy_gradient_loss | -0.0484     |
|    std                  | 0.393       |
|    value_loss           | 0.0163      |
-----------------------------------------
----------------------------------------
| rollout/                |            |
|    ep_len_mean          | 51.5       |
|    ep_rew_mean          | -492       |
| time/                   |            |
|    fps                  | 1091       |
|    iterations           | 14         |
|    time_elapsed         | 105        |
|    total_timesteps      | 1111224    |
| train/                  |            |
|    approx_kl            | 0.03137563 |
|    clip_fraction        | 0.272      |
|    clip_range           | 0.2        |
|    entropy_loss         | -1.93      |
|    explained_variance   | 0.874      |
|    learning_rate        | 5e-05      |
|    loss                 | -0.066     |
|    n_updates            | 4150       |
|    policy_gradient_loss | -0.0461    |
|    std                  | 0.394      |
|    value_loss           | 0.0175     |
----------------------------------------
-----------------------------------------
| rollout/                |             |
|    ep_len_mean          | 49.8        |
|    ep_rew_mean          | -476        |
| time/                   |             |
|    fps                  | 1082        |
|    iterations           | 15          |
|    time_elapsed         | 113         |
|    total_timesteps      | 1119416     |
| train/                  |             |
|    approx_kl            | 0.030996421 |
|    clip_fraction        | 0.276       |
|    clip_range           | 0.2         |
|    entropy_loss         | -1.95       |
|    explained_variance   | 0.881       |
|    learning_rate        | 5e-05       |
|    loss                 | -0.077      |
|    n_updates            | 4160        |
|    policy_gradient_loss | -0.0456     |
|    std                  | 0.397       |
|    value_loss           | 0.0137      |
-----------------------------------------
-----------------------------------------
| rollout/                |             |
|    ep_len_mean          | 53.7        |
|    ep_rew_mean          | -511        |
| time/                   |             |
|    fps                  | 1074        |
|    iterations           | 16          |
|    time_elapsed         | 122         |
|    total_timesteps      | 1127608     |
| train/                  |             |
|    approx_kl            | 0.031900518 |
|    clip_fraction        | 0.28        |
|    clip_range           | 0.2         |
|    entropy_loss         | -1.97       |
|    explained_variance   | 0.88        |
|    learning_rate        | 5e-05       |
|    loss                 | -0.106      |
|    n_updates            | 4170        |
|    policy_gradient_loss | -0.0449     |
|    std                  | 0.398       |
|    value_loss           | 0.0128      |
-----------------------------------------
-----------------------------------------
| rollout/                |             |
|    ep_len_mean          | 51.3        |
|    ep_rew_mean          | -501        |
| time/                   |             |
|    fps                  | 1068        |
|    iterations           | 17          |
|    time_elapsed         | 130         |
|    total_timesteps      | 1135800     |
| train/                  |             |
|    approx_kl            | 0.030083628 |
|    clip_fraction        | 0.275       |
|    clip_range           | 0.2         |
|    entropy_loss         | -1.98       |
|    explained_variance   | 0.874       |
|    learning_rate        | 5e-05       |
|    loss                 | -0.0865     |
|    n_updates            | 4180        |
|    policy_gradient_loss | -0.044      |
|    std                  | 0.399       |
|    value_loss           | 0.016       |
-----------------------------------------
-----------------------------------------
| rollout/                |             |
|    ep_len_mean          | 53.9        |
|    ep_rew_mean          | -514        |
| time/                   |             |
|    fps                  | 1064        |
|    iterations           | 18          |
|    time_elapsed         | 138         |
|    total_timesteps      | 1143992     |
| train/                  |             |
|    approx_kl            | 0.031968974 |
|    clip_fraction        | 0.278       |
|    clip_range           | 0.2         |
|    entropy_loss         | -2          |
|    explained_variance   | 0.885       |
|    learning_rate        | 5e-05       |
|    loss                 | -0.1        |
|    n_updates            | 4190        |
|    policy_gradient_loss | -0.0478     |
|    std                  | 0.4         |
|    value_loss           | 0.0136      |
-----------------------------------------
----------------------------------------
| rollout/                |            |
|    ep_len_mean          | 53.1       |
|    ep_rew_mean          | -502       |
| time/                   |            |
|    fps                  | 1060       |
|    iterations           | 19         |
|    time_elapsed         | 146        |
|    total_timesteps      | 1152184    |
| train/                  |            |
|    approx_kl            | 0.03018033 |
|    clip_fraction        | 0.26       |
|    clip_range           | 0.2        |
|    entropy_loss         | -2.01      |
|    explained_variance   | 0.904      |
|    learning_rate        | 5e-05      |
|    loss                 | -0.0895    |
|    n_updates            | 4200       |
|    policy_gradient_loss | -0.0459    |
|    std                  | 0.401      |
|    value_loss           | 0.0113     |
----------------------------------------
-----------------------------------------
| rollout/                |             |
|    ep_len_mean          | 51.7        |
|    ep_rew_mean          | -490        |
| time/                   |             |
|    fps                  | 1055        |
|    iterations           | 20          |
|    time_elapsed         | 155         |
|    total_timesteps      | 1160376     |
| train/                  |             |
|    approx_kl            | 0.031501032 |
|    clip_fraction        | 0.28        |
|    clip_range           | 0.2         |
|    entropy_loss         | -2.01       |
|    explained_variance   | 0.884       |
|    learning_rate        | 5e-05       |
|    loss                 | -0.0953     |
|    n_updates            | 4210        |
|    policy_gradient_loss | -0.0449     |
|    std                  | 0.402       |
|    value_loss           | 0.0136      |
-----------------------------------------
-----------------------------------------
| rollout/                |             |
|    ep_len_mean          | 48.3        |
|    ep_rew_mean          | -470        |
| time/                   |             |
|    fps                  | 1051        |
|    iterations           | 21          |
|    time_elapsed         | 163         |
|    total_timesteps      | 1168568     |
| train/                  |             |
|    approx_kl            | 0.029445337 |
|    clip_fraction        | 0.273       |
|    clip_range           | 0.2         |
|    entropy_loss         | -2.02       |
|    explained_variance   | 0.887       |
|    learning_rate        | 5e-05       |
|    loss                 | -0.107      |
|    n_updates            | 4220        |
|    policy_gradient_loss | -0.0456     |
|    std                  | 0.403       |
|    value_loss           | 0.0138      |
-----------------------------------------
----------------------------------------
| rollout/                |            |
|    ep_len_mean          | 49.3       |
|    ep_rew_mean          | -483       |
| time/                   |            |
|    fps                  | 1046       |
|    iterations           | 22         |
|    time_elapsed         | 172        |
|    total_timesteps      | 1176760    |
| train/                  |            |
|    approx_kl            | 0.03233911 |
|    clip_fraction        | 0.271      |
|    clip_range           | 0.2        |
|    entropy_loss         | -2.04      |
|    explained_variance   | 0.893      |
|    learning_rate        | 5e-05      |
|    loss                 | -0.0955    |
|    n_updates            | 4230       |
|    policy_gradient_loss | -0.0437    |
|    std                  | 0.405      |
|    value_loss           | 0.0143     |
----------------------------------------
-----------------------------------------
| rollout/                |             |
|    ep_len_mean          | 51.8        |
|    ep_rew_mean          | -496        |
| time/                   |             |
|    fps                  | 1042        |
|    iterations           | 23          |
|    time_elapsed         | 180         |
|    total_timesteps      | 1184952     |
| train/                  |             |
|    approx_kl            | 0.031652316 |
|    clip_fraction        | 0.278       |
|    clip_range           | 0.2         |
|    entropy_loss         | -2.05       |
|    explained_variance   | 0.898       |
|    learning_rate        | 5e-05       |
|    loss                 | -0.0895     |
|    n_updates            | 4240        |
|    policy_gradient_loss | -0.0472     |
|    std                  | 0.406       |
|    value_loss           | 0.0152      |
-----------------------------------------
----------------------------------------
| rollout/                |            |
|    ep_len_mean          | 52.3       |
|    ep_rew_mean          | -501       |
| time/                   |            |
|    fps                  | 1041       |
|    iterations           | 24         |
|    time_elapsed         | 188        |
|    total_timesteps      | 1193144    |
| train/                  |            |
|    approx_kl            | 0.03106951 |
|    clip_fraction        | 0.276      |
|    clip_range           | 0.2        |
|    entropy_loss         | -2.06      |
|    explained_variance   | 0.859      |
|    learning_rate        | 5e-05      |
|    loss                 | -0.0954    |
|    n_updates            | 4250       |
|    policy_gradient_loss | -0.0463    |
|    std                  | 0.407      |
|    value_loss           | 0.0172     |
----------------------------------------
----------------------------------------
| rollout/                |            |
|    ep_len_mean          | 51.3       |
|    ep_rew_mean          | -490       |
| time/                   |            |
|    fps                  | 1039       |
|    iterations           | 25         |
|    time_elapsed         | 197        |
|    total_timesteps      | 1201336    |
| train/                  |            |
|    approx_kl            | 0.03173459 |
|    clip_fraction        | 0.278      |
|    clip_range           | 0.2        |
|    entropy_loss         | -2.07      |
|    explained_variance   | 0.863      |
|    learning_rate        | 5e-05      |
|    loss                 | -0.0872    |
|    n_updates            | 4260       |
|    policy_gradient_loss | -0.0456    |
|    std                  | 0.408      |
|    value_loss           | 0.0165     |
----------------------------------------
-----------------------------------------
| rollout/                |             |
|    ep_len_mean          | 49.3        |
|    ep_rew_mean          | -471        |
| time/                   |             |
|    fps                  | 1037        |
|    iterations           | 26          |
|    time_elapsed         | 205         |
|    total_timesteps      | 1209528     |
| train/                  |             |
|    approx_kl            | 0.032887213 |
|    clip_fraction        | 0.287       |
|    clip_range           | 0.2         |
|    entropy_loss         | -2.08       |
|    explained_variance   | 0.872       |
|    learning_rate        | 5e-05       |
|    loss                 | -0.0868     |
|    n_updates            | 4270        |
|    policy_gradient_loss | -0.0454     |
|    std                  | 0.409       |
|    value_loss           | 0.0173      |
-----------------------------------------
-----------------------------------------
| rollout/                |             |
|    ep_len_mean          | 48.4        |
|    ep_rew_mean          | -460        |
| time/                   |             |
|    fps                  | 1034        |
|    iterations           | 27          |
|    time_elapsed         | 213         |
|    total_timesteps      | 1217720     |
| train/                  |             |
|    approx_kl            | 0.032970756 |
|    clip_fraction        | 0.29        |
|    clip_range           | 0.2         |
|    entropy_loss         | -2.09       |
|    explained_variance   | 0.914       |
|    learning_rate        | 5e-05       |
|    loss                 | -0.0974     |
|    n_updates            | 4280        |
|    policy_gradient_loss | -0.0455     |
|    std                  | 0.41        |
|    value_loss           | 0.00732     |
-----------------------------------------
---------------------------------
| rollout/           |          |
|    ep_len_mean     | 53.6     |
|    ep_rew_mean     | -743     |
| time/              |          |
|    fps             | 3678     |
|    iterations      | 1        |
|    time_elapsed    | 2        |
|    total_timesteps | 1225912  |
---------------------------------
-----------------------------------------
| rollout/                |             |
|    ep_len_mean          | 55.3        |
|    ep_rew_mean          | -765        |
| time/                   |             |
|    fps                  | 1506        |
|    iterations           | 2           |
|    time_elapsed         | 10          |
|    total_timesteps      | 1234104     |
| train/                  |             |
|    approx_kl            | 0.030937135 |
|    clip_fraction        | 0.285       |
|    clip_range           | 0.2         |
|    entropy_loss         | -2.11       |
|    explained_variance   | 0.839       |
|    learning_rate        | 5e-05       |
|    loss                 | -0.116      |
|    n_updates            | 4300        |
|    policy_gradient_loss | -0.0511     |
|    std                  | 0.412       |
|    value_loss           | 0.0229      |
-----------------------------------------
----------------------------------------
| rollout/                |            |
|    ep_len_mean          | 45.8       |
|    ep_rew_mean          | -633       |
| time/                   |            |
|    fps                  | 1242       |
|    iterations           | 3          |
|    time_elapsed         | 19         |
|    total_timesteps      | 1242296    |
| train/                  |            |
|    approx_kl            | 0.03134313 |
|    clip_fraction        | 0.281      |
|    clip_range           | 0.2        |
|    entropy_loss         | -2.13      |
|    explained_variance   | 0.807      |
|    learning_rate        | 5e-05      |
|    loss                 | -0.0772    |
|    n_updates            | 4310       |
|    policy_gradient_loss | -0.0507    |
|    std                  | 0.414      |
|    value_loss           | 0.0467     |
----------------------------------------
----------------------------------------
| rollout/                |            |
|    ep_len_mean          | 48.1       |
|    ep_rew_mean          | -660       |
| time/                   |            |
|    fps                  | 1149       |
|    iterations           | 4          |
|    time_elapsed         | 28         |
|    total_timesteps      | 1250488    |
| train/                  |            |
|    approx_kl            | 0.03019549 |
|    clip_fraction        | 0.27       |
|    clip_range           | 0.2        |
|    entropy_loss         | -2.15      |
|    explained_variance   | 0.869      |
|    learning_rate        | 5e-05      |
|    loss                 | -0.1       |
|    n_updates            | 4320       |
|    policy_gradient_loss | -0.0443    |
|    std                  | 0.417      |
|    value_loss           | 0.0324     |
----------------------------------------
[long-eval] new best min_robot_dx=0.648 saved to RL\KNP\sb3_ppo_curriculum_best_long_human_like_phase_refined6.zip
-----------------------------------------
| rollout/                |             |
|    ep_len_mean          | 53.9        |
|    ep_rew_mean          | -757        |
| time/                   |             |
|    fps                  | 1095        |
|    iterations           | 5           |
|    time_elapsed         | 37          |
|    total_timesteps      | 1258680     |
| train/                  |             |
|    approx_kl            | 0.030494897 |
|    clip_fraction        | 0.273       |
|    clip_range           | 0.2         |
|    entropy_loss         | -2.17       |
|    explained_variance   | 0.885       |
|    learning_rate        | 5e-05       |
|    loss                 | -0.0939     |
|    n_updates            | 4330        |
|    policy_gradient_loss | -0.0478     |
|    std                  | 0.418       |
|    value_loss           | 0.0313      |
-----------------------------------------
----------------------------------------
| rollout/                |            |
|    ep_len_mean          | 50.4       |
|    ep_rew_mean          | -702       |
| time/                   |            |
|    fps                  | 1064       |
|    iterations           | 6          |
|    time_elapsed         | 46         |
|    total_timesteps      | 1266872    |
| train/                  |            |
|    approx_kl            | 0.03069246 |
|    clip_fraction        | 0.269      |
|    clip_range           | 0.2        |
|    entropy_loss         | -2.18      |
|    explained_variance   | 0.899      |
|    learning_rate        | 5e-05      |
|    loss                 | -0.104     |
|    n_updates            | 4340       |
|    policy_gradient_loss | -0.0486    |
|    std                  | 0.419      |
|    value_loss           | 0.0383     |
----------------------------------------
-----------------------------------------
| rollout/                |             |
|    ep_len_mean          | 52.7        |
|    ep_rew_mean          | -723        |
| time/                   |             |
|    fps                  | 1047        |
|    iterations           | 7           |
|    time_elapsed         | 54          |
|    total_timesteps      | 1275064     |
| train/                  |             |
|    approx_kl            | 0.029393796 |
|    clip_fraction        | 0.267       |
|    clip_range           | 0.2         |
|    entropy_loss         | -2.19       |
|    explained_variance   | 0.856       |
|    learning_rate        | 5e-05       |
|    loss                 | -0.0561     |
|    n_updates            | 4350        |
|    policy_gradient_loss | -0.0443     |
|    std                  | 0.42        |
|    value_loss           | 0.0589      |
-----------------------------------------
-----------------------------------------
| rollout/                |             |
|    ep_len_mean          | 52.7        |
|    ep_rew_mean          | -730        |
| time/                   |             |
|    fps                  | 1031        |
|    iterations           | 8           |
|    time_elapsed         | 63          |
|    total_timesteps      | 1283256     |
| train/                  |             |
|    approx_kl            | 0.032170366 |
|    clip_fraction        | 0.284       |
|    clip_range           | 0.2         |
|    entropy_loss         | -2.2        |
|    explained_variance   | 0.889       |
|    learning_rate        | 5e-05       |
|    loss                 | -0.0688     |
|    n_updates            | 4360        |
|    policy_gradient_loss | -0.0495     |
|    std                  | 0.422       |
|    value_loss           | 0.0462      |
-----------------------------------------
----------------------------------------
| rollout/                |            |
|    ep_len_mean          | 49.8       |
|    ep_rew_mean          | -684       |
| time/                   |            |
|    fps                  | 1017       |
|    iterations           | 9          |
|    time_elapsed         | 72         |
|    total_timesteps      | 1291448    |
| train/                  |            |
|    approx_kl            | 0.02944208 |
|    clip_fraction        | 0.272      |
|    clip_range           | 0.2        |
|    entropy_loss         | -2.21      |
|    explained_variance   | 0.879      |
|    learning_rate        | 5e-05      |
|    loss                 | -0.0814    |
|    n_updates            | 4370       |
|    policy_gradient_loss | -0.0443    |
|    std                  | 0.423      |
|    value_loss           | 0.0499     |
----------------------------------------
-----------------------------------------
| rollout/                |             |
|    ep_len_mean          | 53.4        |
|    ep_rew_mean          | -738        |
| time/                   |             |
|    fps                  | 1012        |
|    iterations           | 10          |
|    time_elapsed         | 80          |
|    total_timesteps      | 1299640     |
| train/                  |             |
|    approx_kl            | 0.031371437 |
|    clip_fraction        | 0.271       |
|    clip_range           | 0.2         |
|    entropy_loss         | -2.22       |
|    explained_variance   | 0.883       |
|    learning_rate        | 5e-05       |
|    loss                 | -0.108      |
|    n_updates            | 4380        |
|    policy_gradient_loss | -0.0462     |
|    std                  | 0.424       |
|    value_loss           | 0.048       |
-----------------------------------------
-----------------------------------------
| rollout/                |             |
|    ep_len_mean          | 49.4        |
|    ep_rew_mean          | -668        |
| time/                   |             |
|    fps                  | 1008        |
|    iterations           | 11          |
|    time_elapsed         | 89          |
|    total_timesteps      | 1307832     |
| train/                  |             |
|    approx_kl            | 0.030374132 |
|    clip_fraction        | 0.264       |
|    clip_range           | 0.2         |
|    entropy_loss         | -2.23       |
|    explained_variance   | 0.896       |
|    learning_rate        | 5e-05       |
|    loss                 | -0.0763     |
|    n_updates            | 4390        |
|    policy_gradient_loss | -0.0464     |
|    std                  | 0.424       |
|    value_loss           | 0.0433      |
-----------------------------------------
-----------------------------------------
| rollout/                |             |
|    ep_len_mean          | 48.8        |
|    ep_rew_mean          | -683        |
| time/                   |             |
|    fps                  | 1002        |
|    iterations           | 12          |
|    time_elapsed         | 98          |
|    total_timesteps      | 1316024     |
| train/                  |             |
|    approx_kl            | 0.030094177 |
|    clip_fraction        | 0.272       |
|    clip_range           | 0.2         |
|    entropy_loss         | -2.24       |
|    explained_variance   | 0.905       |
|    learning_rate        | 5e-05       |
|    loss                 | -0.0837     |
|    n_updates            | 4400        |
|    policy_gradient_loss | -0.046      |
|    std                  | 0.427       |
|    value_loss           | 0.0365      |
-----------------------------------------
-----------------------------------------
| rollout/                |             |
|    ep_len_mean          | 49.9        |
|    ep_rew_mean          | -693        |
| time/                   |             |
|    fps                  | 996         |
|    iterations           | 13          |
|    time_elapsed         | 106         |
|    total_timesteps      | 1324216     |
| train/                  |             |
|    approx_kl            | 0.029869193 |
|    clip_fraction        | 0.272       |
|    clip_range           | 0.2         |
|    entropy_loss         | -2.26       |
|    explained_variance   | 0.894       |
|    learning_rate        | 5e-05       |
|    loss                 | -0.0619     |
|    n_updates            | 4410        |
|    policy_gradient_loss | -0.0465     |
|    std                  | 0.428       |
|    value_loss           | 0.0431      |
-----------------------------------------
-----------------------------------------
| rollout/                |             |
|    ep_len_mean          | 52.1        |
|    ep_rew_mean          | -709        |
| time/                   |             |
|    fps                  | 993         |
|    iterations           | 14          |
|    time_elapsed         | 115         |
|    total_timesteps      | 1332408     |
| train/                  |             |
|    approx_kl            | 0.030120632 |
|    clip_fraction        | 0.264       |
|    clip_range           | 0.2         |
|    entropy_loss         | -2.27       |
|    explained_variance   | 0.88        |
|    learning_rate        | 5e-05       |
|    loss                 | -0.0671     |
|    n_updates            | 4420        |
|    policy_gradient_loss | -0.0447     |
|    std                  | 0.43        |
|    value_loss           | 0.0498      |
-----------------------------------------
-----------------------------------------
| rollout/                |             |
|    ep_len_mean          | 53.2        |
|    ep_rew_mean          | -742        |
| time/                   |             |
|    fps                  | 990         |
|    iterations           | 15          |
|    time_elapsed         | 124         |
|    total_timesteps      | 1340600     |
| train/                  |             |
|    approx_kl            | 0.030026931 |
|    clip_fraction        | 0.263       |
|    clip_range           | 0.2         |
|    entropy_loss         | -2.3        |
|    explained_variance   | 0.859       |
|    learning_rate        | 5e-05       |
|    loss                 | -0.0982     |
|    n_updates            | 4430        |
|    policy_gradient_loss | -0.0464     |
|    std                  | 0.432       |
|    value_loss           | 0.0543      |
-----------------------------------------
-----------------------------------------
| rollout/                |             |
|    ep_len_mean          | 50.4        |
|    ep_rew_mean          | -692        |
| time/                   |             |
|    fps                  | 922         |
|    iterations           | 16          |
|    time_elapsed         | 142         |
|    total_timesteps      | 1348792     |
| train/                  |             |
|    approx_kl            | 0.031000968 |
|    clip_fraction        | 0.274       |
|    clip_range           | 0.2         |
|    entropy_loss         | -2.31       |
|    explained_variance   | 0.872       |
|    learning_rate        | 5e-05       |
|    loss                 | -0.084      |
|    n_updates            | 4440        |
|    policy_gradient_loss | -0.0481     |
|    std                  | 0.433       |
|    value_loss           | 0.0508      |
-----------------------------------------
-----------------------------------------
| rollout/                |             |
|    ep_len_mean          | 49.7        |
|    ep_rew_mean          | -685        |
| time/                   |             |
|    fps                  | 899         |
|    iterations           | 17          |
|    time_elapsed         | 154         |
|    total_timesteps      | 1356984     |
| train/                  |             |
|    approx_kl            | 0.030351674 |
|    clip_fraction        | 0.268       |
|    clip_range           | 0.2         |
|    entropy_loss         | -2.32       |
|    explained_variance   | 0.866       |
|    learning_rate        | 5e-05       |
|    loss                 | -0.084      |
|    n_updates            | 4450        |
|    policy_gradient_loss | -0.0463     |
|    std                  | 0.435       |
|    value_loss           | 0.0481      |
-----------------------------------------
-----------------------------------------
| rollout/                |             |
|    ep_len_mean          | 50.1        |
|    ep_rew_mean          | -683        |
| time/                   |             |
|    fps                  | 872         |
|    iterations           | 18          |
|    time_elapsed         | 168         |
|    total_timesteps      | 1365176     |
| train/                  |             |
|    approx_kl            | 0.027705256 |
|    clip_fraction        | 0.261       |
|    clip_range           | 0.2         |
|    entropy_loss         | -2.34       |
|    explained_variance   | 0.868       |
|    learning_rate        | 5e-05       |
|    loss                 | -0.0798     |
|    n_updates            | 4460        |
|    policy_gradient_loss | -0.0444     |
|    std                  | 0.437       |
|    value_loss           | 0.0508      |
-----------------------------------------
----------------------------------------
| rollout/                |            |
|    ep_len_mean          | 50.8       |
|    ep_rew_mean          | -693       |
| time/                   |            |
|    fps                  | 846        |
|    iterations           | 19         |
|    time_elapsed         | 183        |
|    total_timesteps      | 1373368    |
| train/                  |            |
|    approx_kl            | 0.03227175 |
|    clip_fraction        | 0.284      |
|    clip_range           | 0.2        |
|    entropy_loss         | -2.36      |
|    explained_variance   | 0.906      |
|    learning_rate        | 5e-05      |
|    loss                 | -0.0883    |
|    n_updates            | 4470       |
|    policy_gradient_loss | -0.0506    |
|    std                  | 0.438      |
|    value_loss           | 0.034      |
----------------------------------------
-----------------------------------------
| rollout/                |             |
|    ep_len_mean          | 48.5        |
|    ep_rew_mean          | -671        |
| time/                   |             |
|    fps                  | 849         |
|    iterations           | 20          |
|    time_elapsed         | 192         |
|    total_timesteps      | 1381560     |
| train/                  |             |
|    approx_kl            | 0.030897455 |
|    clip_fraction        | 0.268       |
|    clip_range           | 0.2         |
|    entropy_loss         | -2.36       |
|    explained_variance   | 0.875       |
|    learning_rate        | 5e-05       |
|    loss                 | -0.0762     |
|    n_updates            | 4480        |
|    policy_gradient_loss | -0.0475     |
|    std                  | 0.438       |
|    value_loss           | 0.0497      |
-----------------------------------------
-----------------------------------------
| rollout/                |             |
|    ep_len_mean          | 51.2        |
|    ep_rew_mean          | -707        |
| time/                   |             |
|    fps                  | 853         |
|    iterations           | 21          |
|    time_elapsed         | 201         |
|    total_timesteps      | 1389752     |
| train/                  |             |
|    approx_kl            | 0.030490268 |
|    clip_fraction        | 0.265       |
|    clip_range           | 0.2         |
|    entropy_loss         | -2.37       |
|    explained_variance   | 0.885       |
|    learning_rate        | 5e-05       |
|    loss                 | -0.0852     |
|    n_updates            | 4490        |
|    policy_gradient_loss | -0.0453     |
|    std                  | 0.44        |
|    value_loss           | 0.0398      |
-----------------------------------------
----------------------------------------
| rollout/                |            |
|    ep_len_mean          | 52.9       |
|    ep_rew_mean          | -739       |
| time/                   |            |
|    fps                  | 858        |
|    iterations           | 22         |
|    time_elapsed         | 210        |
|    total_timesteps      | 1397944    |
| train/                  |            |
|    approx_kl            | 0.03253286 |
|    clip_fraction        | 0.274      |
|    clip_range           | 0.2        |
|    entropy_loss         | -2.38      |
|    explained_variance   | 0.894      |
|    learning_rate        | 5e-05      |
|    loss                 | -0.0919    |
|    n_updates            | 4500       |
|    policy_gradient_loss | -0.0498    |
|    std                  | 0.441      |
|    value_loss           | 0.0429     |
----------------------------------------
-----------------------------------------
| rollout/                |             |
|    ep_len_mean          | 55          |
|    ep_rew_mean          | -768        |
| time/                   |             |
|    fps                  | 861         |
|    iterations           | 23          |
|    time_elapsed         | 218         |
|    total_timesteps      | 1406136     |
| train/                  |             |
|    approx_kl            | 0.030760504 |
|    clip_fraction        | 0.28        |
|    clip_range           | 0.2         |
|    entropy_loss         | -2.39       |
|    explained_variance   | 0.887       |
|    learning_rate        | 5e-05       |
|    loss                 | -0.0892     |
|    n_updates            | 4510        |
|    policy_gradient_loss | -0.0502     |
|    std                  | 0.441       |
|    value_loss           | 0.0543      |
-----------------------------------------
-----------------------------------------
| rollout/                |             |
|    ep_len_mean          | 56.4        |
|    ep_rew_mean          | -781        |
| time/                   |             |
|    fps                  | 865         |
|    iterations           | 24          |
|    time_elapsed         | 227         |
|    total_timesteps      | 1414328     |
| train/                  |             |
|    approx_kl            | 0.029481374 |
|    clip_fraction        | 0.269       |
|    clip_range           | 0.2         |
|    entropy_loss         | -2.39       |
|    explained_variance   | 0.886       |
|    learning_rate        | 5e-05       |
|    loss                 | -0.0887     |
|    n_updates            | 4520        |
|    policy_gradient_loss | -0.0482     |
|    std                  | 0.442       |
|    value_loss           | 0.0513      |
-----------------------------------------
----------------------------------------
| rollout/                |            |
|    ep_len_mean          | 50.7       |
|    ep_rew_mean          | -695       |
| time/                   |            |
|    fps                  | 830        |
|    iterations           | 25         |
|    time_elapsed         | 246        |
|    total_timesteps      | 1422520    |
| train/                  |            |
|    approx_kl            | 0.03004558 |
|    clip_fraction        | 0.264      |
|    clip_range           | 0.2        |
|    entropy_loss         | -2.4       |
|    explained_variance   | 0.88       |
|    learning_rate        | 5e-05      |
|    loss                 | -0.0684    |
|    n_updates            | 4530       |
|    policy_gradient_loss | -0.0476    |
|    std                  | 0.443      |
|    value_loss           | 0.0587     |
----------------------------------------
-----------------------------------------
| rollout/                |             |
|    ep_len_mean          | 48.8        |
|    ep_rew_mean          | -677        |
| time/                   |             |
|    fps                  | 824         |
|    iterations           | 26          |
|    time_elapsed         | 258         |
|    total_timesteps      | 1430712     |
| train/                  |             |
|    approx_kl            | 0.030990768 |
|    clip_fraction        | 0.276       |
|    clip_range           | 0.2         |
|    entropy_loss         | -2.4        |
|    explained_variance   | 0.912       |
|    learning_rate        | 5e-05       |
|    loss                 | -0.0961     |
|    n_updates            | 4540        |
|    policy_gradient_loss | -0.047      |
|    std                  | 0.443       |
|    value_loss           | 0.0332      |
-----------------------------------------
-----------------------------------------
| rollout/                |             |
|    ep_len_mean          | 52.4        |
|    ep_rew_mean          | -723        |
| time/                   |             |
|    fps                  | 817         |
|    iterations           | 27          |
|    time_elapsed         | 270         |
|    total_timesteps      | 1438904     |
| train/                  |             |
|    approx_kl            | 0.029563472 |
|    clip_fraction        | 0.264       |
|    clip_range           | 0.2         |
|    entropy_loss         | -2.41       |
|    explained_variance   | 0.9         |
|    learning_rate        | 5e-05       |
|    loss                 | -0.119      |
|    n_updates            | 4550        |
|    policy_gradient_loss | -0.0498     |
|    std                  | 0.443       |
|    value_loss           | 0.0416      |
-----------------------------------------
----------------------------------------
| rollout/                |            |
|    ep_len_mean          | 49.8       |
|    ep_rew_mean          | -687       |
| time/                   |            |
|    fps                  | 811        |
|    iterations           | 28         |
|    time_elapsed         | 282        |
|    total_timesteps      | 1447096    |
| train/                  |            |
|    approx_kl            | 0.03043893 |
|    clip_fraction        | 0.27       |
|    clip_range           | 0.2        |
|    entropy_loss         | -2.42      |
|    explained_variance   | 0.868      |
|    learning_rate        | 5e-05      |
|    loss                 | -0.0726    |
|    n_updates            | 4560       |
|    policy_gradient_loss | -0.0466    |
|    std                  | 0.445      |
|    value_loss           | 0.0522     |
----------------------------------------
-----------------------------------------
| rollout/                |             |
|    ep_len_mean          | 56.6        |
|    ep_rew_mean          | -788        |
| time/                   |             |
|    fps                  | 806         |
|    iterations           | 29          |
|    time_elapsed         | 294         |
|    total_timesteps      | 1455288     |
| train/                  |             |
|    approx_kl            | 0.028916778 |
|    clip_fraction        | 0.256       |
|    clip_range           | 0.2         |
|    entropy_loss         | -2.43       |
|    explained_variance   | 0.874       |
|    learning_rate        | 5e-05       |
|    loss                 | -0.0951     |
|    n_updates            | 4570        |
|    policy_gradient_loss | -0.0461     |
|    std                  | 0.446       |
|    value_loss           | 0.0524      |
-----------------------------------------
-----------------------------------------
| rollout/                |             |
|    ep_len_mean          | 49.4        |
|    ep_rew_mean          | -675        |
| time/                   |             |
|    fps                  | 800         |
|    iterations           | 30          |
|    time_elapsed         | 306         |
|    total_timesteps      | 1463480     |
| train/                  |             |
|    approx_kl            | 0.029677618 |
|    clip_fraction        | 0.267       |
|    clip_range           | 0.2         |
|    entropy_loss         | -2.44       |
|    explained_variance   | 0.855       |
|    learning_rate        | 5e-05       |
|    loss                 | -0.0804     |
|    n_updates            | 4580        |
|    policy_gradient_loss | -0.0475     |
|    std                  | 0.447       |
|    value_loss           | 0.0614      |
-----------------------------------------
-----------------------------------------
| rollout/                |             |
|    ep_len_mean          | 48.3        |
|    ep_rew_mean          | -667        |
| time/                   |             |
|    fps                  | 795         |
|    iterations           | 31          |
|    time_elapsed         | 319         |
|    total_timesteps      | 1471672     |
| train/                  |             |
|    approx_kl            | 0.031511776 |
|    clip_fraction        | 0.281       |
|    clip_range           | 0.2         |
|    entropy_loss         | -2.45       |
|    explained_variance   | 0.873       |
|    learning_rate        | 5e-05       |
|    loss                 | -0.0971     |
|    n_updates            | 4590        |
|    policy_gradient_loss | -0.0458     |
|    std                  | 0.449       |
|    value_loss           | 0.04        |
-----------------------------------------
-----------------------------------------
| rollout/                |             |
|    ep_len_mean          | 53.6        |
|    ep_rew_mean          | -741        |
| time/                   |             |
|    fps                  | 792         |
|    iterations           | 32          |
|    time_elapsed         | 330         |
|    total_timesteps      | 1479864     |
| train/                  |             |
|    approx_kl            | 0.029142797 |
|    clip_fraction        | 0.271       |
|    clip_range           | 0.2         |
|    entropy_loss         | -2.47       |
|    explained_variance   | 0.888       |
|    learning_rate        | 5e-05       |
|    loss                 | -0.104      |
|    n_updates            | 4600        |
|    policy_gradient_loss | -0.0463     |
|    std                  | 0.451       |
|    value_loss           | 0.0389      |
-----------------------------------------
-----------------------------------------
| rollout/                |             |
|    ep_len_mean          | 48.1        |
|    ep_rew_mean          | -660        |
| time/                   |             |
|    fps                  | 786         |
|    iterations           | 33          |
|    time_elapsed         | 343         |
|    total_timesteps      | 1488056     |
| train/                  |             |
|    approx_kl            | 0.028484631 |
|    clip_fraction        | 0.267       |
|    clip_range           | 0.2         |
|    entropy_loss         | -2.49       |
|    explained_variance   | 0.878       |
|    learning_rate        | 5e-05       |
|    loss                 | -0.0982     |
|    n_updates            | 4610        |
|    policy_gradient_loss | -0.0486     |
|    std                  | 0.453       |
|    value_loss           | 0.0471      |
-----------------------------------------
-----------------------------------------
| rollout/                |             |
|    ep_len_mean          | 50.5        |
|    ep_rew_mean          | -694        |
| time/                   |             |
|    fps                  | 781         |
|    iterations           | 34          |
|    time_elapsed         | 356         |
|    total_timesteps      | 1496248     |
| train/                  |             |
|    approx_kl            | 0.031350788 |
|    clip_fraction        | 0.278       |
|    clip_range           | 0.2         |
|    entropy_loss         | -2.5        |
|    explained_variance   | 0.858       |
|    learning_rate        | 5e-05       |
|    loss                 | -0.0956     |
|    n_updates            | 4620        |
|    policy_gradient_loss | -0.0458     |
|    std                  | 0.454       |
|    value_loss           | 0.0493      |
-----------------------------------------
-----------------------------------------
| rollout/                |             |
|    ep_len_mean          | 48.6        |
|    ep_rew_mean          | -664        |
| time/                   |             |
|    fps                  | 778         |
|    iterations           | 35          |
|    time_elapsed         | 368         |
|    total_timesteps      | 1504440     |
| train/                  |             |
|    approx_kl            | 0.028693048 |
|    clip_fraction        | 0.263       |
|    clip_range           | 0.2         |
|    entropy_loss         | -2.51       |
|    explained_variance   | 0.864       |
|    learning_rate        | 5e-05       |
|    loss                 | -0.0895     |
|    n_updates            | 4630        |
|    policy_gradient_loss | -0.0471     |
|    std                  | 0.455       |
|    value_loss           | 0.0491      |
-----------------------------------------
----------------------------------------
| rollout/                |            |
|    ep_len_mean          | 50.3       |
|    ep_rew_mean          | -686       |
| time/                   |            |
|    fps                  | 775        |
|    iterations           | 36         |
|    time_elapsed         | 380        |
|    total_timesteps      | 1512632    |
| train/                  |            |
|    approx_kl            | 0.03124244 |
|    clip_fraction        | 0.274      |
|    clip_range           | 0.2        |
|    entropy_loss         | -2.52      |
|    explained_variance   | 0.867      |
|    learning_rate        | 5e-05      |
|    loss                 | -0.0874    |
|    n_updates            | 4640       |
|    policy_gradient_loss | -0.045     |
|    std                  | 0.456      |
|    value_loss           | 0.0469     |
----------------------------------------
-----------------------------------------
| rollout/                |             |
|    ep_len_mean          | 54.6        |
|    ep_rew_mean          | -742        |
| time/                   |             |
|    fps                  | 770         |
|    iterations           | 37          |
|    time_elapsed         | 393         |
|    total_timesteps      | 1520824     |
| train/                  |             |
|    approx_kl            | 0.029174786 |
|    clip_fraction        | 0.268       |
|    clip_range           | 0.2         |
|    entropy_loss         | -2.53       |
|    explained_variance   | 0.857       |
|    learning_rate        | 5e-05       |
|    loss                 | -0.0806     |
|    n_updates            | 4650        |
|    policy_gradient_loss | -0.0466     |
|    std                  | 0.458       |
|    value_loss           | 0.0491      |
-----------------------------------------
saved model to RL\KNP\sb3_ppo_curriculum_policy_human_like_phase_refined6.zip
saved vecnormalize to RL\KNP\sb3_ppo_curriculum_phase_refined6_vecnormalize.pkl
