Using cpu device
[long-eval] new best min_robot_dx=-0.002 saved to C:\Users\root\Documents\SimRoki\RL\KNP\sb3_ppo_curriculum_best_long.zip
----------------------------------
| rollout/           |           |
|    ep_len_mean     | 270       |
|    ep_rew_mean     | -1.29e+03 |
| time/              |           |
|    fps             | 1403      |
|    iterations      | 1         |
|    time_elapsed    | 0         |
|    total_timesteps | 512       |
----------------------------------
-----------------------------------------
| rollout/                |             |
|    ep_len_mean          | 270         |
|    ep_rew_mean          | -1.29e+03   |
| time/                   |             |
|    fps                  | 824         |
|    iterations           | 2           |
|    time_elapsed         | 1           |
|    total_timesteps      | 1024        |
| train/                  |             |
|    approx_kl            | 0.016111607 |
|    clip_fraction        | 0.125       |
|    clip_range           | 0.2         |
|    entropy_loss         | -5.68       |
|    explained_variance   | -0.151      |
|    learning_rate        | 0.00025     |
|    loss                 | -0.035      |
|    n_updates            | 10          |
|    policy_gradient_loss | -0.0311     |
|    std                  | 1           |
|    value_loss           | 0.619       |
-----------------------------------------
---------------------------------
| rollout/           |          |
|    ep_len_mean     | 684      |
|    ep_rew_mean     | -3.4e+03 |
| time/              |          |
|    fps             | 1027     |
|    iterations      | 1        |
|    time_elapsed    | 0        |
|    total_timesteps | 1536     |
---------------------------------
-----------------------------------------
| rollout/                |             |
|    ep_len_mean          | 391         |
|    ep_rew_mean          | -3.39e+03   |
| time/                   |             |
|    fps                  | 768         |
|    iterations           | 2           |
|    time_elapsed         | 1           |
|    total_timesteps      | 2048        |
| train/                  |             |
|    approx_kl            | 0.016218483 |
|    clip_fraction        | 0.131       |
|    clip_range           | 0.2         |
|    entropy_loss         | -5.67       |
|    explained_variance   | 0.65        |
|    learning_rate        | 0.00025     |
|    loss                 | -0.0278     |
|    n_updates            | 30          |
|    policy_gradient_loss | -0.0295     |
|    std                  | 0.998       |
|    value_loss           | 0.0874      |
-----------------------------------------
-----------------------------------------
| rollout/                |             |
|    ep_len_mean          | 255         |
|    ep_rew_mean          | -2.86e+03   |
| time/                   |             |
|    fps                  | 652         |
|    iterations           | 3           |
|    time_elapsed         | 2           |
|    total_timesteps      | 2560        |
| train/                  |             |
|    approx_kl            | 0.023740886 |
|    clip_fraction        | 0.211       |
|    clip_range           | 0.2         |
|    entropy_loss         | -5.67       |
|    explained_variance   | -0.667      |
|    learning_rate        | 0.00025     |
|    loss                 | -0.0542     |
|    n_updates            | 40          |
|    policy_gradient_loss | -0.045      |
|    std                  | 0.999       |
|    value_loss           | 0.0653      |
-----------------------------------------
-----------------------------------------
| rollout/                |             |
|    ep_len_mean          | 245         |
|    ep_rew_mean          | -3.01e+03   |
| time/                   |             |
|    fps                  | 610         |
|    iterations           | 4           |
|    time_elapsed         | 3           |
|    total_timesteps      | 3072        |
| train/                  |             |
|    approx_kl            | 0.019863605 |
|    clip_fraction        | 0.209       |
|    clip_range           | 0.2         |
|    entropy_loss         | -5.68       |
|    explained_variance   | -0.0661     |
|    learning_rate        | 0.00025     |
|    loss                 | -0.0476     |
|    n_updates            | 50          |
|    policy_gradient_loss | -0.0425     |
|    std                  | 1           |
|    value_loss           | 0.0438      |
-----------------------------------------
----------------------------------
| rollout/           |           |
|    ep_len_mean     | 270       |
|    ep_rew_mean     | -3.21e+03 |
| time/              |           |
|    fps             | 701       |
|    iterations      | 1         |
|    time_elapsed    | 0         |
|    total_timesteps | 3584      |
----------------------------------
-----------------------------------------
| rollout/                |             |
|    ep_len_mean          | 268         |
|    ep_rew_mean          | -3.02e+03   |
| time/                   |             |
|    fps                  | 633         |
|    iterations           | 2           |
|    time_elapsed         | 1           |
|    total_timesteps      | 4096        |
| train/                  |             |
|    approx_kl            | 0.024477815 |
|    clip_fraction        | 0.262       |
|    clip_range           | 0.2         |
|    entropy_loss         | -5.68       |
|    explained_variance   | 0.19        |
|    learning_rate        | 0.00025     |
|    loss                 | -0.0946     |
|    n_updates            | 70          |
|    policy_gradient_loss | -0.0499     |
|    std                  | 0.998       |
|    value_loss           | 0.0151      |
-----------------------------------------
-----------------------------------------
| rollout/                |             |
|    ep_len_mean          | 252         |
|    ep_rew_mean          | -2.73e+03   |
| time/                   |             |
|    fps                  | 622         |
|    iterations           | 3           |
|    time_elapsed         | 2           |
|    total_timesteps      | 4608        |
| train/                  |             |
|    approx_kl            | 0.021897372 |
|    clip_fraction        | 0.244       |
|    clip_range           | 0.2         |
|    entropy_loss         | -5.66       |
|    explained_variance   | 0.0347      |
|    learning_rate        | 0.00025     |
|    loss                 | -0.0647     |
|    n_updates            | 80          |
|    policy_gradient_loss | -0.0423     |
|    std                  | 0.996       |
|    value_loss           | 0.0198      |
-----------------------------------------
-----------------------------------------
| rollout/                |             |
|    ep_len_mean          | 240         |
|    ep_rew_mean          | -2.52e+03   |
| time/                   |             |
|    fps                  | 594         |
|    iterations           | 4           |
|    time_elapsed         | 3           |
|    total_timesteps      | 5120        |
| train/                  |             |
|    approx_kl            | 0.023497656 |
|    clip_fraction        | 0.203       |
|    clip_range           | 0.2         |
|    entropy_loss         | -5.66       |
|    explained_variance   | 0.441       |
|    learning_rate        | 0.00025     |
|    loss                 | -0.083      |
|    n_updates            | 90          |
|    policy_gradient_loss | -0.0505     |
|    std                  | 0.995       |
|    value_loss           | 0.0109      |
-----------------------------------------
-----------------------------------------
| rollout/                |             |
|    ep_len_mean          | 228         |
|    ep_rew_mean          | -2.35e+03   |
| time/                   |             |
|    fps                  | 575         |
|    iterations           | 5           |
|    time_elapsed         | 4           |
|    total_timesteps      | 5632        |
| train/                  |             |
|    approx_kl            | 0.022890516 |
|    clip_fraction        | 0.21        |
|    clip_range           | 0.2         |
|    entropy_loss         | -5.65       |
|    explained_variance   | 0.638       |
|    learning_rate        | 0.00025     |
|    loss                 | -0.0566     |
|    n_updates            | 100         |
|    policy_gradient_loss | -0.0422     |
|    std                  | 0.993       |
|    value_loss           | 0.0113      |
-----------------------------------------
-----------------------------------------
| rollout/                |             |
|    ep_len_mean          | 230         |
|    ep_rew_mean          | -2.31e+03   |
| time/                   |             |
|    fps                  | 564         |
|    iterations           | 6           |
|    time_elapsed         | 5           |
|    total_timesteps      | 6144        |
| train/                  |             |
|    approx_kl            | 0.023997318 |
|    clip_fraction        | 0.264       |
|    clip_range           | 0.2         |
|    entropy_loss         | -5.64       |
|    explained_variance   | 0.654       |
|    learning_rate        | 0.00025     |
|    loss                 | -0.076      |
|    n_updates            | 110         |
|    policy_gradient_loss | -0.0489     |
|    std                  | 0.99        |
|    value_loss           | 0.006       |
-----------------------------------------
-----------------------------------------
| rollout/                |             |
|    ep_len_mean          | 229         |
|    ep_rew_mean          | -2.24e+03   |
| time/                   |             |
|    fps                  | 554         |
|    iterations           | 7           |
|    time_elapsed         | 6           |
|    total_timesteps      | 6656        |
| train/                  |             |
|    approx_kl            | 0.024824385 |
|    clip_fraction        | 0.244       |
|    clip_range           | 0.2         |
|    entropy_loss         | -5.63       |
|    explained_variance   | 0.67        |
|    learning_rate        | 0.00025     |
|    loss                 | -0.0627     |
|    n_updates            | 120         |
|    policy_gradient_loss | -0.0519     |
|    std                  | 0.985       |
|    value_loss           | 0.0073      |
-----------------------------------------
-----------------------------------------
| rollout/                |             |
|    ep_len_mean          | 227         |
|    ep_rew_mean          | -2.19e+03   |
| time/                   |             |
|    fps                  | 554         |
|    iterations           | 8           |
|    time_elapsed         | 7           |
|    total_timesteps      | 7168        |
| train/                  |             |
|    approx_kl            | 0.022707371 |
|    clip_fraction        | 0.205       |
|    clip_range           | 0.2         |
|    entropy_loss         | -5.61       |
|    explained_variance   | 0.0549      |
|    learning_rate        | 0.00025     |
|    loss                 | -0.0957     |
|    n_updates            | 130         |
|    policy_gradient_loss | -0.0496     |
|    std                  | 0.981       |
|    value_loss           | 0.00894     |
-----------------------------------------
----------------------------------
| rollout/           |           |
|    ep_len_mean     | 224       |
|    ep_rew_mean     | -2.12e+03 |
| time/              |           |
|    fps             | 789       |
|    iterations      | 1         |
|    time_elapsed    | 0         |
|    total_timesteps | 7680      |
----------------------------------
-----------------------------------------
| rollout/                |             |
|    ep_len_mean          | 219         |
|    ep_rew_mean          | -2.06e+03   |
| time/                   |             |
|    fps                  | 612         |
|    iterations           | 2           |
|    time_elapsed         | 1           |
|    total_timesteps      | 8192        |
| train/                  |             |
|    approx_kl            | 0.023860943 |
|    clip_fraction        | 0.299       |
|    clip_range           | 0.2         |
|    entropy_loss         | -5.59       |
|    explained_variance   | 0.83        |
|    learning_rate        | 0.00025     |
|    loss                 | -0.0646     |
|    n_updates            | 150         |
|    policy_gradient_loss | -0.0625     |
|    std                  | 0.979       |
|    value_loss           | 0.0048      |
-----------------------------------------
-----------------------------------------
| rollout/                |             |
|    ep_len_mean          | 216         |
|    ep_rew_mean          | -2e+03      |
| time/                   |             |
|    fps                  | 599         |
|    iterations           | 3           |
|    time_elapsed         | 2           |
|    total_timesteps      | 8704        |
| train/                  |             |
|    approx_kl            | 0.024567235 |
|    clip_fraction        | 0.237       |
|    clip_range           | 0.2         |
|    entropy_loss         | -5.6        |
|    explained_variance   | 0.626       |
|    learning_rate        | 0.00025     |
|    loss                 | -0.073      |
|    n_updates            | 160         |
|    policy_gradient_loss | -0.0514     |
|    std                  | 0.982       |
|    value_loss           | 0.00528     |
-----------------------------------------
-----------------------------------------
| rollout/                |             |
|    ep_len_mean          | 212         |
|    ep_rew_mean          | -1.95e+03   |
| time/                   |             |
|    fps                  | 602         |
|    iterations           | 4           |
|    time_elapsed         | 3           |
|    total_timesteps      | 9216        |
| train/                  |             |
|    approx_kl            | 0.017720953 |
|    clip_fraction        | 0.207       |
|    clip_range           | 0.2         |
|    entropy_loss         | -5.6        |
|    explained_variance   | 0.595       |
|    learning_rate        | 0.00025     |
|    loss                 | -0.0636     |
|    n_updates            | 170         |
|    policy_gradient_loss | -0.0443     |
|    std                  | 0.98        |
|    value_loss           | 0.0082      |
-----------------------------------------
-----------------------------------------
| rollout/                |             |
|    ep_len_mean          | 220         |
|    ep_rew_mean          | -2e+03      |
| time/                   |             |
|    fps                  | 590         |
|    iterations           | 5           |
|    time_elapsed         | 4           |
|    total_timesteps      | 9728        |
| train/                  |             |
|    approx_kl            | 0.030742528 |
|    clip_fraction        | 0.299       |
|    clip_range           | 0.2         |
|    entropy_loss         | -5.59       |
|    explained_variance   | 0.759       |
|    learning_rate        | 0.00025     |
|    loss                 | -0.0921     |
|    n_updates            | 180         |
|    policy_gradient_loss | -0.0629     |
|    std                  | 0.978       |
|    value_loss           | 0.00641     |
-----------------------------------------
----------------------------------------
| rollout/                |            |
|    ep_len_mean          | 224        |
|    ep_rew_mean          | -2.02e+03  |
| time/                   |            |
|    fps                  | 585        |
|    iterations           | 6          |
|    time_elapsed         | 5          |
|    total_timesteps      | 10240      |
| train/                  |            |
|    approx_kl            | 0.02127248 |
|    clip_fraction        | 0.247      |
|    clip_range           | 0.2        |
|    entropy_loss         | -5.58      |
|    explained_variance   | 0.467      |
|    learning_rate        | 0.00025    |
|    loss                 | -0.101     |
|    n_updates            | 190        |
|    policy_gradient_loss | -0.0573    |
|    std                  | 0.974      |
|    value_loss           | 0.00705    |
----------------------------------------
----------------------------------
| rollout/           |           |
|    ep_len_mean     | 225       |
|    ep_rew_mean     | -2.05e+03 |
| time/              |           |
|    fps             | 962       |
|    iterations      | 1         |
|    time_elapsed    | 0         |
|    total_timesteps | 10752     |
----------------------------------
----------------------------------------
| rollout/                |            |
|    ep_len_mean          | 224        |
|    ep_rew_mean          | -2.07e+03  |
| time/                   |            |
|    fps                  | 748        |
|    iterations           | 2          |
|    time_elapsed         | 1          |
|    total_timesteps      | 11264      |
| train/                  |            |
|    approx_kl            | 0.03634657 |
|    clip_fraction        | 0.282      |
|    clip_range           | 0.2        |
|    entropy_loss         | -5.55      |
|    explained_variance   | 0.415      |
|    learning_rate        | 0.00025    |
|    loss                 | -0.0681    |
|    n_updates            | 210        |
|    policy_gradient_loss | -0.0555    |
|    std                  | 0.965      |
|    value_loss           | 0.0219     |
----------------------------------------
-----------------------------------------
| rollout/                |             |
|    ep_len_mean          | 224         |
|    ep_rew_mean          | -2.11e+03   |
| time/                   |             |
|    fps                  | 681         |
|    iterations           | 3           |
|    time_elapsed         | 2           |
|    total_timesteps      | 11776       |
| train/                  |             |
|    approx_kl            | 0.023473563 |
|    clip_fraction        | 0.211       |
|    clip_range           | 0.2         |
|    entropy_loss         | -5.53       |
|    explained_variance   | -0.148      |
|    learning_rate        | 0.00025     |
|    loss                 | -0.0821     |
|    n_updates            | 220         |
|    policy_gradient_loss | -0.048      |
|    std                  | 0.964       |
|    value_loss           | 0.0182      |
-----------------------------------------
-----------------------------------------
| rollout/                |             |
|    ep_len_mean          | 221         |
|    ep_rew_mean          | -2.1e+03    |
| time/                   |             |
|    fps                  | 658         |
|    iterations           | 4           |
|    time_elapsed         | 3           |
|    total_timesteps      | 12288       |
| train/                  |             |
|    approx_kl            | 0.034046344 |
|    clip_fraction        | 0.292       |
|    clip_range           | 0.2         |
|    entropy_loss         | -5.53       |
|    explained_variance   | 0.558       |
|    learning_rate        | 0.00025     |
|    loss                 | -0.0618     |
|    n_updates            | 230         |
|    policy_gradient_loss | -0.0541     |
|    std                  | 0.963       |
|    value_loss           | 0.0186      |
-----------------------------------------
-----------------------------------------
| rollout/                |             |
|    ep_len_mean          | 225         |
|    ep_rew_mean          | -2.16e+03   |
| time/                   |             |
|    fps                  | 643         |
|    iterations           | 5           |
|    time_elapsed         | 3           |
|    total_timesteps      | 12800       |
| train/                  |             |
|    approx_kl            | 0.029297821 |
|    clip_fraction        | 0.275       |
|    clip_range           | 0.2         |
|    entropy_loss         | -5.52       |
|    explained_variance   | 0.751       |
|    learning_rate        | 0.00025     |
|    loss                 | -0.0781     |
|    n_updates            | 240         |
|    policy_gradient_loss | -0.0528     |
|    std                  | 0.96        |
|    value_loss           | 0.00917     |
-----------------------------------------
-----------------------------------------
| rollout/                |             |
|    ep_len_mean          | 221         |
|    ep_rew_mean          | -2.15e+03   |
| time/                   |             |
|    fps                  | 626         |
|    iterations           | 6           |
|    time_elapsed         | 4           |
|    total_timesteps      | 13312       |
| train/                  |             |
|    approx_kl            | 0.021825116 |
|    clip_fraction        | 0.279       |
|    clip_range           | 0.2         |
|    entropy_loss         | -5.51       |
|    explained_variance   | 0.574       |
|    learning_rate        | 0.00025     |
|    loss                 | -0.0691     |
|    n_updates            | 250         |
|    policy_gradient_loss | -0.0576     |
|    std                  | 0.956       |
|    value_loss           | 0.012       |
-----------------------------------------
-----------------------------------------
| rollout/                |             |
|    ep_len_mean          | 221         |
|    ep_rew_mean          | -2.16e+03   |
| time/                   |             |
|    fps                  | 618         |
|    iterations           | 7           |
|    time_elapsed         | 5           |
|    total_timesteps      | 13824       |
| train/                  |             |
|    approx_kl            | 0.027381659 |
|    clip_fraction        | 0.272       |
|    clip_range           | 0.2         |
|    entropy_loss         | -5.49       |
|    explained_variance   | 0.898       |
|    learning_rate        | 0.00025     |
|    loss                 | -0.0808     |
|    n_updates            | 260         |
|    policy_gradient_loss | -0.0607     |
|    std                  | 0.954       |
|    value_loss           | 0.00643     |
-----------------------------------------
-----------------------------------------
| rollout/                |             |
|    ep_len_mean          | 222         |
|    ep_rew_mean          | -2.19e+03   |
| time/                   |             |
|    fps                  | 610         |
|    iterations           | 8           |
|    time_elapsed         | 6           |
|    total_timesteps      | 14336       |
| train/                  |             |
|    approx_kl            | 0.022604916 |
|    clip_fraction        | 0.249       |
|    clip_range           | 0.2         |
|    entropy_loss         | -5.48       |
|    explained_variance   | 0.856       |
|    learning_rate        | 0.00025     |
|    loss                 | -0.076      |
|    n_updates            | 270         |
|    policy_gradient_loss | -0.0558     |
|    std                  | 0.952       |
|    value_loss           | 0.00743     |
-----------------------------------------
saved model to C:\Users\root\Documents\SimRoki\RL\KNP\sb3_ppo_curriculum_policy.zip
saved vecnormalize to C:\Users\root\Documents\SimRoki\RL\KNP\sb3_ppo_curriculum_vecnormalize.pkl
