----------------------------------
| rollout/           |           |
|    ep_len_mean     | 183       |
|    ep_rew_mean     | -1.08e+03 |
| time/              |           |
|    fps             | 1576      |
|    iterations      | 1         |
|    time_elapsed    | 0         |
|    total_timesteps | 63848     |
----------------------------------
----------------------------------------
| rollout/                |            |
|    ep_len_mean          | 183        |
|    ep_rew_mean          | -1.08e+03  |
| time/                   |            |
|    fps                  | 1086       |
|    iterations           | 2          |
|    time_elapsed         | 0          |
|    total_timesteps      | 64360      |
| train/                  |            |
|    approx_kl            | 0.07657356 |
|    clip_fraction        | 0.464      |
|    clip_range           | 0.2        |
|    entropy_loss         | -4.37      |
|    explained_variance   | 0.708      |
|    learning_rate        | 0.00025    |
|    loss                 | -0.123     |
|    n_updates            | 1240       |
|    policy_gradient_loss | -0.0836    |
|    std                  | 0.723      |
|    value_loss           | 0.00164    |
----------------------------------------
-----------------------------------------
| rollout/                |             |
|    ep_len_mean          | 183         |
|    ep_rew_mean          | -1.07e+03   |
| time/                   |             |
|    fps                  | 996         |
|    iterations           | 3           |
|    time_elapsed         | 1           |
|    total_timesteps      | 64872       |
| train/                  |             |
|    approx_kl            | 0.068644464 |
|    clip_fraction        | 0.446       |
|    clip_range           | 0.2         |
|    entropy_loss         | -4.37       |
|    explained_variance   | 0.652       |
|    learning_rate        | 0.00025     |
|    loss                 | -0.111      |
|    n_updates            | 1250        |
|    policy_gradient_loss | -0.0784     |
|    std                  | 0.72        |
|    value_loss           | 0.00216     |
-----------------------------------------
[long-eval] new best min_robot_dx=-0.454 saved to RL\KNP\sb3_ppo_curriculum_best_long_human_like.zip
-----------------------------------------
| rollout/                |             |
|    ep_len_mean          | 181         |
|    ep_rew_mean          | -1.04e+03   |
| time/                   |             |
|    fps                  | 912         |
|    iterations           | 4           |
|    time_elapsed         | 2           |
|    total_timesteps      | 65384       |
| train/                  |             |
|    approx_kl            | 0.062020812 |
|    clip_fraction        | 0.426       |
|    clip_range           | 0.2         |
|    entropy_loss         | -4.36       |
|    explained_variance   | 0.738       |
|    learning_rate        | 0.00025     |
|    loss                 | -0.124      |
|    n_updates            | 1260        |
|    policy_gradient_loss | -0.0878     |
|    std                  | 0.72        |
|    value_loss           | 0.00217     |
-----------------------------------------
----------------------------------------
| rollout/                |            |
|    ep_len_mean          | 178        |
|    ep_rew_mean          | -996       |
| time/                   |            |
|    fps                  | 905        |
|    iterations           | 5          |
|    time_elapsed         | 2          |
|    total_timesteps      | 65896      |
| train/                  |            |
|    approx_kl            | 0.06248712 |
|    clip_fraction        | 0.415      |
|    clip_range           | 0.2        |
|    entropy_loss         | -4.34      |
|    explained_variance   | 0.774      |
|    learning_rate        | 0.00025    |
|    loss                 | -0.129     |
|    n_updates            | 1270       |
|    policy_gradient_loss | -0.0894    |
|    std                  | 0.715      |
|    value_loss           | 0.00159    |
----------------------------------------
----------------------------------------
| rollout/                |            |
|    ep_len_mean          | 178        |
|    ep_rew_mean          | -988       |
| time/                   |            |
|    fps                  | 893        |
|    iterations           | 6          |
|    time_elapsed         | 3          |
|    total_timesteps      | 66408      |
| train/                  |            |
|    approx_kl            | 0.05938653 |
|    clip_fraction        | 0.373      |
|    clip_range           | 0.2        |
|    entropy_loss         | -4.31      |
|    explained_variance   | 0.686      |
|    learning_rate        | 0.00025    |
|    loss                 | -0.131     |
|    n_updates            | 1280       |
|    policy_gradient_loss | -0.0846    |
|    std                  | 0.71       |
|    value_loss           | 0.00132    |
----------------------------------------
-----------------------------------------
| rollout/                |             |
|    ep_len_mean          | 180         |
|    ep_rew_mean          | -981        |
| time/                   |             |
|    fps                  | 878         |
|    iterations           | 7           |
|    time_elapsed         | 4           |
|    total_timesteps      | 66920       |
| train/                  |             |
|    approx_kl            | 0.078053884 |
|    clip_fraction        | 0.437       |
|    clip_range           | 0.2         |
|    entropy_loss         | -4.29       |
|    explained_variance   | 0.459       |
|    learning_rate        | 0.00025     |
|    loss                 | -0.13       |
|    n_updates            | 1290        |
|    policy_gradient_loss | -0.0892     |
|    std                  | 0.705       |
|    value_loss           | 0.00185     |
-----------------------------------------
----------------------------------------
| rollout/                |            |
|    ep_len_mean          | 180        |
|    ep_rew_mean          | -962       |
| time/                   |            |
|    fps                  | 856        |
|    iterations           | 8          |
|    time_elapsed         | 4          |
|    total_timesteps      | 67432      |
| train/                  |            |
|    approx_kl            | 0.07393413 |
|    clip_fraction        | 0.436      |
|    clip_range           | 0.2        |
|    entropy_loss         | -4.26      |
|    explained_variance   | 0.41       |
|    learning_rate        | 0.00025    |
|    loss                 | -0.118     |
|    n_updates            | 1300       |
|    policy_gradient_loss | -0.0834    |
|    std                  | 0.702      |
|    value_loss           | 0.00187    |
----------------------------------------
--------------------------------------
| rollout/                |          |
|    ep_len_mean          | 179      |
|    ep_rew_mean          | -947     |
| time/                   |          |
|    fps                  | 857      |
|    iterations           | 9        |
|    time_elapsed         | 5        |
|    total_timesteps      | 67944    |
| train/                  |          |
|    approx_kl            | 0.063051 |
|    clip_fraction        | 0.388    |
|    clip_range           | 0.2      |
|    entropy_loss         | -4.25    |
|    explained_variance   | 0.656    |
|    learning_rate        | 0.00025  |
|    loss                 | -0.13    |
|    n_updates            | 1310     |
|    policy_gradient_loss | -0.0795  |
|    std                  | 0.699    |
|    value_loss           | 0.00139  |
--------------------------------------
-----------------------------------------
| rollout/                |             |
|    ep_len_mean          | 181         |
|    ep_rew_mean          | -946        |
| time/                   |             |
|    fps                  | 848         |
|    iterations           | 10          |
|    time_elapsed         | 6           |
|    total_timesteps      | 68456       |
| train/                  |             |
|    approx_kl            | 0.063755736 |
|    clip_fraction        | 0.454       |
|    clip_range           | 0.2         |
|    entropy_loss         | -4.24       |
|    explained_variance   | 0.815       |
|    learning_rate        | 0.00025     |
|    loss                 | -0.137      |
|    n_updates            | 1320        |
|    policy_gradient_loss | -0.0872     |
|    std                  | 0.699       |
|    value_loss           | 0.000892    |
-----------------------------------------
-----------------------------------------
| rollout/                |             |
|    ep_len_mean          | 178         |
|    ep_rew_mean          | -906        |
| time/                   |             |
|    fps                  | 848         |
|    iterations           | 11          |
|    time_elapsed         | 6           |
|    total_timesteps      | 68968       |
| train/                  |             |
|    approx_kl            | 0.071555994 |
|    clip_fraction        | 0.436       |
|    clip_range           | 0.2         |
|    entropy_loss         | -4.23       |
|    explained_variance   | 0.859       |
|    learning_rate        | 0.00025     |
|    loss                 | -0.125      |
|    n_updates            | 1330        |
|    policy_gradient_loss | -0.0863     |
|    std                  | 0.696       |
|    value_loss           | 0.00109     |
-----------------------------------------
----------------------------------------
| rollout/                |            |
|    ep_len_mean          | 178        |
|    ep_rew_mean          | -895       |
| time/                   |            |
|    fps                  | 832        |
|    iterations           | 12         |
|    time_elapsed         | 7          |
|    total_timesteps      | 69480      |
| train/                  |            |
|    approx_kl            | 0.06922616 |
|    clip_fraction        | 0.425      |
|    clip_range           | 0.2        |
|    entropy_loss         | -4.21      |
|    explained_variance   | 0.789      |
|    learning_rate        | 0.00025    |
|    loss                 | -0.133     |
|    n_updates            | 1340       |
|    policy_gradient_loss | -0.0861    |
|    std                  | 0.693      |
|    value_loss           | 0.000816   |
----------------------------------------
----------------------------------------
| rollout/                |            |
|    ep_len_mean          | 179        |
|    ep_rew_mean          | -885       |
| time/                   |            |
|    fps                  | 833        |
|    iterations           | 13         |
|    time_elapsed         | 7          |
|    total_timesteps      | 69992      |
| train/                  |            |
|    approx_kl            | 0.09137353 |
|    clip_fraction        | 0.497      |
|    clip_range           | 0.2        |
|    entropy_loss         | -4.2       |
|    explained_variance   | 0.724      |
|    learning_rate        | 0.00025    |
|    loss                 | -0.135     |
|    n_updates            | 1350       |
|    policy_gradient_loss | -0.0854    |
|    std                  | 0.69       |
|    value_loss           | 0.00109    |
----------------------------------------
----------------------------------------
| rollout/                |            |
|    ep_len_mean          | 179        |
|    ep_rew_mean          | -864       |
| time/                   |            |
|    fps                  | 833        |
|    iterations           | 14         |
|    time_elapsed         | 8          |
|    total_timesteps      | 70504      |
| train/                  |            |
|    approx_kl            | 0.06667603 |
|    clip_fraction        | 0.428      |
|    clip_range           | 0.2        |
|    entropy_loss         | -4.18      |
|    explained_variance   | 0.0879     |
|    learning_rate        | 0.00025    |
|    loss                 | -0.13      |
|    n_updates            | 1360       |
|    policy_gradient_loss | -0.0753    |
|    std                  | 0.686      |
|    value_loss           | 0.00136    |
----------------------------------------
----------------------------------------
| rollout/                |            |
|    ep_len_mean          | 175        |
|    ep_rew_mean          | -849       |
| time/                   |            |
|    fps                  | 830        |
|    iterations           | 15         |
|    time_elapsed         | 9          |
|    total_timesteps      | 71016      |
| train/                  |            |
|    approx_kl            | 0.06228351 |
|    clip_fraction        | 0.393      |
|    clip_range           | 0.2        |
|    entropy_loss         | -4.16      |
|    explained_variance   | 0.615      |
|    learning_rate        | 0.00025    |
|    loss                 | -0.122     |
|    n_updates            | 1370       |
|    policy_gradient_loss | -0.0862    |
|    std                  | 0.686      |
|    value_loss           | 0.000992   |
----------------------------------------
-----------------------------------------
| rollout/                |             |
|    ep_len_mean          | 169         |
|    ep_rew_mean          | -831        |
| time/                   |             |
|    fps                  | 821         |
|    iterations           | 16          |
|    time_elapsed         | 9           |
|    total_timesteps      | 71528       |
| train/                  |             |
|    approx_kl            | 0.056383606 |
|    clip_fraction        | 0.433       |
|    clip_range           | 0.2         |
|    entropy_loss         | -4.15       |
|    explained_variance   | 0.832       |
|    learning_rate        | 0.00025     |
|    loss                 | -0.137      |
|    n_updates            | 1380        |
|    policy_gradient_loss | -0.0933     |
|    std                  | 0.682       |
|    value_loss           | 0.000576    |
-----------------------------------------
----------------------------------------
| rollout/                |            |
|    ep_len_mean          | 165        |
|    ep_rew_mean          | -810       |
| time/                   |            |
|    fps                  | 825        |
|    iterations           | 17         |
|    time_elapsed         | 10         |
|    total_timesteps      | 72040      |
| train/                  |            |
|    approx_kl            | 0.06686044 |
|    clip_fraction        | 0.441      |
|    clip_range           | 0.2        |
|    entropy_loss         | -4.13      |
|    explained_variance   | 0.802      |
|    learning_rate        | 0.00025    |
|    loss                 | -0.14      |
|    n_updates            | 1390       |
|    policy_gradient_loss | -0.0917    |
|    std                  | 0.68       |
|    value_loss           | 0.000796   |
----------------------------------------
----------------------------------------
| rollout/                |            |
|    ep_len_mean          | 160        |
|    ep_rew_mean          | -797       |
| time/                   |            |
|    fps                  | 832        |
|    iterations           | 18         |
|    time_elapsed         | 11         |
|    total_timesteps      | 72552      |
| train/                  |            |
|    approx_kl            | 0.09735882 |
|    clip_fraction        | 0.473      |
|    clip_range           | 0.2        |
|    entropy_loss         | -4.12      |
|    explained_variance   | 0.484      |
|    learning_rate        | 0.00025    |
|    loss                 | -0.119     |
|    n_updates            | 1400       |
|    policy_gradient_loss | -0.0876    |
|    std                  | 0.678      |
|    value_loss           | 0.00167    |
----------------------------------------
-----------------------------------------
| rollout/                |             |
|    ep_len_mean          | 157         |
|    ep_rew_mean          | -780        |
| time/                   |             |
|    fps                  | 833         |
|    iterations           | 19          |
|    time_elapsed         | 11          |
|    total_timesteps      | 73064       |
| train/                  |             |
|    approx_kl            | 0.083095744 |
|    clip_fraction        | 0.496       |
|    clip_range           | 0.2         |
|    entropy_loss         | -4.1        |
|    explained_variance   | 0.629       |
|    learning_rate        | 0.00025     |
|    loss                 | -0.123      |
|    n_updates            | 1410        |
|    policy_gradient_loss | -0.0841     |
|    std                  | 0.673       |
|    value_loss           | 0.00142     |
-----------------------------------------
----------------------------------------
| rollout/                |            |
|    ep_len_mean          | 151        |
|    ep_rew_mean          | -754       |
| time/                   |            |
|    fps                  | 824        |
|    iterations           | 20         |
|    time_elapsed         | 12         |
|    total_timesteps      | 73576      |
| train/                  |            |
|    approx_kl            | 0.07560766 |
|    clip_fraction        | 0.45       |
|    clip_range           | 0.2        |
|    entropy_loss         | -4.07      |
|    explained_variance   | 0.348      |
|    learning_rate        | 0.00025    |
|    loss                 | -0.141     |
|    n_updates            | 1420       |
|    policy_gradient_loss | -0.0942    |
|    std                  | 0.668      |
|    value_loss           | 0.00185    |
----------------------------------------
----------------------------------------
| rollout/                |            |
|    ep_len_mean          | 146        |
|    ep_rew_mean          | -740       |
| time/                   |            |
|    fps                  | 813        |
|    iterations           | 21         |
|    time_elapsed         | 13         |
|    total_timesteps      | 74088      |
| train/                  |            |
|    approx_kl            | 0.06977674 |
|    clip_fraction        | 0.443      |
|    clip_range           | 0.2        |
|    entropy_loss         | -4.04      |
|    explained_variance   | 0.639      |
|    learning_rate        | 0.00025    |
|    loss                 | -0.128     |
|    n_updates            | 1430       |
|    policy_gradient_loss | -0.0918    |
|    std                  | 0.664      |
|    value_loss           | 0.00112    |
----------------------------------------
-----------------------------------------
| rollout/                |             |
|    ep_len_mean          | 138         |
|    ep_rew_mean          | -709        |
| time/                   |             |
|    fps                  | 801         |
|    iterations           | 22          |
|    time_elapsed         | 14          |
|    total_timesteps      | 74600       |
| train/                  |             |
|    approx_kl            | 0.077406555 |
|    clip_fraction        | 0.443       |
|    clip_range           | 0.2         |
|    entropy_loss         | -4.02       |
|    explained_variance   | 0.599       |
|    learning_rate        | 0.00025     |
|    loss                 | -0.122      |
|    n_updates            | 1440        |
|    policy_gradient_loss | -0.0898     |
|    std                  | 0.661       |
|    value_loss           | 0.0017      |
-----------------------------------------
-----------------------------------------
| rollout/                |             |
|    ep_len_mean          | 133         |
|    ep_rew_mean          | -687        |
| time/                   |             |
|    fps                  | 790         |
|    iterations           | 23          |
|    time_elapsed         | 14          |
|    total_timesteps      | 75112       |
| train/                  |             |
|    approx_kl            | 0.071365975 |
|    clip_fraction        | 0.424       |
|    clip_range           | 0.2         |
|    entropy_loss         | -4          |
|    explained_variance   | 0.809       |
|    learning_rate        | 0.00025     |
|    loss                 | -0.126      |
|    n_updates            | 1450        |
|    policy_gradient_loss | -0.0897     |
|    std                  | 0.658       |
|    value_loss           | 0.00101     |
-----------------------------------------
---------------------------------------
| rollout/                |           |
|    ep_len_mean          | 130       |
|    ep_rew_mean          | -677      |
| time/                   |           |
|    fps                  | 772       |
|    iterations           | 24        |
|    time_elapsed         | 15        |
|    total_timesteps      | 75624     |
| train/                  |           |
|    approx_kl            | 0.0821066 |
|    clip_fraction        | 0.454     |
|    clip_range           | 0.2       |
|    entropy_loss         | -3.98     |
|    explained_variance   | 0.782     |
|    learning_rate        | 0.00025   |
|    loss                 | -0.125    |
|    n_updates            | 1460      |
|    policy_gradient_loss | -0.0936   |
|    std                  | 0.653     |
|    value_loss           | 0.000856  |
---------------------------------------
---------------------------------
| rollout/           |          |
|    ep_len_mean     | 122      |
|    ep_rew_mean     | -664     |
| time/              |          |
|    fps             | 966      |
|    iterations      | 1        |
|    time_elapsed    | 0        |
|    total_timesteps | 76136    |
---------------------------------
-----------------------------------------
| rollout/                |             |
|    ep_len_mean          | 112         |
|    ep_rew_mean          | -695        |
| time/                   |             |
|    fps                  | 679         |
|    iterations           | 2           |
|    time_elapsed         | 1           |
|    total_timesteps      | 76648       |
| train/                  |             |
|    approx_kl            | 0.099494636 |
|    clip_fraction        | 0.48        |
|    clip_range           | 0.2         |
|    entropy_loss         | -3.93       |
|    explained_variance   | 0.162       |
|    learning_rate        | 0.00025     |
|    loss                 | -0.15       |
|    n_updates            | 1480        |
|    policy_gradient_loss | -0.105      |
|    std                  | 0.645       |
|    value_loss           | 0.0145      |
-----------------------------------------
----------------------------------------
| rollout/                |            |
|    ep_len_mean          | 103        |
|    ep_rew_mean          | -740       |
| time/                   |            |
|    fps                  | 644        |
|    iterations           | 3          |
|    time_elapsed         | 2          |
|    total_timesteps      | 77160      |
| train/                  |            |
|    approx_kl            | 0.10416238 |
|    clip_fraction        | 0.497      |
|    clip_range           | 0.2        |
|    entropy_loss         | -3.91      |
|    explained_variance   | 0.904      |
|    learning_rate        | 0.00025    |
|    loss                 | -0.132     |
|    n_updates            | 1490       |
|    policy_gradient_loss | -0.09      |
|    std                  | 0.642      |
|    value_loss           | 0.00506    |
----------------------------------------
----------------------------------------
| rollout/                |            |
|    ep_len_mean          | 92.9       |
|    ep_rew_mean          | -785       |
| time/                   |            |
|    fps                  | 604        |
|    iterations           | 4          |
|    time_elapsed         | 3          |
|    total_timesteps      | 77672      |
| train/                  |            |
|    approx_kl            | 0.06829996 |
|    clip_fraction        | 0.44       |
|    clip_range           | 0.2        |
|    entropy_loss         | -3.89      |
|    explained_variance   | 0.917      |
|    learning_rate        | 0.00025    |
|    loss                 | -0.129     |
|    n_updates            | 1500       |
|    policy_gradient_loss | -0.0804    |
|    std                  | 0.639      |
|    value_loss           | 0.00503    |
----------------------------------------
----------------------------------------
| rollout/                |            |
|    ep_len_mean          | 91.1       |
|    ep_rew_mean          | -860       |
| time/                   |            |
|    fps                  | 588        |
|    iterations           | 5          |
|    time_elapsed         | 4          |
|    total_timesteps      | 78184      |
| train/                  |            |
|    approx_kl            | 0.07258926 |
|    clip_fraction        | 0.466      |
|    clip_range           | 0.2        |
|    entropy_loss         | -3.86      |
|    explained_variance   | 0.923      |
|    learning_rate        | 0.00025    |
|    loss                 | -0.125     |
|    n_updates            | 1510       |
|    policy_gradient_loss | -0.0867    |
|    std                  | 0.635      |
|    value_loss           | 0.00799    |
----------------------------------------
-----------------------------------------
| rollout/                |             |
|    ep_len_mean          | 83.5        |
|    ep_rew_mean          | -911        |
| time/                   |             |
|    fps                  | 589         |
|    iterations           | 6           |
|    time_elapsed         | 5           |
|    total_timesteps      | 78696       |
| train/                  |             |
|    approx_kl            | 0.092487805 |
|    clip_fraction        | 0.502       |
|    clip_range           | 0.2         |
|    entropy_loss         | -3.84       |
|    explained_variance   | 0.69        |
|    learning_rate        | 0.00025     |
|    loss                 | -0.12       |
|    n_updates            | 1520        |
|    policy_gradient_loss | -0.0978     |
|    std                  | 0.63        |
|    value_loss           | 0.0181      |
-----------------------------------------
----------------------------------------
| rollout/                |            |
|    ep_len_mean          | 74.6       |
|    ep_rew_mean          | -967       |
| time/                   |            |
|    fps                  | 587        |
|    iterations           | 7          |
|    time_elapsed         | 6          |
|    total_timesteps      | 79208      |
| train/                  |            |
|    approx_kl            | 0.08119858 |
|    clip_fraction        | 0.472      |
|    clip_range           | 0.2        |
|    entropy_loss         | -3.81      |
|    explained_variance   | 0.611      |
|    learning_rate        | 0.00025    |
|    loss                 | -0.0969    |
|    n_updates            | 1530       |
|    policy_gradient_loss | -0.0821    |
|    std                  | 0.626      |
|    value_loss           | 0.0268     |
----------------------------------------
----------------------------------------
| rollout/                |            |
|    ep_len_mean          | 66.4       |
|    ep_rew_mean          | -987       |
| time/                   |            |
|    fps                  | 584        |
|    iterations           | 8          |
|    time_elapsed         | 7          |
|    total_timesteps      | 79720      |
| train/                  |            |
|    approx_kl            | 0.08891341 |
|    clip_fraction        | 0.499      |
|    clip_range           | 0.2        |
|    entropy_loss         | -3.78      |
|    explained_variance   | 0.696      |
|    learning_rate        | 0.00025    |
|    loss                 | -0.134     |
|    n_updates            | 1540       |
|    policy_gradient_loss | -0.094     |
|    std                  | 0.622      |
|    value_loss           | 0.0152     |
----------------------------------------
----------------------------------------
| rollout/                |            |
|    ep_len_mean          | 59         |
|    ep_rew_mean          | -1.06e+03  |
| time/                   |            |
|    fps                  | 580        |
|    iterations           | 9          |
|    time_elapsed         | 7          |
|    total_timesteps      | 80232      |
| train/                  |            |
|    approx_kl            | 0.08323686 |
|    clip_fraction        | 0.477      |
|    clip_range           | 0.2        |
|    entropy_loss         | -3.76      |
|    explained_variance   | 0.842      |
|    learning_rate        | 0.00025    |
|    loss                 | -0.133     |
|    n_updates            | 1550       |
|    policy_gradient_loss | -0.0952    |
|    std                  | 0.619      |
|    value_loss           | 0.015      |
----------------------------------------
----------------------------------------
| rollout/                |            |
|    ep_len_mean          | 50.8       |
|    ep_rew_mean          | -1.08e+03  |
| time/                   |            |
|    fps                  | 578        |
|    iterations           | 10         |
|    time_elapsed         | 8          |
|    total_timesteps      | 80744      |
| train/                  |            |
|    approx_kl            | 0.08484083 |
|    clip_fraction        | 0.501      |
|    clip_range           | 0.2        |
|    entropy_loss         | -3.74      |
|    explained_variance   | 0.911      |
|    learning_rate        | 0.00025    |
|    loss                 | -0.139     |
|    n_updates            | 1560       |
|    policy_gradient_loss | -0.0921    |
|    std                  | 0.617      |
|    value_loss           | 0.00752    |
----------------------------------------
----------------------------------------
| rollout/                |            |
|    ep_len_mean          | 49.6       |
|    ep_rew_mean          | -1.09e+03  |
| time/                   |            |
|    fps                  | 575        |
|    iterations           | 11         |
|    time_elapsed         | 9          |
|    total_timesteps      | 81256      |
| train/                  |            |
|    approx_kl            | 0.09779009 |
|    clip_fraction        | 0.505      |
|    clip_range           | 0.2        |
|    entropy_loss         | -3.72      |
|    explained_variance   | 0.861      |
|    learning_rate        | 0.00025    |
|    loss                 | -0.13      |
|    n_updates            | 1570       |
|    policy_gradient_loss | -0.099     |
|    std                  | 0.613      |
|    value_loss           | 0.0179     |
----------------------------------------
----------------------------------------
| rollout/                |            |
|    ep_len_mean          | 49.6       |
|    ep_rew_mean          | -1.09e+03  |
| time/                   |            |
|    fps                  | 574        |
|    iterations           | 12         |
|    time_elapsed         | 10         |
|    total_timesteps      | 81768      |
| train/                  |            |
|    approx_kl            | 0.07989153 |
|    clip_fraction        | 0.461      |
|    clip_range           | 0.2        |
|    entropy_loss         | -3.7       |
|    explained_variance   | 0.911      |
|    learning_rate        | 0.00025    |
|    loss                 | -0.115     |
|    n_updates            | 1580       |
|    policy_gradient_loss | -0.0818    |
|    std                  | 0.609      |
|    value_loss           | 0.00533    |
----------------------------------------
----------------------------------------
| rollout/                |            |
|    ep_len_mean          | 50.8       |
|    ep_rew_mean          | -1.11e+03  |
| time/                   |            |
|    fps                  | 570        |
|    iterations           | 13         |
|    time_elapsed         | 11         |
|    total_timesteps      | 82280      |
| train/                  |            |
|    approx_kl            | 0.07091561 |
|    clip_fraction        | 0.43       |
|    clip_range           | 0.2        |
|    entropy_loss         | -3.67      |
|    explained_variance   | 0.703      |
|    learning_rate        | 0.00025    |
|    loss                 | -0.099     |
|    n_updates            | 1590       |
|    policy_gradient_loss | -0.0661    |
|    std                  | 0.605      |
|    value_loss           | 0.0263     |
----------------------------------------
----------------------------------------
| rollout/                |            |
|    ep_len_mean          | 51.6       |
|    ep_rew_mean          | -1.13e+03  |
| time/                   |            |
|    fps                  | 570        |
|    iterations           | 14         |
|    time_elapsed         | 12         |
|    total_timesteps      | 82792      |
| train/                  |            |
|    approx_kl            | 0.10912672 |
|    clip_fraction        | 0.486      |
|    clip_range           | 0.2        |
|    entropy_loss         | -3.65      |
|    explained_variance   | 0.712      |
|    learning_rate        | 0.00025    |
|    loss                 | -0.103     |
|    n_updates            | 1600       |
|    policy_gradient_loss | -0.0826    |
|    std                  | 0.602      |
|    value_loss           | 0.0354     |
----------------------------------------
----------------------------------------
| rollout/                |            |
|    ep_len_mean          | 49.3       |
|    ep_rew_mean          | -1.09e+03  |
| time/                   |            |
|    fps                  | 569        |
|    iterations           | 15         |
|    time_elapsed         | 13         |
|    total_timesteps      | 83304      |
| train/                  |            |
|    approx_kl            | 0.08124223 |
|    clip_fraction        | 0.472      |
|    clip_range           | 0.2        |
|    entropy_loss         | -3.64      |
|    explained_variance   | 0.713      |
|    learning_rate        | 0.00025    |
|    loss                 | -0.091     |
|    n_updates            | 1610       |
|    policy_gradient_loss | -0.0781    |
|    std                  | 0.6        |
|    value_loss           | 0.056      |
----------------------------------------
----------------------------------------
| rollout/                |            |
|    ep_len_mean          | 48.3       |
|    ep_rew_mean          | -1.07e+03  |
| time/                   |            |
|    fps                  | 570        |
|    iterations           | 16         |
|    time_elapsed         | 14         |
|    total_timesteps      | 83816      |
| train/                  |            |
|    approx_kl            | 0.08438027 |
|    clip_fraction        | 0.468      |
|    clip_range           | 0.2        |
|    entropy_loss         | -3.61      |
|    explained_variance   | 0.667      |
|    learning_rate        | 0.00025    |
|    loss                 | -0.1       |
|    n_updates            | 1620       |
|    policy_gradient_loss | -0.0875    |
|    std                  | 0.597      |
|    value_loss           | 0.0459     |
----------------------------------------
----------------------------------------
| rollout/                |            |
|    ep_len_mean          | 48.1       |
|    ep_rew_mean          | -1.06e+03  |
| time/                   |            |
|    fps                  | 573        |
|    iterations           | 17         |
|    time_elapsed         | 15         |
|    total_timesteps      | 84328      |
| train/                  |            |
|    approx_kl            | 0.08816469 |
|    clip_fraction        | 0.454      |
|    clip_range           | 0.2        |
|    entropy_loss         | -3.6       |
|    explained_variance   | 0.775      |
|    learning_rate        | 0.00025    |
|    loss                 | -0.107     |
|    n_updates            | 1630       |
|    policy_gradient_loss | -0.0822    |
|    std                  | 0.596      |
|    value_loss           | 0.0131     |
----------------------------------------
-----------------------------------------
| rollout/                |             |
|    ep_len_mean          | 45.7        |
|    ep_rew_mean          | -1.02e+03   |
| time/                   |             |
|    fps                  | 572         |
|    iterations           | 18          |
|    time_elapsed         | 16          |
|    total_timesteps      | 84840       |
| train/                  |             |
|    approx_kl            | 0.079256974 |
|    clip_fraction        | 0.473       |
|    clip_range           | 0.2         |
|    entropy_loss         | -3.59       |
|    explained_variance   | 0.929       |
|    learning_rate        | 0.00025     |
|    loss                 | -0.116      |
|    n_updates            | 1640        |
|    policy_gradient_loss | -0.0855     |
|    std                  | 0.594       |
|    value_loss           | 0.00493     |
-----------------------------------------
-----------------------------------------
| rollout/                |             |
|    ep_len_mean          | 44.4        |
|    ep_rew_mean          | -992        |
| time/                   |             |
|    fps                  | 570         |
|    iterations           | 19          |
|    time_elapsed         | 17          |
|    total_timesteps      | 85352       |
| train/                  |             |
|    approx_kl            | 0.098454505 |
|    clip_fraction        | 0.518       |
|    clip_range           | 0.2         |
|    entropy_loss         | -3.59       |
|    explained_variance   | 0.962       |
|    learning_rate        | 0.00025     |
|    loss                 | -0.133      |
|    n_updates            | 1650        |
|    policy_gradient_loss | -0.085      |
|    std                  | 0.593       |
|    value_loss           | 0.00309     |
-----------------------------------------
----------------------------------------
| rollout/                |            |
|    ep_len_mean          | 44.4       |
|    ep_rew_mean          | -990       |
| time/                   |            |
|    fps                  | 570        |
|    iterations           | 20         |
|    time_elapsed         | 17         |
|    total_timesteps      | 85864      |
| train/                  |            |
|    approx_kl            | 0.07602163 |
|    clip_fraction        | 0.469      |
|    clip_range           | 0.2        |
|    entropy_loss         | -3.58      |
|    explained_variance   | 0.808      |
|    learning_rate        | 0.00025    |
|    loss                 | -0.101     |
|    n_updates            | 1660       |
|    policy_gradient_loss | -0.0775    |
|    std                  | 0.591      |
|    value_loss           | 0.017      |
----------------------------------------
-----------------------------------------
| rollout/                |             |
|    ep_len_mean          | 43.2        |
|    ep_rew_mean          | -969        |
| time/                   |             |
|    fps                  | 573         |
|    iterations           | 21          |
|    time_elapsed         | 18          |
|    total_timesteps      | 86376       |
| train/                  |             |
|    approx_kl            | 0.077722475 |
|    clip_fraction        | 0.492       |
|    clip_range           | 0.2         |
|    entropy_loss         | -3.55       |
|    explained_variance   | 0.95        |
|    learning_rate        | 0.00025     |
|    loss                 | -0.105      |
|    n_updates            | 1670        |
|    policy_gradient_loss | -0.0818     |
|    std                  | 0.588       |
|    value_loss           | 0.00417     |
-----------------------------------------
----------------------------------------
| rollout/                |            |
|    ep_len_mean          | 43.4       |
|    ep_rew_mean          | -971       |
| time/                   |            |
|    fps                  | 574        |
|    iterations           | 22         |
|    time_elapsed         | 19         |
|    total_timesteps      | 86888      |
| train/                  |            |
|    approx_kl            | 0.08261372 |
|    clip_fraction        | 0.482      |
|    clip_range           | 0.2        |
|    entropy_loss         | -3.53      |
|    explained_variance   | 0.895      |
|    learning_rate        | 0.00025    |
|    loss                 | -0.128     |
|    n_updates            | 1680       |
|    policy_gradient_loss | -0.0864    |
|    std                  | 0.584      |
|    value_loss           | 0.00718    |
----------------------------------------
-----------------------------------------
| rollout/                |             |
|    ep_len_mean          | 40.6        |
|    ep_rew_mean          | -919        |
| time/                   |             |
|    fps                  | 571         |
|    iterations           | 23          |
|    time_elapsed         | 20          |
|    total_timesteps      | 87400       |
| train/                  |             |
|    approx_kl            | 0.087379575 |
|    clip_fraction        | 0.447       |
|    clip_range           | 0.2         |
|    entropy_loss         | -3.51       |
|    explained_variance   | 0.792       |
|    learning_rate        | 0.00025     |
|    loss                 | -0.0961     |
|    n_updates            | 1690        |
|    policy_gradient_loss | -0.0674     |
|    std                  | 0.582       |
|    value_loss           | 0.0104      |
-----------------------------------------
----------------------------------------
| rollout/                |            |
|    ep_len_mean          | 40.8       |
|    ep_rew_mean          | -919       |
| time/                   |            |
|    fps                  | 569        |
|    iterations           | 24         |
|    time_elapsed         | 21         |
|    total_timesteps      | 87912      |
| train/                  |            |
|    approx_kl            | 0.08937527 |
|    clip_fraction        | 0.505      |
|    clip_range           | 0.2        |
|    entropy_loss         | -3.5       |
|    explained_variance   | 0.933      |
|    learning_rate        | 0.00025    |
|    loss                 | -0.13      |
|    n_updates            | 1700       |
|    policy_gradient_loss | -0.0875    |
|    std                  | 0.581      |
|    value_loss           | 0.00498    |
----------------------------------------
---------------------------------------
| rollout/                |           |
|    ep_len_mean          | 41.5      |
|    ep_rew_mean          | -934      |
| time/                   |           |
|    fps                  | 569       |
|    iterations           | 25        |
|    time_elapsed         | 22        |
|    total_timesteps      | 88424     |
| train/                  |           |
|    approx_kl            | 0.0755781 |
|    clip_fraction        | 0.446     |
|    clip_range           | 0.2       |
|    entropy_loss         | -3.49     |
|    explained_variance   | 0.833     |
|    learning_rate        | 0.00025   |
|    loss                 | -0.122    |
|    n_updates            | 1710      |
|    policy_gradient_loss | -0.0792   |
|    std                  | 0.578     |
|    value_loss           | 0.014     |
---------------------------------------
----------------------------------------
| rollout/                |            |
|    ep_len_mean          | 44.1       |
|    ep_rew_mean          | -982       |
| time/                   |            |
|    fps                  | 571        |
|    iterations           | 26         |
|    time_elapsed         | 23         |
|    total_timesteps      | 88936      |
| train/                  |            |
|    approx_kl            | 0.09062165 |
|    clip_fraction        | 0.482      |
|    clip_range           | 0.2        |
|    entropy_loss         | -3.47      |
|    explained_variance   | 0.86       |
|    learning_rate        | 0.00025    |
|    loss                 | -0.119     |
|    n_updates            | 1720       |
|    policy_gradient_loss | -0.0812    |
|    std                  | 0.576      |
|    value_loss           | 0.0202     |
----------------------------------------
-----------------------------------------
| rollout/                |             |
|    ep_len_mean          | 46          |
|    ep_rew_mean          | -1.02e+03   |
| time/                   |             |
|    fps                  | 571         |
|    iterations           | 27          |
|    time_elapsed         | 24          |
|    total_timesteps      | 89448       |
| train/                  |             |
|    approx_kl            | 0.119095765 |
|    clip_fraction        | 0.51        |
|    clip_range           | 0.2         |
|    entropy_loss         | -3.44       |
|    explained_variance   | 0.632       |
|    learning_rate        | 0.00025     |
|    loss                 | -0.143      |
|    n_updates            | 1730        |
|    policy_gradient_loss | -0.0998     |
|    std                  | 0.571       |
|    value_loss           | 0.0249      |
-----------------------------------------
-----------------------------------------
| rollout/                |             |
|    ep_len_mean          | 45.2        |
|    ep_rew_mean          | -1e+03      |
| time/                   |             |
|    fps                  | 573         |
|    iterations           | 28          |
|    time_elapsed         | 24          |
|    total_timesteps      | 89960       |
| train/                  |             |
|    approx_kl            | 0.109388575 |
|    clip_fraction        | 0.485       |
|    clip_range           | 0.2         |
|    entropy_loss         | -3.41       |
|    explained_variance   | 0.67        |
|    learning_rate        | 0.00025     |
|    loss                 | -0.112      |
|    n_updates            | 1740        |
|    policy_gradient_loss | -0.0915     |
|    std                  | 0.566       |
|    value_loss           | 0.0186      |
-----------------------------------------
----------------------------------------
| rollout/                |            |
|    ep_len_mean          | 46.3       |
|    ep_rew_mean          | -1.03e+03  |
| time/                   |            |
|    fps                  | 573        |
|    iterations           | 29         |
|    time_elapsed         | 25         |
|    total_timesteps      | 90472      |
| train/                  |            |
|    approx_kl            | 0.08279976 |
|    clip_fraction        | 0.462      |
|    clip_range           | 0.2        |
|    entropy_loss         | -3.38      |
|    explained_variance   | 0.635      |
|    learning_rate        | 0.00025    |
|    loss                 | -0.0847    |
|    n_updates            | 1750       |
|    policy_gradient_loss | -0.0707    |
|    std                  | 0.562      |
|    value_loss           | 0.0336     |
----------------------------------------
----------------------------------------
| rollout/                |            |
|    ep_len_mean          | 46.1       |
|    ep_rew_mean          | -1.02e+03  |
| time/                   |            |
|    fps                  | 573        |
|    iterations           | 30         |
|    time_elapsed         | 26         |
|    total_timesteps      | 90984      |
| train/                  |            |
|    approx_kl            | 0.11274961 |
|    clip_fraction        | 0.477      |
|    clip_range           | 0.2        |
|    entropy_loss         | -3.36      |
|    explained_variance   | 0.908      |
|    learning_rate        | 0.00025    |
|    loss                 | -0.123     |
|    n_updates            | 1760       |
|    policy_gradient_loss | -0.0849    |
|    std                  | 0.561      |
|    value_loss           | 0.00876    |
----------------------------------------
---------------------------------------
| rollout/                |           |
|    ep_len_mean          | 46        |
|    ep_rew_mean          | -1.02e+03 |
| time/                   |           |
|    fps                  | 572       |
|    iterations           | 31        |
|    time_elapsed         | 27        |
|    total_timesteps      | 91496     |
| train/                  |           |
|    approx_kl            | 0.1071966 |
|    clip_fraction        | 0.477     |
|    clip_range           | 0.2       |
|    entropy_loss         | -3.35     |
|    explained_variance   | 0.779     |
|    learning_rate        | 0.00025   |
|    loss                 | -0.0961   |
|    n_updates            | 1770      |
|    policy_gradient_loss | -0.0685   |
|    std                  | 0.56      |
|    value_loss           | 0.013     |
---------------------------------------
---------------------------------------
| rollout/                |           |
|    ep_len_mean          | 46        |
|    ep_rew_mean          | -1.02e+03 |
| time/                   |           |
|    fps                  | 573       |
|    iterations           | 32        |
|    time_elapsed         | 28        |
|    total_timesteps      | 92008     |
| train/                  |           |
|    approx_kl            | 0.0890999 |
|    clip_fraction        | 0.5       |
|    clip_range           | 0.2       |
|    entropy_loss         | -3.34     |
|    explained_variance   | 0.936     |
|    learning_rate        | 0.00025   |
|    loss                 | -0.119    |
|    n_updates            | 1780      |
|    policy_gradient_loss | -0.0783   |
|    std                  | 0.558     |
|    value_loss           | 0.0064    |
---------------------------------------
----------------------------------------
| rollout/                |            |
|    ep_len_mean          | 45.1       |
|    ep_rew_mean          | -1e+03     |
| time/                   |            |
|    fps                  | 574        |
|    iterations           | 33         |
|    time_elapsed         | 29         |
|    total_timesteps      | 92520      |
| train/                  |            |
|    approx_kl            | 0.09426854 |
|    clip_fraction        | 0.493      |
|    clip_range           | 0.2        |
|    entropy_loss         | -3.32      |
|    explained_variance   | 0.946      |
|    learning_rate        | 0.00025    |
|    loss                 | -0.113     |
|    n_updates            | 1790       |
|    policy_gradient_loss | -0.0859    |
|    std                  | 0.555      |
|    value_loss           | 0.00609    |
----------------------------------------
----------------------------------------
| rollout/                |            |
|    ep_len_mean          | 45         |
|    ep_rew_mean          | -1e+03     |
| time/                   |            |
|    fps                  | 574        |
|    iterations           | 34         |
|    time_elapsed         | 30         |
|    total_timesteps      | 93032      |
| train/                  |            |
|    approx_kl            | 0.09543243 |
|    clip_fraction        | 0.479      |
|    clip_range           | 0.2        |
|    entropy_loss         | -3.3       |
|    explained_variance   | 0.955      |
|    learning_rate        | 0.00025    |
|    loss                 | -0.118     |
|    n_updates            | 1800       |
|    policy_gradient_loss | -0.0873    |
|    std                  | 0.553      |
|    value_loss           | 0.00377    |
----------------------------------------
----------------------------------------
| rollout/                |            |
|    ep_len_mean          | 43.9       |
|    ep_rew_mean          | -980       |
| time/                   |            |
|    fps                  | 570        |
|    iterations           | 35         |
|    time_elapsed         | 31         |
|    total_timesteps      | 93544      |
| train/                  |            |
|    approx_kl            | 0.09017327 |
|    clip_fraction        | 0.47       |
|    clip_range           | 0.2        |
|    entropy_loss         | -3.29      |
|    explained_variance   | 0.855      |
|    learning_rate        | 0.00025    |
|    loss                 | -0.113     |
|    n_updates            | 1810       |
|    policy_gradient_loss | -0.0838    |
|    std                  | 0.55       |
|    value_loss           | 0.0105     |
----------------------------------------
-----------------------------------------
| rollout/                |             |
|    ep_len_mean          | 43.3        |
|    ep_rew_mean          | -972        |
| time/                   |             |
|    fps                  | 568         |
|    iterations           | 36          |
|    time_elapsed         | 32          |
|    total_timesteps      | 94056       |
| train/                  |             |
|    approx_kl            | 0.106735945 |
|    clip_fraction        | 0.526       |
|    clip_range           | 0.2         |
|    entropy_loss         | -3.27       |
|    explained_variance   | 0.816       |
|    learning_rate        | 0.00025     |
|    loss                 | -0.141      |
|    n_updates            | 1820        |
|    policy_gradient_loss | -0.0991     |
|    std                  | 0.548       |
|    value_loss           | 0.0183      |
-----------------------------------------
----------------------------------------
| rollout/                |            |
|    ep_len_mean          | 42.5       |
|    ep_rew_mean          | -957       |
| time/                   |            |
|    fps                  | 564        |
|    iterations           | 37         |
|    time_elapsed         | 33         |
|    total_timesteps      | 94568      |
| train/                  |            |
|    approx_kl            | 0.10188945 |
|    clip_fraction        | 0.528      |
|    clip_range           | 0.2        |
|    entropy_loss         | -3.25      |
|    explained_variance   | 0.9        |
|    learning_rate        | 0.00025    |
|    loss                 | -0.107     |
|    n_updates            | 1830       |
|    policy_gradient_loss | -0.0882    |
|    std                  | 0.546      |
|    value_loss           | 0.0081     |
----------------------------------------
----------------------------------------
| rollout/                |            |
|    ep_len_mean          | 44.9       |
|    ep_rew_mean          | -1e+03     |
| time/                   |            |
|    fps                  | 564        |
|    iterations           | 38         |
|    time_elapsed         | 34         |
|    total_timesteps      | 95080      |
| train/                  |            |
|    approx_kl            | 0.08022119 |
|    clip_fraction        | 0.501      |
|    clip_range           | 0.2        |
|    entropy_loss         | -3.23      |
|    explained_variance   | 0.891      |
|    learning_rate        | 0.00025    |
|    loss                 | -0.118     |
|    n_updates            | 1840       |
|    policy_gradient_loss | -0.0794    |
|    std                  | 0.543      |
|    value_loss           | 0.0126     |
----------------------------------------
----------------------------------------
| rollout/                |            |
|    ep_len_mean          | 44.5       |
|    ep_rew_mean          | -995       |
| time/                   |            |
|    fps                  | 565        |
|    iterations           | 39         |
|    time_elapsed         | 35         |
|    total_timesteps      | 95592      |
| train/                  |            |
|    approx_kl            | 0.12162544 |
|    clip_fraction        | 0.536      |
|    clip_range           | 0.2        |
|    entropy_loss         | -3.22      |
|    explained_variance   | 0.807      |
|    learning_rate        | 0.00025    |
|    loss                 | -0.114     |
|    n_updates            | 1850       |
|    policy_gradient_loss | -0.0969    |
|    std                  | 0.541      |
|    value_loss           | 0.0171     |
----------------------------------------
-----------------------------------------
| rollout/                |             |
|    ep_len_mean          | 44.1        |
|    ep_rew_mean          | -989        |
| time/                   |             |
|    fps                  | 566         |
|    iterations           | 40          |
|    time_elapsed         | 36          |
|    total_timesteps      | 96104       |
| train/                  |             |
|    approx_kl            | 0.085169956 |
|    clip_fraction        | 0.494       |
|    clip_range           | 0.2         |
|    entropy_loss         | -3.2        |
|    explained_variance   | 0.961       |
|    learning_rate        | 0.00025     |
|    loss                 | -0.119      |
|    n_updates            | 1860        |
|    policy_gradient_loss | -0.0888     |
|    std                  | 0.539       |
|    value_loss           | 0.00327     |
-----------------------------------------
----------------------------------------
| rollout/                |            |
|    ep_len_mean          | 44.1       |
|    ep_rew_mean          | -987       |
| time/                   |            |
|    fps                  | 566        |
|    iterations           | 41         |
|    time_elapsed         | 37         |
|    total_timesteps      | 96616      |
| train/                  |            |
|    approx_kl            | 0.08916791 |
|    clip_fraction        | 0.481      |
|    clip_range           | 0.2        |
|    entropy_loss         | -3.19      |
|    explained_variance   | 0.978      |
|    learning_rate        | 0.00025    |
|    loss                 | -0.132     |
|    n_updates            | 1870       |
|    policy_gradient_loss | -0.0835    |
|    std                  | 0.537      |
|    value_loss           | 0.00203    |
----------------------------------------
----------------------------------------
| rollout/                |            |
|    ep_len_mean          | 45.4       |
|    ep_rew_mean          | -1.01e+03  |
| time/                   |            |
|    fps                  | 567        |
|    iterations           | 42         |
|    time_elapsed         | 37         |
|    total_timesteps      | 97128      |
| train/                  |            |
|    approx_kl            | 0.08013216 |
|    clip_fraction        | 0.443      |
|    clip_range           | 0.2        |
|    entropy_loss         | -3.16      |
|    explained_variance   | 0.812      |
|    learning_rate        | 0.00025    |
|    loss                 | -0.104     |
|    n_updates            | 1880       |
|    policy_gradient_loss | -0.0668    |
|    std                  | 0.534      |
|    value_loss           | 0.0126     |
----------------------------------------
----------------------------------------
| rollout/                |            |
|    ep_len_mean          | 44.6       |
|    ep_rew_mean          | -1e+03     |
| time/                   |            |
|    fps                  | 565        |
|    iterations           | 43         |
|    time_elapsed         | 38         |
|    total_timesteps      | 97640      |
| train/                  |            |
|    approx_kl            | 0.09515722 |
|    clip_fraction        | 0.485      |
|    clip_range           | 0.2        |
|    entropy_loss         | -3.14      |
|    explained_variance   | 0.617      |
|    learning_rate        | 0.00025    |
|    loss                 | -0.127     |
|    n_updates            | 1890       |
|    policy_gradient_loss | -0.0779    |
|    std                  | 0.531      |
|    value_loss           | 0.02       |
----------------------------------------
---------------------------------
| rollout/           |          |
|    ep_len_mean     | 43       |
|    ep_rew_mean     | -919     |
| time/              |          |
|    fps             | 1056     |
|    iterations      | 1        |
|    time_elapsed    | 0        |
|    total_timesteps | 98152    |
---------------------------------
---------------------------------------
| rollout/                |           |
|    ep_len_mean          | 45        |
|    ep_rew_mean          | -883      |
| time/                   |           |
|    fps                  | 786       |
|    iterations           | 2         |
|    time_elapsed         | 1         |
|    total_timesteps      | 98664     |
| train/                  |           |
|    approx_kl            | 0.1180446 |
|    clip_fraction        | 0.503     |
|    clip_range           | 0.2       |
|    entropy_loss         | -3.1      |
|    explained_variance   | 0.203     |
|    learning_rate        | 0.00025   |
|    loss                 | -0.122    |
|    n_updates            | 1910      |
|    policy_gradient_loss | -0.0925   |
|    std                  | 0.523     |
|    value_loss           | 0.0168    |
---------------------------------------
----------------------------------------
| rollout/                |            |
|    ep_len_mean          | 42.1       |
|    ep_rew_mean          | -762       |
| time/                   |            |
|    fps                  | 682        |
|    iterations           | 3          |
|    time_elapsed         | 2          |
|    total_timesteps      | 99176      |
| train/                  |            |
|    approx_kl            | 0.10530244 |
|    clip_fraction        | 0.522      |
|    clip_range           | 0.2        |
|    entropy_loss         | -3.07      |
|    explained_variance   | 0.54       |
|    learning_rate        | 0.00025    |
|    loss                 | -0.133     |
|    n_updates            | 1920       |
|    policy_gradient_loss | -0.0948    |
|    std                  | 0.521      |
|    value_loss           | 0.017      |
----------------------------------------
----------------------------------------
| rollout/                |            |
|    ep_len_mean          | 42.1       |
|    ep_rew_mean          | -703       |
| time/                   |            |
|    fps                  | 647        |
|    iterations           | 4          |
|    time_elapsed         | 3          |
|    total_timesteps      | 99688      |
| train/                  |            |
|    approx_kl            | 0.11824248 |
|    clip_fraction        | 0.537      |
|    clip_range           | 0.2        |
|    entropy_loss         | -3.05      |
|    explained_variance   | 0.637      |
|    learning_rate        | 0.00025    |
|    loss                 | -0.16      |
|    n_updates            | 1930       |
|    policy_gradient_loss | -0.0978    |
|    std                  | 0.52       |
|    value_loss           | 0.00382    |
----------------------------------------
-----------------------------------------
| rollout/                |             |
|    ep_len_mean          | 43          |
|    ep_rew_mean          | -655        |
| time/                   |             |
|    fps                  | 627         |
|    iterations           | 5           |
|    time_elapsed         | 4           |
|    total_timesteps      | 100200      |
| train/                  |             |
|    approx_kl            | 0.089793265 |
|    clip_fraction        | 0.52        |
|    clip_range           | 0.2         |
|    entropy_loss         | -3.04       |
|    explained_variance   | 0.832       |
|    learning_rate        | 0.00025     |
|    loss                 | -0.13       |
|    n_updates            | 1940        |
|    policy_gradient_loss | -0.0885     |
|    std                  | 0.518       |
|    value_loss           | 0.00131     |
-----------------------------------------
-----------------------------------------
| rollout/                |             |
|    ep_len_mean          | 42.8        |
|    ep_rew_mean          | -596        |
| time/                   |             |
|    fps                  | 616         |
|    iterations           | 6           |
|    time_elapsed         | 4           |
|    total_timesteps      | 100712      |
| train/                  |             |
|    approx_kl            | 0.120111525 |
|    clip_fraction        | 0.488       |
|    clip_range           | 0.2         |
|    entropy_loss         | -3.03       |
|    explained_variance   | 0.629       |
|    learning_rate        | 0.00025     |
|    loss                 | -0.101      |
|    n_updates            | 1950        |
|    policy_gradient_loss | -0.0743     |
|    std                  | 0.517       |
|    value_loss           | 0.00649     |
-----------------------------------------
---------------------------------------
| rollout/                |           |
|    ep_len_mean          | 42.5      |
|    ep_rew_mean          | -520      |
| time/                   |           |
|    fps                  | 609       |
|    iterations           | 7         |
|    time_elapsed         | 5         |
|    total_timesteps      | 101224    |
| train/                  |           |
|    approx_kl            | 0.1380367 |
|    clip_fraction        | 0.494     |
|    clip_range           | 0.2       |
|    entropy_loss         | -3.02     |
|    explained_variance   | 0.761     |
|    learning_rate        | 0.00025   |
|    loss                 | -0.109    |
|    n_updates            | 1960      |
|    policy_gradient_loss | -0.0736   |
|    std                  | 0.514     |
|    value_loss           | 0.00711   |
---------------------------------------
---------------------------------------
| rollout/                |           |
|    ep_len_mean          | 42.4      |
|    ep_rew_mean          | -456      |
| time/                   |           |
|    fps                  | 605       |
|    iterations           | 8         |
|    time_elapsed         | 6         |
|    total_timesteps      | 101736    |
| train/                  |           |
|    approx_kl            | 0.1019596 |
|    clip_fraction        | 0.486     |
|    clip_range           | 0.2       |
|    entropy_loss         | -2.99     |
|    explained_variance   | 0.694     |
|    learning_rate        | 0.00025   |
|    loss                 | -0.128    |
|    n_updates            | 1970      |
|    policy_gradient_loss | -0.0855   |
|    std                  | 0.511     |
|    value_loss           | 0.00385   |
---------------------------------------
----------------------------------------
| rollout/                |            |
|    ep_len_mean          | 40.7       |
|    ep_rew_mean          | -426       |
| time/                   |            |
|    fps                  | 601        |
|    iterations           | 9          |
|    time_elapsed         | 7          |
|    total_timesteps      | 102248     |
| train/                  |            |
|    approx_kl            | 0.09301751 |
|    clip_fraction        | 0.499      |
|    clip_range           | 0.2        |
|    entropy_loss         | -2.97      |
|    explained_variance   | 0.842      |
|    learning_rate        | 0.00025    |
|    loss                 | -0.14      |
|    n_updates            | 1980       |
|    policy_gradient_loss | -0.0936    |
|    std                  | 0.508      |
|    value_loss           | 0.00197    |
----------------------------------------
----------------------------------------
| rollout/                |            |
|    ep_len_mean          | 39.4       |
|    ep_rew_mean          | -418       |
| time/                   |            |
|    fps                  | 598        |
|    iterations           | 10         |
|    time_elapsed         | 8          |
|    total_timesteps      | 102760     |
| train/                  |            |
|    approx_kl            | 0.10509652 |
|    clip_fraction        | 0.537      |
|    clip_range           | 0.2        |
|    entropy_loss         | -2.95      |
|    explained_variance   | 0.897      |
|    learning_rate        | 0.00025    |
|    loss                 | -0.107     |
|    n_updates            | 1990       |
|    policy_gradient_loss | -0.0869    |
|    std                  | 0.506      |
|    value_loss           | 0.00133    |
----------------------------------------
----------------------------------------
| rollout/                |            |
|    ep_len_mean          | 39.5       |
|    ep_rew_mean          | -419       |
| time/                   |            |
|    fps                  | 592        |
|    iterations           | 11         |
|    time_elapsed         | 9          |
|    total_timesteps      | 103272     |
| train/                  |            |
|    approx_kl            | 0.09855924 |
|    clip_fraction        | 0.516      |
|    clip_range           | 0.2        |
|    entropy_loss         | -2.94      |
|    explained_variance   | 0.934      |
|    learning_rate        | 0.00025    |
|    loss                 | -0.121     |
|    n_updates            | 2000       |
|    policy_gradient_loss | -0.0849    |
|    std                  | 0.505      |
|    value_loss           | 0.000716   |
----------------------------------------
----------------------------------------
| rollout/                |            |
|    ep_len_mean          | 38.5       |
|    ep_rew_mean          | -411       |
| time/                   |            |
|    fps                  | 586        |
|    iterations           | 12         |
|    time_elapsed         | 10         |
|    total_timesteps      | 103784     |
| train/                  |            |
|    approx_kl            | 0.09151589 |
|    clip_fraction        | 0.484      |
|    clip_range           | 0.2        |
|    entropy_loss         | -2.92      |
|    explained_variance   | 0.959      |
|    learning_rate        | 0.00025    |
|    loss                 | -0.115     |
|    n_updates            | 2010       |
|    policy_gradient_loss | -0.0829    |
|    std                  | 0.5        |
|    value_loss           | 0.000588   |
----------------------------------------
----------------------------------------
| rollout/                |            |
|    ep_len_mean          | 38.8       |
|    ep_rew_mean          | -414       |
| time/                   |            |
|    fps                  | 588        |
|    iterations           | 13         |
|    time_elapsed         | 11         |
|    total_timesteps      | 104296     |
| train/                  |            |
|    approx_kl            | 0.11203827 |
|    clip_fraction        | 0.513      |
|    clip_range           | 0.2        |
|    entropy_loss         | -2.9       |
|    explained_variance   | 0.959      |
|    learning_rate        | 0.00025    |
|    loss                 | -0.113     |
|    n_updates            | 2020       |
|    policy_gradient_loss | -0.0795    |
|    std                  | 0.501      |
|    value_loss           | 0.000592   |
----------------------------------------
-----------------------------------------
| rollout/                |             |
|    ep_len_mean          | 37.9        |
|    ep_rew_mean          | -408        |
| time/                   |             |
|    fps                  | 585         |
|    iterations           | 14          |
|    time_elapsed         | 12          |
|    total_timesteps      | 104808      |
| train/                  |             |
|    approx_kl            | 0.085039675 |
|    clip_fraction        | 0.49        |
|    clip_range           | 0.2         |
|    entropy_loss         | -2.89       |
|    explained_variance   | 0.928       |
|    learning_rate        | 0.00025     |
|    loss                 | -0.0948     |
|    n_updates            | 2030        |
|    policy_gradient_loss | -0.0834     |
|    std                  | 0.498       |
|    value_loss           | 0.000984    |
-----------------------------------------
-----------------------------------------
| rollout/                |             |
|    ep_len_mean          | 38.2        |
|    ep_rew_mean          | -409        |
| time/                   |             |
|    fps                  | 586         |
|    iterations           | 15          |
|    time_elapsed         | 13          |
|    total_timesteps      | 105320      |
| train/                  |             |
|    approx_kl            | 0.098192915 |
|    clip_fraction        | 0.527       |
|    clip_range           | 0.2         |
|    entropy_loss         | -2.88       |
|    explained_variance   | 0.95        |
|    learning_rate        | 0.00025     |
|    loss                 | -0.131      |
|    n_updates            | 2040        |
|    policy_gradient_loss | -0.0927     |
|    std                  | 0.497       |
|    value_loss           | 0.00071     |
-----------------------------------------
-----------------------------------------
| rollout/                |             |
|    ep_len_mean          | 38          |
|    ep_rew_mean          | -408        |
| time/                   |             |
|    fps                  | 585         |
|    iterations           | 16          |
|    time_elapsed         | 13          |
|    total_timesteps      | 105832      |
| train/                  |             |
|    approx_kl            | 0.092275426 |
|    clip_fraction        | 0.498       |
|    clip_range           | 0.2         |
|    entropy_loss         | -2.87       |
|    explained_variance   | 0.544       |
|    learning_rate        | 0.00025     |
|    loss                 | -0.105      |
|    n_updates            | 2050        |
|    policy_gradient_loss | -0.0638     |
|    std                  | 0.496       |
|    value_loss           | 0.00344     |
-----------------------------------------
----------------------------------------
| rollout/                |            |
|    ep_len_mean          | 38.2       |
|    ep_rew_mean          | -409       |
| time/                   |            |
|    fps                  | 585        |
|    iterations           | 17         |
|    time_elapsed         | 14         |
|    total_timesteps      | 106344     |
| train/                  |            |
|    approx_kl            | 0.12337649 |
|    clip_fraction        | 0.514      |
|    clip_range           | 0.2        |
|    entropy_loss         | -2.86      |
|    explained_variance   | 0.945      |
|    learning_rate        | 0.00025    |
|    loss                 | -0.101     |
|    n_updates            | 2060       |
|    policy_gradient_loss | -0.0762    |
|    std                  | 0.496      |
|    value_loss           | 0.000738   |
----------------------------------------
-----------------------------------------
| rollout/                |             |
|    ep_len_mean          | 38          |
|    ep_rew_mean          | -408        |
| time/                   |             |
|    fps                  | 585         |
|    iterations           | 18          |
|    time_elapsed         | 15          |
|    total_timesteps      | 106856      |
| train/                  |             |
|    approx_kl            | 0.101355806 |
|    clip_fraction        | 0.518       |
|    clip_range           | 0.2         |
|    entropy_loss         | -2.87       |
|    explained_variance   | 0.942       |
|    learning_rate        | 0.00025     |
|    loss                 | -0.136      |
|    n_updates            | 2070        |
|    policy_gradient_loss | -0.0909     |
|    std                  | 0.497       |
|    value_loss           | 0.000594    |
-----------------------------------------
--------------------------------------
| rollout/                |          |
|    ep_len_mean          | 38       |
|    ep_rew_mean          | -408     |
| time/                   |          |
|    fps                  | 582      |
|    iterations           | 19       |
|    time_elapsed         | 16       |
|    total_timesteps      | 107368   |
| train/                  |          |
|    approx_kl            | 0.105418 |
|    clip_fraction        | 0.514    |
|    clip_range           | 0.2      |
|    entropy_loss         | -2.86    |
|    explained_variance   | 0.963    |
|    learning_rate        | 0.00025  |
|    loss                 | -0.142   |
|    n_updates            | 2080     |
|    policy_gradient_loss | -0.087   |
|    std                  | 0.494    |
|    value_loss           | 0.000443 |
--------------------------------------
----------------------------------------
| rollout/                |            |
|    ep_len_mean          | 37.6       |
|    ep_rew_mean          | -405       |
| time/                   |            |
|    fps                  | 584        |
|    iterations           | 20         |
|    time_elapsed         | 17         |
|    total_timesteps      | 107880     |
| train/                  |            |
|    approx_kl            | 0.11403892 |
|    clip_fraction        | 0.53       |
|    clip_range           | 0.2        |
|    entropy_loss         | -2.84      |
|    explained_variance   | 0.97       |
|    learning_rate        | 0.00025    |
|    loss                 | -0.118     |
|    n_updates            | 2090       |
|    policy_gradient_loss | -0.0888    |
|    std                  | 0.491      |
|    value_loss           | 0.000286   |
----------------------------------------
----------------------------------------
| rollout/                |            |
|    ep_len_mean          | 37.5       |
|    ep_rew_mean          | -403       |
| time/                   |            |
|    fps                  | 583        |
|    iterations           | 21         |
|    time_elapsed         | 18         |
|    total_timesteps      | 108392     |
| train/                  |            |
|    approx_kl            | 0.11363841 |
|    clip_fraction        | 0.554      |
|    clip_range           | 0.2        |
|    entropy_loss         | -2.81      |
|    explained_variance   | 0.974      |
|    learning_rate        | 0.00025    |
|    loss                 | -0.114     |
|    n_updates            | 2100       |
|    policy_gradient_loss | -0.0903    |
|    std                  | 0.488      |
|    value_loss           | 0.000322   |
----------------------------------------
----------------------------------------
| rollout/                |            |
|    ep_len_mean          | 37.7       |
|    ep_rew_mean          | -405       |
| time/                   |            |
|    fps                  | 583        |
|    iterations           | 22         |
|    time_elapsed         | 19         |
|    total_timesteps      | 108904     |
| train/                  |            |
|    approx_kl            | 0.12549147 |
|    clip_fraction        | 0.544      |
|    clip_range           | 0.2        |
|    entropy_loss         | -2.78      |
|    explained_variance   | 0.966      |
|    learning_rate        | 0.00025    |
|    loss                 | -0.127     |
|    n_updates            | 2110       |
|    policy_gradient_loss | -0.0899    |
|    std                  | 0.485      |
|    value_loss           | 0.000434   |
----------------------------------------
----------------------------------------
| rollout/                |            |
|    ep_len_mean          | 37.2       |
|    ep_rew_mean          | -400       |
| time/                   |            |
|    fps                  | 582        |
|    iterations           | 23         |
|    time_elapsed         | 20         |
|    total_timesteps      | 109416     |
| train/                  |            |
|    approx_kl            | 0.12929979 |
|    clip_fraction        | 0.519      |
|    clip_range           | 0.2        |
|    entropy_loss         | -2.76      |
|    explained_variance   | 0.973      |
|    learning_rate        | 0.00025    |
|    loss                 | -0.136     |
|    n_updates            | 2120       |
|    policy_gradient_loss | -0.0866    |
|    std                  | 0.483      |
|    value_loss           | 0.000306   |
----------------------------------------
-----------------------------------------
| rollout/                |             |
|    ep_len_mean          | 37.4        |
|    ep_rew_mean          | -401        |
| time/                   |             |
|    fps                  | 583         |
|    iterations           | 24          |
|    time_elapsed         | 21          |
|    total_timesteps      | 109928      |
| train/                  |             |
|    approx_kl            | 0.100454494 |
|    clip_fraction        | 0.506       |
|    clip_range           | 0.2         |
|    entropy_loss         | -2.75       |
|    explained_variance   | 0.981       |
|    learning_rate        | 0.00025     |
|    loss                 | -0.106      |
|    n_updates            | 2130        |
|    policy_gradient_loss | -0.0851     |
|    std                  | 0.481       |
|    value_loss           | 0.000234    |
-----------------------------------------
---------------------------------------
| rollout/                |           |
|    ep_len_mean          | 37.2      |
|    ep_rew_mean          | -400      |
| time/                   |           |
|    fps                  | 581       |
|    iterations           | 25        |
|    time_elapsed         | 21        |
|    total_timesteps      | 110440    |
| train/                  |           |
|    approx_kl            | 0.0923675 |
|    clip_fraction        | 0.519     |
|    clip_range           | 0.2       |
|    entropy_loss         | -2.72     |
|    explained_variance   | 0.978     |
|    learning_rate        | 0.00025   |
|    loss                 | -0.128    |
|    n_updates            | 2140      |
|    policy_gradient_loss | -0.0863   |
|    std                  | 0.477     |
|    value_loss           | 0.00027   |
---------------------------------------
-----------------------------------------
| rollout/                |             |
|    ep_len_mean          | 37.5        |
|    ep_rew_mean          | -401        |
| time/                   |             |
|    fps                  | 582         |
|    iterations           | 26          |
|    time_elapsed         | 22          |
|    total_timesteps      | 110952      |
| train/                  |             |
|    approx_kl            | 0.107105166 |
|    clip_fraction        | 0.499       |
|    clip_range           | 0.2         |
|    entropy_loss         | -2.7        |
|    explained_variance   | 0.985       |
|    learning_rate        | 0.00025     |
|    loss                 | -0.116      |
|    n_updates            | 2150        |
|    policy_gradient_loss | -0.0832     |
|    std                  | 0.476       |
|    value_loss           | 0.000182    |
-----------------------------------------
----------------------------------------
| rollout/                |            |
|    ep_len_mean          | 37.4       |
|    ep_rew_mean          | -400       |
| time/                   |            |
|    fps                  | 580        |
|    iterations           | 27         |
|    time_elapsed         | 23         |
|    total_timesteps      | 111464     |
| train/                  |            |
|    approx_kl            | 0.11016072 |
|    clip_fraction        | 0.525      |
|    clip_range           | 0.2        |
|    entropy_loss         | -2.68      |
|    explained_variance   | 0.981      |
|    learning_rate        | 0.00025    |
|    loss                 | -0.116     |
|    n_updates            | 2160       |
|    policy_gradient_loss | -0.0836    |
|    std                  | 0.472      |
|    value_loss           | 0.00024    |
----------------------------------------
----------------------------------------
| rollout/                |            |
|    ep_len_mean          | 37.2       |
|    ep_rew_mean          | -399       |
| time/                   |            |
|    fps                  | 577        |
|    iterations           | 28         |
|    time_elapsed         | 24         |
|    total_timesteps      | 111976     |
| train/                  |            |
|    approx_kl            | 0.10054265 |
|    clip_fraction        | 0.542      |
|    clip_range           | 0.2        |
|    entropy_loss         | -2.66      |
|    explained_variance   | 0.988      |
|    learning_rate        | 0.00025    |
|    loss                 | -0.121     |
|    n_updates            | 2170       |
|    policy_gradient_loss | -0.0902    |
|    std                  | 0.472      |
|    value_loss           | 0.000162   |
----------------------------------------
-----------------------------------------
| rollout/                |             |
|    ep_len_mean          | 37.1        |
|    ep_rew_mean          | -399        |
| time/                   |             |
|    fps                  | 577         |
|    iterations           | 29          |
|    time_elapsed         | 25          |
|    total_timesteps      | 112488      |
| train/                  |             |
|    approx_kl            | 0.099147394 |
|    clip_fraction        | 0.5         |
|    clip_range           | 0.2         |
|    entropy_loss         | -2.66       |
|    explained_variance   | 0.986       |
|    learning_rate        | 0.00025     |
|    loss                 | -0.133      |
|    n_updates            | 2180        |
|    policy_gradient_loss | -0.0854     |
|    std                  | 0.469       |
|    value_loss           | 0.000186    |
-----------------------------------------
--------------------------------------
| rollout/                |          |
|    ep_len_mean          | 37       |
|    ep_rew_mean          | -399     |
| time/                   |          |
|    fps                  | 577      |
|    iterations           | 30       |
|    time_elapsed         | 26       |
|    total_timesteps      | 113000   |
| train/                  |          |
|    approx_kl            | 0.132097 |
|    clip_fraction        | 0.555    |
|    clip_range           | 0.2      |
|    entropy_loss         | -2.63    |
|    explained_variance   | 0.984    |
|    learning_rate        | 0.00025  |
|    loss                 | -0.145   |
|    n_updates            | 2190     |
|    policy_gradient_loss | -0.0919  |
|    std                  | 0.467    |
|    value_loss           | 0.000236 |
--------------------------------------
