[long-eval] new best min_robot_dx=-0.536 saved to RL\KNP\sb3_ppo_curriculum_best_human_like_fine_tune.zip
[long-eval] new best min_robot_dx=-0.207 saved to RL\KNP\sb3_ppo_curriculum_best_human_like_fine_tune.zip
---------------------------------
| rollout/           |          |
|    ep_len_mean     | 84       |
|    ep_rew_mean     | -702     |
| time/              |          |
|    fps             | 1940     |
|    iterations      | 1        |
|    time_elapsed    | 4        |
|    total_timesteps | 376832   |
---------------------------------
[long-eval] new best min_robot_dx=0.069 saved to RL\KNP\sb3_ppo_curriculum_best_human_like_fine_tune.zip
-----------------------------------------
| rollout/                |             |
|    ep_len_mean          | 97.1        |
|    ep_rew_mean          | -751        |
| time/                   |             |
|    fps                  | 1844        |
|    iterations           | 2           |
|    time_elapsed         | 8           |
|    total_timesteps      | 385024      |
| train/                  |             |
|    approx_kl            | 0.014432544 |
|    clip_fraction        | 0.162       |
|    clip_range           | 0.2         |
|    entropy_loss         | -5.12       |
|    explained_variance   | 0.133       |
|    learning_rate        | 0.0003      |
|    loss                 | -0.0329     |
|    n_updates            | 460         |
|    policy_gradient_loss | -0.0257     |
|    std                  | 0.869       |
|    value_loss           | 0.0675      |
-----------------------------------------
[long-eval] new best min_robot_dx=0.681 saved to RL\KNP\sb3_ppo_curriculum_best_human_like_fine_tune.zip
----------------------------------
| rollout/           |           |
|    ep_len_mean     | 57.3      |
|    ep_rew_mean     | -1.24e+03 |
| time/              |           |
|    fps             | 2109      |
|    iterations      | 1         |
|    time_elapsed    | 3         |
|    total_timesteps | 393216    |
----------------------------------
------------------------------------------
| rollout/                |              |
|    ep_len_mean          | 58.1         |
|    ep_rew_mean          | -1.26e+03    |
| time/                   |              |
|    fps                  | 1723         |
|    iterations           | 2            |
|    time_elapsed         | 9            |
|    total_timesteps      | 401408       |
| train/                  |              |
|    approx_kl            | 0.0137483375 |
|    clip_fraction        | 0.122        |
|    clip_range           | 0.2          |
|    entropy_loss         | -5.09        |
|    explained_variance   | 0.208        |
|    learning_rate        | 0.0003       |
|    loss                 | -0.0108      |
|    n_updates            | 480          |
|    policy_gradient_loss | -0.0227      |
|    std                  | 0.86         |
|    value_loss           | 0.179        |
------------------------------------------
-----------------------------------------
| rollout/                |             |
|    ep_len_mean          | 58.8        |
|    ep_rew_mean          | -1.28e+03   |
| time/                   |             |
|    fps                  | 1649        |
|    iterations           | 3           |
|    time_elapsed         | 14          |
|    total_timesteps      | 409600      |
| train/                  |             |
|    approx_kl            | 0.013673112 |
|    clip_fraction        | 0.13        |
|    clip_range           | 0.2         |
|    entropy_loss         | -5.06       |
|    explained_variance   | 0.66        |
|    learning_rate        | 0.0003      |
|    loss                 | 0.0143      |
|    n_updates            | 490         |
|    policy_gradient_loss | -0.0248     |
|    std                  | 0.856       |
|    value_loss           | 0.179       |
-----------------------------------------
---------------------------------
| rollout/           |          |
|    ep_len_mean     | 62.6     |
|    ep_rew_mean     | -611     |
| time/              |          |
|    fps             | 2031     |
|    iterations      | 1        |
|    time_elapsed    | 4        |
|    total_timesteps | 417792   |
---------------------------------
-----------------------------------------
| rollout/                |             |
|    ep_len_mean          | 60.6        |
|    ep_rew_mean          | -579        |
| time/                   |             |
|    fps                  | 1828        |
|    iterations           | 2           |
|    time_elapsed         | 8           |
|    total_timesteps      | 425984      |
| train/                  |             |
|    approx_kl            | 0.015999993 |
|    clip_fraction        | 0.144       |
|    clip_range           | 0.2         |
|    entropy_loss         | -5.02       |
|    explained_variance   | 0.807       |
|    learning_rate        | 0.0003      |
|    loss                 | -0.00566    |
|    n_updates            | 510         |
|    policy_gradient_loss | -0.0288     |
|    std                  | 0.848       |
|    value_loss           | 0.13        |
-----------------------------------------
-----------------------------------------
| rollout/                |             |
|    ep_len_mean          | 59.5        |
|    ep_rew_mean          | -567        |
| time/                   |             |
|    fps                  | 1791        |
|    iterations           | 3           |
|    time_elapsed         | 13          |
|    total_timesteps      | 434176      |
| train/                  |             |
|    approx_kl            | 0.014498787 |
|    clip_fraction        | 0.152       |
|    clip_range           | 0.2         |
|    entropy_loss         | -5.01       |
|    explained_variance   | 0.869       |
|    learning_rate        | 0.0003      |
|    loss                 | -0.0204     |
|    n_updates            | 520         |
|    policy_gradient_loss | -0.0272     |
|    std                  | 0.843       |
|    value_loss           | 0.0731      |
-----------------------------------------
------------------------------------------
| rollout/                |              |
|    ep_len_mean          | 56.5         |
|    ep_rew_mean          | -550         |
| time/                   |              |
|    fps                  | 1766         |
|    iterations           | 4            |
|    time_elapsed         | 18           |
|    total_timesteps      | 442368       |
| train/                  |              |
|    approx_kl            | 0.0147769265 |
|    clip_fraction        | 0.152        |
|    clip_range           | 0.2          |
|    entropy_loss         | -4.98        |
|    explained_variance   | 0.874        |
|    learning_rate        | 0.0003       |
|    loss                 | -0.0207      |
|    n_updates            | 530          |
|    policy_gradient_loss | -0.03        |
|    std                  | 0.837        |
|    value_loss           | 0.0489       |
------------------------------------------
------------------------------------------
| rollout/                |              |
|    ep_len_mean          | 60           |
|    ep_rew_mean          | -582         |
| time/                   |              |
|    fps                  | 1753         |
|    iterations           | 5            |
|    time_elapsed         | 23           |
|    total_timesteps      | 450560       |
| train/                  |              |
|    approx_kl            | 0.0141926985 |
|    clip_fraction        | 0.145        |
|    clip_range           | 0.2          |
|    entropy_loss         | -4.95        |
|    explained_variance   | 0.865        |
|    learning_rate        | 0.0003       |
|    loss                 | -0.0228      |
|    n_updates            | 540          |
|    policy_gradient_loss | -0.0258      |
|    std                  | 0.831        |
|    value_loss           | 0.0393       |
------------------------------------------
---------------------------------
| rollout/           |          |
|    ep_len_mean     | 62.5     |
|    ep_rew_mean     | -595     |
| time/              |          |
|    fps             | 2184     |
|    iterations      | 1        |
|    time_elapsed    | 3        |
|    total_timesteps | 458752   |
---------------------------------
-----------------------------------------
| rollout/                |             |
|    ep_len_mean          | 58.3        |
|    ep_rew_mean          | -562        |
| time/                   |             |
|    fps                  | 1896        |
|    iterations           | 2           |
|    time_elapsed         | 8           |
|    total_timesteps      | 466944      |
| train/                  |             |
|    approx_kl            | 0.016515985 |
|    clip_fraction        | 0.172       |
|    clip_range           | 0.2         |
|    entropy_loss         | -4.9        |
|    explained_variance   | 0.854       |
|    learning_rate        | 0.0003      |
|    loss                 | -0.0331     |
|    n_updates            | 560         |
|    policy_gradient_loss | -0.0318     |
|    std                  | 0.823       |
|    value_loss           | 0.0366      |
-----------------------------------------
-----------------------------------------
| rollout/                |             |
|    ep_len_mean          | 58.1        |
|    ep_rew_mean          | -552        |
| time/                   |             |
|    fps                  | 1824        |
|    iterations           | 3           |
|    time_elapsed         | 13          |
|    total_timesteps      | 475136      |
| train/                  |             |
|    approx_kl            | 0.015391787 |
|    clip_fraction        | 0.164       |
|    clip_range           | 0.2         |
|    entropy_loss         | -4.89       |
|    explained_variance   | 0.89        |
|    learning_rate        | 0.0003      |
|    loss                 | -0.0276     |
|    n_updates            | 570         |
|    policy_gradient_loss | -0.028      |
|    std                  | 0.82        |
|    value_loss           | 0.0278      |
-----------------------------------------
-----------------------------------------
| rollout/                |             |
|    ep_len_mean          | 63.5        |
|    ep_rew_mean          | -604        |
| time/                   |             |
|    fps                  | 1778        |
|    iterations           | 4           |
|    time_elapsed         | 18          |
|    total_timesteps      | 483328      |
| train/                  |             |
|    approx_kl            | 0.014147269 |
|    clip_fraction        | 0.158       |
|    clip_range           | 0.2         |
|    entropy_loss         | -4.87       |
|    explained_variance   | 0.833       |
|    learning_rate        | 0.0003      |
|    loss                 | -0.0305     |
|    n_updates            | 580         |
|    policy_gradient_loss | -0.0276     |
|    std                  | 0.816       |
|    value_loss           | 0.0348      |
-----------------------------------------
-----------------------------------------
| rollout/                |             |
|    ep_len_mean          | 61.4        |
|    ep_rew_mean          | -588        |
| time/                   |             |
|    fps                  | 1733        |
|    iterations           | 5           |
|    time_elapsed         | 23          |
|    total_timesteps      | 491520      |
| train/                  |             |
|    approx_kl            | 0.016267786 |
|    clip_fraction        | 0.16        |
|    clip_range           | 0.2         |
|    entropy_loss         | -4.85       |
|    explained_variance   | 0.893       |
|    learning_rate        | 0.0003      |
|    loss                 | -0.0401     |
|    n_updates            | 590         |
|    policy_gradient_loss | -0.0317     |
|    std                  | 0.811       |
|    value_loss           | 0.024       |
-----------------------------------------
-----------------------------------------
| rollout/                |             |
|    ep_len_mean          | 51.9        |
|    ep_rew_mean          | -505        |
| time/                   |             |
|    fps                  | 1716        |
|    iterations           | 6           |
|    time_elapsed         | 28          |
|    total_timesteps      | 499712      |
| train/                  |             |
|    approx_kl            | 0.015231437 |
|    clip_fraction        | 0.155       |
|    clip_range           | 0.2         |
|    entropy_loss         | -4.83       |
|    explained_variance   | 0.851       |
|    learning_rate        | 0.0003      |
|    loss                 | -0.0244     |
|    n_updates            | 600         |
|    policy_gradient_loss | -0.027      |
|    std                  | 0.807       |
|    value_loss           | 0.0407      |
-----------------------------------------
----------------------------------------
| rollout/                |            |
|    ep_len_mean          | 60.6       |
|    ep_rew_mean          | -584       |
| time/                   |            |
|    fps                  | 1708       |
|    iterations           | 7          |
|    time_elapsed         | 33         |
|    total_timesteps      | 507904     |
| train/                  |            |
|    approx_kl            | 0.01594618 |
|    clip_fraction        | 0.153      |
|    clip_range           | 0.2        |
|    entropy_loss         | -4.81      |
|    explained_variance   | 0.865      |
|    learning_rate        | 0.0003     |
|    loss                 | -0.0319    |
|    n_updates            | 610        |
|    policy_gradient_loss | -0.0278    |
|    std                  | 0.803      |
|    value_loss           | 0.0313     |
----------------------------------------
-----------------------------------------
| rollout/                |             |
|    ep_len_mean          | 56.6        |
|    ep_rew_mean          | -547        |
| time/                   |             |
|    fps                  | 1698        |
|    iterations           | 8           |
|    time_elapsed         | 38          |
|    total_timesteps      | 516096      |
| train/                  |             |
|    approx_kl            | 0.016080044 |
|    clip_fraction        | 0.17        |
|    clip_range           | 0.2         |
|    entropy_loss         | -4.78       |
|    explained_variance   | 0.886       |
|    learning_rate        | 0.0003      |
|    loss                 | -0.0295     |
|    n_updates            | 620         |
|    policy_gradient_loss | -0.0289     |
|    std                  | 0.798       |
|    value_loss           | 0.0305      |
-----------------------------------------
---------------------------------
| rollout/           |          |
|    ep_len_mean     | 52.2     |
|    ep_rew_mean     | -755     |
| time/              |          |
|    fps             | 2081     |
|    iterations      | 1        |
|    time_elapsed    | 3        |
|    total_timesteps | 524288   |
---------------------------------
------------------------------------------
| rollout/                |              |
|    ep_len_mean          | 56.6         |
|    ep_rew_mean          | -809         |
| time/                   |              |
|    fps                  | 1856         |
|    iterations           | 2            |
|    time_elapsed         | 8            |
|    total_timesteps      | 532480       |
| train/                  |              |
|    approx_kl            | 0.0155256465 |
|    clip_fraction        | 0.16         |
|    clip_range           | 0.2          |
|    entropy_loss         | -4.74        |
|    explained_variance   | 0.835        |
|    learning_rate        | 0.0003       |
|    loss                 | -0.0234      |
|    n_updates            | 640          |
|    policy_gradient_loss | -0.03        |
|    std                  | 0.789        |
|    value_loss           | 0.0655       |
------------------------------------------
-----------------------------------------
| rollout/                |             |
|    ep_len_mean          | 53.7        |
|    ep_rew_mean          | -777        |
| time/                   |             |
|    fps                  | 1752        |
|    iterations           | 3           |
|    time_elapsed         | 14          |
|    total_timesteps      | 540672      |
| train/                  |             |
|    approx_kl            | 0.015777694 |
|    clip_fraction        | 0.154       |
|    clip_range           | 0.2         |
|    entropy_loss         | -4.73       |
|    explained_variance   | 0.808       |
|    learning_rate        | 0.0003      |
|    loss                 | -0.0127     |
|    n_updates            | 650         |
|    policy_gradient_loss | -0.0311     |
|    std                  | 0.788       |
|    value_loss           | 0.0946      |
-----------------------------------------
-----------------------------------------
| rollout/                |             |
|    ep_len_mean          | 61.8        |
|    ep_rew_mean          | -875        |
| time/                   |             |
|    fps                  | 1737        |
|    iterations           | 4           |
|    time_elapsed         | 18          |
|    total_timesteps      | 548864      |
| train/                  |             |
|    approx_kl            | 0.014171395 |
|    clip_fraction        | 0.154       |
|    clip_range           | 0.2         |
|    entropy_loss         | -4.71       |
|    explained_variance   | 0.818       |
|    learning_rate        | 0.0003      |
|    loss                 | 0.00283     |
|    n_updates            | 660         |
|    policy_gradient_loss | -0.0281     |
|    std                  | 0.785       |
|    value_loss           | 0.106       |
-----------------------------------------
-----------------------------------------
| rollout/                |             |
|    ep_len_mean          | 54.2        |
|    ep_rew_mean          | -773        |
| time/                   |             |
|    fps                  | 1709        |
|    iterations           | 5           |
|    time_elapsed         | 23          |
|    total_timesteps      | 557056      |
| train/                  |             |
|    approx_kl            | 0.015436517 |
|    clip_fraction        | 0.157       |
|    clip_range           | 0.2         |
|    entropy_loss         | -4.7        |
|    explained_variance   | 0.852       |
|    learning_rate        | 0.0003      |
|    loss                 | -0.00928    |
|    n_updates            | 670         |
|    policy_gradient_loss | -0.0318     |
|    std                  | 0.781       |
|    value_loss           | 0.0931      |
-----------------------------------------
-----------------------------------------
| rollout/                |             |
|    ep_len_mean          | 57.2        |
|    ep_rew_mean          | -820        |
| time/                   |             |
|    fps                  | 1689        |
|    iterations           | 6           |
|    time_elapsed         | 29          |
|    total_timesteps      | 565248      |
| train/                  |             |
|    approx_kl            | 0.014552897 |
|    clip_fraction        | 0.159       |
|    clip_range           | 0.2         |
|    entropy_loss         | -4.68       |
|    explained_variance   | 0.844       |
|    learning_rate        | 0.0003      |
|    loss                 | -0.000203   |
|    n_updates            | 680         |
|    policy_gradient_loss | -0.0296     |
|    std                  | 0.778       |
|    value_loss           | 0.105       |
-----------------------------------------
-----------------------------------------
| rollout/                |             |
|    ep_len_mean          | 57.1        |
|    ep_rew_mean          | -816        |
| time/                   |             |
|    fps                  | 1683        |
|    iterations           | 7           |
|    time_elapsed         | 34          |
|    total_timesteps      | 573440      |
| train/                  |             |
|    approx_kl            | 0.015825821 |
|    clip_fraction        | 0.172       |
|    clip_range           | 0.2         |
|    entropy_loss         | -4.66       |
|    explained_variance   | 0.86        |
|    learning_rate        | 0.0003      |
|    loss                 | -0.00365    |
|    n_updates            | 690         |
|    policy_gradient_loss | -0.0304     |
|    std                  | 0.772       |
|    value_loss           | 0.0893      |
-----------------------------------------
-----------------------------------------
| rollout/                |             |
|    ep_len_mean          | 58.2        |
|    ep_rew_mean          | -829        |
| time/                   |             |
|    fps                  | 1686        |
|    iterations           | 8           |
|    time_elapsed         | 38          |
|    total_timesteps      | 581632      |
| train/                  |             |
|    approx_kl            | 0.016494991 |
|    clip_fraction        | 0.174       |
|    clip_range           | 0.2         |
|    entropy_loss         | -4.63       |
|    explained_variance   | 0.859       |
|    learning_rate        | 0.0003      |
|    loss                 | 0.000338    |
|    n_updates            | 700         |
|    policy_gradient_loss | -0.0288     |
|    std                  | 0.768       |
|    value_loss           | 0.112       |
-----------------------------------------
-----------------------------------------
| rollout/                |             |
|    ep_len_mean          | 56.8        |
|    ep_rew_mean          | -816        |
| time/                   |             |
|    fps                  | 1690        |
|    iterations           | 9           |
|    time_elapsed         | 43          |
|    total_timesteps      | 589824      |
| train/                  |             |
|    approx_kl            | 0.017290685 |
|    clip_fraction        | 0.171       |
|    clip_range           | 0.2         |
|    entropy_loss         | -4.61       |
|    explained_variance   | 0.829       |
|    learning_rate        | 0.0003      |
|    loss                 | -0.0066     |
|    n_updates            | 710         |
|    policy_gradient_loss | -0.0316     |
|    std                  | 0.763       |
|    value_loss           | 0.098       |
-----------------------------------------
-----------------------------------------
| rollout/                |             |
|    ep_len_mean          | 57.1        |
|    ep_rew_mean          | -816        |
| time/                   |             |
|    fps                  | 1693        |
|    iterations           | 10          |
|    time_elapsed         | 48          |
|    total_timesteps      | 598016      |
| train/                  |             |
|    approx_kl            | 0.017021675 |
|    clip_fraction        | 0.174       |
|    clip_range           | 0.2         |
|    entropy_loss         | -4.58       |
|    explained_variance   | 0.853       |
|    learning_rate        | 0.0003      |
|    loss                 | -0.0016     |
|    n_updates            | 720         |
|    policy_gradient_loss | -0.0312     |
|    std                  | 0.758       |
|    value_loss           | 0.104       |
-----------------------------------------
-----------------------------------------
| rollout/                |             |
|    ep_len_mean          | 51.8        |
|    ep_rew_mean          | -736        |
| time/                   |             |
|    fps                  | 1693        |
|    iterations           | 11          |
|    time_elapsed         | 53          |
|    total_timesteps      | 606208      |
| train/                  |             |
|    approx_kl            | 0.017776275 |
|    clip_fraction        | 0.169       |
|    clip_range           | 0.2         |
|    entropy_loss         | -4.56       |
|    explained_variance   | 0.85        |
|    learning_rate        | 0.0003      |
|    loss                 | 0.00466     |
|    n_updates            | 730         |
|    policy_gradient_loss | -0.0319     |
|    std                  | 0.753       |
|    value_loss           | 0.112       |
-----------------------------------------
-----------------------------------------
| rollout/                |             |
|    ep_len_mean          | 56.9        |
|    ep_rew_mean          | -821        |
| time/                   |             |
|    fps                  | 1694        |
|    iterations           | 12          |
|    time_elapsed         | 58          |
|    total_timesteps      | 614400      |
| train/                  |             |
|    approx_kl            | 0.015640136 |
|    clip_fraction        | 0.166       |
|    clip_range           | 0.2         |
|    entropy_loss         | -4.53       |
|    explained_variance   | 0.842       |
|    learning_rate        | 0.0003      |
|    loss                 | -0.000722   |
|    n_updates            | 740         |
|    policy_gradient_loss | -0.029      |
|    std                  | 0.751       |
|    value_loss           | 0.101       |
-----------------------------------------
----------------------------------------
| rollout/                |            |
|    ep_len_mean          | 53         |
|    ep_rew_mean          | -762       |
| time/                   |            |
|    fps                  | 1694       |
|    iterations           | 13         |
|    time_elapsed         | 62         |
|    total_timesteps      | 622592     |
| train/                  |            |
|    approx_kl            | 0.01778198 |
|    clip_fraction        | 0.177      |
|    clip_range           | 0.2        |
|    entropy_loss         | -4.52      |
|    explained_variance   | 0.858      |
|    learning_rate        | 0.0003     |
|    loss                 | -0.00404   |
|    n_updates            | 750        |
|    policy_gradient_loss | -0.0325    |
|    std                  | 0.749      |
|    value_loss           | 0.0941     |
----------------------------------------
saved model to RL\KNP\sb3_ppo_curriculum_policy_human_like_fine_tune.zip
saved vecnormalize to RL\KNP\sb3_ppo_curriculum_vecnormalize_human_like_fine_tune.pkl
