Using cpu device
[long-eval] new best min_robot_dx=0.031 saved to RL\KNP\sb3_ppo_curriculum_best_human_like_phase.zip
----------------------------------
| rollout/           |           |
|    ep_len_mean     | 194       |
|    ep_rew_mean     | -1.03e+03 |
| time/              |           |
|    fps             | 2605      |
|    iterations      | 1         |
|    time_elapsed    | 3         |
|    total_timesteps | 8192      |
----------------------------------
-----------------------------------------
| rollout/                |             |
|    ep_len_mean          | 224         |
|    ep_rew_mean          | -1.11e+03   |
| time/                   |             |
|    fps                  | 2358        |
|    iterations           | 2           |
|    time_elapsed         | 6           |
|    total_timesteps      | 16384       |
| train/                  |             |
|    approx_kl            | 0.009591856 |
|    clip_fraction        | 0.0891      |
|    clip_range           | 0.2         |
|    entropy_loss         | -5.66       |
|    explained_variance   | -0.106      |
|    learning_rate        | 0.0003      |
|    loss                 | 0.0397      |
|    n_updates            | 10          |
|    policy_gradient_loss | -0.012      |
|    std                  | 0.994       |
|    value_loss           | 0.304       |
-----------------------------------------
-----------------------------------------
| rollout/                |             |
|    ep_len_mean          | 250         |
|    ep_rew_mean          | -1.1e+03    |
| time/                   |             |
|    fps                  | 2294        |
|    iterations           | 3           |
|    time_elapsed         | 10          |
|    total_timesteps      | 24576       |
| train/                  |             |
|    approx_kl            | 0.007878763 |
|    clip_fraction        | 0.0735      |
|    clip_range           | 0.2         |
|    entropy_loss         | -5.65       |
|    explained_variance   | 0.58        |
|    learning_rate        | 0.0003      |
|    loss                 | 0.00143     |
|    n_updates            | 20          |
|    policy_gradient_loss | -0.0111     |
|    std                  | 0.992       |
|    value_loss           | 0.0576      |
-----------------------------------------
-----------------------------------------
| rollout/                |             |
|    ep_len_mean          | 267         |
|    ep_rew_mean          | -1.08e+03   |
| time/                   |             |
|    fps                  | 2249        |
|    iterations           | 4           |
|    time_elapsed         | 14          |
|    total_timesteps      | 32768       |
| train/                  |             |
|    approx_kl            | 0.009441894 |
|    clip_fraction        | 0.119       |
|    clip_range           | 0.2         |
|    entropy_loss         | -5.63       |
|    explained_variance   | 0.623       |
|    learning_rate        | 0.0003      |
|    loss                 | -0.0147     |
|    n_updates            | 30          |
|    policy_gradient_loss | -0.0168     |
|    std                  | 0.985       |
|    value_loss           | 0.0465      |
-----------------------------------------
[long-eval] new best min_robot_dx=0.702 saved to RL\KNP\sb3_ppo_curriculum_best_human_like_phase.zip
----------------------------------
| rollout/           |           |
|    ep_len_mean     | 99.1      |
|    ep_rew_mean     | -1.36e+03 |
| time/              |           |
|    fps             | 3180      |
|    iterations      | 1         |
|    time_elapsed    | 2         |
|    total_timesteps | 40960     |
----------------------------------
[long-eval] new best min_robot_dx=0.737 saved to RL\KNP\sb3_ppo_curriculum_best_human_like_phase.zip
------------------------------------------
| rollout/                |              |
|    ep_len_mean          | 65.7         |
|    ep_rew_mean          | -1.33e+03    |
| time/                   |              |
|    fps                  | 2611         |
|    iterations           | 2            |
|    time_elapsed         | 6            |
|    total_timesteps      | 49152        |
| train/                  |              |
|    approx_kl            | 0.0071898843 |
|    clip_fraction        | 0.0665       |
|    clip_range           | 0.2          |
|    entropy_loss         | -5.59        |
|    explained_variance   | -0.916       |
|    learning_rate        | 0.0003       |
|    loss                 | -0.00769     |
|    n_updates            | 50           |
|    policy_gradient_loss | -0.0106      |
|    std                  | 0.974        |
|    value_loss           | 0.118        |
------------------------------------------
----------------------------------------
| rollout/                |            |
|    ep_len_mean          | 64.8       |
|    ep_rew_mean          | -1.31e+03  |
| time/                   |            |
|    fps                  | 2517       |
|    iterations           | 3          |
|    time_elapsed         | 9          |
|    total_timesteps      | 57344      |
| train/                  |            |
|    approx_kl            | 0.00674682 |
|    clip_fraction        | 0.0644     |
|    clip_range           | 0.2        |
|    entropy_loss         | -5.56      |
|    explained_variance   | 0.61       |
|    learning_rate        | 0.0003     |
|    loss                 | -0.0102    |
|    n_updates            | 60         |
|    policy_gradient_loss | -0.00729   |
|    std                  | 0.969      |
|    value_loss           | 0.0437     |
----------------------------------------
-----------------------------------------
| rollout/                |             |
|    ep_len_mean          | 66.4        |
|    ep_rew_mean          | -1.33e+03   |
| time/                   |             |
|    fps                  | 2449        |
|    iterations           | 4           |
|    time_elapsed         | 13          |
|    total_timesteps      | 65536       |
| train/                  |             |
|    approx_kl            | 0.008021301 |
|    clip_fraction        | 0.0884      |
|    clip_range           | 0.2         |
|    entropy_loss         | -5.55       |
|    explained_variance   | 0.89        |
|    learning_rate        | 0.0003      |
|    loss                 | -0.0136     |
|    n_updates            | 70          |
|    policy_gradient_loss | -0.00865    |
|    std                  | 0.967       |
|    value_loss           | 0.0174      |
-----------------------------------------
------------------------------------------
| rollout/                |              |
|    ep_len_mean          | 65.3         |
|    ep_rew_mean          | -1.33e+03    |
| time/                   |              |
|    fps                  | 2428         |
|    iterations           | 5            |
|    time_elapsed         | 16           |
|    total_timesteps      | 73728        |
| train/                  |              |
|    approx_kl            | 0.0069516217 |
|    clip_fraction        | 0.0783       |
|    clip_range           | 0.2          |
|    entropy_loss         | -5.54        |
|    explained_variance   | 0.953        |
|    learning_rate        | 0.0003       |
|    loss                 | -0.0132      |
|    n_updates            | 80           |
|    policy_gradient_loss | -0.0109      |
|    std                  | 0.966        |
|    value_loss           | 0.0164       |
------------------------------------------
-----------------------------------------
| rollout/                |             |
|    ep_len_mean          | 63.7        |
|    ep_rew_mean          | -1.3e+03    |
| time/                   |             |
|    fps                  | 2401        |
|    iterations           | 6           |
|    time_elapsed         | 20          |
|    total_timesteps      | 81920       |
| train/                  |             |
|    approx_kl            | 0.007197078 |
|    clip_fraction        | 0.0819      |
|    clip_range           | 0.2         |
|    entropy_loss         | -5.53       |
|    explained_variance   | 0.972       |
|    learning_rate        | 0.0003      |
|    loss                 | -0.0076     |
|    n_updates            | 90          |
|    policy_gradient_loss | -0.011      |
|    std                  | 0.962       |
|    value_loss           | 0.014       |
-----------------------------------------
---------------------------------
| rollout/           |          |
|    ep_len_mean     | 64.3     |
|    ep_rew_mean     | -580     |
| time/              |          |
|    fps             | 3214     |
|    iterations      | 1        |
|    time_elapsed    | 2        |
|    total_timesteps | 90112    |
---------------------------------
[long-eval] new best min_robot_dx=0.776 saved to RL\KNP\sb3_ppo_curriculum_best_human_like_phase.zip
-----------------------------------------
| rollout/                |             |
|    ep_len_mean          | 64.3        |
|    ep_rew_mean          | -578        |
| time/                   |             |
|    fps                  | 2626        |
|    iterations           | 2           |
|    time_elapsed         | 6           |
|    total_timesteps      | 98304       |
| train/                  |             |
|    approx_kl            | 0.007850517 |
|    clip_fraction        | 0.0656      |
|    clip_range           | 0.2         |
|    entropy_loss         | -5.52       |
|    explained_variance   | 0.951       |
|    learning_rate        | 0.0003      |
|    loss                 | -0.0107     |
|    n_updates            | 110         |
|    policy_gradient_loss | -0.00851    |
|    std                  | 0.96        |
|    value_loss           | 0.0266      |
-----------------------------------------
------------------------------------------
| rollout/                |              |
|    ep_len_mean          | 63.8         |
|    ep_rew_mean          | -575         |
| time/                   |              |
|    fps                  | 2565         |
|    iterations           | 3            |
|    time_elapsed         | 9            |
|    total_timesteps      | 106496       |
| train/                  |              |
|    approx_kl            | 0.0077802916 |
|    clip_fraction        | 0.0674       |
|    clip_range           | 0.2          |
|    entropy_loss         | -5.51        |
|    explained_variance   | 0.895        |
|    learning_rate        | 0.0003       |
|    loss                 | -0.0147      |
|    n_updates            | 120          |
|    policy_gradient_loss | -0.00972     |
|    std                  | 0.958        |
|    value_loss           | 0.0138       |
------------------------------------------
-----------------------------------------
| rollout/                |             |
|    ep_len_mean          | 63.5        |
|    ep_rew_mean          | -575        |
| time/                   |             |
|    fps                  | 2512        |
|    iterations           | 4           |
|    time_elapsed         | 13          |
|    total_timesteps      | 114688      |
| train/                  |             |
|    approx_kl            | 0.008356132 |
|    clip_fraction        | 0.0755      |
|    clip_range           | 0.2         |
|    entropy_loss         | -5.49       |
|    explained_variance   | 0.891       |
|    learning_rate        | 0.0003      |
|    loss                 | -0.00953    |
|    n_updates            | 130         |
|    policy_gradient_loss | -0.0113     |
|    std                  | 0.953       |
|    value_loss           | 0.0073      |
-----------------------------------------
------------------------------------------
| rollout/                |              |
|    ep_len_mean          | 64.4         |
|    ep_rew_mean          | -583         |
| time/                   |              |
|    fps                  | 2469         |
|    iterations           | 5            |
|    time_elapsed         | 16           |
|    total_timesteps      | 122880       |
| train/                  |              |
|    approx_kl            | 0.0068300813 |
|    clip_fraction        | 0.0636       |
|    clip_range           | 0.2          |
|    entropy_loss         | -5.47        |
|    explained_variance   | 0.936        |
|    learning_rate        | 0.0003       |
|    loss                 | -0.00682     |
|    n_updates            | 140          |
|    policy_gradient_loss | -0.00969     |
|    std                  | 0.949        |
|    value_loss           | 0.00339      |
------------------------------------------
-----------------------------------------
| rollout/                |             |
|    ep_len_mean          | 63.1        |
|    ep_rew_mean          | -571        |
| time/                   |             |
|    fps                  | 2465        |
|    iterations           | 6           |
|    time_elapsed         | 19          |
|    total_timesteps      | 131072      |
| train/                  |             |
|    approx_kl            | 0.009748472 |
|    clip_fraction        | 0.116       |
|    clip_range           | 0.2         |
|    entropy_loss         | -5.46       |
|    explained_variance   | 0.963       |
|    learning_rate        | 0.0003      |
|    loss                 | -0.0246     |
|    n_updates            | 150         |
|    policy_gradient_loss | -0.0145     |
|    std                  | 0.946       |
|    value_loss           | 0.00272     |
-----------------------------------------
-----------------------------------------
| rollout/                |             |
|    ep_len_mean          | 63          |
|    ep_rew_mean          | -571        |
| time/                   |             |
|    fps                  | 2458        |
|    iterations           | 7           |
|    time_elapsed         | 23          |
|    total_timesteps      | 139264      |
| train/                  |             |
|    approx_kl            | 0.009869451 |
|    clip_fraction        | 0.113       |
|    clip_range           | 0.2         |
|    entropy_loss         | -5.45       |
|    explained_variance   | 0.988       |
|    learning_rate        | 0.0003      |
|    loss                 | -0.0206     |
|    n_updates            | 160         |
|    policy_gradient_loss | -0.0161     |
|    std                  | 0.943       |
|    value_loss           | 0.000983    |
-----------------------------------------
-----------------------------------------
| rollout/                |             |
|    ep_len_mean          | 62.8        |
|    ep_rew_mean          | -571        |
| time/                   |             |
|    fps                  | 2416        |
|    iterations           | 8           |
|    time_elapsed         | 27          |
|    total_timesteps      | 147456      |
| train/                  |             |
|    approx_kl            | 0.011107403 |
|    clip_fraction        | 0.125       |
|    clip_range           | 0.2         |
|    entropy_loss         | -5.43       |
|    explained_variance   | 0.991       |
|    learning_rate        | 0.0003      |
|    loss                 | -0.0228     |
|    n_updates            | 170         |
|    policy_gradient_loss | -0.017      |
|    std                  | 0.939       |
|    value_loss           | 0.000891    |
-----------------------------------------
-----------------------------------------
| rollout/                |             |
|    ep_len_mean          | 62.4        |
|    ep_rew_mean          | -567        |
| time/                   |             |
|    fps                  | 2412        |
|    iterations           | 9           |
|    time_elapsed         | 30          |
|    total_timesteps      | 155648      |
| train/                  |             |
|    approx_kl            | 0.008627942 |
|    clip_fraction        | 0.101       |
|    clip_range           | 0.2         |
|    entropy_loss         | -5.41       |
|    explained_variance   | 0.988       |
|    learning_rate        | 0.0003      |
|    loss                 | -0.0233     |
|    n_updates            | 180         |
|    policy_gradient_loss | -0.0143     |
|    std                  | 0.936       |
|    value_loss           | 0.0012      |
-----------------------------------------
---------------------------------
| rollout/           |          |
|    ep_len_mean     | 61.8     |
|    ep_rew_mean     | -564     |
| time/              |          |
|    fps             | 3154     |
|    iterations      | 1        |
|    time_elapsed    | 2        |
|    total_timesteps | 163840   |
---------------------------------
-----------------------------------------
| rollout/                |             |
|    ep_len_mean          | 61.4        |
|    ep_rew_mean          | -561        |
| time/                   |             |
|    fps                  | 2597        |
|    iterations           | 2           |
|    time_elapsed         | 6           |
|    total_timesteps      | 172032      |
| train/                  |             |
|    approx_kl            | 0.009216605 |
|    clip_fraction        | 0.102       |
|    clip_range           | 0.2         |
|    entropy_loss         | -5.39       |
|    explained_variance   | 0.975       |
|    learning_rate        | 0.0003      |
|    loss                 | -0.022      |
|    n_updates            | 200         |
|    policy_gradient_loss | -0.015      |
|    std                  | 0.93        |
|    value_loss           | 0.00147     |
-----------------------------------------
-----------------------------------------
| rollout/                |             |
|    ep_len_mean          | 61.8        |
|    ep_rew_mean          | -563        |
| time/                   |             |
|    fps                  | 2559        |
|    iterations           | 3           |
|    time_elapsed         | 9           |
|    total_timesteps      | 180224      |
| train/                  |             |
|    approx_kl            | 0.009795792 |
|    clip_fraction        | 0.11        |
|    clip_range           | 0.2         |
|    entropy_loss         | -5.38       |
|    explained_variance   | 0.989       |
|    learning_rate        | 0.0003      |
|    loss                 | -0.0251     |
|    n_updates            | 210         |
|    policy_gradient_loss | -0.0157     |
|    std                  | 0.928       |
|    value_loss           | 0.00098     |
-----------------------------------------
----------------------------------------
| rollout/                |            |
|    ep_len_mean          | 61.3       |
|    ep_rew_mean          | -560       |
| time/                   |            |
|    fps                  | 2502       |
|    iterations           | 4          |
|    time_elapsed         | 13         |
|    total_timesteps      | 188416     |
| train/                  |            |
|    approx_kl            | 0.01017865 |
|    clip_fraction        | 0.115      |
|    clip_range           | 0.2        |
|    entropy_loss         | -5.37      |
|    explained_variance   | 0.993      |
|    learning_rate        | 0.0003     |
|    loss                 | -0.0296    |
|    n_updates            | 220        |
|    policy_gradient_loss | -0.0172    |
|    std                  | 0.923      |
|    value_loss           | 0.00067    |
----------------------------------------
-----------------------------------------
| rollout/                |             |
|    ep_len_mean          | 61.6        |
|    ep_rew_mean          | -564        |
| time/                   |             |
|    fps                  | 2461        |
|    iterations           | 5           |
|    time_elapsed         | 16          |
|    total_timesteps      | 196608      |
| train/                  |             |
|    approx_kl            | 0.009851641 |
|    clip_fraction        | 0.123       |
|    clip_range           | 0.2         |
|    entropy_loss         | -5.35       |
|    explained_variance   | 0.994       |
|    learning_rate        | 0.0003      |
|    loss                 | -0.023      |
|    n_updates            | 230         |
|    policy_gradient_loss | -0.0184     |
|    std                  | 0.92        |
|    value_loss           | 0.000648    |
-----------------------------------------
-----------------------------------------
| rollout/                |             |
|    ep_len_mean          | 60.7        |
|    ep_rew_mean          | -555        |
| time/                   |             |
|    fps                  | 2448        |
|    iterations           | 6           |
|    time_elapsed         | 20          |
|    total_timesteps      | 204800      |
| train/                  |             |
|    approx_kl            | 0.010811986 |
|    clip_fraction        | 0.132       |
|    clip_range           | 0.2         |
|    entropy_loss         | -5.34       |
|    explained_variance   | 0.986       |
|    learning_rate        | 0.0003      |
|    loss                 | -0.026      |
|    n_updates            | 240         |
|    policy_gradient_loss | -0.018      |
|    std                  | 0.919       |
|    value_loss           | 0.00162     |
-----------------------------------------
-----------------------------------------
| rollout/                |             |
|    ep_len_mean          | 60.7        |
|    ep_rew_mean          | -556        |
| time/                   |             |
|    fps                  | 2438        |
|    iterations           | 7           |
|    time_elapsed         | 23          |
|    total_timesteps      | 212992      |
| train/                  |             |
|    approx_kl            | 0.010900769 |
|    clip_fraction        | 0.12        |
|    clip_range           | 0.2         |
|    entropy_loss         | -5.33       |
|    explained_variance   | 0.994       |
|    learning_rate        | 0.0003      |
|    loss                 | -0.0311     |
|    n_updates            | 250         |
|    policy_gradient_loss | -0.0182     |
|    std                  | 0.914       |
|    value_loss           | 0.000593    |
-----------------------------------------
-----------------------------------------
| rollout/                |             |
|    ep_len_mean          | 60          |
|    ep_rew_mean          | -553        |
| time/                   |             |
|    fps                  | 2429        |
|    iterations           | 8           |
|    time_elapsed         | 26          |
|    total_timesteps      | 221184      |
| train/                  |             |
|    approx_kl            | 0.010531863 |
|    clip_fraction        | 0.137       |
|    clip_range           | 0.2         |
|    entropy_loss         | -5.31       |
|    explained_variance   | 0.992       |
|    learning_rate        | 0.0003      |
|    loss                 | -0.03       |
|    n_updates            | 260         |
|    policy_gradient_loss | -0.0184     |
|    std                  | 0.912       |
|    value_loss           | 0.000949    |
-----------------------------------------
-----------------------------------------
| rollout/                |             |
|    ep_len_mean          | 60.1        |
|    ep_rew_mean          | -553        |
| time/                   |             |
|    fps                  | 2417        |
|    iterations           | 9           |
|    time_elapsed         | 30          |
|    total_timesteps      | 229376      |
| train/                  |             |
|    approx_kl            | 0.010522129 |
|    clip_fraction        | 0.113       |
|    clip_range           | 0.2         |
|    entropy_loss         | -5.31       |
|    explained_variance   | 0.991       |
|    learning_rate        | 0.0003      |
|    loss                 | -0.028      |
|    n_updates            | 270         |
|    policy_gradient_loss | -0.0167     |
|    std                  | 0.912       |
|    value_loss           | 0.00114     |
-----------------------------------------
-----------------------------------------
| rollout/                |             |
|    ep_len_mean          | 60.1        |
|    ep_rew_mean          | -553        |
| time/                   |             |
|    fps                  | 2411        |
|    iterations           | 10          |
|    time_elapsed         | 33          |
|    total_timesteps      | 237568      |
| train/                  |             |
|    approx_kl            | 0.011380075 |
|    clip_fraction        | 0.135       |
|    clip_range           | 0.2         |
|    entropy_loss         | -5.3        |
|    explained_variance   | 0.994       |
|    learning_rate        | 0.0003      |
|    loss                 | -0.0329     |
|    n_updates            | 280         |
|    policy_gradient_loss | -0.0187     |
|    std                  | 0.91        |
|    value_loss           | 0.000753    |
-----------------------------------------
-----------------------------------------
| rollout/                |             |
|    ep_len_mean          | 59.8        |
|    ep_rew_mean          | -552        |
| time/                   |             |
|    fps                  | 2417        |
|    iterations           | 11          |
|    time_elapsed         | 37          |
|    total_timesteps      | 245760      |
| train/                  |             |
|    approx_kl            | 0.011571797 |
|    clip_fraction        | 0.145       |
|    clip_range           | 0.2         |
|    entropy_loss         | -5.29       |
|    explained_variance   | 0.991       |
|    learning_rate        | 0.0003      |
|    loss                 | -0.0268     |
|    n_updates            | 290         |
|    policy_gradient_loss | -0.02       |
|    std                  | 0.906       |
|    value_loss           | 0.00118     |
-----------------------------------------
---------------------------------
| rollout/           |          |
|    ep_len_mean     | 59.2     |
|    ep_rew_mean     | -806     |
| time/              |          |
|    fps             | 3253     |
|    iterations      | 1        |
|    time_elapsed    | 2        |
|    total_timesteps | 253952   |
---------------------------------
-----------------------------------------
| rollout/                |             |
|    ep_len_mean          | 59.6        |
|    ep_rew_mean          | -807        |
| time/                   |             |
|    fps                  | 2770        |
|    iterations           | 2           |
|    time_elapsed         | 5           |
|    total_timesteps      | 262144      |
| train/                  |             |
|    approx_kl            | 0.009243187 |
|    clip_fraction        | 0.102       |
|    clip_range           | 0.2         |
|    entropy_loss         | -5.25       |
|    explained_variance   | 0.953       |
|    learning_rate        | 0.0003      |
|    loss                 | -0.0215     |
|    n_updates            | 310         |
|    policy_gradient_loss | -0.0152     |
|    std                  | 0.898       |
|    value_loss           | 0.00817     |
-----------------------------------------
-----------------------------------------
| rollout/                |             |
|    ep_len_mean          | 59.4        |
|    ep_rew_mean          | -802        |
| time/                   |             |
|    fps                  | 2665        |
|    iterations           | 3           |
|    time_elapsed         | 9           |
|    total_timesteps      | 270336      |
| train/                  |             |
|    approx_kl            | 0.011062347 |
|    clip_fraction        | 0.108       |
|    clip_range           | 0.2         |
|    entropy_loss         | -5.24       |
|    explained_variance   | 0.968       |
|    learning_rate        | 0.0003      |
|    loss                 | -0.023      |
|    n_updates            | 320         |
|    policy_gradient_loss | -0.0159     |
|    std                  | 0.895       |
|    value_loss           | 0.00421     |
-----------------------------------------
-----------------------------------------
| rollout/                |             |
|    ep_len_mean          | 59.3        |
|    ep_rew_mean          | -802        |
| time/                   |             |
|    fps                  | 2610        |
|    iterations           | 4           |
|    time_elapsed         | 12          |
|    total_timesteps      | 278528      |
| train/                  |             |
|    approx_kl            | 0.012061387 |
|    clip_fraction        | 0.134       |
|    clip_range           | 0.2         |
|    entropy_loss         | -5.22       |
|    explained_variance   | 0.983       |
|    learning_rate        | 0.0003      |
|    loss                 | -0.0304     |
|    n_updates            | 330         |
|    policy_gradient_loss | -0.0186     |
|    std                  | 0.891       |
|    value_loss           | 0.0032      |
-----------------------------------------
------------------------------------------
| rollout/                |              |
|    ep_len_mean          | 59.3         |
|    ep_rew_mean          | -801         |
| time/                   |              |
|    fps                  | 2565         |
|    iterations           | 5            |
|    time_elapsed         | 15           |
|    total_timesteps      | 286720       |
| train/                  |              |
|    approx_kl            | 0.0103187505 |
|    clip_fraction        | 0.12         |
|    clip_range           | 0.2          |
|    entropy_loss         | -5.21        |
|    explained_variance   | 0.989        |
|    learning_rate        | 0.0003       |
|    loss                 | -0.0277      |
|    n_updates            | 340          |
|    policy_gradient_loss | -0.0176      |
|    std                  | 0.89         |
|    value_loss           | 0.00312      |
------------------------------------------
-----------------------------------------
| rollout/                |             |
|    ep_len_mean          | 58.6        |
|    ep_rew_mean          | -795        |
| time/                   |             |
|    fps                  | 2532        |
|    iterations           | 6           |
|    time_elapsed         | 19          |
|    total_timesteps      | 294912      |
| train/                  |             |
|    approx_kl            | 0.012203971 |
|    clip_fraction        | 0.134       |
|    clip_range           | 0.2         |
|    entropy_loss         | -5.2        |
|    explained_variance   | 0.993       |
|    learning_rate        | 0.0003      |
|    loss                 | -0.0273     |
|    n_updates            | 350         |
|    policy_gradient_loss | -0.0197     |
|    std                  | 0.888       |
|    value_loss           | 0.00259     |
-----------------------------------------
-----------------------------------------
| rollout/                |             |
|    ep_len_mean          | 58.9        |
|    ep_rew_mean          | -796        |
| time/                   |             |
|    fps                  | 2501        |
|    iterations           | 7           |
|    time_elapsed         | 22          |
|    total_timesteps      | 303104      |
| train/                  |             |
|    approx_kl            | 0.012802361 |
|    clip_fraction        | 0.154       |
|    clip_range           | 0.2         |
|    entropy_loss         | -5.21       |
|    explained_variance   | 0.991       |
|    learning_rate        | 0.0003      |
|    loss                 | -0.0243     |
|    n_updates            | 360         |
|    policy_gradient_loss | -0.0181     |
|    std                  | 0.891       |
|    value_loss           | 0.00378     |
-----------------------------------------
-----------------------------------------
| rollout/                |             |
|    ep_len_mean          | 58.8        |
|    ep_rew_mean          | -797        |
| time/                   |             |
|    fps                  | 2464        |
|    iterations           | 8           |
|    time_elapsed         | 26          |
|    total_timesteps      | 311296      |
| train/                  |             |
|    approx_kl            | 0.012022573 |
|    clip_fraction        | 0.152       |
|    clip_range           | 0.2         |
|    entropy_loss         | -5.21       |
|    explained_variance   | 0.99        |
|    learning_rate        | 0.0003      |
|    loss                 | -0.0278     |
|    n_updates            | 370         |
|    policy_gradient_loss | -0.0187     |
|    std                  | 0.889       |
|    value_loss           | 0.00414     |
-----------------------------------------
-----------------------------------------
| rollout/                |             |
|    ep_len_mean          | 58.2        |
|    ep_rew_mean          | -796        |
| time/                   |             |
|    fps                  | 2442        |
|    iterations           | 9           |
|    time_elapsed         | 30          |
|    total_timesteps      | 319488      |
| train/                  |             |
|    approx_kl            | 0.010973792 |
|    clip_fraction        | 0.138       |
|    clip_range           | 0.2         |
|    entropy_loss         | -5.2        |
|    explained_variance   | 0.99        |
|    learning_rate        | 0.0003      |
|    loss                 | -0.0284     |
|    n_updates            | 380         |
|    policy_gradient_loss | -0.0187     |
|    std                  | 0.888       |
|    value_loss           | 0.00452     |
-----------------------------------------
-----------------------------------------
| rollout/                |             |
|    ep_len_mean          | 58.6        |
|    ep_rew_mean          | -793        |
| time/                   |             |
|    fps                  | 2307        |
|    iterations           | 10          |
|    time_elapsed         | 35          |
|    total_timesteps      | 327680      |
| train/                  |             |
|    approx_kl            | 0.011693962 |
|    clip_fraction        | 0.153       |
|    clip_range           | 0.2         |
|    entropy_loss         | -5.2        |
|    explained_variance   | 0.989       |
|    learning_rate        | 0.0003      |
|    loss                 | -0.0267     |
|    n_updates            | 390         |
|    policy_gradient_loss | -0.0189     |
|    std                  | 0.889       |
|    value_loss           | 0.00518     |
-----------------------------------------
-----------------------------------------
| rollout/                |             |
|    ep_len_mean          | 57.8        |
|    ep_rew_mean          | -785        |
| time/                   |             |
|    fps                  | 2191        |
|    iterations           | 11          |
|    time_elapsed         | 41          |
|    total_timesteps      | 335872      |
| train/                  |             |
|    approx_kl            | 0.013416651 |
|    clip_fraction        | 0.17        |
|    clip_range           | 0.2         |
|    entropy_loss         | -5.2        |
|    explained_variance   | 0.989       |
|    learning_rate        | 0.0003      |
|    loss                 | -0.026      |
|    n_updates            | 400         |
|    policy_gradient_loss | -0.0195     |
|    std                  | 0.887       |
|    value_loss           | 0.00487     |
-----------------------------------------
-----------------------------------------
| rollout/                |             |
|    ep_len_mean          | 57.3        |
|    ep_rew_mean          | -782        |
| time/                   |             |
|    fps                  | 2112        |
|    iterations           | 12          |
|    time_elapsed         | 46          |
|    total_timesteps      | 344064      |
| train/                  |             |
|    approx_kl            | 0.012473824 |
|    clip_fraction        | 0.143       |
|    clip_range           | 0.2         |
|    entropy_loss         | -5.19       |
|    explained_variance   | 0.993       |
|    learning_rate        | 0.0003      |
|    loss                 | -0.0254     |
|    n_updates            | 410         |
|    policy_gradient_loss | -0.0193     |
|    std                  | 0.885       |
|    value_loss           | 0.00325     |
-----------------------------------------
-----------------------------------------
| rollout/                |             |
|    ep_len_mean          | 57.9        |
|    ep_rew_mean          | -789        |
| time/                   |             |
|    fps                  | 2057        |
|    iterations           | 13          |
|    time_elapsed         | 51          |
|    total_timesteps      | 352256      |
| train/                  |             |
|    approx_kl            | 0.012114986 |
|    clip_fraction        | 0.145       |
|    clip_range           | 0.2         |
|    entropy_loss         | -5.18       |
|    explained_variance   | 0.993       |
|    learning_rate        | 0.0003      |
|    loss                 | -0.0265     |
|    n_updates            | 420         |
|    policy_gradient_loss | -0.019      |
|    std                  | 0.882       |
|    value_loss           | 0.00326     |
-----------------------------------------
-----------------------------------------
| rollout/                |             |
|    ep_len_mean          | 56.8        |
|    ep_rew_mean          | -775        |
| time/                   |             |
|    fps                  | 2036        |
|    iterations           | 14          |
|    time_elapsed         | 56          |
|    total_timesteps      | 360448      |
| train/                  |             |
|    approx_kl            | 0.013317518 |
|    clip_fraction        | 0.167       |
|    clip_range           | 0.2         |
|    entropy_loss         | -5.17       |
|    explained_variance   | 0.988       |
|    learning_rate        | 0.0003      |
|    loss                 | -0.0265     |
|    n_updates            | 430         |
|    policy_gradient_loss | -0.0191     |
|    std                  | 0.879       |
|    value_loss           | 0.00535     |
-----------------------------------------
-----------------------------------------
| rollout/                |             |
|    ep_len_mean          | 56.8        |
|    ep_rew_mean          | -775        |
| time/                   |             |
|    fps                  | 2059        |
|    iterations           | 15          |
|    time_elapsed         | 59          |
|    total_timesteps      | 368640      |
| train/                  |             |
|    approx_kl            | 0.013381291 |
|    clip_fraction        | 0.162       |
|    clip_range           | 0.2         |
|    entropy_loss         | -5.15       |
|    explained_variance   | 0.993       |
|    learning_rate        | 0.0003      |
|    loss                 | -0.0322     |
|    n_updates            | 440         |
|    policy_gradient_loss | -0.0204     |
|    std                  | 0.874       |
|    value_loss           | 0.00315     |
-----------------------------------------
saved model to RL\KNP\sb3_ppo_curriculum_policy_human_like_phase.zip
saved vecnormalize to RL\KNP\sb3_ppo_curriculum_vecnormalize_human_like_phase.pkl
